0.001, 4847456 
0.001, 4845991 
0.001, 4668037 
0.001, 4655451 
0.001, 4637374 
0.001, 4626958 
0.002, 4450275 
0.004, 4444963 
0.004, 4262769 
0.006, 4191988 
0.007, 4162466 
0.008, 4014980 
0.009, 3922011 
0.009, 3875705 
0.011, 3865887 
0.011, 3835607 
0.011, 3486837 
0.014, 3475580 
0.014, 3384192 
0.014, 3366109 
0.014, 3340540 
0.015, 3327574 
0.015, 3306004 
0.016, 3135044 
0.016, 3082576 
0.016, 2881684 
0.018, 2872660 
0.018, 2856421 
0.018, 2845774 
0.019, 2693978 
0.022, 2671102 
0.027, 2496274 
0.030, 2480440 
0.030, 2434899 
0.032, 2384400 
0.032, 2324900 
0.034, 2214861 
0.034, 2168817 
0.034, 2044281 
