0.000, 4780149 
0.001, 4700989 
0.003, 4671008 
0.004, 4664427 
0.004, 4579897 
0.004, 4554593 
0.005, 4527106 
0.006, 4433637 
0.006, 4412095 
0.007, 4106551 
0.007, 4089127 
0.007, 3740823 
0.008, 3732762 
0.008, 3695711 
0.008, 3677628 
0.008, 3539843 
0.008, 3516152 
0.009, 3474604 
0.010, 3473170 
0.010, 3466182 
0.010, 3450828 
0.010, 3397525 
0.011, 3326318 
0.011, 3308894 
0.011, 3280833 
0.011, 3262832 
0.012, 3074523 
0.012, 3011076 
0.012, 2849005 
0.013, 2698653 
0.013, 2659596 
0.014, 2650572 
0.014, 2634333 
0.015, 2623686 
0.015, 2471890 
0.015, 2449014 
0.016, 2387494 
0.016, 2335573 
0.016, 2279027 
0.017, 2213439 
0.017, 2129063 
0.018, 2044281 
