0.000, 4870865 
0.001, 4675802 
0.002, 4599379 
0.003, 4592968 
0.003, 4577977 
0.004, 4493749 
0.004, 4475479 
0.004, 4458681 
0.005, 4458324 
0.005, 4446837 
0.005, 4414988 
0.012, 4042047 
0.012, 4000673 
0.012, 3995053 
0.012, 3988928 
0.012, 3985603 
0.012, 3957567 
0.012, 3607840 
0.013, 3590416 
0.013, 3558692 
0.013, 3540691 
0.013, 3381968 
0.013, 3381775 
0.013, 3378390 
0.013, 3377735 
0.013, 2827126 
0.014, 2735871 
0.014, 2687908 
0.014, 2474541 
0.014, 2462391 
0.015, 2431491 
0.015, 2361545 
0.015, 2288347 
0.016, 2159295 
0.016, 2066247 
