0.000, 4305784 
0.001, 4262317 
0.001, 4222024 
0.001, 4191506 
0.001, 4169626 
0.001, 4165960 
0.001, 3933855 
0.001, 3930889 
0.002, 3774147 
0.006, 3746489 
0.006, 3740847 
0.006, 3726088 
0.007, 3724823 
0.010, 3720722 
0.011, 3718452 
0.012, 3693356 
0.012, 3577012 
0.015, 3557962 
0.015, 3525679 
0.015, 3518691 
0.015, 3510555 
0.016, 3498453 
0.016, 3338648 
0.016, 3331875 
0.016, 3238416 
0.016, 3224134 
0.016, 3091893 
0.016, 3073892 
0.016, 3032344 
0.021, 3030910 
0.023, 3024631 
0.023, 2914592 
0.023, 2889978 
0.024, 2750329 
0.024, 2711272 
0.025, 2707319 
0.030, 2700765 
0.031, 2691496 
0.031, 2679717 
0.032, 2667567 
0.033, 2636667 
0.033, 2574472 
0.033, 2560363 
0.033, 2462901 
0.034, 2406355 
0.040, 2233754 
0.045, 2217863 
0.045, 2217670 
0.046, 2215346 
0.046, 2193776 
0.046, 2068164 
0.046, 2051925 
