0.000, 4105056 
0.001, 4086406 
0.001, 4049355 
0.002, 4037898 
0.002, 4020582 
0.002, 4008945 
0.002, 3817459 
0.003, 3802105 
0.003, 3788237 
0.003, 3768120 
0.004, 3516542 
0.004, 3506113 
0.005, 3305411 
0.005, 3287987 
0.005, 3279926 
0.005, 3261925 
0.005, 3249630 
0.005, 3215841 
0.005, 3184210 
0.005, 3103007 
0.005, 2837489 
0.005, 2756442 
0.005, 2740038 
0.005, 2732186 
0.005, 2645023 
0.006, 2416558 
0.006, 2375010 
0.006, 2330777 
0.006, 2302033 
0.006, 2261321 
0.006, 2257368 
0.007, 2120137 
0.007, 2103898 
0.007, 2053399 
0.007, 2030052 
0.007, 2003763 
