0.000, 4775402 
0.000, 4596595 
0.001, 4449468 
0.001, 4417619 
0.001, 4340718 
0.002, 4331747 
0.002, 4313044 
0.003, 4269561 
0.003, 4263070 
0.003, 4255088 
0.004, 4233778 
0.004, 4232133 
0.004, 4202448 
0.004, 4200035 
0.005, 4051946 
0.005, 4044710 
0.006, 4044251 
0.006, 4039407 
0.007, 3576212 
0.007, 3573117 
0.007, 3535157 
0.007, 3531865 
0.007, 3360492 
0.008, 3305933 
0.008, 3267925 
0.009, 3258909 
0.009, 3232710 
0.009, 3183855 
0.009, 3169766 
0.009, 3104967 
0.010, 3072891 
0.011, 2936664 
0.011, 2613023 
0.011, 2570224 
0.011, 2539493 
0.011, 2519161 
0.012, 2472303 
0.012, 2419791 
0.012, 2358932 
0.013, 2296394 
0.013, 2236894 
0.013, 2222785 
0.014, 2065362 
0.014, 2052219 
