0.000, 5452880 
0.000, 5417856 
0.000, 5417831 
0.000, 5202806 
0.000, 5180523 
0.000, 5001716 
0.001, 4985237 
0.001, 4969496 
0.002, 4961514 
0.002, 4954463 
0.002, 4940463 
0.003, 4645385 
0.003, 4462548 
0.003, 4324477 
0.004, 4316975 
0.004, 4285344 
0.004, 4232212 
0.005, 4201027 
0.005, 4132654 
0.006, 4078095 
0.006, 4031976 
0.007, 3894165 
0.007, 3861062 
0.007, 3834863 
0.007, 3746340 
0.007, 3698968 
0.008, 3614023 
0.008, 3504828 
0.008, 3461159 
0.008, 3406684 
0.008, 3406029 
0.009, 3050258 
0.009, 3003400 
0.010, 2900432 
0.010, 2858671 
0.010, 2753479 
0.010, 2745160 
0.011, 2631199 
0.011, 2588400 
0.011, 2537901 
0.012, 2501957 
0.012, 2312620 
0.013, 2222891 
0.013, 2072721 
