0.002, 5692865 
0.002, 5683149 
0.002, 5092178 
0.002, 4874188 
0.003, 4836915 
0.004, 4821812 
0.004, 4809313 
0.004, 4802911 
0.005, 4378923 
0.005, 4378096 
0.009, 4345851 
0.009, 4318193 
0.010, 4317538 
0.010, 4284758 
0.010, 4277680 
0.011, 4252689 
0.011, 4062125 
0.012, 4034669 
0.012, 4028018 
0.013, 3620697 
0.013, 3599138 
0.013, 3219151 
0.013, 3201150 
0.014, 3026613 
0.014, 2917418 
0.014, 2557401 
0.015, 2495969 
0.015, 2473093 
0.015, 2298265 
0.016, 2217422 
0.016, 2201704 
0.017, 2044281 
