0.000, 5179282 
0.000, 4989958 
0.000, 4971619 
0.000, 4915051 
0.001, 4789601 
0.001, 4742229 
0.002, 4695439 
0.002, 4655531 
0.003, 4607285 
0.003, 4275845 
0.004, 4272520 
0.004, 4104571 
0.005, 4018248 
0.005, 4014745 
0.006, 4013480 
0.007, 3955364 
0.007, 3827414 
0.007, 3809331 
0.007, 3791736 
0.007, 3765110 
0.008, 3591652 
0.008, 3576487 
0.008, 3421979 
0.009, 3421792 
0.009, 3414523 
0.009, 3371040 
0.009, 3347947 
0.009, 3306573 
0.009, 3290173 
0.009, 3281791 
0.009, 3271375 
0.010, 3263518 
0.010, 3125783 
0.010, 2943401 
0.011, 2913030 
0.011, 2874453 
0.012, 2639575 
0.012, 2633855 
0.012, 2553012 
0.012, 2491580 
0.013, 2433441 
0.013, 2393970 
0.013, 2345655 
0.014, 2139928 
