0.000, 30102 
0.000, 30072 
0.001, 30067 
0.001, 28159 
0.001, 27956 
0.002, 27692 
0.002, 27609 
0.002, 26757 
0.002, 26712 
0.003, 26649 
0.003, 26571 
0.003, 26531 
0.003, 26468 
0.003, 26430 
0.004, 26338 
0.004, 26151 
0.005, 26145 
0.005, 26034 
0.005, 25891 
0.006, 25780 
0.006, 25716 
0.006, 25286 
0.007, 25191 
0.007, 24649 
0.008, 24588 
0.008, 24373 
0.008, 24370 
0.008, 24096 
0.008, 24086 
0.008, 24083 
0.009, 24042 
0.009, 23771 
0.010, 23762 
0.010, 23758 
0.010, 23641 
0.011, 23387 
0.011, 23090 
0.012, 23007 
0.012, 22920 
0.013, 22870 
0.014, 22703 
0.015, 22389 
0.016, 22362 
0.017, 22354 
0.018, 22095 
0.019, 22089 
0.019, 22072 
0.021, 22003 
0.021, 21702 
0.022, 21680 
0.023, 21672 
0.024, 21450 
0.025, 21443 
0.026, 21350 
0.027, 21100 
0.028, 20963 
0.029, 20624 
0.030, 20558 
0.032, 20379 
0.033, 20244 
0.035, 20222 
0.036, 19996 
0.038, 19962 
0.040, 19912 
0.041, 19721 
0.043, 19646 
0.044, 19363 
0.045, 19177 
0.048, 19082 
0.050, 18995 
0.051, 18974 
0.053, 18963 
0.054, 18879 
0.057, 18730 
0.058, 18641 
0.059, 18359 
0.060, 18323 
0.062, 18216 
0.063, 18147 
0.065, 17919 
0.068, 17774 
0.070, 17696 
0.073, 17637 
0.080, 17132 
0.082, 17000 
0.084, 16712 
0.084, 16484 
0.085, 16351 
0.085, 15920 
0.086, 15898 
0.086, 15897 
0.086, 15845 
0.087, 15761 
0.087, 15741 
0.087, 15695 
0.087, 15661 
0.087, 15596 
0.087, 15558 
0.087, 15384 
0.088, 15367 
0.089, 15362 
0.089, 15325 
0.090, 15314 
0.090, 15284 
0.090, 15236 
0.091, 15212 
0.091, 14163 
0.091, 14051 
0.092, 13896 
0.092, 13629 
0.092, 13527 
0.093, 12974 
0.094, 12949 
0.094, 12906 
0.094, 12751 
0.095, 12602 
0.095, 12592 
0.096, 12515 
0.096, 12294 
0.096, 12125 
0.097, 11815 
0.098, 11703 
0.099, 11396 
0.101, 11368 
0.102, 11123 
0.104, 10949 
0.105, 10909 
0.107, 10778 
0.109, 10690 
0.112, 10657 
0.115, 10623 
0.119, 10612 
0.121, 10582 
0.123, 10524 
0.126, 10447 
0.128, 10162 
0.130, 10160 
0.131, 10132 
0.134, 10097 
0.136, 10089 
0.137, 10080 
0.139, 10012 
0.140, 10007 
0.142, 9997 
0.145, 9927 
0.147, 9898 
0.149, 9778 
0.151, 9419 
0.153, 9333 
0.155, 9259 
0.155, 9223 
0.155, 9134 
0.158, 8790 
0.158, 8765 
0.159, 8697 
0.159, 8677 
0.159, 8641 
0.161, 8504 
0.164, 8370 
0.167, 8342 
0.168, 8266 
0.170, 8265 
