0.001, 30405 
0.001, 30125 
0.001, 29876 
0.001, 29799 
0.001, 29782 
0.001, 29426 
0.002, 29359 
0.002, 29158 
0.002, 29131 
0.003, 28957 
0.003, 28861 
0.003, 27735 
0.003, 27681 
0.003, 27453 
0.004, 27376 
0.004, 27374 
0.004, 27129 
0.004, 26915 
0.004, 26728 
0.005, 26553 
0.005, 26479 
0.005, 26296 
0.006, 26264 
0.006, 26066 
0.006, 25733 
0.007, 25645 
0.007, 25621 
0.007, 25313 
0.007, 25261 
0.007, 25122 
0.007, 25079 
0.007, 24345 
0.007, 24258 
0.007, 24177 
0.007, 24137 
0.007, 24129 
0.007, 23943 
0.008, 23907 
0.008, 23740 
0.008, 23613 
0.008, 23533 
0.008, 23275 
0.008, 22971 
0.008, 22952 
0.008, 22853 
0.009, 22588 
0.009, 21999 
0.009, 21979 
0.009, 21943 
0.009, 21894 
0.009, 21879 
0.010, 21774 
0.010, 21721 
0.010, 21638 
0.010, 21079 
0.010, 21017 
0.011, 20948 
0.011, 20945 
0.011, 20828 
0.011, 20736 
0.011, 20675 
0.011, 20558 
0.012, 20286 
0.013, 20268 
0.014, 20259 
0.015, 19879 
0.018, 19875 
0.019, 19789 
0.019, 19772 
0.020, 19160 
0.022, 18729 
0.023, 18725 
0.024, 18713 
0.025, 18712 
0.027, 18643 
0.030, 18622 
0.032, 18548 
0.033, 18476 
0.034, 18380 
0.036, 18368 
0.037, 18318 
0.038, 18265 
0.039, 18232 
0.040, 17754 
0.041, 17160 
0.042, 17133 
0.048, 16740 
0.049, 16598 
0.050, 16533 
0.052, 16296 
0.053, 16065 
0.054, 15776 
0.055, 15771 
0.056, 15712 
0.056, 15591 
0.057, 15367 
0.059, 14654 
0.060, 14548 
0.063, 14530 
0.065, 14402 
0.067, 13814 
0.068, 13142 
0.069, 13067 
0.071, 12960 
0.072, 12957 
0.072, 12642 
0.073, 12078 
0.074, 11802 
0.075, 11674 
0.079, 11669 
0.080, 11656 
0.081, 11635 
0.082, 11624 
0.087, 11600 
0.087, 11566 
0.087, 11557 
0.088, 11496 
0.088, 11425 
0.088, 11349 
0.088, 11347 
0.088, 11295 
0.089, 11286 
0.089, 11285 
0.091, 11262 
0.091, 11190 
0.092, 11093 
0.092, 10933 
0.094, 10776 
0.096, 10775 
0.097, 10396 
0.097, 10318 
0.097, 10309 
0.097, 10265 
0.097, 10232 
0.097, 10223 
0.098, 10218 
0.099, 10096 
0.100, 10073 
0.100, 9594 
0.101, 9566 
0.103, 9328 
0.105, 9263 
0.107, 9122 
0.110, 8393 
0.113, 8376 
