0.000, 30612 
0.001, 30017 
0.001, 29896 
0.001, 29816 
0.002, 29737 
0.003, 29613 
0.003, 29440 
0.003, 29418 
0.004, 29337 
0.004, 28841 
0.004, 28816 
0.004, 28638 
0.004, 28545 
0.005, 28459 
0.005, 28292 
0.005, 28273 
0.005, 28128 
0.006, 28102 
0.006, 28072 
0.006, 27857 
0.007, 26723 
0.007, 26224 
0.007, 26191 
0.008, 26129 
0.009, 26039 
0.009, 25594 
0.009, 25529 
0.009, 25000 
0.009, 24928 
0.009, 24845 
0.010, 24754 
0.010, 24458 
0.010, 24429 
0.010, 23792 
0.010, 23574 
0.010, 23571 
0.010, 23503 
0.010, 23411 
0.010, 23184 
0.010, 23112 
0.010, 23098 
0.011, 23011 
0.011, 22868 
0.011, 22828 
0.011, 22731 
0.012, 22716 
0.012, 22486 
0.012, 22477 
0.012, 22463 
0.012, 22434 
0.012, 22284 
0.012, 22068 
0.012, 21860 
0.012, 21784 
0.012, 21404 
0.012, 21193 
0.013, 21187 
0.013, 21116 
0.014, 21032 
0.014, 21005 
0.014, 20865 
0.014, 20813 
0.014, 20811 
0.014, 20595 
0.014, 20588 
0.015, 20466 
0.015, 19222 
0.015, 18882 
0.016, 18845 
0.017, 18704 
0.017, 17820 
0.020, 17620 
0.021, 17606 
0.022, 17313 
0.025, 17283 
0.026, 17272 
0.028, 16993 
0.030, 16986 
0.032, 16939 
0.033, 16930 
0.035, 16895 
0.038, 16877 
0.040, 16723 
0.042, 16625 
0.053, 15517 
0.054, 15425 
0.056, 15123 
0.058, 14764 
0.060, 14690 
0.062, 14683 
0.064, 14615 
0.064, 14603 
0.064, 14424 
0.064, 14132 
0.064, 14055 
0.064, 14051 
0.064, 14047 
0.064, 14030 
0.065, 13951 
0.065, 13261 
0.065, 13239 
0.065, 13195 
0.065, 13181 
0.066, 13095 
0.066, 13060 
0.067, 13010 
0.067, 12937 
0.067, 12935 
0.067, 12918 
0.068, 12589 
0.068, 12574 
0.068, 12452 
0.068, 12347 
0.069, 12333 
0.069, 12284 
0.071, 12162 
0.071, 12083 
0.072, 12066 
0.075, 12061 
0.077, 12026 
0.078, 11957 
0.079, 11882 
0.083, 11445 
0.085, 11438 
0.086, 11384 
0.087, 11028 
0.087, 10936 
0.087, 10790 
0.088, 10533 
0.089, 10438 
0.089, 10327 
0.090, 10284 
0.091, 10099 
0.091, 9960 
0.092, 9832 
0.093, 9642 
0.094, 9482 
0.095, 9380 
0.096, 9153 
0.097, 9035 
0.098, 8512 
0.100, 8499 
0.102, 8270 
0.104, 8237 
0.106, 8183 
0.108, 8160 
0.110, 7976 
