0.001, 28021 
0.001, 27835 
0.002, 27789 
0.002, 27770 
0.002, 27650 
0.002, 27643 
0.002, 27555 
0.002, 27505 
0.002, 27354 
0.002, 27346 
0.002, 27305 
0.002, 27256 
0.003, 27240 
0.003, 26124 
0.003, 25987 
0.003, 25687 
0.003, 25437 
0.003, 25367 
0.003, 25118 
0.003, 25075 
0.004, 24794 
0.004, 24738 
0.005, 24655 
0.005, 24345 
0.005, 24282 
0.005, 24165 
0.007, 24158 
0.007, 24084 
0.007, 23888 
0.008, 23813 
0.008, 23810 
0.008, 23746 
0.008, 23743 
0.008, 23581 
0.008, 23505 
0.009, 23487 
0.009, 23351 
0.009, 23348 
0.009, 23232 
0.009, 23167 
0.009, 23155 
0.009, 22939 
0.010, 22833 
0.010, 22754 
0.010, 22616 
0.011, 22417 
0.011, 22341 
0.011, 22078 
0.011, 21939 
0.011, 21691 
0.011, 21460 
0.011, 21386 
0.011, 21370 
0.011, 21357 
0.011, 21355 
0.011, 21216 
0.011, 21141 
0.012, 20774 
0.012, 20762 
0.013, 20694 
0.013, 20667 
0.014, 20658 
0.015, 20651 
0.015, 20392 
0.015, 19805 
0.016, 19756 
0.016, 19753 
0.018, 19731 
0.018, 19728 
0.020, 19691 
0.020, 19600 
0.020, 19526 
0.020, 19460 
0.021, 19454 
0.021, 19207 
0.021, 18997 
0.022, 18662 
0.022, 18648 
0.022, 18613 
0.025, 18299 
0.025, 18286 
0.025, 18182 
0.026, 18139 
0.027, 18023 
0.028, 17857 
0.029, 17811 
0.030, 17681 
0.032, 17548 
0.032, 17504 
0.033, 17491 
0.033, 17399 
0.034, 17352 
0.034, 17269 
0.035, 17204 
0.036, 17192 
0.037, 16683 
0.038, 16531 
0.038, 16502 
0.038, 16468 
0.038, 16238 
0.039, 16235 
0.039, 15607 
0.039, 15552 
0.040, 15540 
0.042, 15512 
0.043, 15390 
0.044, 15293 
0.046, 15266 
0.048, 14801 
0.050, 14747 
0.052, 14724 
0.055, 14721 
0.060, 14694 
0.063, 14612 
0.067, 14540 
0.072, 14496 
0.079, 14485 
0.080, 14484 
0.080, 14066 
0.081, 13997 
0.082, 13931 
0.082, 13900 
0.083, 13861 
0.086, 13812 
0.087, 13806 
0.087, 13805 
0.088, 13765 
0.089, 13746 
0.090, 13689 
0.092, 13669 
0.093, 13597 
0.093, 12969 
0.094, 12888 
0.097, 12625 
0.098, 12496 
0.100, 12205 
0.101, 12109 
0.103, 12041 
0.105, 12036 
0.106, 12026 
0.108, 11978 
0.110, 11962 
0.111, 11912 
0.113, 11894 
0.115, 11885 
0.117, 11710 
0.119, 11693 
0.121, 11673 
0.123, 11656 
0.125, 11648 
0.127, 11496 
0.129, 11493 
0.130, 11451 
0.132, 11446 
0.134, 11185 
0.136, 11145 
0.137, 10999 
0.139, 10982 
0.141, 10288 
0.143, 10265 
0.145, 9727 
0.146, 9624 
0.148, 9427 
0.150, 9185 
0.152, 9083 
0.154, 8856 
0.156, 8841 
0.159, 8799 
0.161, 8790 
0.162, 8695 
0.164, 8494 
0.166, 8119 
0.168, 8113 
