0.000, 29090 
0.000, 29061 
0.001, 28846 
0.001, 28620 
0.001, 28579 
0.001, 28252 
0.002, 28020 
0.002, 27079 
0.002, 26939 
0.003, 26879 
0.003, 26873 
0.003, 26864 
0.003, 26859 
0.003, 26309 
0.003, 26303 
0.003, 26164 
0.003, 25796 
0.003, 25639 
0.004, 25559 
0.004, 25422 
0.004, 25387 
0.004, 25295 
0.005, 25230 
0.005, 25148 
0.005, 25102 
0.005, 25073 
0.005, 25037 
0.005, 24927 
0.005, 24772 
0.006, 24519 
0.007, 24428 
0.007, 24391 
0.007, 24293 
0.007, 24291 
0.007, 24269 
0.007, 24199 
0.007, 23880 
0.007, 23869 
0.007, 23356 
0.007, 23275 
0.007, 22860 
0.007, 22683 
0.007, 22667 
0.008, 22602 
0.008, 22328 
0.008, 22240 
0.008, 22152 
0.008, 22137 
0.008, 22104 
0.008, 22094 
0.009, 21262 
0.009, 21160 
0.009, 21090 
0.009, 20582 
0.009, 20254 
0.009, 20234 
0.009, 20093 
0.009, 20006 
0.009, 20004 
0.010, 19941 
0.010, 19922 
0.010, 19819 
0.010, 19552 
0.010, 19388 
0.011, 19279 
0.011, 18696 
0.011, 18685 
0.011, 18684 
0.011, 18668 
0.012, 18545 
0.012, 18481 
0.013, 18475 
0.013, 18158 
0.014, 18149 
0.015, 18104 
0.016, 18087 
0.017, 17943 
0.019, 17941 
0.020, 17928 
0.022, 17883 
0.023, 17716 
0.025, 17645 
0.028, 17593 
0.031, 17562 
0.033, 17513 
0.035, 17403 
0.036, 17393 
0.038, 17385 
0.040, 17378 
0.042, 17372 
0.043, 17365 
0.045, 17360 
0.046, 17358 
0.048, 17341 
0.049, 17309 
0.050, 17293 
0.052, 16846 
0.054, 16747 
0.056, 16682 
0.058, 16128 
0.060, 16112 
0.062, 16086 
0.064, 15906 
0.066, 15829 
0.068, 15819 
0.069, 15817 
0.071, 14710 
0.073, 14675 
0.075, 14616 
0.080, 14602 
0.080, 14284 
0.081, 14278 
0.081, 14258 
0.082, 14250 
0.082, 14227 
0.082, 14155 
0.083, 14139 
0.083, 12890 
0.083, 12841 
0.084, 12801 
0.084, 12776 
0.084, 12461 
0.085, 12231 
0.088, 12176 
0.089, 11946 
0.090, 11862 
0.090, 11696 
0.092, 11381 
0.092, 11025 
0.094, 10356 
0.096, 10195 
0.098, 10137 
0.099, 10042 
0.099, 10025 
0.100, 9815 
0.102, 9812 
0.104, 9792 
0.106, 9687 
0.107, 9672 
0.108, 9632 
0.109, 9624 
0.110, 9596 
0.111, 9566 
0.111, 9529 
0.112, 9489 
0.114, 9474 
0.116, 9469 
0.118, 8978 
0.119, 8783 
0.121, 8705 
0.123, 8656 
0.125, 8631 
0.125, 8531 
0.127, 8371 
0.129, 8354 
0.132, 8318 
0.133, 8265 
0.135, 8220 
0.135, 8182 
0.135, 8172 
0.135, 8156 
0.135, 8131 
0.135, 8106 
0.138, 8089 
