0.000, 30424 
0.000, 30369 
0.000, 30329 
0.000, 30109 
0.000, 30107 
0.001, 29632 
0.001, 29542 
0.002, 29540 
0.002, 29225 
0.002, 29056 
0.002, 28922 
0.002, 28834 
0.003, 28716 
0.003, 28548 
0.003, 28542 
0.004, 28243 
0.004, 28236 
0.004, 27957 
0.005, 27955 
0.005, 27373 
0.005, 27332 
0.005, 27083 
0.006, 26812 
0.006, 26185 
0.006, 26106 
0.007, 26055 
0.007, 26033 
0.007, 26013 
0.007, 25723 
0.007, 25688 
0.008, 25678 
0.008, 25379 
0.008, 25254 
0.008, 24047 
0.008, 23854 
0.008, 23699 
0.008, 23665 
0.009, 23549 
0.009, 23543 
0.009, 23384 
0.009, 23143 
0.009, 23133 
0.009, 22863 
0.009, 22774 
0.009, 22770 
0.009, 22766 
0.009, 22761 
0.009, 22530 
0.010, 22455 
0.010, 22226 
0.010, 22166 
0.010, 21784 
0.010, 21688 
0.010, 21662 
0.011, 21538 
0.011, 21361 
0.011, 21345 
0.011, 21307 
0.011, 21302 
0.012, 21190 
0.012, 21035 
0.012, 21024 
0.012, 20938 
0.012, 20712 
0.012, 20618 
0.012, 20565 
0.013, 20558 
0.014, 20522 
0.014, 20437 
0.014, 20419 
0.015, 20386 
0.015, 20235 
0.016, 20174 
0.017, 20053 
0.017, 19843 
0.018, 19841 
0.018, 19837 
0.018, 19835 
0.018, 19656 
0.019, 19641 
0.019, 19631 
0.020, 19567 
0.020, 19169 
0.020, 19165 
0.020, 19091 
0.021, 18953 
0.021, 18939 
0.021, 18901 
0.021, 18768 
0.022, 18721 
0.022, 18538 
0.023, 18483 
0.023, 18469 
0.024, 18449 
0.024, 18300 
0.025, 18226 
0.025, 18209 
0.025, 18128 
0.025, 18080 
0.026, 18028 
0.026, 17987 
0.027, 17966 
0.028, 17920 
0.029, 17860 
0.030, 17854 
0.031, 17780 
0.033, 17759 
0.034, 17754 
0.034, 17719 
0.034, 17683 
0.034, 16768 
0.034, 16644 
0.035, 15877 
0.035, 15798 
0.035, 15584 
0.035, 15492 
0.036, 14757 
0.036, 14474 
0.036, 14388 
0.037, 14270 
0.037, 14148 
0.037, 13825 
0.038, 13448 
0.041, 12844 
0.041, 12657 
0.042, 12612 
0.043, 12394 
0.043, 12379 
0.044, 12227 
0.045, 11791 
0.045, 11634 
0.045, 11619 
0.045, 11618 
0.046, 11531 
0.046, 11407 
0.046, 11336 
0.047, 11045 
0.047, 10830 
0.048, 10698 
0.049, 10293 
0.050, 10280 
0.050, 10246 
0.051, 10018 
0.052, 9943 
0.053, 9842 
0.055, 9754 
0.056, 9739 
0.058, 9722 
0.060, 9682 
0.060, 9628 
0.062, 9605 
0.065, 9597 
0.068, 9488 
0.071, 9103 
0.079, 8969 
0.081, 8864 
0.082, 8809 
0.083, 8524 
0.084, 8319 
0.085, 8161 
0.086, 8044 
0.087, 8034 
0.088, 8024 
0.088, 7984 
0.089, 7918 
0.090, 7775 
