0.000, 30436 
0.000, 30325 
0.001, 30103 
0.001, 30032 
0.001, 29962 
0.001, 29866 
0.001, 29676 
0.001, 29659 
0.002, 29555 
0.002, 29401 
0.002, 29349 
0.002, 29167 
0.002, 28311 
0.002, 28285 
0.002, 28064 
0.002, 27988 
0.003, 27933 
0.003, 27892 
0.003, 27860 
0.003, 27655 
0.003, 27639 
0.004, 27593 
0.004, 26559 
0.004, 26521 
0.004, 26428 
0.005, 26413 
0.005, 26230 
0.005, 26120 
0.006, 26063 
0.006, 25813 
0.006, 25778 
0.006, 25754 
0.007, 25494 
0.007, 25271 
0.007, 25268 
0.007, 24188 
0.007, 23976 
0.007, 23735 
0.007, 23659 
0.007, 23153 
0.007, 22986 
0.007, 22887 
0.007, 22521 
0.007, 22277 
0.007, 22221 
0.007, 22172 
0.007, 22170 
0.007, 22142 
0.007, 22031 
0.007, 20949 
0.007, 20927 
0.007, 20926 
0.007, 20840 
0.007, 20792 
0.007, 20544 
0.007, 20507 
0.007, 20503 
0.008, 20454 
0.008, 20382 
0.008, 20271 
0.008, 20268 
0.008, 20250 
0.008, 20162 
0.008, 19856 
0.008, 19797 
0.008, 19409 
0.009, 19398 
0.009, 19366 
0.009, 19287 
0.010, 19195 
0.010, 18963 
0.010, 18845 
0.010, 18621 
0.011, 18561 
0.011, 18543 
0.012, 18533 
0.012, 18529 
0.012, 18509 
0.012, 18440 
0.013, 18345 
0.013, 18338 
0.014, 18144 
0.015, 17905 
0.015, 17891 
0.015, 17842 
0.015, 17839 
0.016, 17787 
0.016, 17781 
0.017, 17706 
0.017, 17703 
0.019, 17702 
0.020, 17430 
0.020, 17428 
0.021, 17420 
0.022, 17351 
0.023, 17336 
0.024, 17164 
0.025, 17162 
0.026, 17136 
0.026, 17104 
0.026, 17042 
0.026, 17036 
0.026, 16977 
0.027, 16976 
0.028, 16951 
0.030, 16882 
0.031, 16871 
0.033, 16754 
0.035, 16724 
0.038, 16718 
0.040, 16275 
0.042, 16185 
0.044, 16173 
0.047, 16133 
0.049, 16125 
0.052, 15294 
0.054, 15213 
0.056, 15068 
0.057, 15052 
0.059, 15048 
0.061, 14688 
0.062, 14685 
0.064, 14454 
0.069, 14443 
0.075, 14280 
0.075, 13947 
0.076, 13940 
0.077, 13599 
0.077, 13253 
0.078, 13147 
0.078, 13049 
0.078, 12973 
0.078, 12619 
0.078, 12540 
0.078, 12286 
0.078, 12074 
0.078, 11997 
0.078, 11936 
0.079, 11922 
0.079, 11913 
0.079, 11889 
0.079, 11771 
0.079, 11671 
0.079, 11596 
0.079, 11374 
0.079, 11237 
0.080, 11086 
0.080, 11066 
0.081, 11053 
0.081, 11051 
0.082, 11039 
0.082, 11023 
0.083, 10978 
0.084, 10699 
0.084, 10555 
0.085, 10224 
0.086, 10187 
0.087, 10155 
0.088, 9820 
0.089, 9505 
0.091, 9485 
0.092, 9311 
0.095, 9095 
0.096, 9043 
0.098, 8497 
0.100, 8391 
0.102, 8267 
0.105, 8238 
0.107, 8086 
