0.001, 31798 
0.001, 31718 
0.001, 31705 
0.001, 31581 
0.001, 31301 
0.001, 30971 
0.001, 30710 
0.001, 30654 
0.002, 30598 
0.002, 30594 
0.002, 30229 
0.002, 30073 
0.002, 29930 
0.003, 29896 
0.003, 29834 
0.003, 29753 
0.003, 29702 
0.003, 29602 
0.003, 29582 
0.003, 29563 
0.003, 29506 
0.003, 29488 
0.004, 29338 
0.004, 29093 
0.004, 28829 
0.004, 28686 
0.004, 28502 
0.004, 28403 
0.005, 28193 
0.005, 28183 
0.005, 28000 
0.005, 27952 
0.006, 27907 
0.006, 27708 
0.006, 27522 
0.007, 27453 
0.007, 26580 
0.007, 26561 
0.007, 26360 
0.008, 26307 
0.008, 26285 
0.008, 26184 
0.008, 26176 
0.008, 26123 
0.008, 26084 
0.008, 25124 
0.008, 25096 
0.008, 25073 
0.008, 24240 
0.008, 24214 
0.008, 24185 
0.008, 24091 
0.008, 23726 
0.008, 23666 
0.008, 23358 
0.009, 23324 
0.009, 23304 
0.009, 23209 
0.009, 22384 
0.009, 22215 
0.009, 22189 
0.010, 22166 
0.010, 22070 
0.010, 22059 
0.010, 21965 
0.010, 21930 
0.010, 21928 
0.010, 21903 
0.010, 21798 
0.010, 21743 
0.010, 21741 
0.010, 21568 
0.010, 21471 
0.010, 21383 
0.011, 21330 
0.011, 21282 
0.011, 21278 
0.011, 21243 
0.011, 21151 
0.011, 21050 
0.011, 21038 
0.011, 20640 
0.012, 20589 
0.012, 19732 
0.012, 19522 
0.012, 19369 
0.012, 19341 
0.012, 19339 
0.012, 19201 
0.012, 19151 
0.013, 18939 
0.013, 18848 
0.013, 18237 
0.013, 18157 
0.013, 18111 
0.013, 17957 
0.014, 17952 
0.014, 17790 
0.014, 17622 
0.014, 17587 
0.014, 17312 
0.014, 17055 
0.015, 16911 
0.015, 16840 
0.015, 16636 
0.016, 16588 
0.016, 16339 
0.017, 16151 
0.017, 16144 
0.018, 15967 
0.018, 15965 
0.018, 15943 
0.019, 15931 
0.020, 15920 
0.020, 15894 
0.020, 15888 
0.021, 15874 
0.022, 15830 
0.023, 15812 
0.024, 15784 
0.025, 15762 
0.027, 15755 
0.028, 15568 
0.032, 15359 
0.033, 15313 
0.034, 15276 
0.035, 15256 
0.037, 15176 
0.038, 15155 
0.040, 15093 
0.041, 14833 
0.045, 14599 
0.045, 14504 
0.045, 14487 
0.045, 14411 
0.046, 14380 
0.046, 14371 
0.047, 14355 
0.049, 14302 
0.051, 14094 
0.053, 14088 
0.055, 14037 
0.058, 13906 
0.062, 13823 
0.062, 13799 
0.063, 13797 
0.063, 13794 
0.064, 13736 
0.064, 13724 
0.065, 13705 
0.066, 13700 
0.068, 13672 
0.069, 13661 
0.071, 13621 
0.073, 13607 
0.078, 12964 
0.079, 12946 
0.079, 12926 
0.079, 12911 
0.080, 12799 
0.080, 12387 
0.081, 12373 
0.082, 12367 
0.083, 11869 
0.084, 11649 
0.084, 11644 
0.084, 11640 
0.084, 11637 
0.085, 11561 
0.085, 11509 
0.085, 11495 
0.086, 11469 
0.086, 11413 
0.087, 11345 
0.088, 11174 
0.088, 10900 
0.089, 10729 
0.090, 10591 
0.092, 10538 
0.094, 10399 
0.095, 10367 
0.097, 10275 
0.099, 10229 
0.100, 10104 
0.101, 10032 
0.102, 9543 
0.104, 9410 
0.106, 9130 
0.108, 9053 
0.110, 8984 
0.112, 8953 
0.114, 8788 
0.114, 8773 
0.114, 8742 
0.114, 8738 
0.114, 8732 
0.114, 8722 
0.115, 8661 
0.116, 8541 
0.118, 8526 
0.120, 8509 
