0.000, 30614 
0.000, 30423 
0.000, 30114 
0.001, 30076 
0.001, 29949 
0.001, 29775 
0.001, 29725 
0.001, 29591 
0.001, 29514 
0.001, 29510 
0.001, 29342 
0.001, 29323 
0.002, 29011 
0.002, 28966 
0.002, 28960 
0.002, 28923 
0.002, 28891 
0.002, 28889 
0.002, 28587 
0.002, 28565 
0.003, 28341 
0.003, 28020 
0.003, 27859 
0.004, 27744 
0.004, 27660 
0.004, 27539 
0.004, 27251 
0.005, 27142 
0.005, 27123 
0.005, 27021 
0.005, 26958 
0.005, 26956 
0.005, 26662 
0.005, 26599 
0.005, 26470 
0.006, 26387 
0.006, 26232 
0.006, 26231 
0.006, 25997 
0.006, 25796 
0.006, 25714 
0.006, 25353 
0.006, 25168 
0.006, 24988 
0.006, 24970 
0.006, 24945 
0.006, 23829 
0.006, 23797 
0.007, 23616 
0.007, 23564 
0.007, 23284 
0.007, 23211 
0.007, 23179 
0.008, 23117 
0.008, 23001 
0.008, 22977 
0.009, 22485 
0.009, 22398 
0.009, 22285 
0.009, 22128 
0.010, 22059 
0.010, 22042 
0.010, 21804 
0.010, 21762 
0.011, 21656 
0.011, 21620 
0.012, 21575 
0.012, 21520 
0.013, 21409 
0.013, 20874 
0.014, 20838 
0.014, 20755 
0.015, 20690 
0.015, 20614 
0.016, 20066 
0.016, 20030 
0.017, 20026 
0.017, 19748 
0.018, 19647 
0.019, 19632 
0.020, 19615 
0.021, 19561 
0.022, 19538 
0.023, 19531 
0.024, 19372 
0.026, 18461 
0.028, 18422 
0.029, 18245 
0.031, 17870 
0.033, 17010 
0.035, 16999 
0.035, 16996 
0.036, 16947 
0.036, 16856 
0.037, 16762 
0.037, 16735 
0.038, 16730 
0.039, 16696 
0.039, 16418 
0.041, 16274 
0.042, 16096 
0.043, 16053 
0.044, 16023 
0.044, 16012 
0.044, 15980 
0.044, 15955 
0.044, 15717 
0.044, 15713 
0.044, 15595 
0.045, 15547 
0.048, 15507 
0.052, 15477 
0.053, 15447 
0.053, 15400 
0.054, 14428 
0.054, 14324 
0.054, 14035 
0.055, 13361 
0.055, 13217 
0.055, 12365 
0.056, 12198 
0.056, 12147 
0.056, 11869 
0.057, 11853 
0.057, 11817 
0.057, 11731 
0.057, 11728 
0.058, 11708 
0.058, 11639 
0.058, 11580 
0.058, 11508 
0.059, 11505 
0.059, 11429 
0.059, 11424 
0.060, 11328 
0.060, 11224 
0.060, 11101 
0.061, 11098 
0.061, 11069 
0.061, 10622 
0.062, 10521 
0.062, 10501 
0.063, 10360 
0.064, 10344 
0.064, 10288 
0.065, 10130 
0.066, 10129 
0.067, 10106 
0.069, 10030 
0.070, 10016 
0.071, 9722 
0.072, 9662 
0.074, 9571 
0.075, 9460 
0.077, 9455 
0.079, 9426 
0.081, 9413 
0.082, 9379 
0.084, 9333 
0.085, 9297 
0.087, 9262 
0.088, 9195 
0.090, 9190 
0.091, 9157 
0.093, 9065 
0.094, 9049 
0.096, 9027 
0.097, 8751 
0.099, 8750 
0.101, 8384 
