0.000, 31491 
0.000, 31213 
0.000, 31206 
0.001, 31176 
0.001, 31062 
0.001, 30822 
0.001, 30749 
0.001, 30672 
0.001, 30601 
0.001, 30373 
0.002, 30128 
0.002, 30120 
0.002, 29686 
0.002, 29657 
0.002, 29636 
0.002, 29516 
0.002, 29388 
0.002, 29211 
0.003, 29133 
0.003, 29057 
0.003, 29045 
0.004, 28721 
0.004, 28661 
0.004, 28607 
0.004, 28476 
0.004, 28434 
0.005, 28241 
0.005, 28114 
0.005, 27836 
0.006, 27732 
0.006, 27623 
0.006, 27546 
0.007, 27535 
0.007, 27349 
0.007, 27275 
0.007, 27205 
0.007, 27015 
0.007, 26896 
0.007, 26730 
0.007, 26721 
0.007, 26550 
0.008, 26395 
0.008, 26308 
0.008, 26134 
0.008, 26022 
0.008, 26021 
0.008, 26019 
0.008, 26009 
0.008, 25928 
0.008, 25502 
0.008, 25500 
0.008, 25354 
0.009, 25339 
0.009, 25257 
0.009, 25196 
0.009, 24969 
0.009, 24770 
0.009, 24766 
0.010, 24495 
0.010, 24344 
0.010, 24234 
0.010, 24183 
0.010, 23469 
0.011, 23438 
0.011, 22333 
0.011, 22138 
0.011, 22044 
0.011, 21023 
0.011, 20953 
0.011, 20769 
0.011, 20711 
0.011, 20685 
0.011, 20626 
0.011, 20430 
0.012, 20353 
0.013, 20130 
0.014, 20014 
0.017, 19570 
0.018, 19436 
0.020, 19390 
0.021, 19373 
0.022, 19244 
0.024, 19217 
0.026, 19206 
0.028, 19179 
0.030, 19030 
0.033, 19028 
0.035, 18908 
0.037, 18743 
0.038, 18692 
0.038, 18689 
0.038, 18676 
0.038, 18640 
0.038, 18613 
0.041, 18498 
0.043, 18463 
0.045, 18235 
0.047, 18133 
0.050, 18050 
0.052, 17991 
0.055, 17094 
0.058, 17037 
0.061, 16196 
0.064, 16042 
0.067, 15832 
0.069, 15827 
0.072, 15818 
0.076, 15815 
0.077, 15797 
0.078, 15719 
0.078, 15681 
0.079, 15677 
0.079, 15638 
0.079, 15338 
0.080, 14942 
0.080, 14934 
0.081, 14892 
0.082, 14558 
0.082, 14517 
0.083, 14505 
0.084, 14470 
0.084, 14430 
0.085, 14316 
0.088, 14296 
0.089, 14286 
0.089, 14133 
0.090, 14054 
0.091, 13920 
0.091, 13161 
0.092, 12944 
0.093, 12778 
0.095, 11942 
0.096, 11587 
0.097, 11343 
0.098, 11306 
0.100, 11278 
0.102, 10929 
0.104, 10805 
0.106, 10780 
0.108, 10558 
0.109, 10448 
0.111, 10292 
0.112, 10234 
0.114, 10225 
0.115, 10133 
0.116, 9752 
0.118, 9750 
0.119, 9690 
0.121, 9668 
0.122, 9563 
0.124, 9513 
0.125, 9512 
0.127, 9497 
0.128, 9469 
0.129, 9407 
0.129, 9307 
0.130, 9235 
0.130, 9209 
0.131, 9134 
0.132, 8894 
0.133, 8566 
0.134, 8490 
0.136, 8359 
0.138, 8347 
0.140, 8339 
0.141, 8306 
0.142, 8213 
0.145, 8150 
0.147, 8140 
0.149, 8112 
0.151, 8049 
0.153, 8044 
0.154, 8013 
0.156, 8005 
0.158, 7961 
0.160, 7956 
0.162, 7944 
0.164, 7929 
