0.000, 2721099 
0.000, 2688444 
0.000, 2686407 
0.001, 2677733 
0.001, 2647219 
0.001, 2581165 
0.001, 2568216 
0.001, 2531350 
0.002, 2456193 
0.002, 2431240 
0.003, 2418912 
0.003, 2400707 
0.003, 2311504 
0.004, 2303273 
0.004, 2265672 
0.004, 2247992 
0.005, 2245023 
0.006, 2197762 
0.006, 2173787 
0.007, 2132537 
0.007, 2127307 
0.007, 2116868 
0.007, 2114481 
0.007, 2105862 
0.007, 2046493 
0.007, 2040050 
0.007, 2038864 
0.007, 2024825 
0.007, 2016141 
0.007, 2006111 
0.008, 2002831 
0.008, 1961306 
0.008, 1945923 
0.008, 1944226 
0.009, 1944211 
0.009, 1890403 
0.010, 1878374 
0.010, 1867722 
0.011, 1784804 
0.012, 1725611 
0.015, 1709386 
0.017, 1697583 
0.020, 1664666 
0.020, 1664282 
0.020, 1661611 
0.020, 1652809 
0.020, 1651755 
0.020, 1642693 
0.021, 1615417 
0.021, 1609977 
0.021, 1609136 
0.021, 1608141 
0.021, 1599571 
0.021, 1576827 
0.021, 1571448 
0.022, 1549332 
0.022, 1514771 
0.023, 1484778 
0.023, 1443118 
0.024, 1441658 
0.024, 1437784 
0.025, 1434264 
0.025, 1419298 
0.025, 1388069 
0.026, 1377562 
0.026, 1367786 
0.026, 1347847 
0.026, 1345437 
0.027, 1333508 
0.027, 1248832 
0.027, 1234688 
0.027, 1231135 
0.028, 1210836 
0.028, 1208063 
0.029, 1194472 
0.029, 1174420 
0.029, 1153818 
0.030, 1141147 
0.030, 1130912 
0.031, 1107928 
0.032, 1074935 
0.033, 1073173 
0.034, 1054253 
0.034, 1048308 
0.035, 1046412 
0.036, 1045908 
0.037, 1025736 
0.038, 1023712 
0.039, 1004473 
0.040, 1002697 
0.041, 1001722 
0.042, 999464 
0.043, 999063 
0.044, 992769 
0.104, 981243 
0.122, 974291 
0.123, 948453 
0.124, 941399 
0.124, 940848 
0.125, 926489 
0.126, 913499 
0.137, 908893 
0.139, 908612 
