0.001, 2935418 
0.001, 2906118 
0.001, 2856141 
0.001, 2847796 
0.001, 2785128 
0.001, 2731795 
0.001, 2720606 
0.001, 2715334 
0.001, 2715157 
0.002, 2709428 
0.002, 2677037 
0.003, 2674451 
0.003, 2669494 
0.003, 2656245 
0.003, 2575109 
0.004, 2557677 
0.004, 2545233 
0.004, 2540573 
0.004, 2532086 
0.004, 2507307 
0.005, 2476769 
0.005, 2470653 
0.006, 2442973 
0.006, 2413712 
0.006, 2400390 
0.006, 2380352 
0.007, 2373630 
0.008, 2368314 
0.008, 2367843 
0.008, 2362084 
0.009, 2356795 
0.009, 2340983 
0.009, 2333766 
0.010, 2175742 
0.011, 2174797 
0.012, 2084868 
0.013, 2082651 
0.014, 2082265 
0.014, 2036433 
0.015, 2016011 
0.015, 1983288 
0.016, 1854801 
0.018, 1851471 
0.018, 1849079 
0.018, 1837522 
0.018, 1831327 
0.019, 1830189 
0.019, 1823336 
0.019, 1747704 
0.019, 1744955 
0.020, 1735691 
0.020, 1735591 
0.020, 1708469 
0.020, 1630523 
0.021, 1623096 
0.022, 1615056 
0.023, 1558016 
0.024, 1552614 
0.024, 1548682 
0.025, 1538682 
0.026, 1537452 
0.026, 1460510 
0.027, 1451733 
0.027, 1442215 
0.028, 1389899 
0.028, 1383202 
0.029, 1374305 
0.030, 1357899 
0.030, 1329894 
0.031, 1316424 
0.031, 1313987 
0.032, 1309979 
0.032, 1305009 
0.033, 1244437 
0.033, 1215596 
0.034, 1210365 
0.034, 1188616 
0.035, 1184754 
0.035, 1179130 
0.036, 1177146 
0.036, 1170471 
0.037, 1169756 
0.038, 1167473 
0.039, 1166051 
0.039, 1162950 
0.040, 1155576 
0.041, 1151378 
0.042, 1148655 
0.043, 1146280 
0.045, 1132849 
0.046, 1125601 
0.047, 1111653 
0.048, 1106668 
0.049, 1085936 
0.050, 1085755 
0.051, 1078988 
0.052, 1075993 
0.053, 1063910 
0.054, 1053217 
0.055, 1048255 
0.056, 1047638 
0.058, 1007041 
0.059, 1006995 
0.061, 986481 
0.062, 985390 
0.064, 957136 
0.066, 953517 
0.067, 952807 
0.069, 952256 
0.070, 943117 
0.071, 940917 
