0.000, 2861305 
0.000, 2829610 
0.000, 2804906 
0.000, 2695525 
0.000, 2687230 
0.001, 2672682 
0.001, 2547880 
0.001, 2522978 
0.001, 2444336 
0.001, 2444032 
0.002, 2427686 
0.002, 2360134 
0.002, 2359275 
0.002, 2332153 
0.002, 2309030 
0.002, 2284260 
0.003, 2159513 
0.004, 2146198 
0.004, 2073900 
0.009, 2066774 
0.009, 2039488 
0.010, 2031164 
0.010, 2023345 
0.010, 2005013 
0.011, 1997849 
0.011, 1997274 
0.011, 1983690 
0.011, 1972707 
0.011, 1972682 
0.011, 1963990 
0.011, 1946458 
0.012, 1925417 
0.012, 1884631 
0.012, 1861191 
0.012, 1858933 
0.012, 1855937 
0.012, 1708133 
0.012, 1699361 
0.012, 1610011 
0.013, 1607949 
0.013, 1548930 
0.013, 1548644 
0.013, 1543777 
0.014, 1524801 
0.018, 1522771 
0.021, 1475588 
0.023, 1458401 
0.023, 1448371 
0.025, 1438371 
0.027, 1395077 
0.028, 1392159 
0.030, 1391425 
0.031, 1381401 
0.032, 1369004 
0.033, 1361188 
0.034, 1342770 
0.037, 1340570 
0.040, 1339536 
0.042, 1302234 
0.044, 1299189 
0.045, 1281170 
0.047, 1279887 
0.049, 1263564 
0.051, 1241110 
0.052, 1228645 
0.054, 1221267 
0.056, 1211541 
0.056, 1195410 
0.056, 1188970 
0.056, 1186212 
0.057, 1186030 
0.057, 1185182 
0.057, 1184711 
0.057, 1176890 
0.057, 1175945 
0.057, 1175659 
0.058, 1170792 
0.060, 1168111 
0.062, 1152711 
0.063, 1132932 
0.066, 1119343 
0.067, 1112209 
0.069, 1105242 
0.071, 1094348 
0.073, 1070860 
0.077, 1056710 
0.079, 1048129 
0.081, 1046681 
0.085, 1034702 
0.086, 1034498 
0.086, 1034029 
0.087, 1031615 
0.088, 1024913 
0.089, 1024362 
0.090, 1014373 
0.091, 1007784 
0.092, 1006822 
0.093, 1006112 
0.098, 999506 
0.099, 999360 
0.100, 973280 
0.101, 973234 
0.101, 956217 
0.102, 955746 
0.102, 950261 
0.102, 942899 
0.102, 941123 
0.103, 938505 
0.103, 935292 
0.104, 934628 
0.104, 930948 
0.105, 897005 
