0.001, 2665139 
0.001, 2662123 
0.001, 2637647 
0.001, 2597899 
0.001, 2576307 
0.001, 2575169 
0.001, 2568831 
0.001, 2567519 
0.001, 2565086 
0.001, 2555014 
0.001, 2472243 
0.001, 2465129 
0.002, 2447543 
0.002, 2425232 
0.002, 2424547 
0.002, 2421968 
0.002, 2410765 
0.003, 2385664 
0.003, 2378067 
0.003, 2345820 
0.003, 2223339 
0.003, 2192583 
0.003, 2129400 
0.003, 2123422 
0.004, 2111040 
0.004, 2074715 
0.004, 2071384 
0.004, 2068352 
0.006, 2063330 
0.006, 2062273 
0.006, 2044101 
0.006, 2037219 
0.006, 1984982 
0.006, 1979207 
0.006, 1912115 
0.007, 1910793 
0.007, 1907031 
0.007, 1850845 
0.007, 1842114 
0.007, 1827032 
0.007, 1808969 
0.007, 1799645 
0.007, 1771627 
0.007, 1703362 
0.007, 1700013 
0.007, 1699750 
0.007, 1691996 
0.007, 1681046 
0.008, 1675320 
0.008, 1672076 
0.009, 1670379 
0.009, 1667651 
0.009, 1667429 
0.010, 1638652 
0.011, 1631537 
0.011, 1630215 
0.014, 1629608 
0.015, 1617264 
0.015, 1616447 
0.018, 1542496 
0.018, 1537491 
0.018, 1532112 
0.019, 1530496 
0.019, 1528277 
0.020, 1523146 
0.020, 1521847 
0.021, 1506968 
0.021, 1504045 
0.021, 1481844 
0.022, 1473539 
0.022, 1465005 
0.024, 1462525 
0.024, 1458533 
0.024, 1458107 
0.024, 1390125 
0.025, 1342921 
0.025, 1314958 
0.026, 1310390 
0.026, 1309144 
0.027, 1281855 
0.027, 1264718 
0.027, 1211906 
0.029, 1201629 
0.030, 1155404 
0.030, 1152601 
0.030, 1146233 
0.031, 1146020 
0.031, 1145924 
0.033, 1145464 
0.034, 1121976 
0.035, 1081004 
0.036, 1077709 
0.036, 1053637 
0.037, 1043657 
0.039, 1035076 
0.040, 1031493 
0.041, 1024214 
0.042, 1024033 
0.043, 1019589 
0.045, 1019125 
0.047, 983393 
0.048, 982247 
0.049, 953547 
0.051, 919604 
0.053, 917907 
