0.000, 3078795 
0.000, 2997577 
0.000, 2983054 
0.001, 2937596 
0.001, 2932470 
0.001, 2927474 
0.001, 2902500 
0.001, 2876410 
0.001, 2817425 
0.001, 2816954 
0.001, 2811398 
0.001, 2773938 
0.001, 2758688 
0.001, 2741510 
0.001, 2739056 
0.001, 2663538 
0.001, 2636566 
0.002, 2620013 
0.002, 2611801 
0.002, 2606733 
0.002, 2605430 
0.002, 2604441 
0.002, 2590203 
0.002, 2587139 
0.003, 2568994 
0.003, 2532048 
0.003, 2517660 
0.005, 2489354 
0.005, 2385508 
0.005, 2383987 
0.005, 2372190 
0.005, 2343464 
0.005, 2292165 
0.005, 2264748 
0.005, 2177606 
0.006, 2174326 
0.006, 2165347 
0.006, 2093066 
0.007, 2084713 
0.008, 2061131 
0.008, 2054127 
0.008, 2050197 
0.008, 2041282 
0.008, 2009564 
0.008, 1972493 
0.008, 1968436 
0.009, 1965882 
0.009, 1936241 
0.009, 1890379 
0.010, 1846438 
0.010, 1793946 
0.011, 1760433 
0.012, 1706912 
0.012, 1689648 
0.012, 1681535 
0.012, 1671408 
0.015, 1659184 
0.015, 1651375 
0.015, 1650904 
0.015, 1643900 
0.016, 1642727 
0.016, 1609245 
0.016, 1537864 
0.016, 1505504 
0.017, 1491531 
0.017, 1487085 
0.018, 1473984 
0.020, 1452280 
0.020, 1442945 
0.021, 1422374 
0.023, 1420116 
0.025, 1409852 
0.025, 1407652 
0.025, 1407444 
0.026, 1400732 
0.026, 1382037 
0.027, 1380949 
0.027, 1372641 
0.028, 1372269 
0.028, 1369482 
0.030, 1362165 
0.030, 1361276 
0.031, 1340280 
0.031, 1328735 
0.032, 1294697 
0.033, 1277919 
0.034, 1240617 
0.034, 1220046 
0.035, 1204367 
0.037, 1201081 
0.038, 1181096 
0.039, 1170030 
0.040, 1152839 
0.041, 1147610 
0.042, 1145606 
0.042, 1143460 
0.043, 1142282 
0.044, 1130981 
0.046, 1126365 
0.047, 1124785 
0.047, 1115197 
0.048, 1113289 
0.050, 1093553 
0.051, 1078937 
0.053, 1055744 
0.054, 1050782 
0.055, 1046024 
0.056, 1045837 
0.058, 1041805 
0.059, 1036423 
0.060, 1035806 
0.062, 1023732 
0.064, 1023686 
0.065, 1023222 
0.067, 1012993 
0.068, 1011992 
0.069, 1006816 
0.071, 1005716 
0.073, 1005435 
0.074, 994887 
0.075, 931770 
0.076, 931364 
