0.000, 2841294 
0.001, 2829245 
0.001, 2708698 
0.001, 2706948 
0.001, 2666660 
0.001, 2661231 
0.001, 2655192 
0.001, 2650463 
0.002, 2644076 
0.002, 2628460 
0.002, 2574295 
0.002, 2570490 
0.002, 2564967 
0.002, 2501808 
0.002, 2501640 
0.002, 2474400 
0.003, 2472008 
0.004, 2466494 
0.004, 2459358 
0.004, 2448429 
0.004, 2425692 
0.004, 2374288 
0.005, 2337624 
0.005, 2331346 
0.006, 2328990 
0.006, 2300557 
0.006, 2285898 
0.007, 2269090 
0.007, 2262810 
0.007, 2243676 
0.007, 2152643 
0.007, 2150557 
0.007, 2105822 
0.007, 2095593 
0.008, 2092323 
0.008, 2090298 
0.009, 2084236 
0.009, 2081844 
0.009, 2076731 
0.010, 2057860 
0.010, 2056163 
0.012, 2045033 
0.012, 2042520 
0.012, 2026773 
0.014, 1959058 
0.015, 1953671 
0.015, 1944937 
0.017, 1944396 
0.020, 1941724 
0.021, 1871861 
0.021, 1840600 
0.022, 1822869 
0.022, 1817093 
0.022, 1814153 
0.023, 1771699 
0.023, 1695282 
0.024, 1608889 
0.025, 1606706 
0.027, 1585076 
0.028, 1582158 
0.029, 1576375 
0.030, 1575223 
0.030, 1573901 
0.030, 1517489 
0.030, 1477608 
0.030, 1459559 
0.030, 1447913 
0.031, 1441539 
0.031, 1412750 
0.031, 1408742 
0.031, 1401323 
0.031, 1401238 
0.031, 1392817 
0.032, 1378389 
0.032, 1371345 
0.032, 1369981 
0.032, 1359914 
0.033, 1357269 
0.033, 1347479 
0.035, 1331940 
0.037, 1325174 
0.039, 1322869 
0.040, 1320381 
0.041, 1311886 
0.042, 1307894 
0.043, 1305929 
0.044, 1267681 
0.046, 1255297 
0.048, 1252800 
0.050, 1199210 
0.051, 1196016 
0.053, 1166674 
0.054, 1164874 
0.055, 1158172 
0.057, 1155709 
0.058, 1155290 
0.060, 1154951 
0.062, 1141960 
0.063, 1138435 
0.064, 1122915 
0.066, 1092540 
0.067, 1064968 
0.070, 1061065 
0.072, 1061019 
0.074, 1059573 
0.075, 1058909 
0.077, 1049118 
0.077, 1047976 
0.081, 1017771 
0.081, 1017220 
0.082, 1013712 
0.082, 986615 
0.082, 985587 
0.083, 942939 
0.083, 940637 
0.084, 936062 
0.084, 935881 
0.085, 927107 
0.085, 921483 
0.085, 920254 
