0.000, 2720966 
0.000, 2706400 
0.000, 2700674 
0.000, 2687422 
0.000, 2684667 
0.001, 2655296 
0.001, 2654311 
0.001, 2650173 
0.001, 2569323 
0.001, 2565650 
0.002, 2558471 
0.002, 2550625 
0.002, 2543623 
0.002, 2533769 
0.002, 2530737 
0.003, 2522132 
0.003, 2440064 
0.003, 2439896 
0.003, 2422555 
0.004, 2420163 
0.004, 2412333 
0.004, 2412315 
0.004, 2405179 
0.005, 2394512 
0.005, 2314419 
0.005, 2306950 
0.005, 2226681 
0.007, 2226401 
0.007, 2220368 
0.008, 2218671 
0.008, 2218649 
0.009, 2196225 
0.009, 2193992 
0.010, 2156562 
0.010, 2154865 
0.011, 2110924 
0.012, 2094408 
0.012, 2089343 
0.012, 2089039 
0.012, 2084910 
0.012, 2082182 
0.012, 2081872 
0.012, 2057847 
0.012, 2040537 
0.012, 2022068 
0.012, 1971709 
0.012, 1965538 
0.012, 1928214 
0.012, 1854804 
0.012, 1852167 
0.012, 1843570 
0.012, 1843541 
0.013, 1839022 
0.013, 1834120 
0.013, 1821676 
0.013, 1813127 
0.013, 1804890 
0.013, 1803193 
0.013, 1802889 
0.014, 1766403 
0.015, 1757776 
0.016, 1745643 
0.016, 1717725 
0.017, 1621314 
0.018, 1600179 
0.018, 1592062 
0.019, 1591977 
0.019, 1581551 
0.019, 1578586 
0.020, 1499718 
0.020, 1479263 
0.020, 1474438 
0.022, 1474135 
0.022, 1470205 
0.023, 1411012 
0.024, 1394787 
0.025, 1384787 
0.026, 1298487 
0.027, 1282962 
0.028, 1282736 
0.030, 1264318 
0.031, 1254528 
0.033, 1253077 
0.034, 1249384 
0.035, 1216978 
0.038, 1213933 
0.040, 1198501 
0.041, 1184980 
0.043, 1182039 
0.044, 1147087 
0.045, 1146954 
0.046, 1141725 
0.048, 1115398 
0.049, 1103724 
0.051, 1099422 
0.052, 1089011 
0.054, 1085575 
0.057, 1073592 
0.058, 1070660 
0.060, 1061296 
0.061, 1058079 
0.063, 1050812 
0.065, 1050070 
0.067, 1049888 
0.068, 1046212 
0.070, 1046125 
0.072, 1040353 
0.073, 1025558 
0.074, 1019668 
0.074, 1013656 
0.075, 995715 
0.076, 991292 
0.080, 991249 
0.080, 990945 
0.081, 968812 
0.081, 967353 
0.082, 964241 
0.082, 961758 
0.082, 953942 
0.083, 952842 
0.083, 950686 
0.084, 950505 
0.084, 950359 
0.086, 939980 
0.087, 938751 
