0.000, 2554767 
0.000, 2463435 
0.000, 2460156 
0.000, 2427838 
0.000, 2412911 
0.000, 2296749 
0.001, 2285943 
0.001, 2188473 
0.001, 2174426 
0.001, 2158808 
0.001, 2156712 
0.001, 2130652 
0.002, 2066886 
0.002, 2052267 
0.002, 2011838 
0.003, 2009364 
0.003, 1974207 
0.003, 1961116 
0.003, 1949870 
0.003, 1882541 
0.004, 1874929 
0.004, 1857642 
0.004, 1845963 
0.004, 1845367 
0.004, 1838127 
0.005, 1834129 
0.005, 1817153 
0.005, 1784301 
0.007, 1781957 
0.007, 1780920 
0.007, 1770790 
0.007, 1768930 
0.007, 1767491 
0.007, 1760944 
0.007, 1755584 
0.007, 1755252 
0.007, 1746261 
0.007, 1743954 
0.007, 1722517 
0.009, 1720532 
0.009, 1711298 
0.009, 1707727 
0.010, 1695065 
0.010, 1685572 
0.010, 1680101 
0.010, 1675184 
0.010, 1655970 
0.010, 1650384 
0.010, 1633301 
0.010, 1618008 
0.010, 1617160 
0.010, 1613826 
0.011, 1603114 
0.011, 1599905 
0.011, 1599742 
0.012, 1593680 
0.015, 1591424 
0.017, 1590651 
0.017, 1587225 
0.017, 1584833 
0.018, 1547403 
0.019, 1545706 
0.020, 1508126 
0.022, 1503384 
0.022, 1501020 
0.022, 1500716 
0.022, 1481850 
0.023, 1479122 
0.023, 1476116 
0.023, 1425377 
0.024, 1424509 
0.024, 1421150 
0.024, 1344727 
0.024, 1340667 
0.025, 1336813 
0.025, 1293533 
0.027, 1288566 
0.027, 1284302 
0.027, 1272078 
0.028, 1185099 
0.028, 1166123 
0.029, 1120348 
0.029, 1080131 
0.032, 1076871 
0.034, 1059676 
0.035, 1055852 
0.036, 1051344 
0.039, 1050870 
0.041, 1049634 
0.042, 1045689 
0.044, 1043702 
0.049, 1034026 
0.051, 1032493 
0.052, 1029067 
0.056, 1018222 
0.057, 1017232 
0.060, 1010858 
0.063, 1003484 
0.065, 1003376 
0.068, 1000166 
0.072, 998856 
0.075, 994104 
0.080, 984769 
0.082, 982289 
0.084, 980988 
0.093, 962348 
0.094, 955184 
0.095, 952984 
0.096, 942917 
0.097, 942707 
