0.000, 3142211 
0.001, 3141098 
0.001, 3064010 
0.001, 3047204 
0.001, 3008718 
0.001, 2932116 
0.001, 2859835 
0.001, 2817999 
0.001, 2792219 
0.001, 2723099 
0.001, 2679419 
0.002, 2664775 
0.002, 2600627 
0.002, 2580674 
0.002, 2570366 
0.002, 2570297 
0.002, 2547983 
0.002, 2544778 
0.002, 2542180 
0.002, 2540232 
0.003, 2517132 
0.003, 2509319 
0.003, 2498984 
0.003, 2490770 
0.003, 2484670 
0.003, 2466532 
0.003, 2436585 
0.004, 2423629 
0.004, 2412464 
0.004, 2398926 
0.004, 2396813 
0.004, 2396524 
0.004, 2376888 
0.004, 2370448 
0.005, 2343727 
0.005, 2340731 
0.006, 2332614 
0.006, 2331216 
0.006, 2290369 
0.007, 2282009 
0.008, 2281626 
0.008, 2260728 
0.008, 2244146 
0.008, 2161070 
0.008, 2138500 
0.008, 2132015 
0.008, 2102902 
0.008, 2099998 
0.008, 2091050 
0.008, 2079039 
0.009, 2074289 
0.009, 2063837 
0.009, 2060178 
0.010, 2059919 
0.010, 2049889 
0.010, 2037258 
0.010, 2031576 
0.012, 2015387 
0.012, 1994028 
0.012, 1969542 
0.013, 1969460 
0.013, 1923325 
0.014, 1917713 
0.014, 1893536 
0.014, 1881815 
0.014, 1839645 
0.015, 1833437 
0.017, 1811267 
0.017, 1810133 
0.018, 1808827 
0.019, 1796225 
0.020, 1793260 
0.020, 1590560 
0.020, 1589575 
0.020, 1587462 
0.020, 1560176 
0.021, 1552767 
0.021, 1516961 
0.021, 1509959 
0.022, 1467618 
0.022, 1446973 
0.023, 1431997 
0.023, 1429722 
0.026, 1419722 
0.026, 1412342 
0.027, 1331466 
0.028, 1329266 
0.028, 1329056 
0.029, 1306072 
0.030, 1301456 
0.031, 1291103 
0.032, 1193625 
0.033, 1186557 
0.034, 1166827 
0.035, 1139449 
0.036, 1120529 
0.038, 1095172 
0.039, 1091441 
0.041, 1086856 
0.043, 1075755 
0.044, 1075138 
0.063, 1061738 
0.064, 1061453 
0.066, 1058644 
0.067, 1057204 
0.069, 1056230 
0.071, 1050564 
0.073, 1037884 
0.075, 1020464 
0.077, 1006009 
0.081, 1005963 
0.083, 998589 
0.085, 992751 
0.088, 991172 
0.090, 987217 
0.092, 986936 
0.096, 963630 
0.100, 932733 
0.101, 918261 
0.102, 916564 
