0.000, 2696629 
0.000, 2654135 
0.000, 2642262 
0.001, 2618547 
0.001, 2578346 
0.001, 2572663 
0.001, 2501172 
0.001, 2496220 
0.001, 2421368 
0.001, 2402154 
0.001, 2395850 
0.001, 2389692 
0.002, 2366421 
0.002, 2357530 
0.003, 2350133 
0.003, 2342058 
0.003, 2321047 
0.003, 2315306 
0.003, 2296974 
0.004, 2276799 
0.004, 2274327 
0.004, 2249015 
0.004, 2240351 
0.005, 2231170 
0.005, 2170539 
0.006, 2164332 
0.006, 2153234 
0.006, 2143082 
0.006, 2126547 
0.007, 2126146 
0.007, 2102546 
0.008, 2098904 
0.008, 2098629 
0.008, 2070699 
0.008, 2053881 
0.009, 2010803 
0.009, 2000519 
0.009, 1973964 
0.010, 1972390 
0.011, 1971300 
0.012, 1895778 
0.012, 1887245 
0.012, 1871139 
0.013, 1871040 
0.013, 1843722 
0.013, 1821921 
0.014, 1819232 
0.014, 1796451 
0.018, 1793648 
0.018, 1782438 
0.019, 1781696 
0.020, 1777609 
0.020, 1773945 
0.020, 1754989 
0.020, 1753506 
0.020, 1752648 
0.021, 1748608 
0.022, 1746393 
0.022, 1738277 
0.022, 1661014 
0.022, 1660029 
0.023, 1657042 
0.023, 1653668 
0.023, 1645431 
0.023, 1639070 
0.023, 1520241 
0.024, 1515002 
0.025, 1458415 
0.026, 1404275 
0.027, 1404263 
0.027, 1386791 
0.028, 1335113 
0.028, 1320770 
0.029, 1320531 
0.029, 1316023 
0.029, 1314814 
0.030, 1313583 
0.031, 1308898 
0.031, 1308829 
0.032, 1283681 
0.032, 1263488 
0.033, 1258127 
0.034, 1258093 
0.034, 1249655 
0.035, 1235754 
0.036, 1217312 
0.037, 1190837 
0.037, 1178687 
0.038, 1173498 
0.039, 1153196 
0.041, 1150339 
0.042, 1149373 
0.044, 1144041 
0.045, 1140718 
0.046, 1093713 
0.047, 1090601 
0.048, 1073075 
0.049, 1071179 
0.051, 1068979 
0.052, 1059615 
0.053, 1052025 
0.055, 995583 
0.057, 976607 
0.059, 975412 
0.064, 972820 
0.064, 972516 
0.064, 970124 
0.064, 966194 
