0.001, 221342 
0.001, 220860 
0.001, 220196 
0.001, 219629 
0.002, 214638 
0.002, 214123 
0.002, 212714 
0.002, 212584 
0.002, 203383 
0.002, 202446 
0.003, 196796 
0.005, 196788 
0.005, 194406 
0.005, 194066 
0.005, 193740 
0.005, 191850 
0.005, 191558 
0.005, 190611 
0.005, 189955 
0.006, 189578 
0.006, 189504 
0.007, 189214 
0.007, 185372 
0.009, 180860 
0.009, 180512 
0.010, 179626 
0.010, 174991 
0.011, 174040 
0.011, 169320 
0.012, 165180 
0.012, 164498 
0.013, 161873 
0.013, 161789 
0.015, 161488 
0.017, 160060 
0.018, 159979 
0.019, 159880 
0.020, 159797 
0.021, 158363 
0.023, 157384 
0.024, 156408 
0.024, 156267 
0.028, 156189 
0.029, 156077 
0.032, 155602 
0.035, 155306 
0.035, 153951 
0.036, 149725 
0.037, 148539 
0.037, 147891 
0.038, 147060 
0.039, 146953 
0.040, 146839 
0.041, 146724 
0.042, 146201 
0.043, 146135 
0.044, 145890 
0.045, 145714 
0.046, 145320 
0.047, 145309 
0.049, 144954 
0.051, 144584 
0.052, 143555 
0.053, 143081 
0.055, 140710 
0.057, 139523 
0.058, 139432 
0.059, 139401 
0.062, 137854 
0.062, 137639 
0.066, 136437 
0.069, 134888 
0.071, 134507 
0.073, 133758 
0.075, 133691 
0.078, 132069 
0.079, 132028 
0.086, 132006 
0.088, 131892 
0.089, 131679 
0.090, 131471 
0.091, 131458 
0.095, 131399 
0.096, 131373 
0.097, 131122 
0.099, 131100 
0.100, 130506 
0.100, 130108 
0.101, 130038 
0.102, 128890 
0.102, 127703 
0.103, 124959 
0.103, 124918 
0.103, 124893 
0.103, 124891 
0.104, 122555 
0.104, 121753 
0.105, 120602 
0.105, 120393 
0.105, 120376 
0.106, 118312 
0.106, 118286 
0.106, 118175 
0.107, 118148 
0.107, 117242 
0.108, 117240 
0.108, 115897 
0.108, 115835 
0.109, 114699 
0.109, 114451 
0.109, 114415 
0.110, 114289 
0.110, 114270 
0.110, 113656 
0.111, 112687 
0.111, 112380 
0.112, 108869 
0.113, 107071 
0.114, 106938 
0.116, 105721 
0.117, 105233 
0.118, 105185 
0.119, 104578 
0.122, 103605 
0.123, 103424 
0.124, 102957 
0.125, 102581 
0.126, 101890 
0.127, 99755 
0.127, 98987 
0.128, 98680 
0.129, 98460 
0.130, 97498 
0.132, 96817 
0.134, 95059 
0.135, 94927 
0.135, 90862 
0.136, 90274 
0.137, 89646 
0.138, 87826 
0.139, 87519 
0.140, 87437 
0.141, 87405 
0.142, 87243 
0.143, 83806 
0.144, 82501 
0.145, 82361 
0.147, 81710 
0.148, 81593 
0.150, 81542 
0.152, 81425 
0.153, 80879 
0.155, 80748 
0.156, 78691 
0.157, 77091 
0.158, 76634 
0.159, 75384 
0.160, 70519 
0.164, 70140 
0.166, 68599 
0.168, 68534 
0.171, 66826 
0.173, 66766 
0.175, 66669 
0.176, 65138 
0.178, 63968 
0.179, 63933 
0.181, 62889 
0.183, 62825 
0.185, 62688 
0.188, 62626 
0.190, 62279 
0.192, 61503 
0.194, 61107 
0.196, 60840 
0.199, 60805 
0.201, 60704 
0.204, 60247 
0.206, 60172 
0.208, 60090 
0.209, 60018 
0.211, 59853 
0.214, 59662 
0.219, 59600 
0.221, 58061 
0.223, 57829 
0.225, 56983 
0.228, 56429 
0.230, 55442 
