0.002, 198060 
0.013, 197147 
0.013, 196365 
0.013, 193522 
0.014, 190567 
0.014, 189459 
0.014, 188503 
0.014, 187856 
0.015, 187019 
0.015, 185908 
0.015, 177504 
0.016, 177022 
0.017, 176969 
0.018, 174917 
0.020, 173137 
0.021, 171249 
0.023, 170912 
0.025, 170796 
0.027, 170401 
0.028, 167830 
0.030, 165714 
0.030, 164812 
0.031, 163564 
0.033, 162647 
0.034, 162472 
0.035, 156695 
0.037, 156021 
0.041, 155202 
0.043, 155174 
0.044, 154448 
0.046, 154240 
0.048, 153857 
0.049, 152465 
0.051, 149096 
0.053, 149030 
0.063, 148958 
0.065, 148806 
0.068, 141468 
0.070, 141199 
0.078, 140228 
0.080, 139791 
0.081, 139458 
0.086, 137537 
0.089, 137212 
0.096, 136223 
0.101, 135417 
0.104, 135248 
0.106, 133532 
0.111, 132570 
0.114, 130453 
0.117, 129384 
0.133, 129344 
0.135, 128318 
0.137, 128213 
0.137, 128153 
0.138, 127056 
0.138, 126726 
0.139, 126454 
0.140, 126098 
0.142, 125865 
0.143, 124793 
0.144, 117920 
0.146, 116354 
0.148, 116001 
0.149, 114262 
0.150, 113795 
0.151, 110214 
0.152, 108660 
0.153, 108152 
0.153, 107493 
0.154, 106984 
0.155, 105912 
0.156, 105815 
0.157, 105144 
0.158, 105093 
0.158, 99663 
0.160, 99035 
0.162, 98356 
0.163, 97483 
0.165, 96608 
0.167, 96264 
0.170, 95379 
0.176, 95343 
0.178, 95254 
0.180, 95077 
0.184, 94914 
0.186, 94313 
0.188, 94020 
0.189, 93633 
0.199, 92488 
0.201, 92458 
0.203, 91954 
0.206, 91948 
0.208, 91800 
0.216, 91659 
0.220, 90864 
0.228, 90495 
0.229, 90205 
0.232, 89756 
0.245, 89707 
0.246, 88670 
0.246, 88469 
0.249, 88327 
0.252, 88256 
0.253, 88169 
0.254, 87895 
0.255, 87629 
0.267, 86519 
0.268, 86468 
0.275, 86432 
0.281, 83735 
0.286, 83327 
0.287, 83146 
0.291, 82302 
0.297, 81558 
0.298, 80268 
0.300, 80235 
0.301, 78556 
0.304, 78446 
0.312, 75029 
0.313, 75027 
0.317, 74378 
0.319, 72885 
0.331, 72814 
0.334, 71844 
0.338, 71798 
0.343, 70627 
0.346, 70350 
0.350, 69565 
0.353, 69556 
0.357, 69351 
0.362, 69074 
0.364, 68291 
0.367, 67655 
0.370, 67299 
0.373, 67042 
0.375, 64976 
0.377, 62116 
0.379, 61170 
0.380, 60506 
0.383, 60236 
0.385, 59498 
0.387, 58461 
0.395, 58222 
0.397, 58201 
0.398, 57493 
0.400, 57472 
0.401, 57289 
0.402, 57188 
0.403, 57041 
0.405, 56490 
0.409, 55996 
0.410, 55961 
0.412, 55538 
0.413, 54949 
0.415, 54937 
0.417, 54924 
0.419, 54841 
0.421, 54306 
0.427, 54258 
0.430, 52889 
