0.000, 227164 
0.000, 227121 
0.000, 224154 
0.000, 222030 
0.001, 221713 
0.002, 212143 
0.002, 206636 
0.003, 206104 
0.003, 202825 
0.003, 202013 
0.003, 201473 
0.003, 196977 
0.004, 196261 
0.004, 196061 
0.004, 195140 
0.004, 194576 
0.004, 194278 
0.004, 194257 
0.004, 191700 
0.004, 190378 
0.005, 189515 
0.005, 189380 
0.005, 188857 
0.005, 178408 
0.009, 178187 
0.009, 177743 
0.010, 173564 
0.011, 173447 
0.013, 172804 
0.013, 172792 
0.014, 171950 
0.015, 169764 
0.016, 167375 
0.016, 164559 
0.017, 164047 
0.019, 163480 
0.023, 156924 
0.025, 156248 
0.031, 156002 
0.032, 155969 
0.034, 155821 
0.036, 150790 
0.037, 146419 
0.039, 144035 
0.044, 143763 
0.046, 143613 
0.047, 138085 
0.047, 135640 
0.048, 135522 
0.049, 134776 
0.050, 134571 
0.052, 132711 
0.056, 131239 
0.057, 131218 
0.058, 130950 
0.063, 130623 
0.066, 130491 
0.068, 128504 
0.069, 128378 
0.071, 127830 
0.072, 127114 
0.073, 126702 
0.082, 124515 
0.083, 124419 
0.089, 120233 
0.092, 119733 
0.100, 119730 
0.102, 118285 
0.103, 118189 
0.105, 116773 
0.107, 115220 
0.108, 115036 
0.114, 114996 
0.115, 114712 
0.117, 114706 
0.119, 113718 
0.120, 112930 
0.125, 112000 
0.127, 111381 
0.128, 110346 
0.130, 110320 
0.131, 110154 
0.132, 108814 
0.133, 107515 
0.133, 107448 
0.134, 106518 
0.134, 103770 
0.135, 102705 
0.135, 102378 
0.136, 96530 
0.136, 95904 
0.137, 92856 
0.137, 92749 
0.137, 88700 
0.138, 85305 
0.138, 85277 
0.139, 84474 
0.139, 84466 
0.140, 83948 
0.140, 82191 
0.142, 79423 
0.145, 79365 
0.146, 77707 
0.148, 77630 
0.149, 76426 
0.150, 73959 
0.151, 73043 
0.152, 71105 
0.153, 71021 
0.154, 70089 
0.155, 68360 
0.156, 68212 
0.162, 67622 
0.164, 67019 
0.166, 66901 
0.167, 66719 
0.169, 66686 
0.171, 65290 
0.173, 64843 
0.174, 64539 
0.177, 62885 
0.180, 62869 
0.181, 61874 
0.185, 60185 
0.186, 59786 
0.188, 59620 
0.189, 59296 
0.190, 59249 
0.192, 59218 
0.193, 59213 
0.195, 58473 
0.196, 58438 
0.198, 57886 
0.201, 57003 
0.203, 56843 
0.205, 56834 
0.207, 56438 
0.211, 55809 
0.214, 55779 
0.216, 55326 
