0.001, 211479 
0.001, 211285 
0.001, 210728 
0.002, 203997 
0.002, 203555 
0.002, 200978 
0.002, 192514 
0.003, 183271 
0.005, 183009 
0.006, 176731 
0.010, 176649 
0.010, 176440 
0.011, 176231 
0.011, 175905 
0.012, 172279 
0.013, 171957 
0.015, 171902 
0.018, 171890 
0.032, 166004 
0.033, 163774 
0.045, 163438 
0.046, 162268 
0.047, 161875 
0.053, 161808 
0.056, 159198 
0.059, 159025 
0.061, 158665 
0.069, 156991 
0.070, 156421 
0.070, 154314 
0.071, 152575 
0.072, 152337 
0.073, 151577 
0.078, 151429 
0.079, 150797 
0.080, 146601 
0.081, 146000 
0.082, 144787 
0.083, 144081 
0.084, 144007 
0.086, 143926 
0.087, 143451 
0.088, 143205 
0.095, 143194 
0.096, 140906 
0.098, 139182 
0.103, 138221 
0.111, 137980 
0.116, 137634 
0.121, 137176 
0.128, 135892 
0.130, 135362 
0.133, 135260 
0.135, 135034 
0.141, 133619 
0.146, 133550 
0.149, 133441 
0.152, 131852 
0.154, 131813 
0.156, 130596 
0.157, 129468 
0.158, 127061 
0.160, 127043 
0.161, 124558 
0.166, 124552 
0.168, 124226 
0.168, 124210 
0.169, 123942 
0.169, 123930 
0.170, 123348 
0.170, 122673 
0.171, 122536 
0.171, 120337 
0.172, 120209 
0.172, 119642 
0.173, 119496 
0.174, 118189 
0.174, 117357 
0.176, 116906 
0.176, 116659 
0.179, 109324 
0.179, 109036 
0.180, 108692 
0.180, 108629 
0.181, 106395 
0.182, 106043 
0.183, 105809 
0.183, 105749 
0.183, 105680 
0.184, 105555 
0.184, 105022 
0.185, 104925 
0.185, 104849 
0.186, 104697 
0.187, 104220 
0.189, 103858 
0.191, 103735 
0.194, 102575 
0.207, 101729 
0.218, 101443 
0.226, 101013 
0.232, 98699 
0.237, 98538 
0.241, 97451 
0.244, 97189 
0.251, 97020 
0.254, 96347 
0.257, 96026 
0.260, 94380 
0.263, 93600 
0.266, 93033 
0.269, 93021 
0.272, 93001 
0.274, 91613 
0.277, 90929 
0.281, 89017 
0.286, 88824 
0.288, 88238 
0.291, 87399 
0.297, 87333 
0.300, 87157 
0.301, 86788 
0.301, 86498 
0.304, 86049 
0.306, 85357 
0.307, 85062 
0.313, 84985 
0.314, 84472 
0.317, 84369 
0.322, 81930 
0.326, 81703 
0.330, 81485 
0.331, 80091 
0.334, 77156 
0.336, 76178 
0.338, 75437 
0.339, 75404 
0.341, 75049 
0.343, 74878 
0.345, 74428 
0.347, 74276 
0.348, 74233 
0.350, 74084 
0.352, 71027 
0.353, 69616 
0.354, 68952 
0.357, 67695 
0.359, 66621 
0.361, 66455 
0.365, 66288 
0.367, 66022 
0.369, 65568 
0.370, 65106 
0.372, 63302 
0.373, 61999 
0.375, 61770 
0.379, 60756 
0.380, 60432 
0.382, 60382 
0.383, 60181 
0.385, 59724 
0.387, 59024 
0.389, 58640 
0.391, 57749 
0.395, 57160 
0.399, 57097 
0.401, 56287 
0.402, 55794 
0.403, 55627 
0.405, 55624 
0.406, 55096 
0.407, 54746 
0.416, 54192 
