0.000, 224787 
0.000, 223443 
0.000, 222708 
0.001, 221751 
0.001, 215542 
0.001, 211156 
0.001, 210565 
0.001, 209801 
0.001, 208777 
0.001, 208458 
0.001, 208025 
0.002, 207286 
0.002, 206724 
0.002, 206552 
0.002, 205665 
0.003, 199200 
0.003, 198765 
0.003, 198582 
0.003, 197937 
0.003, 196671 
0.004, 193150 
0.004, 192767 
0.004, 192310 
0.004, 185918 
0.005, 185096 
0.005, 185060 
0.005, 184430 
0.005, 183430 
0.006, 175970 
0.007, 175872 
0.008, 175130 
0.008, 174327 
0.009, 169815 
0.009, 167832 
0.010, 167062 
0.010, 166205 
0.011, 163537 
0.012, 162775 
0.013, 162726 
0.014, 162530 
0.015, 162238 
0.016, 160151 
0.018, 159652 
0.019, 159337 
0.021, 158839 
0.022, 158078 
0.023, 156029 
0.024, 154764 
0.027, 154434 
0.033, 153694 
0.036, 153627 
0.039, 145457 
0.042, 145426 
0.045, 144340 
0.048, 143972 
0.052, 143113 
0.055, 143053 
0.057, 143006 
0.059, 142653 
0.060, 142019 
0.063, 138657 
0.065, 138163 
0.066, 134152 
0.068, 134069 
0.070, 133711 
0.074, 133548 
0.077, 132998 
0.082, 132678 
0.088, 131751 
0.095, 131580 
0.098, 131540 
0.100, 131123 
0.102, 130521 
0.104, 129254 
0.105, 128658 
0.107, 127976 
0.108, 126950 
0.110, 126513 
0.112, 120826 
0.114, 119062 
0.116, 118637 
0.117, 117430 
0.120, 117418 
0.123, 114957 
0.125, 112076 
0.129, 110458 
0.132, 107542 
0.135, 107071 
0.138, 105903 
0.141, 105379 
0.143, 104677 
0.144, 102490 
0.145, 99917 
0.145, 99912 
0.147, 99902 
0.148, 99596 
0.149, 99544 
0.150, 99339 
0.151, 99300 
0.152, 98173 
0.153, 96986 
0.154, 96203 
0.155, 95812 
0.156, 95661 
0.156, 95521 
0.157, 95096 
0.158, 95030 
0.159, 93865 
0.160, 92761 
0.164, 92673 
0.166, 91238 
0.168, 89702 
0.170, 89480 
0.171, 89293 
0.173, 87796 
0.176, 87759 
0.179, 87750 
0.181, 87612 
0.183, 87573 
0.185, 86786 
0.187, 86785 
0.188, 85820 
0.190, 85499 
0.192, 85319 
0.194, 84491 
0.198, 84231 
0.201, 84047 
0.202, 83929 
0.204, 83795 
0.205, 80904 
0.206, 80403 
0.207, 80122 
0.208, 75629 
0.209, 74666 
0.211, 74614 
0.216, 74289 
0.218, 73575 
0.220, 72190 
0.221, 70759 
0.223, 70305 
0.225, 70151 
0.227, 68885 
0.230, 67671 
0.234, 67026 
0.236, 66292 
0.238, 65299 
0.239, 64048 
0.241, 63480 
0.242, 63152 
0.243, 62187 
0.245, 62096 
0.246, 60980 
0.248, 59800 
0.249, 59096 
0.251, 58843 
0.253, 57480 
0.255, 57189 
0.256, 57148 
0.258, 56234 
0.260, 56041 
0.263, 55959 
0.265, 55693 
0.268, 55055 
0.270, 54889 
0.270, 54846 
0.270, 54555 
0.270, 54338 
0.270, 54332 
0.271, 54311 
0.271, 54043 
0.274, 53797 
