0.000, 218541 
0.001, 217165 
0.002, 216057 
0.002, 208866 
0.002, 208236 
0.002, 207415 
0.002, 205654 
0.002, 197712 
0.003, 190006 
0.003, 187350 
0.005, 187326 
0.008, 186348 
0.009, 184634 
0.009, 182904 
0.010, 177582 
0.011, 177218 
0.013, 175771 
0.014, 173792 
0.019, 172627 
0.023, 172597 
0.024, 172468 
0.025, 172225 
0.028, 171393 
0.039, 171136 
0.040, 170846 
0.042, 169855 
0.043, 168275 
0.045, 168074 
0.045, 168031 
0.047, 167741 
0.048, 164095 
0.049, 163912 
0.051, 163812 
0.052, 163375 
0.053, 163234 
0.054, 162855 
0.055, 160426 
0.056, 160405 
0.057, 157209 
0.058, 156160 
0.059, 155532 
0.061, 155485 
0.062, 151059 
0.063, 150035 
0.067, 147592 
0.068, 147209 
0.069, 139364 
0.071, 138907 
0.072, 137231 
0.074, 137147 
0.075, 136071 
0.077, 136049 
0.078, 135196 
0.084, 135116 
0.089, 134869 
0.091, 134461 
0.092, 132300 
0.095, 131685 
0.096, 131230 
0.103, 131020 
0.108, 130972 
0.110, 130374 
0.115, 130005 
0.118, 129853 
0.120, 129037 
0.121, 129031 
0.125, 129010 
0.126, 128788 
0.127, 128716 
0.128, 119150 
0.130, 118925 
0.133, 116454 
0.134, 114943 
0.134, 114811 
0.135, 114463 
0.136, 112448 
0.137, 110821 
0.138, 110116 
0.138, 109282 
0.139, 106683 
0.141, 105587 
0.142, 105539 
0.143, 104941 
0.144, 104262 
0.145, 104191 
0.146, 104070 
0.152, 103775 
0.154, 100899 
0.155, 100556 
0.156, 100399 
0.158, 99757 
0.159, 99702 
0.160, 99576 
0.161, 93749 
0.162, 93645 
0.163, 93039 
0.168, 92015 
0.169, 91477 
0.171, 91442 
0.173, 87578 
0.175, 87471 
0.176, 87160 
0.178, 87011 
0.181, 86647 
0.182, 86641 
0.184, 86312 
0.185, 84094 
0.186, 83655 
0.188, 83208 
0.189, 83125 
0.190, 79820 
0.192, 79226 
0.193, 78976 
0.194, 78741 
0.196, 77911 
0.198, 77873 
0.201, 77085 
0.203, 76612 
0.205, 74991 
0.206, 71825 
0.208, 71681 
0.209, 70302 
0.211, 70040 
0.215, 69177 
0.218, 68775 
0.220, 68746 
0.222, 68264 
0.224, 67710 
0.226, 66997 
0.227, 65254 
0.229, 63718 
0.231, 63431 
0.236, 63010 
0.237, 62917 
0.239, 62265 
0.240, 61819 
0.243, 61250 
0.245, 60008 
0.247, 59487 
0.249, 59064 
0.251, 58435 
0.252, 58343 
0.254, 58130 
0.256, 58048 
0.257, 57981 
0.259, 57889 
0.260, 57233 
0.262, 57070 
0.264, 57023 
0.266, 56967 
0.268, 56545 
0.270, 56023 
0.272, 55768 
0.275, 55039 
0.276, 54785 
0.277, 54779 
0.278, 54253 
0.279, 53767 
0.281, 53694 
0.285, 53554 
0.287, 53101 
