0.002, 221105 
0.003, 220306 
0.003, 219492 
0.003, 218777 
0.003, 215801 
0.004, 213824 
0.004, 213715 
0.004, 209128 
0.005, 208888 
0.005, 208406 
0.005, 208196 
0.005, 207692 
0.005, 203937 
0.006, 196050 
0.007, 196000 
0.007, 195818 
0.007, 192994 
0.007, 192776 
0.008, 192551 
0.008, 182189 
0.009, 181841 
0.010, 181800 
0.010, 181624 
0.010, 170072 
0.011, 169738 
0.011, 169130 
0.011, 165393 
0.012, 163829 
0.014, 161441 
0.022, 159784 
0.024, 158150 
0.026, 158080 
0.028, 157939 
0.030, 148590 
0.037, 148501 
0.038, 144899 
0.040, 144668 
0.042, 144559 
0.043, 142424 
0.044, 141948 
0.047, 141675 
0.048, 140034 
0.051, 139763 
0.052, 138961 
0.054, 138804 
0.056, 138785 
0.057, 137680 
0.059, 136905 
0.060, 136575 
0.061, 136515 
0.063, 136377 
0.064, 136235 
0.069, 136043 
0.071, 135955 
0.073, 134845 
0.075, 134814 
0.079, 134314 
0.080, 134304 
0.088, 133583 
0.090, 133548 
0.092, 127699 
0.094, 127390 
0.095, 126390 
0.096, 126108 
0.098, 126035 
0.105, 125228 
0.112, 124981 
0.114, 124952 
0.119, 124569 
0.121, 124565 
0.123, 121738 
0.125, 121621 
0.127, 121320 
0.128, 121260 
0.130, 121244 
0.135, 121194 
0.138, 120755 
0.139, 120568 
0.140, 120091 
0.143, 119974 
0.145, 119914 
0.146, 119235 
0.146, 119216 
0.147, 119074 
0.148, 119057 
0.153, 118948 
0.155, 118096 
0.157, 117164 
0.160, 110996 
0.161, 110873 
0.161, 110390 
0.162, 110192 
0.162, 108828 
0.163, 107407 
0.164, 106951 
0.164, 106916 
0.165, 105307 
0.167, 105253 
0.168, 104627 
0.170, 104624 
0.171, 101479 
0.173, 101478 
0.175, 101339 
0.176, 100568 
0.178, 98907 
0.179, 98704 
0.180, 96994 
0.182, 96720 
0.184, 96521 
0.186, 95108 
0.188, 94389 
0.190, 92181 
0.191, 89969 
0.192, 88861 
0.194, 88431 
0.195, 88121 
0.196, 86968 
0.198, 84368 
0.200, 83718 
0.203, 82760 
0.205, 78396 
0.207, 78160 
0.208, 75037 
0.211, 75016 
0.213, 74802 
0.214, 74432 
0.217, 74405 
0.219, 72185 
0.221, 70820 
0.223, 69469 
0.225, 69462 
0.227, 69249 
0.229, 67985 
0.231, 66837 
0.236, 62850 
0.239, 60764 
0.241, 60763 
0.242, 60618 
0.244, 60613 
0.245, 60584 
0.247, 59582 
0.251, 59396 
0.253, 59361 
0.255, 59271 
0.257, 58936 
0.259, 58874 
0.260, 58725 
0.262, 58101 
0.264, 58038 
0.266, 57870 
0.268, 57591 
0.270, 57445 
0.273, 57125 
0.275, 56557 
0.277, 56347 
0.280, 56097 
0.285, 55834 
0.289, 55771 
0.292, 55161 
