0.000, 193195 
0.000, 193173 
0.000, 192003 
0.001, 191819 
0.001, 188537 
0.001, 188226 
0.001, 186082 
0.001, 184700 
0.001, 184153 
0.002, 176844 
0.002, 175917 
0.002, 173523 
0.004, 173037 
0.006, 172723 
0.006, 171659 
0.007, 171319 
0.007, 167648 
0.008, 167300 
0.010, 166513 
0.014, 166052 
0.015, 163016 
0.016, 162790 
0.019, 161226 
0.022, 161009 
0.027, 160973 
0.035, 160484 
0.053, 159547 
0.055, 157926 
0.056, 157855 
0.066, 156402 
0.068, 154402 
0.070, 154320 
0.076, 154030 
0.083, 151758 
0.088, 151610 
0.090, 151598 
0.094, 149188 
0.105, 148999 
0.107, 148978 
0.109, 148960 
0.129, 148676 
0.131, 147569 
0.135, 146594 
0.137, 142242 
0.139, 141861 
0.141, 140063 
0.143, 139210 
0.149, 139084 
0.151, 137629 
0.151, 137525 
0.152, 137347 
0.153, 137018 
0.154, 136219 
0.154, 130785 
0.155, 130490 
0.157, 123356 
0.160, 123013 
0.160, 122265 
0.161, 121653 
0.165, 121613 
0.166, 119214 
0.166, 118852 
0.167, 118514 
0.168, 118154 
0.169, 116719 
0.169, 112541 
0.170, 112132 
0.171, 112087 
0.174, 112061 
0.174, 111378 
0.181, 109506 
0.182, 109472 
0.187, 109428 
0.188, 109336 
0.189, 109218 
0.190, 109114 
0.190, 108822 
0.191, 108483 
0.192, 107239 
0.193, 106053 
0.193, 104069 
0.194, 102707 
0.198, 102563 
0.199, 102165 
0.201, 102013 
0.202, 101970 
0.204, 101821 
0.206, 100793 
0.208, 99891 
0.210, 98952 
0.216, 93158 
0.217, 92990 
0.219, 92548 
0.222, 92150 
0.223, 89221 
0.224, 87687 
0.227, 86495 
0.232, 85988 
0.234, 85242 
0.236, 85171 
0.239, 83478 
0.241, 82521 
0.252, 81772 
0.271, 81522 
0.279, 81254 
0.286, 80914 
0.293, 76595 
0.302, 75655 
0.322, 74848 
0.327, 74475 
0.336, 72911 
0.346, 70336 
0.352, 69566 
0.355, 67579 
0.357, 67566 
0.359, 67412 
0.374, 67318 
0.385, 66994 
0.388, 66395 
0.391, 65588 
0.401, 65500 
0.403, 64955 
0.417, 64140 
0.424, 62898 
0.426, 62770 
0.433, 62431 
0.440, 62349 
0.443, 61008 
0.452, 60653 
0.455, 60048 
0.458, 59857 
0.461, 59697 
0.464, 59532 
0.467, 59495 
0.472, 58910 
0.476, 58144 
0.485, 57747 
0.488, 57741 
0.491, 57228 
0.498, 55533 
0.504, 55296 
0.508, 54331 
