0.000, 219225 
0.001, 219204 
0.001, 214864 
0.001, 213815 
0.001, 210999 
0.001, 210901 
0.001, 209999 
0.002, 197666 
0.003, 197437 
0.007, 196749 
0.009, 192143 
0.010, 192057 
0.010, 191846 
0.012, 185349 
0.013, 185091 
0.018, 183160 
0.020, 182965 
0.021, 181374 
0.022, 180590 
0.023, 173493 
0.024, 173140 
0.026, 169778 
0.028, 169759 
0.032, 169610 
0.035, 168603 
0.037, 166540 
0.038, 165658 
0.040, 164926 
0.041, 161260 
0.042, 160443 
0.043, 159488 
0.043, 158937 
0.044, 158668 
0.045, 158472 
0.046, 156018 
0.048, 155383 
0.048, 153973 
0.049, 153623 
0.051, 151081 
0.052, 150105 
0.052, 149203 
0.053, 148747 
0.054, 147806 
0.055, 147218 
0.056, 142419 
0.057, 139383 
0.059, 139232 
0.060, 138869 
0.061, 138777 
0.063, 138372 
0.068, 137696 
0.068, 137653 
0.069, 137362 
0.071, 137145 
0.072, 129086 
0.073, 129080 
0.075, 128571 
0.076, 128540 
0.077, 128244 
0.081, 127949 
0.084, 126832 
0.085, 126830 
0.086, 126820 
0.088, 123609 
0.089, 122568 
0.090, 122224 
0.090, 122193 
0.091, 121341 
0.091, 121032 
0.092, 120963 
0.095, 120590 
0.095, 120394 
0.096, 120149 
0.097, 120106 
0.097, 119965 
0.098, 119707 
0.099, 119617 
0.099, 119475 
0.099, 116103 
0.099, 116010 
0.100, 115968 
0.100, 115275 
0.100, 115119 
0.101, 113070 
0.101, 112963 
0.102, 112781 
0.102, 107926 
0.102, 107227 
0.103, 107107 
0.103, 104479 
0.104, 104398 
0.104, 104312 
0.105, 103141 
0.105, 103071 
0.106, 102650 
0.106, 102448 
0.106, 101423 
0.107, 101316 
0.107, 101129 
0.108, 100007 
0.108, 98512 
0.109, 96885 
0.110, 96331 
0.111, 96069 
0.113, 95252 
0.115, 94156 
0.116, 93794 
0.118, 93693 
0.120, 92305 
0.121, 90025 
0.122, 89550 
0.123, 88816 
0.125, 86773 
0.126, 85246 
0.127, 85092 
0.128, 84870 
0.129, 83990 
0.132, 83760 
0.133, 83661 
0.135, 82520 
0.136, 80227 
0.137, 80034 
0.138, 79867 
0.141, 76955 
0.142, 76871 
0.143, 76813 
0.145, 76530 
0.148, 76407 
0.152, 76272 
0.154, 75765 
0.155, 75573 
0.157, 75003 
0.158, 72525 
0.159, 72005 
0.160, 71034 
0.162, 70317 
0.163, 69710 
0.166, 69398 
0.167, 68789 
0.169, 68112 
0.171, 67487 
0.172, 67101 
0.173, 66064 
0.174, 65821 
0.176, 65786 
0.177, 65629 
0.179, 65349 
0.181, 64969 
0.182, 64640 
0.184, 64234 
0.185, 63452 
0.186, 61300 
0.187, 61030 
0.188, 60866 
0.189, 60450 
0.191, 59794 
0.192, 59525 
0.193, 59207 
0.194, 59059 
0.197, 57923 
0.200, 57542 
0.202, 57507 
0.203, 57496 
0.204, 57480 
0.206, 57402 
0.207, 56928 
0.208, 56846 
0.210, 56600 
0.215, 56507 
0.216, 56464 
0.217, 56222 
0.218, 56105 
0.219, 55130 
0.221, 53662 
