0.000, 210465 
0.003, 208198 
0.004, 207064 
0.004, 207047 
0.004, 206314 
0.004, 198197 
0.005, 196615 
0.007, 195281 
0.007, 195088 
0.010, 193302 
0.017, 192715 
0.017, 192314 
0.017, 181876 
0.017, 181148 
0.017, 180666 
0.018, 175522 
0.018, 172025 
0.019, 170468 
0.019, 170150 
0.020, 169570 
0.020, 164769 
0.021, 164568 
0.022, 164358 
0.023, 164254 
0.024, 158427 
0.025, 158228 
0.026, 157991 
0.030, 157895 
0.031, 155196 
0.034, 155153 
0.035, 154729 
0.036, 153165 
0.038, 152672 
0.039, 152528 
0.040, 152036 
0.041, 151694 
0.042, 151367 
0.043, 149907 
0.044, 148964 
0.046, 148322 
0.048, 147392 
0.070, 146838 
0.072, 146495 
0.073, 145511 
0.075, 144736 
0.091, 141996 
0.125, 141502 
0.130, 139819 
0.132, 139179 
0.144, 138789 
0.146, 137980 
0.149, 137900 
0.151, 136572 
0.152, 136417 
0.154, 135192 
0.155, 135143 
0.159, 135062 
0.174, 135014 
0.175, 133872 
0.176, 133085 
0.176, 133045 
0.191, 132495 
0.193, 131340 
0.194, 129814 
0.199, 129593 
0.206, 129188 
0.206, 127366 
0.207, 127177 
0.210, 127110 
0.219, 127084 
0.220, 126674 
0.221, 126669 
0.222, 125387 
0.237, 123574 
0.237, 123495 
0.238, 123017 
0.238, 122688 
0.239, 120890 
0.240, 120676 
0.241, 120413 
0.241, 120406 
0.242, 120401 
0.243, 120389 
0.243, 120386 
0.244, 112492 
0.245, 112245 
0.245, 111078 
0.246, 110454 
0.246, 109563 
0.247, 108217 
0.247, 108205 
0.248, 104105 
0.249, 103614 
0.249, 103519 
0.251, 103422 
0.253, 103258 
0.254, 102875 
0.255, 101534 
0.256, 101386 
0.257, 101352 
0.257, 97673 
0.258, 97637 
0.259, 97478 
0.259, 97371 
0.261, 95960 
0.262, 93625 
0.265, 93320 
0.266, 91546 
0.267, 91336 
0.268, 91026 
0.269, 90574 
0.271, 89150 
0.273, 88549 
0.274, 88467 
0.276, 85872 
0.281, 83675 
0.282, 82738 
0.285, 82402 
0.288, 80146 
0.290, 78974 
0.291, 78265 
0.293, 75688 
0.298, 75538 
0.307, 75248 
0.311, 75104 
0.315, 74978 
0.316, 74471 
0.318, 74338 
0.324, 73281 
0.330, 73071 
0.337, 72921 
0.340, 72915 
0.349, 71116 
0.350, 70591 
0.353, 70252 
0.360, 68713 
0.365, 68432 
0.370, 67207 
0.372, 67096 
0.375, 66909 
0.376, 64957 
0.408, 64889 
0.410, 64485 
0.414, 64456 
0.419, 63899 
0.422, 62793 
0.425, 61676 
0.427, 60899 
0.431, 60364 
0.435, 60054 
0.437, 59395 
0.440, 59358 
0.442, 59003 
0.445, 58955 
0.448, 58139 
0.451, 58056 
0.454, 57400 
0.456, 57254 
0.469, 57116 
0.476, 56693 
0.491, 56104 
0.500, 55117 
