0.000, 536619 
0.002, 535690 
0.002, 530584 
0.002, 530537 
0.003, 530428 
0.003, 526207 
0.004, 520984 
0.004, 505174 
0.004, 504837 
0.004, 503938 
0.010, 503223 
0.010, 502948 
0.010, 499026 
0.010, 495708 
0.011, 495475 
0.011, 495225 
0.011, 492169 
0.011, 491785 
0.011, 490250 
0.011, 489732 
0.011, 485302 
0.011, 482909 
0.011, 481126 
0.011, 481121 
0.012, 469186 
0.012, 468777 
0.012, 461500 
0.012, 455535 
0.016, 455331 
0.019, 455115 
0.019, 439675 
0.025, 434192 
0.037, 433554 
0.039, 430596 
0.041, 422284 
0.042, 420508 
0.045, 420390 
0.048, 420378 
0.050, 420244 
0.052, 414830 
0.053, 410383 
0.055, 406605 
0.057, 406529 
0.059, 402445 
0.061, 400386 
0.064, 398467 
0.067, 398187 
0.070, 397016 
0.073, 391686 
0.076, 390297 
0.083, 387724 
0.086, 387533 
0.088, 383416 
0.091, 382187 
0.095, 377103 
0.098, 375534 
0.102, 375244 
0.105, 374615 
0.107, 364927 
0.109, 361853 
0.112, 360435 
0.122, 358977 
0.126, 357733 
0.127, 355985 
0.128, 355976 
0.128, 354572 
0.130, 353301 
0.131, 349974 
0.133, 347157 
0.134, 336603 
0.135, 335556 
0.136, 335113 
0.138, 334960 
0.139, 326923 
0.141, 325961 
0.143, 323862 
0.146, 323298 
0.152, 320819 
0.155, 314783 
0.158, 314254 
0.160, 311641 
0.163, 304383 
0.170, 304372 
0.172, 303327 
0.174, 301000 
0.176, 300235 
0.181, 292735 
0.184, 288743 
0.187, 287412 
0.189, 284556 
0.192, 278712 
0.194, 275987 
0.198, 273390 
0.202, 271425 
0.204, 270079 
0.207, 266760 
0.209, 266493 
0.211, 266355 
0.217, 265275 
0.221, 265006 
0.224, 264805 
0.227, 264017 
0.233, 262680 
0.236, 259954 
0.238, 259661 
0.241, 257285 
0.243, 256785 
0.245, 256020 
0.250, 255900 
0.254, 255525 
0.257, 255515 
0.260, 250052 
0.264, 249675 
0.270, 249095 
0.271, 249078 
0.272, 248708 
0.274, 245127 
0.275, 244379 
0.276, 244219 
0.277, 242756 
0.277, 242710 
0.278, 241492 
0.278, 240812 
0.282, 240798 
0.286, 240761 
0.288, 240326 
0.289, 239641 
0.291, 239475 
0.293, 239466 
0.295, 239188 
0.297, 238710 
0.301, 238489 
0.303, 238415 
0.305, 238171 
0.306, 237534 
0.308, 237220 
0.309, 236805 
0.310, 236758 
0.312, 236564 
0.314, 236079 
0.316, 236049 
0.319, 235882 
0.324, 233986 
0.325, 233834 
0.327, 233223 
0.333, 233107 
0.336, 233090 
0.338, 232035 
0.339, 231199 
0.341, 229820 
0.343, 229638 
0.344, 228678 
0.346, 228653 
0.351, 228259 
0.354, 228081 
0.356, 226627 
0.358, 225763 
0.359, 224691 
0.361, 224631 
0.363, 224508 
0.367, 223768 
0.369, 223661 
0.371, 223322 
0.373, 221227 
0.374, 221188 
0.376, 221114 
0.378, 219291 
0.381, 218837 
0.384, 218543 
0.387, 218383 
0.389, 216269 
0.391, 212499 
0.393, 210956 
0.396, 210679 
0.398, 210569 
0.400, 210489 
0.402, 208167 
0.404, 207721 
0.405, 206827 
0.407, 205528 
0.409, 204030 
0.410, 197739 
0.412, 197231 
0.415, 196870 
0.419, 192466 
0.421, 192328 
0.425, 192286 
0.427, 190290 
0.430, 190146 
0.434, 189208 
0.436, 189134 
0.438, 185605 
0.440, 185428 
0.442, 183978 
0.444, 183627 
0.446, 183358 
0.449, 183076 
0.451, 182947 
0.453, 182874 
0.455, 181928 
0.457, 181601 
0.459, 180061 
0.461, 179568 
0.463, 179497 
0.466, 177593 
0.469, 177414 
0.471, 176513 
0.473, 176241 
0.474, 176235 
0.476, 176121 
0.477, 175677 
0.480, 174034 
0.484, 173924 
0.487, 173551 
0.489, 172394 
0.492, 170596 
0.494, 170061 
0.504, 169776 
0.508, 169142 
0.513, 168106 
0.520, 167471 
0.525, 164284 
0.533, 163712 
0.537, 163005 
0.542, 162597 
0.546, 162040 
0.555, 161660 
0.557, 161441 
0.559, 160976 
0.561, 160322 
0.564, 158899 
0.567, 158274 
0.570, 155756 
0.573, 155500 
0.575, 154542 
0.578, 154332 
0.582, 153968 
0.585, 153711 
0.588, 150737 
0.590, 150152 
0.592, 150107 
0.594, 149886 
0.597, 147705 
0.601, 146206 
0.605, 145915 
0.608, 145843 
0.614, 144352 
0.621, 143465 
0.625, 143457 
0.629, 143420 
0.634, 143251 
0.640, 143231 
0.643, 141757 
0.648, 140754 
0.653, 140153 
0.656, 140145 
0.660, 140019 
0.662, 139462 
0.666, 139146 
0.670, 138801 
0.673, 138749 
0.676, 138327 
0.679, 138158 
0.685, 134091 
0.689, 132576 
0.693, 132568 
0.696, 132442 
0.701, 131641 
0.704, 130932 
0.710, 128518 
0.714, 128366 
0.719, 125542 
0.723, 125109 
0.727, 124536 
0.730, 122377 
0.735, 122059 
0.739, 120812 
0.743, 120265 
0.747, 119886 
0.752, 118953 
0.755, 118037 
0.759, 117754 
0.763, 116836 
0.768, 116800 
0.772, 116433 
0.776, 116396 
0.780, 115445 
0.785, 115216 
0.789, 113002 
0.792, 109690 
0.801, 105851 
