0.000, 539145 
0.002, 538550 
0.002, 531980 
0.003, 527569 
0.004, 516745 
0.004, 513480 
0.005, 512738 
0.005, 512532 
0.006, 511297 
0.006, 503325 
0.007, 502846 
0.008, 499536 
0.011, 499509 
0.011, 499222 
0.011, 498527 
0.011, 498439 
0.011, 497419 
0.011, 493412 
0.012, 491554 
0.012, 490456 
0.012, 479360 
0.012, 476802 
0.012, 475528 
0.012, 463295 
0.012, 461813 
0.012, 459261 
0.012, 459096 
0.012, 458903 
0.012, 458174 
0.012, 457212 
0.012, 455288 
0.012, 454823 
0.013, 442478 
0.013, 436382 
0.013, 435348 
0.013, 433188 
0.013, 428940 
0.014, 420803 
0.022, 420723 
0.028, 419996 
0.031, 417997 
0.042, 416799 
0.045, 415910 
0.047, 414287 
0.049, 413980 
0.052, 412004 
0.055, 411681 
0.057, 411006 
0.060, 410935 
0.063, 410184 
0.068, 407183 
0.072, 404165 
0.074, 402209 
0.076, 401359 
0.079, 398999 
0.081, 398076 
0.085, 397530 
0.089, 393429 
0.092, 391369 
0.094, 389515 
0.097, 377467 
0.108, 377450 
0.110, 373112 
0.116, 372695 
0.120, 365115 
0.123, 364994 
0.125, 364298 
0.128, 363974 
0.130, 363433 
0.135, 362696 
0.140, 361667 
0.141, 361403 
0.142, 360696 
0.142, 360454 
0.144, 359937 
0.145, 357457 
0.146, 353182 
0.146, 353077 
0.148, 348508 
0.151, 344464 
0.154, 344463 
0.156, 343642 
0.158, 342882 
0.160, 337414 
0.162, 336978 
0.165, 334653 
0.170, 329288 
0.174, 327945 
0.176, 327804 
0.178, 325431 
0.180, 323532 
0.183, 321358 
0.185, 320914 
0.187, 320706 
0.189, 317886 
0.190, 316190 
0.192, 313411 
0.194, 313197 
0.196, 307672 
0.197, 305748 
0.198, 304570 
0.199, 304198 
0.200, 298171 
0.202, 286706 
0.203, 286139 
0.203, 286117 
0.204, 285750 
0.205, 285396 
0.206, 285316 
0.207, 283067 
0.208, 282796 
0.210, 277767 
0.212, 277460 
0.214, 276783 
0.218, 272710 
0.222, 269969 
0.224, 268663 
0.225, 267474 
0.227, 266077 
0.229, 265361 
0.232, 265312 
0.237, 263706 
0.239, 263557 
0.244, 261150 
0.247, 260558 
0.257, 255553 
0.263, 254305 
0.270, 254256 
0.278, 252408 
0.283, 247499 
0.287, 246852 
0.293, 246806 
0.295, 245440 
0.296, 244200 
0.298, 243269 
0.299, 242045 
0.301, 239441 
0.302, 239304 
0.303, 238569 
0.305, 238534 
0.306, 238449 
0.308, 236954 
0.309, 236490 
0.310, 234893 
0.311, 232985 
0.313, 232438 
0.315, 227995 
0.316, 227385 
0.318, 226134 
0.321, 225345 
0.323, 224120 
0.325, 220498 
0.328, 218578 
0.330, 214168 
0.332, 213535 
0.335, 211917 
0.338, 210696 
0.341, 207685 
0.344, 206884 
0.347, 206637 
0.352, 205504 
0.354, 204621 
0.358, 204192 
0.361, 203579 
0.364, 203345 
0.370, 203316 
0.372, 202960 
0.375, 202176 
0.382, 201105 
0.385, 198726 
0.388, 198405 
0.391, 198352 
0.394, 197206 
0.396, 195992 
0.398, 193697 
0.400, 193091 
0.402, 192373 
0.405, 191706 
0.407, 191477 
0.409, 191470 
0.411, 187266 
0.412, 187183 
0.414, 187121 
0.415, 186627 
0.417, 185716 
0.420, 185634 
0.422, 185459 
0.424, 185336 
0.426, 185224 
0.428, 184451 
0.430, 184315 
0.432, 184313 
0.435, 182121 
0.439, 181449 
0.441, 181264 
0.443, 180976 
0.445, 180322 
0.448, 176111 
0.450, 176017 
0.456, 175742 
0.457, 175290 
0.459, 174729 
0.462, 174278 
0.464, 173771 
0.466, 172762 
0.469, 168517 
0.473, 168435 
0.476, 167791 
0.479, 166213 
0.481, 165760 
0.486, 165688 
0.489, 165011 
0.491, 163894 
0.493, 163568 
0.494, 162394 
0.497, 160803 
0.500, 160639 
0.505, 159216 
0.508, 158908 
0.511, 158448 
0.513, 157779 
0.516, 157403 
0.519, 153916 
0.522, 153405 
0.524, 153360 
0.531, 153150 
0.538, 152208 
0.544, 152033 
0.549, 151179 
0.557, 150905 
0.564, 150001 
0.573, 149956 
0.578, 149793 
0.582, 149347 
0.586, 147894 
0.589, 147572 
0.591, 147168 
0.594, 146970 
0.596, 145958 
0.600, 145842 
0.605, 145779 
0.609, 145588 
0.611, 145511 
0.614, 144989 
0.617, 144567 
0.622, 144398 
0.626, 142871 
0.628, 142863 
0.630, 142834 
0.633, 142766 
0.640, 142516 
0.642, 140223 
0.645, 139801 
0.648, 138320 
0.651, 137191 
0.654, 136360 
0.657, 131902 
0.661, 128532 
0.664, 127266 
0.668, 126655 
0.671, 126390 
0.674, 126008 
0.677, 122900 
0.680, 121080 
0.682, 120561 
0.687, 118207 
0.691, 116580 
0.695, 116537 
0.698, 115718 
0.702, 114166 
0.705, 111684 
0.708, 111518 
0.713, 105926 
0.716, 105617 
0.721, 105384 
0.725, 104963 
0.729, 104633 
