0.000, 588473 
0.000, 581448 
0.000, 573516 
0.001, 573203 
0.001, 571285 
0.001, 571079 
0.001, 567779 
0.001, 565270 
0.002, 563799 
0.002, 551813 
0.003, 551416 
0.003, 550425 
0.003, 548731 
0.004, 541659 
0.004, 536427 
0.004, 535662 
0.005, 535454 
0.005, 533476 
0.005, 533365 
0.006, 525493 
0.007, 524843 
0.008, 524302 
0.011, 523296 
0.015, 517615 
0.017, 517015 
0.020, 512369 
0.022, 501369 
0.025, 501365 
0.031, 500671 
0.033, 499282 
0.034, 497091 
0.036, 496115 
0.037, 494722 
0.038, 493912 
0.040, 491623 
0.042, 482725 
0.046, 482518 
0.047, 480475 
0.049, 470865 
0.050, 470799 
0.052, 468624 
0.053, 462774 
0.055, 461830 
0.056, 455122 
0.058, 445234 
0.062, 444391 
0.064, 438616 
0.066, 437700 
0.068, 432906 
0.072, 432503 
0.073, 431643 
0.075, 430717 
0.077, 428153 
0.079, 422403 
0.080, 422291 
0.081, 421523 
0.082, 421188 
0.083, 419331 
0.084, 418942 
0.086, 417496 
0.087, 416722 
0.087, 413502 
0.087, 406657 
0.088, 405744 
0.088, 404952 
0.088, 404854 
0.089, 400509 
0.089, 397963 
0.090, 397428 
0.090, 397274 
0.090, 396965 
0.091, 396948 
0.091, 396931 
0.091, 390483 
0.091, 390230 
0.092, 387633 
0.092, 387121 
0.094, 387057 
0.095, 383014 
0.097, 378792 
0.097, 378415 
0.098, 376682 
0.099, 375672 
0.100, 375458 
0.101, 374849 
0.102, 370273 
0.103, 369039 
0.104, 368292 
0.105, 367013 
0.106, 364483 
0.107, 350539 
0.108, 348659 
0.112, 347814 
0.113, 344820 
0.114, 343313 
0.116, 339744 
0.117, 339138 
0.118, 336287 
0.119, 335757 
0.120, 333407 
0.121, 324908 
0.122, 324541 
0.123, 324135 
0.124, 323398 
0.126, 322732 
0.128, 322468 
0.130, 322411 
0.132, 322383 
0.134, 322198 
0.135, 321956 
0.137, 321093 
0.139, 320787 
0.142, 317944 
0.147, 317830 
0.150, 317341 
0.152, 312071 
0.154, 311244 
0.157, 304022 
0.159, 302455 
0.163, 300721 
0.166, 300048 
0.168, 299850 
0.171, 298099 
0.174, 296942 
0.179, 294756 
0.182, 294614 
0.184, 287873 
0.187, 287682 
0.189, 286347 
0.192, 285751 
0.195, 281563 
0.198, 280005 
0.202, 278772 
0.203, 278686 
0.204, 274537 
0.205, 273901 
0.206, 273847 
0.207, 271497 
0.208, 270555 
0.210, 270038 
0.212, 265664 
0.213, 264313 
0.215, 254160 
0.216, 250616 
0.217, 250494 
0.218, 250429 
0.219, 250305 
0.220, 249785 
0.221, 238823 
0.222, 238792 
0.223, 231933 
0.224, 230659 
0.228, 229395 
0.230, 228457 
0.232, 228366 
0.233, 225494 
0.235, 224227 
0.236, 223600 
0.237, 223108 
0.239, 222921 
0.240, 222812 
0.242, 222166 
0.244, 219104 
0.248, 217865 
0.250, 217547 
0.252, 215077 
0.253, 212860 
0.254, 211600 
0.256, 211433 
0.257, 211298 
0.258, 210717 
0.260, 208288 
0.264, 207924 
0.265, 204420 
0.266, 204204 
0.267, 202442 
0.269, 200029 
0.270, 200021 
0.272, 199007 
0.273, 198254 
0.274, 196765 
0.276, 196301 
0.279, 195390 
0.280, 193531 
0.283, 193467 
0.285, 191243 
0.287, 190969 
0.289, 190408 
0.291, 189874 
0.294, 189440 
0.297, 187475 
0.298, 183533 
0.301, 183012 
0.304, 182342 
0.307, 181452 
0.311, 180009 
0.315, 179831 
0.318, 179708 
0.320, 179606 
0.322, 178968 
0.324, 175743 
0.326, 175441 
0.328, 174990 
0.332, 174671 
0.336, 173554 
0.337, 173151 
0.339, 171540 
0.340, 170838 
0.342, 167109 
0.346, 164892 
0.347, 164053 
0.349, 163869 
0.350, 163694 
0.352, 163571 
0.354, 163240 
0.355, 163121 
0.357, 162586 
0.365, 160985 
0.367, 160765 
0.369, 160689 
0.371, 159479 
0.373, 158989 
0.376, 157988 
0.380, 156387 
0.382, 155942 
0.384, 155199 
0.386, 154469 
0.388, 153780 
0.390, 153322 
0.392, 153207 
0.395, 152755 
0.397, 152243 
0.402, 152068 
0.406, 151029 
0.412, 150732 
0.417, 149127 
0.421, 149082 
0.425, 148958 
0.431, 148842 
0.435, 147909 
0.440, 146382 
0.442, 146060 
0.446, 145352 
0.448, 144754 
0.450, 143400 
0.453, 140669 
0.455, 137703 
0.456, 137548 
0.458, 137077 
0.460, 136753 
0.462, 136604 
0.464, 136498 
0.466, 136453 
0.468, 136304 
0.470, 134752 
0.472, 134298 
0.473, 133488 
0.476, 132382 
0.479, 132319 
0.482, 132128 
0.485, 131953 
0.489, 131696 
0.492, 131503 
0.495, 130650 
0.499, 130228 
0.502, 129494 
0.504, 129378 
0.507, 122325 
0.511, 121474 
0.514, 119541 
0.517, 115980 
0.520, 115496 
0.522, 115419 
0.526, 114379 
0.529, 114023 
0.531, 114015 
0.534, 113708 
0.537, 110142 
0.540, 108955 
0.543, 108238 
0.547, 108196 
0.550, 107696 
0.553, 107322 
