0.001, 569018 
0.001, 568963 
0.001, 555937 
0.004, 554652 
0.004, 552564 
0.004, 551612 
0.004, 539119 
0.004, 532631 
0.004, 518492 
0.005, 518235 
0.005, 518176 
0.005, 513593 
0.005, 513274 
0.007, 512473 
0.007, 509435 
0.007, 508648 
0.007, 504898 
0.008, 499461 
0.009, 499333 
0.010, 499257 
0.010, 497937 
0.010, 490300 
0.011, 489202 
0.011, 488961 
0.011, 473541 
0.012, 472128 
0.012, 467532 
0.012, 465403 
0.012, 464913 
0.012, 458469 
0.012, 456287 
0.013, 447412 
0.014, 446170 
0.016, 443269 
0.022, 436627 
0.024, 435876 
0.028, 434773 
0.032, 434170 
0.037, 434046 
0.039, 433417 
0.040, 428572 
0.041, 428143 
0.042, 427707 
0.044, 422270 
0.045, 421138 
0.047, 417934 
0.049, 413233 
0.051, 412632 
0.057, 411776 
0.059, 411550 
0.061, 411248 
0.063, 411125 
0.064, 407471 
0.066, 399501 
0.067, 399412 
0.071, 398594 
0.073, 392771 
0.075, 382622 
0.077, 381807 
0.079, 380581 
0.081, 380501 
0.084, 379540 
0.089, 376085 
0.094, 374982 
0.097, 374815 
0.100, 373982 
0.105, 371217 
0.107, 368991 
0.110, 367430 
0.112, 367179 
0.113, 364967 
0.115, 364006 
0.116, 361656 
0.122, 361447 
0.123, 361128 
0.127, 359311 
0.129, 358974 
0.131, 356635 
0.133, 355210 
0.137, 354861 
0.139, 352612 
0.140, 351332 
0.142, 351243 
0.142, 350666 
0.143, 350260 
0.144, 350018 
0.145, 349159 
0.147, 348138 
0.150, 338712 
0.154, 337454 
0.157, 333431 
0.160, 330192 
0.162, 328251 
0.165, 322538 
0.169, 318704 
0.172, 317389 
0.175, 316610 
0.178, 315917 
0.181, 312565 
0.183, 311653 
0.189, 309669 
0.192, 307133 
0.195, 305572 
0.197, 303123 
0.199, 298600 
0.201, 296853 
0.204, 296812 
0.207, 294173 
0.210, 290514 
0.212, 289715 
0.215, 288860 
0.217, 284176 
0.221, 278967 
0.225, 278525 
0.228, 275774 
0.230, 274969 
0.233, 272099 
0.237, 269255 
0.239, 267275 
0.242, 264444 
0.245, 264014 
0.248, 263320 
0.250, 261560 
0.258, 257305 
0.262, 257138 
0.265, 256186 
0.268, 255620 
0.275, 254891 
0.276, 252029 
0.277, 251506 
0.279, 249604 
0.281, 247786 
0.282, 247230 
0.283, 246826 
0.285, 245787 
0.287, 244458 
0.289, 242811 
0.291, 242757 
0.292, 241579 
0.293, 241173 
0.294, 240895 
0.295, 239954 
0.296, 239799 
0.297, 239423 
0.299, 236668 
0.300, 236390 
0.302, 235781 
0.305, 235637 
0.306, 234726 
0.307, 234528 
0.308, 233489 
0.309, 233122 
0.310, 231964 
0.312, 230755 
0.313, 230412 
0.315, 229987 
0.316, 229766 
0.317, 227439 
0.324, 226702 
0.326, 225301 
0.328, 224759 
0.331, 221704 
0.334, 220379 
0.337, 219966 
0.341, 219620 
0.343, 212625 
0.344, 212587 
0.346, 211806 
0.348, 211646 
0.353, 208891 
0.355, 208415 
0.357, 208296 
0.358, 208042 
0.360, 207684 
0.362, 206634 
0.363, 203079 
0.365, 201371 
0.367, 197632 
0.370, 197155 
0.373, 196687 
0.376, 196310 
0.378, 196253 
0.379, 195488 
0.381, 195006 
0.383, 190549 
0.385, 190250 
0.389, 189904 
0.392, 189740 
0.394, 186603 
0.396, 185500 
0.397, 185106 
0.399, 183552 
0.401, 183388 
0.406, 183161 
0.408, 182367 
0.410, 181889 
0.413, 181380 
0.414, 181034 
0.417, 180559 
0.421, 178267 
0.427, 177828 
0.430, 177263 
0.432, 175282 
0.434, 174861 
0.436, 174657 
0.439, 174435 
0.441, 174019 
0.445, 173901 
0.447, 173102 
0.450, 172766 
0.453, 172586 
0.456, 172403 
0.460, 171088 
0.464, 171043 
0.466, 170980 
0.468, 170509 
0.470, 170040 
0.472, 167859 
0.475, 167710 
0.477, 167560 
0.482, 166266 
0.486, 166150 
0.494, 166087 
0.497, 165896 
0.506, 164260 
0.512, 163738 
0.519, 163479 
0.528, 163090 
0.533, 162960 
0.541, 162565 
0.547, 162170 
0.553, 161344 
0.558, 161249 
0.561, 160695 
0.564, 160369 
0.566, 160316 
0.572, 159914 
0.575, 159134 
0.577, 159126 
0.580, 157227 
0.585, 156467 
0.589, 154987 
0.593, 154837 
0.596, 152302 
0.598, 151601 
0.604, 148215 
0.608, 145639 
0.611, 144342 
0.616, 143916 
0.623, 143747 
0.626, 141488 
0.631, 140515 
0.634, 140348 
0.638, 138849 
0.641, 135615 
0.644, 135363 
0.648, 135356 
0.651, 135061 
0.658, 134245 
0.661, 133272 
0.664, 133105 
0.667, 131323 
0.673, 131161 
0.677, 131139 
0.681, 130832 
0.685, 129891 
0.692, 128957 
0.695, 128271 
0.699, 127266 
0.704, 127025 
0.710, 126414 
0.714, 123629 
0.718, 123361 
0.726, 123209 
0.731, 122192 
0.741, 121743 
0.747, 119138 
0.757, 118873 
0.761, 117620 
0.764, 117581 
0.768, 117415 
0.773, 117309 
0.777, 113225 
0.780, 110882 
0.783, 110508 
0.783, 109921 
0.784, 109122 
0.784, 108338 
0.785, 108125 
0.786, 108107 
0.787, 107202 
0.791, 106595 
