0.000, 553540 
0.000, 549021 
0.000, 548633 
0.000, 548606 
0.000, 546460 
0.001, 542712 
0.001, 542629 
0.001, 541807 
0.001, 539153 
0.001, 537844 
0.002, 536111 
0.002, 536069 
0.002, 529109 
0.002, 527069 
0.003, 522139 
0.003, 521963 
0.003, 518997 
0.003, 518635 
0.004, 518299 
0.005, 510576 
0.005, 510330 
0.005, 501747 
0.005, 497181 
0.005, 497007 
0.006, 495678 
0.006, 490340 
0.006, 489360 
0.006, 487045 
0.006, 484359 
0.006, 484177 
0.006, 478839 
0.006, 477999 
0.006, 472408 
0.006, 471794 
0.006, 468685 
0.006, 465220 
0.006, 464058 
0.006, 463755 
0.006, 455957 
0.008, 449657 
0.011, 446668 
0.018, 446277 
0.021, 445503 
0.025, 443285 
0.027, 442749 
0.032, 440895 
0.034, 439339 
0.036, 433817 
0.038, 432929 
0.039, 431773 
0.041, 429541 
0.042, 428690 
0.044, 418999 
0.046, 415710 
0.048, 413955 
0.049, 413574 
0.051, 407571 
0.053, 407422 
0.054, 407392 
0.056, 406046 
0.057, 404529 
0.059, 403560 
0.063, 400482 
0.070, 400139 
0.072, 399116 
0.074, 398121 
0.083, 390636 
0.085, 390603 
0.087, 390426 
0.089, 384616 
0.092, 378299 
0.093, 378110 
0.094, 374480 
0.096, 374298 
0.100, 368916 
0.101, 368744 
0.102, 360614 
0.104, 358653 
0.105, 358422 
0.107, 358193 
0.110, 356473 
0.113, 351965 
0.126, 346295 
0.134, 344910 
0.138, 340447 
0.141, 336556 
0.143, 336163 
0.150, 330031 
0.155, 328687 
0.160, 328454 
0.167, 327767 
0.169, 327684 
0.171, 323728 
0.172, 323049 
0.174, 321953 
0.177, 321722 
0.179, 320750 
0.183, 319751 
0.187, 317883 
0.188, 316966 
0.190, 313229 
0.191, 312330 
0.192, 312098 
0.193, 311566 
0.195, 311481 
0.197, 309729 
0.200, 307974 
0.203, 306019 
0.205, 305790 
0.209, 305561 
0.211, 304071 
0.214, 302847 
0.216, 302208 
0.217, 301471 
0.219, 300103 
0.222, 299912 
0.224, 299387 
0.226, 294741 
0.229, 293158 
0.234, 291942 
0.236, 288857 
0.239, 288607 
0.241, 288481 
0.248, 287141 
0.252, 284987 
0.255, 283713 
0.257, 282701 
0.260, 279489 
0.263, 279283 
0.266, 278552 
0.270, 273799 
0.272, 271232 
0.275, 270514 
0.278, 269434 
0.283, 265523 
0.288, 260599 
0.291, 259385 
0.294, 257617 
0.300, 256205 
0.301, 255065 
0.302, 254469 
0.303, 253344 
0.305, 251864 
0.306, 251802 
0.307, 251198 
0.309, 249638 
0.311, 249489 
0.312, 249316 
0.313, 249174 
0.315, 248212 
0.316, 247937 
0.318, 247267 
0.319, 246741 
0.320, 243771 
0.321, 243552 
0.323, 243358 
0.325, 240777 
0.326, 240513 
0.327, 237415 
0.329, 237252 
0.334, 237132 
0.335, 232921 
0.337, 232772 
0.338, 232483 
0.340, 232280 
0.341, 231086 
0.342, 228146 
0.344, 227662 
0.346, 226784 
0.349, 224540 
0.351, 223924 
0.352, 222411 
0.354, 222032 
0.355, 221021 
0.358, 220981 
0.360, 220257 
0.362, 218712 
0.364, 217843 
0.366, 217762 
0.368, 215354 
0.369, 213346 
0.371, 212626 
0.372, 211229 
0.374, 210934 
0.375, 210135 
0.377, 209957 
0.378, 209335 
0.380, 208938 
0.381, 208501 
0.383, 208499 
0.385, 208426 
0.386, 208337 
0.387, 207567 
0.389, 207211 
0.390, 207198 
0.392, 206131 
0.394, 204518 
0.397, 203735 
0.399, 203235 
0.400, 202877 
0.402, 202791 
0.403, 202726 
0.405, 202172 
0.407, 201583 
0.408, 199938 
0.410, 198765 
0.416, 195419 
0.419, 195244 
0.421, 194737 
0.423, 191729 
0.425, 191139 
0.428, 190182 
0.431, 190071 
0.434, 189777 
0.435, 189732 
0.437, 189605 
0.441, 189033 
0.443, 187819 
0.446, 187194 
0.450, 187174 
0.454, 186900 
0.458, 185525 
0.460, 184716 
0.465, 182454 
0.470, 181989 
0.473, 180115 
0.475, 180113 
0.478, 179347 
0.483, 179337 
0.488, 176690 
0.491, 175354 
0.495, 174929 
0.503, 174042 
0.505, 173944 
0.507, 173191 
0.518, 172876 
0.525, 170511 
0.534, 170156 
0.541, 170004 
0.549, 169718 
0.559, 169372 
0.568, 168190 
0.574, 164515 
0.579, 161666 
0.586, 161544 
0.588, 161346 
0.591, 160953 
0.593, 160572 
0.595, 160151 
0.599, 159362 
0.602, 158387 
0.604, 158243 
0.606, 156911 
0.607, 156641 
0.610, 156456 
0.611, 155463 
0.615, 154558 
0.618, 154545 
0.620, 154390 
0.622, 152850 
0.625, 152803 
0.627, 152384 
0.632, 152102 
0.635, 150137 
0.638, 148904 
0.641, 146785 
0.643, 146675 
0.645, 146361 
0.653, 145936 
0.656, 145507 
0.658, 145477 
0.661, 145463 
0.664, 145214 
0.667, 145071 
0.670, 144727 
0.673, 144556 
0.675, 144542 
0.678, 144074 
0.683, 143291 
0.685, 143120 
0.687, 141373 
0.690, 141043 
0.692, 140147 
0.694, 138891 
0.696, 138248 
0.700, 138010 
0.702, 137287 
0.705, 135106 
0.707, 134862 
0.709, 134586 
0.712, 134523 
0.715, 134332 
0.718, 134206 
0.720, 133947 
0.723, 133891 
0.728, 133444 
0.732, 133417 
0.735, 133240 
0.738, 132864 
0.742, 130708 
0.745, 130368 
0.749, 130274 
0.752, 130248 
0.754, 129642 
0.756, 129597 
0.758, 129448 
0.761, 129354 
0.768, 128664 
0.773, 128602 
0.776, 128276 
0.783, 125567 
0.787, 125043 
0.791, 123205 
0.795, 121515 
0.799, 121444 
0.802, 121303 
0.805, 121270 
0.808, 121188 
0.816, 117318 
0.821, 117142 
0.824, 117064 
0.827, 111752 
0.832, 110991 
0.835, 106962 
0.838, 106765 
0.842, 106456 
0.847, 106223 
0.850, 105514 
0.853, 104922 
