0.000, 540690 
0.001, 536521 
0.001, 533783 
0.001, 531896 
0.001, 526346 
0.002, 519439 
0.003, 517768 
0.003, 514417 
0.004, 513361 
0.005, 510268 
0.005, 505524 
0.005, 504907 
0.007, 500649 
0.007, 499009 
0.009, 490878 
0.011, 489846 
0.012, 488882 
0.013, 488740 
0.016, 486673 
0.017, 484163 
0.019, 474553 
0.021, 474072 
0.031, 473819 
0.033, 472441 
0.035, 471688 
0.037, 470564 
0.038, 467775 
0.040, 464424 
0.045, 462373 
0.046, 461832 
0.047, 460833 
0.048, 460624 
0.051, 459994 
0.052, 459858 
0.054, 458980 
0.055, 456215 
0.056, 454867 
0.061, 447779 
0.063, 445594 
0.068, 444376 
0.069, 441000 
0.072, 423826 
0.077, 423795 
0.081, 423746 
0.083, 418041 
0.085, 413729 
0.087, 403028 
0.091, 402260 
0.095, 401757 
0.099, 397956 
0.101, 388058 
0.103, 387467 
0.104, 385326 
0.114, 385112 
0.117, 383214 
0.120, 382195 
0.122, 369285 
0.129, 369058 
0.130, 369033 
0.132, 365986 
0.134, 365804 
0.137, 364576 
0.138, 364013 
0.138, 362795 
0.139, 362641 
0.139, 359059 
0.139, 358505 
0.141, 358406 
0.142, 348443 
0.144, 338357 
0.145, 337780 
0.146, 337708 
0.149, 336632 
0.152, 334217 
0.155, 333813 
0.159, 332356 
0.163, 332307 
0.170, 328700 
0.174, 326286 
0.179, 324277 
0.182, 323853 
0.187, 322804 
0.191, 320338 
0.196, 320153 
0.199, 317912 
0.201, 317631 
0.204, 317245 
0.206, 315123 
0.210, 313886 
0.214, 312929 
0.220, 312188 
0.224, 310714 
0.229, 306734 
0.231, 306469 
0.233, 299630 
0.236, 299494 
0.239, 299312 
0.246, 299119 
0.249, 297429 
0.251, 297189 
0.254, 296051 
0.257, 294443 
0.264, 292939 
0.265, 292357 
0.265, 291604 
0.268, 290121 
0.271, 288849 
0.274, 288343 
0.278, 283776 
0.278, 283166 
0.279, 282476 
0.280, 282098 
0.282, 280839 
0.283, 280205 
0.284, 277546 
0.286, 276470 
0.287, 274835 
0.288, 272524 
0.289, 267229 
0.291, 265848 
0.292, 265649 
0.294, 265325 
0.295, 264188 
0.296, 261862 
0.297, 260166 
0.301, 257995 
0.301, 256733 
0.302, 255140 
0.302, 255076 
0.303, 254567 
0.303, 253627 
0.304, 249260 
0.304, 249091 
0.304, 248383 
0.305, 241713 
0.306, 241103 
0.306, 240834 
0.307, 240036 
0.309, 238235 
0.309, 233180 
0.310, 231504 
0.311, 230837 
0.311, 230704 
0.313, 225367 
0.314, 224995 
0.315, 221646 
0.315, 221336 
0.316, 220899 
0.318, 220605 
0.320, 215160 
0.322, 214754 
0.323, 213517 
0.325, 213447 
0.327, 213031 
0.329, 212998 
0.330, 211999 
0.330, 211192 
0.332, 210372 
0.333, 210094 
0.335, 209710 
0.336, 209489 
0.338, 209209 
0.339, 209199 
0.343, 208639 
0.345, 208177 
0.347, 206161 
0.349, 205867 
0.350, 205423 
0.354, 204719 
0.356, 203607 
0.361, 202361 
0.363, 201110 
0.365, 200983 
0.367, 199210 
0.370, 198452 
0.373, 198176 
0.378, 196432 
0.381, 196340 
0.383, 195397 
0.384, 194887 
0.388, 194178 
0.391, 193823 
0.394, 193596 
0.396, 192994 
0.398, 192819 
0.400, 192696 
0.402, 192091 
0.404, 190820 
0.405, 189840 
0.409, 189489 
0.411, 188142 
0.413, 187806 
0.417, 187748 
0.419, 185348 
0.421, 184657 
0.423, 184482 
0.428, 183183 
0.431, 182911 
0.433, 182609 
0.436, 182045 
0.437, 182043 
0.439, 181727 
0.443, 181706 
0.448, 181568 
0.450, 181148 
0.452, 180852 
0.453, 180825 
0.455, 180716 
0.456, 180532 
0.460, 180009 
0.462, 179328 
0.467, 178805 
0.470, 178313 
0.472, 175449 
0.475, 175247 
0.479, 175141 
0.481, 174854 
0.483, 173498 
0.485, 171934 
0.487, 171583 
0.489, 171309 
0.491, 170982 
0.494, 170202 
0.496, 170157 
0.498, 170052 
0.500, 169007 
0.502, 168961 
0.504, 166454 
0.507, 166391 
0.511, 166196 
0.515, 155826 
0.518, 154879 
0.521, 153993 
0.524, 153802 
0.530, 152711 
0.532, 151873 
0.534, 151742 
0.536, 151627 
0.538, 151162 
0.542, 150321 
0.546, 149969 
0.552, 148815 
0.558, 147624 
0.566, 146753 
0.572, 146461 
0.582, 145465 
0.587, 144537 
0.594, 144369 
0.600, 144306 
0.602, 144115 
0.604, 144086 
0.608, 142052 
0.612, 141630 
0.615, 141416 
0.618, 140725 
0.620, 140353 
0.624, 140060 
0.629, 139264 
0.631, 139123 
0.633, 137625 
0.636, 135335 
0.638, 134778 
0.640, 132140 
0.646, 130173 
0.649, 129528 
0.652, 127242 
0.655, 125126 
0.659, 122425 
0.667, 121999 
0.669, 121558 
0.671, 121191 
0.673, 121068 
0.676, 120811 
0.678, 120618 
0.681, 120306 
0.684, 119675 
0.686, 119610 
0.688, 117678 
0.691, 116127 
0.696, 115686 
0.699, 115633 
0.702, 114555 
0.705, 114228 
0.708, 113791 
0.712, 112463 
0.715, 112322 
0.718, 112297 
0.721, 109753 
0.726, 108170 
0.730, 107630 
0.733, 106805 
0.737, 106413 
