0.001, 558173 
0.001, 555785 
0.002, 553752 
0.002, 547605 
0.002, 543273 
0.002, 538658 
0.002, 536707 
0.002, 531694 
0.002, 524199 
0.005, 522788 
0.005, 508885 
0.008, 506489 
0.008, 503664 
0.008, 495944 
0.008, 484089 
0.009, 481265 
0.009, 480795 
0.009, 480158 
0.009, 463714 
0.009, 462826 
0.009, 460014 
0.009, 455508 
0.011, 448709 
0.013, 446733 
0.015, 446232 
0.018, 446007 
0.022, 441733 
0.025, 441363 
0.029, 439726 
0.033, 428994 
0.036, 428589 
0.040, 427773 
0.042, 423762 
0.044, 423029 
0.046, 420816 
0.048, 420631 
0.050, 414165 
0.051, 413581 
0.052, 413569 
0.054, 412834 
0.057, 412197 
0.058, 411169 
0.059, 409644 
0.060, 408187 
0.061, 408173 
0.061, 407871 
0.062, 402781 
0.063, 402313 
0.064, 401943 
0.065, 401829 
0.066, 401781 
0.068, 400455 
0.070, 396367 
0.074, 390451 
0.075, 389452 
0.076, 388351 
0.077, 385450 
0.079, 385435 
0.081, 383995 
0.082, 364672 
0.083, 361800 
0.085, 361113 
0.086, 361058 
0.088, 360130 
0.090, 359751 
0.095, 357689 
0.096, 357662 
0.096, 355907 
0.097, 354891 
0.097, 353941 
0.098, 353053 
0.098, 351210 
0.099, 350400 
0.099, 349076 
0.100, 346919 
0.101, 344004 
0.101, 343931 
0.102, 343121 
0.102, 342717 
0.103, 342453 
0.104, 342444 
0.104, 340793 
0.105, 340239 
0.107, 339462 
0.108, 338668 
0.109, 329965 
0.112, 329795 
0.114, 326353 
0.116, 325189 
0.117, 322690 
0.119, 322114 
0.123, 319666 
0.125, 319080 
0.127, 315517 
0.129, 314745 
0.134, 314642 
0.137, 313904 
0.142, 313835 
0.145, 313221 
0.147, 312554 
0.149, 312160 
0.151, 312143 
0.154, 308739 
0.157, 307409 
0.159, 307174 
0.161, 307057 
0.163, 305487 
0.165, 302459 
0.166, 300063 
0.168, 298910 
0.171, 297776 
0.174, 297635 
0.176, 297228 
0.178, 296405 
0.181, 294258 
0.183, 293438 
0.186, 291896 
0.190, 287633 
0.193, 285281 
0.195, 285158 
0.195, 284913 
0.195, 283731 
0.196, 283104 
0.200, 281452 
0.202, 281327 
0.206, 280800 
0.210, 275760 
0.212, 273489 
0.215, 271320 
0.217, 270748 
0.220, 268116 
0.224, 267996 
0.230, 266363 
0.232, 265270 
0.234, 263146 
0.235, 260507 
0.236, 257119 
0.238, 256655 
0.240, 251087 
0.242, 249924 
0.243, 249856 
0.244, 249039 
0.246, 245037 
0.247, 244726 
0.248, 244081 
0.249, 243150 
0.250, 241897 
0.252, 241022 
0.253, 240867 
0.256, 238947 
0.259, 233305 
0.261, 232067 
0.262, 230739 
0.264, 229577 
0.266, 229210 
0.267, 228040 
0.268, 226132 
0.271, 225054 
0.274, 224661 
0.276, 224537 
0.279, 223727 
0.281, 221758 
0.284, 221666 
0.285, 221305 
0.287, 220920 
0.290, 220399 
0.293, 219210 
0.294, 218482 
0.296, 216802 
0.298, 212459 
0.299, 209411 
0.301, 208471 
0.306, 207844 
0.307, 206125 
0.309, 203591 
0.311, 202984 
0.312, 202949 
0.313, 202410 
0.315, 200965 
0.316, 200857 
0.317, 199667 
0.319, 198834 
0.320, 198380 
0.324, 195675 
0.326, 194453 
0.328, 193870 
0.330, 189182 
0.332, 188410 
0.334, 186290 
0.336, 185345 
0.338, 184555 
0.340, 183799 
0.343, 183143 
0.344, 180362 
0.346, 179951 
0.347, 179921 
0.349, 179760 
0.350, 178800 
0.352, 177194 
0.354, 176854 
0.356, 176796 
0.359, 176702 
0.361, 174367 
0.363, 174167 
0.364, 174013 
0.367, 173927 
0.372, 171062 
0.375, 170913 
0.376, 170883 
0.378, 170313 
0.379, 170178 
0.382, 167366 
0.383, 167307 
0.385, 167158 
0.389, 167044 
0.393, 166931 
0.395, 166796 
0.396, 165524 
0.398, 165242 
0.401, 165142 
0.403, 164181 
0.407, 164039 
0.409, 163550 
0.410, 162264 
0.412, 161187 
0.414, 161107 
0.416, 160958 
0.418, 160168 
0.429, 159398 
0.431, 158729 
0.434, 158390 
0.437, 158230 
0.439, 157948 
0.442, 154936 
0.444, 154749 
0.447, 153574 
0.459, 153199 
0.465, 149964 
0.470, 149081 
0.477, 148980 
0.481, 148700 
0.490, 148009 
0.497, 147895 
0.502, 147459 
0.510, 145794 
0.515, 145768 
0.518, 144237 
0.522, 144192 
0.525, 144000 
0.529, 143809 
0.532, 143773 
0.535, 143574 
0.541, 143443 
0.544, 141893 
0.547, 140202 
0.550, 138811 
0.553, 138324 
0.557, 138085 
0.560, 138022 
0.562, 137831 
0.564, 137390 
0.567, 136723 
0.570, 135676 
0.574, 135620 
0.577, 133754 
0.583, 132558 
0.585, 132036 
0.589, 131279 
0.594, 131095 
0.598, 128904 
0.601, 128804 
0.606, 128497 
0.608, 128316 
0.612, 127345 
0.615, 126737 
0.619, 126684 
0.625, 126543 
0.630, 126035 
0.632, 125759 
0.635, 123809 
0.639, 120917 
0.642, 120835 
0.645, 119614 
0.650, 119349 
0.659, 119161 
0.663, 118523 
0.667, 117167 
0.673, 115587 
0.682, 111620 
0.688, 110493 
0.694, 110337 
0.697, 109348 
0.700, 108916 
0.704, 108577 
0.709, 108518 
0.713, 105773 
0.716, 105009 
