0.000, 563565 
0.001, 563016 
0.001, 562516 
0.001, 559064 
0.002, 555341 
0.002, 540014 
0.006, 538257 
0.010, 535838 
0.012, 535114 
0.012, 528632 
0.013, 524831 
0.015, 524829 
0.015, 521581 
0.016, 521055 
0.017, 519742 
0.018, 510871 
0.020, 503240 
0.022, 502901 
0.023, 502816 
0.025, 497575 
0.027, 496701 
0.029, 484464 
0.035, 484153 
0.042, 482707 
0.048, 463541 
0.053, 462642 
0.055, 461359 
0.056, 454820 
0.059, 454561 
0.060, 452915 
0.061, 446449 
0.063, 446425 
0.064, 444139 
0.066, 443990 
0.068, 440872 
0.069, 440401 
0.070, 433999 
0.071, 425968 
0.073, 423745 
0.074, 420885 
0.075, 411461 
0.077, 410829 
0.078, 409647 
0.080, 409391 
0.083, 408453 
0.089, 407427 
0.091, 401641 
0.092, 401150 
0.093, 387227 
0.095, 386920 
0.096, 386384 
0.099, 386272 
0.102, 385696 
0.105, 385386 
0.111, 383925 
0.112, 383570 
0.113, 383110 
0.120, 382827 
0.124, 374089 
0.124, 373017 
0.125, 372904 
0.125, 372836 
0.125, 370966 
0.126, 369564 
0.126, 366108 
0.127, 362564 
0.127, 358114 
0.128, 357865 
0.128, 357329 
0.128, 355074 
0.129, 350244 
0.130, 348190 
0.130, 347801 
0.131, 336644 
0.131, 335792 
0.132, 333846 
0.134, 333180 
0.134, 333128 
0.134, 332668 
0.134, 332262 
0.135, 331230 
0.135, 330134 
0.136, 329436 
0.136, 329347 
0.137, 328988 
0.137, 328129 
0.138, 322432 
0.139, 321849 
0.142, 320565 
0.144, 315656 
0.146, 315272 
0.149, 311325 
0.152, 309786 
0.153, 307548 
0.155, 305211 
0.156, 304942 
0.156, 303786 
0.158, 299825 
0.160, 298440 
0.162, 295346 
0.168, 294195 
0.171, 288989 
0.173, 282188 
0.176, 281402 
0.177, 280823 
0.179, 278350 
0.181, 277049 
0.185, 276480 
0.187, 275422 
0.189, 274886 
0.191, 270833 
0.193, 269337 
0.195, 268982 
0.198, 267810 
0.201, 267758 
0.204, 267094 
0.206, 266522 
0.208, 264380 
0.209, 264378 
0.211, 264316 
0.213, 261640 
0.216, 261125 
0.221, 260309 
0.226, 260009 
0.228, 259402 
0.230, 259106 
0.236, 258333 
0.237, 258304 
0.239, 256510 
0.241, 255844 
0.244, 254563 
0.246, 254216 
0.250, 251993 
0.254, 251835 
0.256, 251199 
0.259, 249810 
0.261, 247940 
0.264, 244112 
0.267, 243980 
0.271, 242966 
0.274, 240656 
0.278, 240507 
0.279, 239854 
0.280, 238923 
0.282, 235858 
0.284, 233541 
0.286, 233315 
0.288, 232455 
0.289, 231016 
0.291, 230209 
0.292, 229854 
0.294, 229352 
0.295, 228304 
0.296, 227850 
0.297, 227227 
0.301, 226996 
0.303, 226783 
0.304, 224726 
0.305, 223968 
0.306, 221160 
0.307, 220860 
0.308, 218860 
0.311, 217976 
0.312, 217651 
0.313, 214374 
0.314, 214043 
0.316, 212991 
0.318, 212868 
0.320, 212496 
0.321, 211850 
0.322, 211169 
0.324, 209429 
0.325, 209287 
0.326, 208884 
0.328, 208076 
0.329, 207649 
0.331, 203367 
0.333, 203278 
0.334, 203159 
0.335, 202730 
0.336, 202591 
0.337, 200584 
0.338, 200177 
0.339, 199384 
0.340, 197690 
0.344, 196428 
0.345, 190383 
0.347, 189486 
0.348, 188522 
0.351, 187591 
0.352, 186232 
0.354, 186070 
0.355, 185940 
0.357, 185645 
0.358, 185299 
0.360, 185221 
0.361, 183862 
0.362, 183760 
0.364, 180635 
0.366, 180441 
0.369, 179403 
0.371, 178487 
0.372, 178248 
0.373, 176863 
0.375, 174543 
0.376, 172265 
0.377, 171746 
0.379, 168518 
0.380, 167947 
0.384, 167726 
0.386, 167535 
0.387, 167357 
0.389, 167310 
0.391, 167075 
0.393, 166352 
0.395, 164171 
0.396, 163663 
0.399, 163627 
0.402, 162851 
0.404, 162811 
0.407, 162703 
0.409, 159673 
0.411, 159219 
0.413, 158046 
0.417, 156061 
0.423, 155019 
0.425, 154828 
0.427, 154537 
0.429, 154015 
0.432, 153434 
0.437, 153270 
0.439, 152895 
0.441, 152630 
0.442, 152499 
0.444, 151530 
0.446, 148746 
0.451, 147972 
0.454, 147253 
0.456, 146831 
0.459, 146644 
0.461, 145792 
0.463, 145782 
0.466, 144597 
0.469, 143794 
0.471, 137726 
0.474, 130629 
0.476, 129847 
0.478, 129426 
0.479, 128903 
0.484, 128545 
0.486, 128452 
0.488, 128228 
0.496, 127746 
0.506, 127348 
0.511, 125824 
0.518, 125745 
0.523, 125232 
0.528, 125163 
0.537, 121211 
0.540, 119206 
0.543, 119198 
0.545, 116969 
0.547, 116510 
0.551, 116246 
0.554, 115471 
0.556, 115123 
0.558, 114081 
0.560, 114004 
0.562, 113819 
0.566, 112824 
0.571, 111441 
0.573, 110333 
0.576, 110044 
0.579, 109901 
0.585, 109724 
0.589, 109558 
0.592, 109152 
0.595, 108984 
0.603, 108790 
0.607, 108628 
0.610, 108456 
0.614, 108411 
0.620, 108262 
0.624, 107437 
0.627, 107065 
0.630, 106735 
0.636, 106343 
