0.000, 578101 
0.001, 563703 
0.003, 560611 
0.004, 558755 
0.005, 557252 
0.005, 555046 
0.005, 554321 
0.005, 547563 
0.005, 545708 
0.006, 542506 
0.006, 542076 
0.006, 534583 
0.006, 533832 
0.007, 528228 
0.009, 526939 
0.009, 524604 
0.009, 523005 
0.010, 520653 
0.010, 516498 
0.010, 515715 
0.010, 514419 
0.010, 502201 
0.010, 495509 
0.011, 493172 
0.013, 492433 
0.014, 491292 
0.018, 487971 
0.022, 487852 
0.029, 487772 
0.031, 487598 
0.034, 481164 
0.038, 476766 
0.040, 476475 
0.041, 473905 
0.042, 472237 
0.043, 471120 
0.044, 470739 
0.046, 470158 
0.047, 457432 
0.049, 456039 
0.055, 455385 
0.058, 452775 
0.060, 452645 
0.062, 451122 
0.065, 446377 
0.070, 445673 
0.072, 443096 
0.075, 436059 
0.078, 433965 
0.081, 433643 
0.085, 420124 
0.088, 415495 
0.092, 412639 
0.094, 412636 
0.097, 410935 
0.098, 410437 
0.098, 410377 
0.098, 390293 
0.099, 390229 
0.099, 376307 
0.100, 374885 
0.100, 374789 
0.101, 367236 
0.101, 361527 
0.102, 361345 
0.102, 360440 
0.103, 360422 
0.103, 359701 
0.105, 358960 
0.105, 358727 
0.106, 358263 
0.106, 357550 
0.107, 356686 
0.107, 356655 
0.107, 355380 
0.108, 355362 
0.109, 354266 
0.109, 354037 
0.110, 353362 
0.111, 353120 
0.114, 352261 
0.116, 351992 
0.119, 351728 
0.121, 351696 
0.124, 351569 
0.127, 351331 
0.131, 348869 
0.135, 348317 
0.139, 343584 
0.141, 343422 
0.144, 336405 
0.147, 336005 
0.150, 334910 
0.154, 331023 
0.157, 328787 
0.160, 323630 
0.162, 323382 
0.164, 322277 
0.167, 321573 
0.171, 318482 
0.174, 316159 
0.176, 315792 
0.178, 313118 
0.180, 312915 
0.183, 311359 
0.189, 304983 
0.192, 304640 
0.194, 304003 
0.197, 301064 
0.201, 300619 
0.206, 298885 
0.209, 294805 
0.212, 293814 
0.214, 293780 
0.217, 288965 
0.220, 286821 
0.223, 284116 
0.226, 283786 
0.231, 278109 
0.233, 276446 
0.234, 276292 
0.236, 271838 
0.238, 269726 
0.239, 269205 
0.241, 267663 
0.242, 265591 
0.243, 264437 
0.245, 264255 
0.246, 262751 
0.247, 262410 
0.248, 262024 
0.250, 261695 
0.253, 261336 
0.255, 260299 
0.256, 258295 
0.257, 254057 
0.259, 253302 
0.260, 251992 
0.262, 250148 
0.263, 250087 
0.264, 248314 
0.267, 248212 
0.269, 246876 
0.274, 246052 
0.277, 245747 
0.281, 245639 
0.294, 242739 
0.297, 242493 
0.300, 242427 
0.303, 242055 
0.304, 238691 
0.306, 237494 
0.308, 236966 
0.310, 236631 
0.312, 235071 
0.313, 235032 
0.315, 234588 
0.316, 234014 
0.322, 233919 
0.324, 232168 
0.325, 226893 
0.327, 226361 
0.329, 225862 
0.330, 225738 
0.332, 225401 
0.334, 224987 
0.336, 219751 
0.338, 217142 
0.339, 214201 
0.341, 212739 
0.343, 212264 
0.344, 211291 
0.345, 210321 
0.347, 210186 
0.349, 209005 
0.351, 208294 
0.354, 206034 
0.355, 205507 
0.357, 205190 
0.359, 204768 
0.360, 203338 
0.363, 201307 
0.364, 201138 
0.366, 200275 
0.368, 200072 
0.370, 198574 
0.371, 197525 
0.373, 190833 
0.374, 190780 
0.375, 189670 
0.377, 189462 
0.378, 188944 
0.379, 188402 
0.381, 187546 
0.388, 186400 
0.390, 186224 
0.392, 183611 
0.395, 182996 
0.397, 182283 
0.399, 179291 
0.403, 177758 
0.405, 177356 
0.408, 175605 
0.410, 175514 
0.412, 175442 
0.413, 175430 
0.416, 171573 
0.418, 170245 
0.421, 169819 
0.424, 168534 
0.426, 167815 
0.428, 166754 
0.430, 166607 
0.433, 164282 
0.437, 161877 
0.439, 161069 
0.441, 159846 
0.443, 158815 
0.445, 158750 
0.447, 157181 
0.450, 157142 
0.457, 156760 
0.459, 154331 
0.461, 151942 
0.469, 151756 
0.475, 151040 
0.482, 149240 
0.487, 146571 
0.492, 144381 
0.497, 143713 
0.505, 143513 
0.510, 142787 
0.516, 142162 
0.524, 140897 
0.526, 140825 
0.528, 138850 
0.531, 138300 
0.533, 136913 
0.536, 136601 
0.540, 136563 
0.542, 136034 
0.545, 135433 
0.549, 135424 
0.552, 134925 
0.555, 134840 
0.558, 134296 
0.562, 132195 
0.565, 132053 
0.570, 130564 
0.574, 130531 
0.577, 129113 
0.580, 128333 
0.586, 127584 
0.594, 125061 
0.597, 124684 
0.601, 123340 
0.606, 123040 
0.609, 121852 
0.612, 119174 
0.614, 119074 
0.616, 118626 
0.618, 118318 
0.621, 117646 
0.624, 117601 
0.628, 117409 
0.630, 116968 
0.636, 116663 
0.641, 116143 
0.644, 115679 
0.647, 113835 
0.651, 113211 
0.655, 112398 
0.659, 111703 
0.664, 111650 
0.672, 110212 
0.675, 110204 
0.680, 108292 
0.682, 108161 
0.685, 107809 
0.691, 106979 
0.695, 105642 
0.698, 104925 
0.703, 104533 
