0.001, 578502 
0.001, 578206 
0.001, 577143 
0.001, 570960 
0.002, 564382 
0.002, 562295 
0.004, 560916 
0.004, 559549 
0.004, 554287 
0.004, 553670 
0.004, 548255 
0.005, 533185 
0.009, 531686 
0.012, 528184 
0.013, 527776 
0.013, 524984 
0.014, 510112 
0.015, 509069 
0.024, 505695 
0.027, 503450 
0.028, 502561 
0.028, 501354 
0.029, 499855 
0.030, 497956 
0.031, 495998 
0.032, 491473 
0.034, 489294 
0.038, 488806 
0.038, 481956 
0.039, 481749 
0.040, 473408 
0.042, 469999 
0.043, 461419 
0.046, 457968 
0.047, 456377 
0.048, 452859 
0.049, 452382 
0.051, 451105 
0.056, 450473 
0.057, 448621 
0.059, 442958 
0.060, 440385 
0.061, 436725 
0.062, 434215 
0.063, 419754 
0.064, 419228 
0.065, 417988 
0.066, 413911 
0.067, 406651 
0.070, 406198 
0.072, 405932 
0.073, 404150 
0.075, 400652 
0.078, 395279 
0.079, 392389 
0.081, 391770 
0.083, 391345 
0.085, 389414 
0.089, 387638 
0.094, 387398 
0.095, 387310 
0.097, 385596 
0.098, 382948 
0.101, 373506 
0.105, 372498 
0.108, 372269 
0.109, 371863 
0.110, 371621 
0.111, 370762 
0.112, 370493 
0.112, 370229 
0.113, 370197 
0.114, 370022 
0.115, 361295 
0.116, 358081 
0.119, 356438 
0.123, 352480 
0.125, 351153 
0.127, 347908 
0.129, 345136 
0.131, 345027 
0.134, 341560 
0.140, 340498 
0.142, 339180 
0.145, 337850 
0.147, 332529 
0.149, 327148 
0.154, 323276 
0.157, 320823 
0.159, 320683 
0.161, 317042 
0.163, 311885 
0.165, 308938 
0.169, 303914 
0.171, 303563 
0.173, 298861 
0.175, 298262 
0.177, 296544 
0.179, 296326 
0.180, 295651 
0.181, 295409 
0.183, 293051 
0.185, 291794 
0.188, 291580 
0.188, 291232 
0.189, 290898 
0.190, 290603 
0.192, 290516 
0.193, 289689 
0.194, 289460 
0.197, 284499 
0.199, 283986 
0.202, 283156 
0.205, 282892 
0.208, 282575 
0.210, 282336 
0.212, 281737 
0.215, 281174 
0.218, 278754 
0.221, 276071 
0.223, 274815 
0.226, 274324 
0.230, 271900 
0.231, 271516 
0.232, 271295 
0.236, 271226 
0.238, 270897 
0.240, 269929 
0.241, 269707 
0.243, 268040 
0.244, 265748 
0.246, 265420 
0.247, 265407 
0.248, 265012 
0.249, 263588 
0.251, 263074 
0.254, 254685 
0.255, 254175 
0.257, 253651 
0.258, 252828 
0.260, 251466 
0.262, 250806 
0.263, 250729 
0.264, 249489 
0.265, 248317 
0.267, 247976 
0.271, 246621 
0.273, 243839 
0.274, 243168 
0.275, 242113 
0.277, 241731 
0.278, 240902 
0.279, 240735 
0.280, 240355 
0.281, 240315 
0.283, 240118 
0.285, 239101 
0.287, 238669 
0.289, 238392 
0.291, 238154 
0.292, 234531 
0.296, 234200 
0.297, 234040 
0.298, 233590 
0.300, 231348 
0.302, 231069 
0.303, 230399 
0.304, 228971 
0.304, 228164 
0.304, 222014 
0.305, 221132 
0.305, 219590 
0.305, 219532 
0.306, 219529 
0.306, 219130 
0.306, 218647 
0.306, 217742 
0.307, 216295 
0.308, 215993 
0.309, 213103 
0.310, 209280 
0.312, 205801 
0.313, 205372 
0.314, 204133 
0.316, 201385 
0.317, 201364 
0.320, 201098 
0.322, 201032 
0.324, 200998 
0.325, 200781 
0.326, 199235 
0.328, 198497 
0.329, 197609 
0.331, 195545 
0.332, 193308 
0.334, 192784 
0.337, 192013 
0.339, 191820 
0.341, 190631 
0.343, 190065 
0.344, 188552 
0.346, 188191 
0.348, 187889 
0.349, 186624 
0.351, 186385 
0.355, 186154 
0.357, 184956 
0.358, 181867 
0.360, 181766 
0.361, 181736 
0.363, 181643 
0.364, 181309 
0.366, 178466 
0.369, 177137 
0.372, 175301 
0.373, 175209 
0.375, 175104 
0.377, 174515 
0.378, 174304 
0.380, 172991 
0.382, 172852 
0.384, 171872 
0.387, 171811 
0.390, 166631 
0.392, 165351 
0.394, 164812 
0.396, 164585 
0.397, 162320 
0.398, 161666 
0.400, 161315 
0.403, 160807 
0.405, 160456 
0.407, 159818 
0.408, 159420 
0.410, 158984 
0.412, 158673 
0.417, 158647 
0.423, 156405 
0.428, 156230 
0.432, 155191 
0.438, 154894 
0.444, 154278 
0.448, 153609 
0.454, 152625 
0.460, 152129 
0.464, 150322 
0.467, 149637 
0.473, 149577 
0.476, 148645 
0.478, 147745 
0.480, 147700 
0.482, 147508 
0.485, 146009 
0.488, 145723 
0.490, 144711 
0.494, 143247 
0.496, 143184 
0.499, 142993 
0.502, 140563 
0.506, 140223 
0.509, 139167 
0.511, 138252 
0.514, 136124 
0.516, 135197 
0.521, 133489 
0.526, 133087 
0.529, 132729 
0.532, 132634 
0.536, 131381 
0.540, 130958 
0.543, 130733 
0.546, 129997 
0.548, 129548 
0.551, 129114 
0.554, 128787 
0.557, 128709 
0.559, 128592 
0.562, 127833 
0.564, 127692 
0.567, 126812 
0.570, 125160 
0.573, 124599 
0.576, 123731 
0.579, 122901 
0.581, 122545 
0.583, 122537 
0.589, 121317 
0.593, 118608 
0.596, 118131 
0.602, 117472 
0.606, 117188 
0.609, 116558 
0.612, 115031 
0.614, 114303 
0.617, 114270 
0.620, 113567 
0.623, 113230 
0.626, 111393 
0.629, 110734 
0.633, 110629 
0.637, 110109 
0.641, 109753 
0.644, 109581 
0.646, 107679 
0.648, 106855 
0.650, 106850 
0.653, 106379 
0.657, 106371 
0.661, 106150 
0.663, 104749 
0.666, 103937 
0.671, 103239 
