0.000, 7395337 
0.000, 7379019 
0.000, 7367128 
0.000, 7351443 
0.001, 7327403 
0.001, 7273255 
0.001, 7234957 
0.001, 7233390 
0.001, 7104977 
0.001, 7072564 
0.001, 7049551 
0.002, 7013387 
0.002, 7001477 
0.002, 6958756 
0.002, 6952337 
0.002, 6922481 
0.002, 6874097 
0.002, 6834895 
0.002, 6800034 
0.003, 6769625 
0.003, 6745613 
0.003, 6739823 
0.003, 6720726 
0.003, 6687678 
0.004, 6657755 
0.004, 6650986 
0.004, 6643855 
0.004, 6618260 
0.004, 6429319 
0.005, 6401318 
0.005, 6395534 
0.006, 6376495 
0.006, 6178863 
0.006, 6176586 
0.006, 6174044 
0.006, 6141146 
0.006, 6134077 
0.006, 6121089 
0.006, 6114690 
0.006, 6099019 
0.006, 6098355 
0.006, 6092935 
0.006, 6083129 
0.007, 6082285 
0.007, 6000372 
0.007, 5999896 
0.007, 5979441 
0.007, 5949116 
0.007, 5934752 
0.007, 5930708 
0.007, 5916886 
0.007, 5901953 
0.007, 5899765 
0.007, 5898054 
0.007, 5838483 
0.007, 5837975 
0.007, 5805529 
0.007, 5728275 
0.007, 5712516 
0.007, 5697730 
0.007, 5672640 
0.007, 5670093 
0.008, 5669777 
0.008, 5668840 
0.008, 5652181 
0.008, 5536056 
0.008, 5368632 
0.008, 5362986 
0.008, 5119488 
0.008, 5117385 
0.008, 5109546 
0.008, 5090035 
0.008, 5065800 
0.008, 5062311 
0.008, 5052354 
0.009, 5039147 
0.009, 5010961 
0.009, 5007652 
0.009, 4977041 
0.009, 4957291 
0.009, 4939277 
0.009, 4929384 
0.009, 4928979 
0.010, 4925518 
0.010, 4894024 
0.010, 4880624 
0.010, 4865393 
0.010, 4815867 
0.010, 4792545 
0.010, 4785552 
0.011, 4770672 
0.011, 4756540 
0.011, 4756109 
0.011, 4754404 
0.011, 4748023 
0.011, 4735177 
0.011, 4675110 
0.011, 4672269 
0.011, 4671105 
0.011, 4662689 
0.011, 4660228 
0.012, 4642763 
0.012, 4636615 
0.012, 4635625 
0.013, 4589478 
0.014, 4578518 
0.015, 4495160 
0.015, 4492703 
0.015, 4492064 
0.015, 4487192 
0.016, 4475548 
0.016, 4474078 
0.016, 4463259 
0.016, 4377014 
0.016, 4370598 
0.016, 4360730 
0.016, 4350901 
0.016, 4334494 
0.016, 4316427 
0.016, 4307812 
0.016, 4301338 
0.017, 4295837 
0.017, 4292563 
0.019, 4290369 
0.019, 4284753 
0.020, 4271761 
0.020, 4267557 
0.020, 4265581 
0.021, 4263487 
0.021, 4255470 
0.022, 4255274 
0.022, 4253580 
0.024, 4245730 
0.026, 4241775 
0.027, 4214991 
0.029, 4208537 
0.031, 4204269 
0.032, 4156220 
0.034, 4103748 
0.036, 4092264 
0.036, 4090513 
0.036, 4079951 
0.036, 4077658 
0.037, 4071712 
0.037, 4066976 
0.038, 4060022 
0.040, 4037536 
0.042, 4028950 
0.044, 3988734 
0.046, 3908878 
0.047, 3907730 
0.048, 3901045 
0.050, 3895506 
0.052, 3882111 
0.054, 3881368 
0.056, 3879502 
0.058, 3863103 
0.063, 3854411 
0.064, 3840571 
0.066, 3837927 
0.068, 3836612 
0.069, 3709072 
0.071, 3687469 
0.073, 3667610 
0.075, 3667152 
0.077, 3652564 
0.080, 3598953 
0.082, 3598506 
0.084, 3555260 
0.087, 3530257 
0.088, 3524210 
0.088, 3519216 
0.089, 3517401 
0.089, 3514436 
0.090, 3513507 
0.090, 3510054 
0.091, 3509282 
0.092, 3476358 
0.093, 3476021 
0.094, 3436268 
0.096, 3421952 
0.097, 3405563 
0.099, 3373164 
0.101, 3345263 
0.102, 3331558 
0.104, 3326925 
0.105, 3314361 
0.108, 3268992 
0.109, 3263060 
0.111, 3187251 
0.113, 3182094 
0.114, 3178906 
0.114, 3163019 
0.114, 3162273 
0.114, 3142637 
0.114, 3141453 
0.114, 3139718 
0.114, 3134543 
0.116, 3121884 
0.117, 3118296 
0.119, 3095930 
0.120, 3088775 
0.122, 3071693 
0.124, 2984321 
0.127, 2983858 
0.128, 2983349 
0.128, 2979960 
0.128, 2976241 
0.128, 2966287 
0.128, 2965016 
0.128, 2958341 
0.129, 2957893 
0.129, 2953537 
0.131, 2923926 
0.133, 2907060 
0.135, 2895396 
0.137, 2873553 
0.139, 2865013 
0.141, 2813717 
0.143, 2792604 
0.145, 2785297 
0.147, 2782672 
0.149, 2747036 
0.151, 2741026 
0.154, 2702652 
0.156, 2701552 
0.158, 2695066 
0.160, 2692592 
0.162, 2574933 
0.164, 2572677 
0.167, 2560084 
0.169, 2554078 
0.171, 2531282 
0.174, 2528597 
0.176, 2481347 
0.178, 2437760 
0.180, 2424341 
0.183, 2423506 
0.187, 2380086 
0.188, 2307896 
0.190, 2303162 
0.191, 2241067 
0.192, 2202816 
0.194, 2182703 
0.195, 2172956 
0.196, 2095014 
0.197, 2040361 
0.199, 2036169 
0.200, 2015750 
0.201, 1980379 
0.203, 1976845 
0.204, 1916131 
0.205, 1902110 
0.207, 1860914 
0.208, 1805948 
0.210, 1749824 
0.211, 1744984 
0.213, 1727914 
0.214, 1719841 
0.215, 1698498 
0.217, 1687266 
0.218, 1670519 
0.220, 1651080 
0.221, 1632727 
0.223, 1631864 
0.224, 1626685 
