0.000, 7512622 
0.000, 7485418 
0.000, 7463512 
0.000, 7463490 
0.000, 7417955 
0.000, 7396895 
0.000, 7188258 
0.000, 7187808 
0.001, 7171281 
0.001, 7142037 
0.001, 7001633 
0.001, 6900860 
0.001, 6854931 
0.001, 6853523 
0.001, 6814931 
0.001, 6636973 
0.002, 6613275 
0.002, 6562851 
0.002, 6551517 
0.002, 6547650 
0.002, 6534617 
0.003, 6458715 
0.003, 6403804 
0.003, 6380465 
0.004, 6371711 
0.004, 6360526 
0.005, 6346783 
0.005, 6296949 
0.005, 6274263 
0.005, 6256454 
0.005, 6234760 
0.005, 6234121 
0.005, 6218308 
0.006, 6193765 
0.006, 6189938 
0.006, 6157940 
0.006, 6143505 
0.006, 6142916 
0.006, 6119106 
0.006, 6094642 
0.006, 6065021 
0.006, 6053171 
0.006, 6034163 
0.006, 6014979 
0.006, 6012577 
0.007, 6008549 
0.007, 5993175 
0.007, 5979813 
0.007, 5976914 
0.007, 5969084 
0.007, 5949605 
0.007, 5946455 
0.007, 5890773 
0.007, 5829889 
0.007, 5807766 
0.007, 5550586 
0.007, 5483698 
0.007, 5471705 
0.008, 5425511 
0.008, 5417018 
0.008, 5348043 
0.008, 5248082 
0.008, 5247326 
0.008, 5199153 
0.008, 5191213 
0.008, 5159964 
0.008, 5099249 
0.008, 5093500 
0.008, 5092334 
0.008, 5088908 
0.008, 5071833 
0.008, 5047093 
0.008, 4990781 
0.009, 4987338 
0.009, 4986393 
0.009, 4956570 
0.009, 4950216 
0.010, 4937720 
0.010, 4937209 
0.010, 4933583 
0.011, 4923482 
0.011, 4912993 
0.011, 4911756 
0.011, 4910934 
0.011, 4909751 
0.011, 4909417 
0.011, 4801995 
0.011, 4787113 
0.011, 4753672 
0.013, 4753454 
0.014, 4744838 
0.015, 4582528 
0.016, 4576711 
0.017, 4572128 
0.018, 4487707 
0.019, 4484396 
0.020, 4484174 
0.021, 4483266 
0.021, 4477523 
0.021, 4475605 
0.022, 4468920 
0.025, 4461791 
0.028, 4458144 
0.031, 4457959 
0.033, 4447240 
0.036, 4378347 
0.039, 4368029 
0.041, 4359968 
0.043, 4311636 
0.046, 4265535 
0.050, 4240841 
0.052, 4236926 
0.055, 4214467 
0.058, 4169334 
0.064, 4149959 
0.066, 4145391 
0.066, 4097470 
0.067, 4090315 
0.068, 3990174 
0.069, 3930399 
0.070, 3797912 
0.071, 3748344 
0.072, 3691483 
0.074, 3681439 
0.075, 3643676 
0.076, 3593209 
0.077, 3576840 
0.077, 3544091 
0.079, 3520215 
0.079, 3519574 
0.079, 3513184 
0.079, 3511913 
0.079, 3505238 
0.079, 3492241 
0.079, 3491518 
0.080, 3487437 
0.080, 3455251 
0.080, 3451217 
0.081, 3407544 
0.081, 3398736 
0.081, 3398043 
0.081, 3396513 
0.081, 3387335 
0.081, 3376569 
0.081, 3374984 
0.081, 3362946 
0.081, 3352863 
0.082, 3346566 
0.084, 3148514 
0.085, 3130198 
0.086, 3122914 
0.087, 3122142 
0.088, 3098718 
0.088, 3098479 
0.089, 3097336 
0.090, 3075201 
0.092, 3013720 
0.093, 3001036 
0.094, 2855469 
0.095, 2829284 
0.096, 2828175 
0.096, 2804118 
0.096, 2793654 
0.096, 2773727 
0.097, 2751483 
0.097, 2743937 
0.097, 2685120 
0.097, 2682702 
0.098, 2660409 
0.098, 2650216 
0.098, 2634637 
0.099, 2623467 
0.099, 2622971 
0.099, 2551102 
0.100, 2540354 
0.100, 2537306 
0.100, 2531245 
0.101, 2529160 
0.101, 2515117 
0.101, 2467794 
0.102, 2464083 
0.102, 2461696 
0.102, 2448737 
0.103, 2429022 
0.103, 2425899 
0.103, 2421275 
0.103, 2409658 
0.104, 2404957 
0.104, 2386765 
0.105, 2366491 
0.106, 2359700 
0.107, 2338025 
0.108, 2323374 
0.109, 2308096 
0.110, 2284999 
0.112, 2256584 
0.113, 2255907 
0.114, 2234385 
0.115, 2221931 
0.116, 2212709 
0.117, 2202055 
0.118, 2165365 
0.120, 2161834 
0.121, 2134950 
0.122, 2117295 
0.125, 2104191 
0.126, 2084981 
0.128, 2081422 
0.130, 2002426 
0.132, 1990854 
0.133, 1936298 
0.135, 1869515 
0.137, 1866753 
0.139, 1841918 
0.141, 1744598 
0.143, 1742863 
0.145, 1728396 
0.147, 1726725 
0.150, 1719266 
0.151, 1718337 
0.153, 1703281 
0.155, 1659866 
0.157, 1648938 
0.160, 1638777 
0.162, 1627233 
0.164, 1604517 
0.167, 1598869 
0.170, 1598272 
0.174, 1597900 
0.176, 1596652 
0.177, 1587007 
