0.001, 7324642 
0.001, 7302733 
0.001, 7284072 
0.001, 7255891 
0.001, 7249717 
0.001, 7238007 
0.001, 7235636 
0.002, 7231066 
0.002, 7211736 
0.002, 7192283 
0.002, 7163202 
0.002, 7130267 
0.003, 7121020 
0.003, 7105359 
0.003, 7101095 
0.003, 7098629 
0.003, 7097802 
0.003, 7078033 
0.004, 7056707 
0.004, 7052961 
0.004, 7025971 
0.004, 6770479 
0.004, 6737268 
0.004, 6734253 
0.005, 6723208 
0.005, 6722424 
0.005, 6711239 
0.005, 6709470 
0.005, 6694724 
0.006, 6692662 
0.006, 6679622 
0.006, 6659080 
0.006, 6654530 
0.006, 6643550 
0.006, 6639671 
0.006, 6614331 
0.006, 6609113 
0.006, 6601877 
0.006, 6587471 
0.006, 6546579 
0.006, 6533741 
0.006, 6526052 
0.006, 6405325 
0.006, 6404398 
0.006, 6403402 
0.007, 6403305 
0.007, 6402011 
0.007, 6398069 
0.007, 6393902 
0.007, 6380434 
0.007, 6373133 
0.007, 6292595 
0.007, 6279821 
0.007, 6263793 
0.007, 6231873 
0.007, 6227468 
0.008, 6211051 
0.008, 6164128 
0.008, 6161461 
0.008, 6153999 
0.008, 6139443 
0.008, 6091742 
0.008, 6089291 
0.008, 6046930 
0.008, 6044606 
0.008, 6044214 
0.008, 6029857 
0.008, 5737023 
0.008, 5732790 
0.008, 5718806 
0.008, 5707442 
0.008, 5667377 
0.009, 5648656 
0.009, 5637196 
0.009, 5620492 
0.009, 5524914 
0.009, 5509419 
0.009, 5493845 
0.009, 5481565 
0.009, 5481253 
0.010, 5480553 
0.010, 5475903 
0.010, 5475051 
0.011, 5474206 
0.011, 5472783 
0.012, 5467275 
0.012, 5458781 
0.012, 5449184 
0.012, 5440340 
0.012, 5432675 
0.012, 5337016 
0.012, 5333446 
0.012, 5230871 
0.013, 5213298 
0.013, 5211402 
0.013, 5209943 
0.014, 5167648 
0.015, 5165461 
0.016, 5122351 
0.017, 5121643 
0.018, 5117099 
0.019, 5102725 
0.021, 5092565 
0.022, 5088297 
0.024, 5086067 
0.024, 5082929 
0.024, 5081951 
0.024, 5081940 
0.025, 5068360 
0.025, 5066706 
0.025, 5056533 
0.025, 5041893 
0.025, 5041151 
0.025, 5039354 
0.026, 5038871 
0.026, 5038206 
0.027, 5024310 
0.027, 5022271 
0.027, 5020925 
0.027, 5019007 
0.028, 5008367 
0.028, 5006706 
0.030, 4942825 
0.031, 4942732 
0.032, 4937456 
0.033, 4933801 
0.033, 4929826 
0.033, 4919775 
0.033, 4913433 
0.034, 4872212 
0.034, 4864565 
0.035, 4857045 
0.035, 4854231 
0.036, 4837494 
0.036, 4832718 
0.037, 4830460 
0.037, 4828919 
0.038, 4826283 
0.038, 4766637 
0.039, 4763208 
0.040, 4760085 
0.040, 4745483 
0.041, 4735904 
0.041, 4735061 
0.042, 4734420 
0.042, 4730500 
0.045, 4642712 
0.046, 4639707 
0.046, 4635725 
0.048, 4623918 
0.049, 4601809 
0.051, 4598707 
0.053, 4589280 
0.054, 4445062 
0.056, 4437606 
0.058, 4421675 
0.064, 4330108 
0.065, 4329305 
0.067, 4317958 
0.069, 4215802 
0.070, 4213197 
0.072, 4144084 
0.074, 4024153 
0.076, 4023922 
0.078, 4020770 
0.079, 3938627 
0.081, 3938017 
0.082, 3934976 
0.083, 3934896 
0.085, 3933703 
0.086, 3822913 
0.088, 3821681 
0.089, 3818660 
0.090, 3772421 
0.090, 3771133 
0.090, 3769949 
0.090, 3768214 
0.090, 3763039 
0.090, 3757867 
0.091, 3756108 
0.092, 3753628 
0.092, 3750112 
0.093, 3744318 
0.094, 3738740 
0.095, 3670413 
0.096, 3656037 
0.097, 3638327 
0.098, 3636445 
0.099, 3620476 
0.100, 3618722 
0.102, 3564167 
0.103, 3545648 
0.104, 3533859 
0.105, 3512299 
0.106, 3497938 
0.107, 3494730 
0.108, 3483226 
0.110, 3448484 
0.111, 3436134 
0.112, 3431459 
0.113, 3256039 
0.115, 3217862 
0.116, 3214178 
0.116, 3212087 
0.116, 3184529 
0.118, 3178109 
0.119, 3162792 
0.121, 3148534 
0.123, 3130609 
0.124, 3064286 
0.127, 3057131 
0.129, 3056597 
0.131, 3035312 
0.133, 3032025 
0.135, 3022782 
0.137, 3021607 
0.139, 2937410 
0.139, 2916848 
0.139, 2911179 
0.139, 2911168 
0.139, 2910992 
0.140, 2904644 
0.140, 2892707 
0.140, 2876793 
0.141, 2873482 
0.142, 2852364 
0.143, 2599233 
0.143, 2572452 
0.144, 2493082 
0.145, 2488940 
0.146, 2450240 
0.146, 2432907 
0.147, 2432717 
0.148, 2429479 
0.149, 2378901 
0.150, 2375596 
0.150, 2317277 
0.151, 2307451 
0.152, 2295860 
0.153, 2295115 
0.154, 2286891 
0.154, 2286444 
0.155, 2275598 
0.156, 2275205 
0.157, 2272284 
0.158, 2269406 
0.159, 2209979 
0.160, 2209090 
0.161, 2176867 
0.162, 2155421 
0.163, 2095157 
0.164, 2094146 
0.165, 2063825 
0.167, 2060561 
0.168, 2042757 
0.169, 2024193 
0.170, 2011200 
0.171, 2001745 
0.172, 1995477 
0.173, 1995464 
0.174, 1990851 
0.176, 1990689 
0.177, 1987115 
0.178, 1973232 
0.179, 1959789 
0.181, 1959444 
0.182, 1941091 
0.183, 1940228 
0.185, 1921540 
0.188, 1894267 
0.189, 1849626 
0.190, 1825595 
0.190, 1710524 
0.191, 1708789 
0.192, 1694322 
0.193, 1693403 
0.194, 1686794 
0.195, 1684002 
0.195, 1676423 
0.197, 1676422 
0.200, 1659896 
0.204, 1649540 
0.206, 1647040 
0.207, 1641413 
0.209, 1640551 
0.211, 1639744 
0.211, 1635871 
0.213, 1635232 
