0.000, 7736036 
0.000, 7716866 
0.000, 7628102 
0.000, 7620871 
0.000, 7611017 
0.000, 7604854 
0.000, 7523213 
0.001, 7494936 
0.001, 7483737 
0.001, 7450274 
0.002, 7450220 
0.002, 7420204 
0.002, 7414052 
0.002, 7354865 
0.002, 7346205 
0.002, 7070658 
0.002, 7057544 
0.002, 7024785 
0.002, 7011872 
0.002, 7011364 
0.003, 6996137 
0.003, 6909193 
0.003, 6885584 
0.003, 6865134 
0.003, 6859860 
0.003, 6840772 
0.004, 6832136 
0.004, 6830334 
0.004, 6803587 
0.004, 6797113 
0.005, 6783880 
0.005, 6744810 
0.005, 6716513 
0.005, 6707263 
0.005, 6700646 
0.005, 6695024 
0.005, 6694550 
0.005, 6689739 
0.005, 6689334 
0.005, 6678223 
0.005, 6667635 
0.005, 6658674 
0.005, 6569027 
0.005, 6568680 
0.005, 6554120 
0.005, 6540725 
0.005, 6533691 
0.005, 6525152 
0.006, 6507858 
0.006, 6507219 
0.006, 6493986 
0.006, 6447496 
0.006, 6444408 
0.006, 6333077 
0.006, 6221258 
0.006, 6207372 
0.007, 6192325 
0.007, 6092856 
0.007, 6089986 
0.007, 6087144 
0.007, 6030559 
0.008, 6020222 
0.008, 5932398 
0.008, 5914807 
0.008, 5865861 
0.008, 5864351 
0.008, 5822359 
0.008, 5783682 
0.008, 5777858 
0.009, 5664253 
0.009, 5663548 
0.009, 5648052 
0.009, 5647708 
0.009, 5632324 
0.009, 5612096 
0.009, 5605499 
0.009, 5602694 
0.009, 5455472 
0.010, 5440132 
0.010, 5438397 
0.011, 5435554 
0.011, 5432280 
0.012, 5431032 
0.013, 5430768 
0.013, 5424913 
0.014, 5420200 
0.015, 5391448 
0.015, 5387244 
0.016, 5299914 
0.016, 5283866 
0.017, 5198296 
0.018, 5195500 
0.018, 5164726 
0.019, 5033613 
0.020, 5029951 
0.020, 5026319 
0.021, 5014888 
0.021, 4970100 
0.023, 4956815 
0.023, 4956613 
0.024, 4882253 
0.025, 4869346 
0.026, 4868892 
0.026, 4759027 
0.027, 4733266 
0.028, 4727843 
0.028, 4711715 
0.029, 4709279 
0.029, 4708933 
0.030, 4706630 
0.030, 4694613 
0.031, 4681239 
0.032, 4662376 
0.032, 4630530 
0.033, 4630161 
0.034, 4629669 
0.034, 4625913 
0.035, 4624708 
0.036, 4619973 
0.038, 4613990 
0.039, 4594706 
0.040, 4559125 
0.040, 4555031 
0.043, 4554683 
0.044, 4546522 
0.045, 4544606 
0.047, 4542429 
0.049, 4527515 
0.051, 4389476 
0.052, 4386554 
0.052, 4372029 
0.054, 4362652 
0.055, 4352455 
0.055, 4318351 
0.056, 4314922 
0.057, 4306035 
0.058, 4300850 
0.060, 4271115 
0.062, 4256995 
0.066, 4256734 
0.068, 4246831 
0.069, 4225156 
0.071, 4196776 
0.072, 4195829 
0.073, 4178910 
0.074, 4135776 
0.076, 4135485 
0.077, 4135072 
0.078, 4059093 
0.079, 4056492 
0.081, 4040873 
0.082, 4040549 
0.083, 3933948 
0.083, 3896998 
0.084, 3895998 
0.084, 3892419 
0.084, 3885025 
0.085, 3882828 
0.085, 3828918 
0.086, 3684420 
0.086, 3633330 
0.087, 3626094 
0.087, 3610841 
0.088, 3601386 
0.089, 3593886 
0.089, 3593616 
0.090, 3589084 
0.092, 3564266 
0.093, 3542875 
0.094, 3535793 
0.096, 3516958 
0.097, 3514576 
0.098, 3511800 
0.100, 3458878 
0.101, 3446354 
0.102, 3438474 
0.103, 3435414 
0.105, 3411991 
0.106, 3392524 
0.108, 3291535 
0.110, 3231462 
0.111, 3186467 
0.113, 3155947 
0.115, 3133189 
0.115, 3127125 
0.115, 3126658 
0.115, 3121938 
0.115, 3111248 
0.115, 3105950 
0.115, 3101923 
0.116, 3094262 
0.116, 3093787 
0.117, 3093195 
0.118, 3064824 
0.118, 3059589 
0.119, 3056683 
0.120, 3041476 
0.120, 3035053 
0.121, 3026852 
0.122, 3025041 
0.123, 2971164 
0.123, 2939001 
0.124, 2933747 
0.125, 2932928 
0.126, 2931484 
0.126, 2902895 
0.127, 2891658 
0.127, 2815001 
0.128, 2776062 
0.128, 2771134 
0.129, 2758756 
0.129, 2738604 
0.130, 2735175 
0.132, 2726886 
0.134, 2726713 
0.137, 2663028 
0.140, 2640654 
0.143, 2639333 
0.145, 2637598 
0.147, 2637453 
0.150, 2624198 
0.152, 2585828 
0.155, 2557629 
0.158, 2524560 
0.160, 2416989 
0.163, 2390987 
0.165, 2348835 
0.167, 2309919 
0.170, 2179205 
0.172, 2156994 
0.175, 2136665 
0.177, 2097955 
0.180, 2097029 
0.183, 2087519 
0.187, 2061704 
0.190, 2033089 
0.193, 2003293 
0.198, 1933695 
0.200, 1872927 
0.202, 1850211 
0.204, 1836996 
0.207, 1807960 
0.209, 1793341 
0.211, 1758939 
0.212, 1748216 
0.214, 1742303 
0.216, 1730942 
0.218, 1686878 
0.223, 1686737 
0.225, 1675129 
0.227, 1666112 
0.229, 1664880 
0.231, 1661338 
0.232, 1659432 
0.234, 1659172 
0.235, 1658477 
0.237, 1655496 
0.238, 1653802 
