0.000, 7631850 
0.000, 7610734 
0.000, 7585653 
0.000, 7585327 
0.001, 7560685 
0.001, 7540936 
0.001, 7529984 
0.001, 7524979 
0.001, 7508255 
0.001, 7496641 
0.001, 7408687 
0.001, 7392750 
0.001, 7384716 
0.002, 7383085 
0.002, 7362945 
0.002, 7346099 
0.003, 7342616 
0.003, 7341698 
0.003, 7323127 
0.003, 7319586 
0.003, 7221215 
0.004, 7212192 
0.004, 7209677 
0.004, 7121095 
0.005, 7107504 
0.005, 7053276 
0.005, 7037161 
0.005, 6995194 
0.005, 6991996 
0.005, 6964515 
0.005, 6960442 
0.005, 6954396 
0.005, 6904110 
0.005, 6899443 
0.005, 6890778 
0.005, 6797582 
0.006, 6786199 
0.006, 6750495 
0.006, 6746094 
0.006, 6741894 
0.006, 6731791 
0.006, 6729895 
0.006, 6728901 
0.006, 6726932 
0.007, 6716226 
0.007, 6466820 
0.007, 6466794 
0.007, 6288167 
0.007, 6287654 
0.007, 6283046 
0.007, 6280575 
0.007, 6278892 
0.007, 6263800 
0.007, 6241682 
0.007, 6230736 
0.007, 6221996 
0.008, 6221465 
0.008, 6203981 
0.008, 6199181 
0.008, 6184298 
0.008, 6169527 
0.008, 6147347 
0.008, 6126805 
0.009, 6117014 
0.009, 6112162 
0.009, 6108034 
0.009, 6100802 
0.010, 6097388 
0.010, 6097108 
0.010, 6093174 
0.010, 6089835 
0.010, 6038040 
0.010, 6018116 
0.010, 6008087 
0.010, 6007290 
0.011, 5967471 
0.011, 5955039 
0.011, 5954091 
0.011, 5948473 
0.011, 5946717 
0.011, 5945382 
0.011, 5939713 
0.012, 5921467 
0.012, 5903542 
0.012, 5893607 
0.013, 5880070 
0.014, 5859691 
0.015, 5854936 
0.016, 5821095 
0.017, 5813217 
0.018, 5809839 
0.019, 5803386 
0.019, 5763427 
0.020, 5754714 
0.021, 5740269 
0.023, 5713088 
0.025, 5708427 
0.026, 5668826 
0.027, 5668658 
0.028, 5668312 
0.029, 5666003 
0.030, 5629959 
0.031, 5628004 
0.031, 5620315 
0.032, 5611971 
0.033, 5606993 
0.034, 5594669 
0.035, 5587251 
0.036, 5575840 
0.037, 5568163 
0.037, 5560199 
0.038, 5547479 
0.040, 5527981 
0.041, 5526026 
0.043, 5517170 
0.044, 5506460 
0.046, 5504537 
0.047, 5498424 
0.048, 5475616 
0.051, 5427441 
0.052, 5421320 
0.055, 5392373 
0.057, 5362173 
0.063, 5341798 
0.065, 5332295 
0.067, 5322845 
0.068, 5214684 
0.070, 5190663 
0.072, 5180262 
0.073, 5179981 
0.075, 5179401 
0.076, 5179053 
0.076, 5172329 
0.077, 5170961 
0.077, 5163381 
0.077, 5150575 
0.078, 5138828 
0.079, 5135357 
0.079, 5065025 
0.079, 5058650 
0.079, 5045689 
0.080, 5042557 
0.080, 5039537 
0.080, 5039371 
0.080, 5033193 
0.081, 5003076 
0.082, 4991534 
0.083, 4987991 
0.084, 4986151 
0.084, 4961235 
0.085, 4951493 
0.086, 4928858 
0.087, 4922415 
0.088, 4922259 
0.089, 4794222 
0.090, 4627878 
0.091, 4615067 
0.092, 4585976 
0.093, 4344571 
0.094, 4328073 
0.095, 4320974 
0.096, 4320332 
0.097, 4285192 
0.099, 4240295 
0.100, 4237368 
0.101, 4236340 
0.102, 4225218 
0.103, 4212472 
0.103, 4212421 
0.104, 4212314 
0.106, 4210976 
0.107, 4207782 
0.107, 4203798 
0.107, 4199914 
0.107, 4199602 
0.107, 4195049 
0.107, 4193978 
0.107, 4186742 
0.107, 4184613 
0.108, 4183190 
0.109, 4154506 
0.110, 4150284 
0.112, 4140345 
0.113, 4139152 
0.114, 4136111 
0.116, 4127361 
0.117, 4051158 
0.117, 4048550 
0.118, 4044072 
0.119, 3991833 
0.119, 3985313 
0.119, 3981449 
0.120, 3980991 
0.121, 3978431 
0.122, 3977458 
0.123, 3871585 
0.123, 3867363 
0.124, 3866592 
0.125, 3839643 
0.125, 3839094 
0.125, 3825041 
0.126, 3819866 
0.127, 3818165 
0.128, 3803619 
0.129, 3802600 
0.130, 3801363 
0.131, 3799359 
0.132, 3785031 
0.133, 3762215 
0.134, 3759999 
0.135, 3756495 
0.135, 3746203 
0.136, 3744959 
0.137, 3674047 
0.138, 3653515 
0.139, 3651697 
0.139, 3571503 
0.140, 3571223 
0.140, 3568971 
0.141, 3559108 
0.142, 3526857 
0.143, 3519601 
0.143, 3514974 
0.144, 3508983 
0.145, 3483950 
0.145, 3478180 
0.146, 3477188 
0.147, 3218251 
0.147, 3218012 
0.148, 3216869 
0.149, 3208715 
0.150, 3198852 
0.151, 3196024 
0.152, 3159957 
0.153, 3112619 
0.154, 3105464 
0.155, 3090305 
0.157, 3070930 
0.158, 3066036 
0.160, 2984889 
0.161, 2966007 
0.163, 2935368 
0.164, 2823843 
0.166, 2783831 
0.167, 2630374 
0.169, 2566433 
0.170, 2513859 
0.172, 2446710 
0.173, 2418477 
0.175, 2303808 
0.176, 2290412 
0.178, 2242542 
0.180, 2170262 
0.181, 2160332 
0.183, 2076854 
0.185, 1979087 
0.187, 1950971 
0.189, 1941930 
0.191, 1836016 
0.193, 1825000 
0.195, 1820100 
0.197, 1803123 
0.198, 1801982 
0.201, 1794216 
0.203, 1781923 
0.205, 1776651 
0.209, 1761728 
0.210, 1759346 
0.211, 1741691 
0.212, 1727105 
0.213, 1721988 
0.215, 1719394 
0.216, 1699675 
0.217, 1690987 
0.219, 1687972 
0.220, 1687597 
0.221, 1684426 
0.223, 1684204 
0.224, 1671245 
0.225, 1668728 
0.227, 1666512 
0.228, 1658762 
0.230, 1658318 
0.231, 1658076 
0.232, 1655022 
0.234, 1652574 
0.235, 1642930 
0.237, 1640967 
