0.000, 6942286 
0.000, 6940721 
0.000, 6935677 
0.000, 6897484 
0.000, 6890381 
0.000, 6885683 
0.000, 6828631 
0.001, 6798317 
0.001, 6791618 
0.001, 6764070 
0.001, 6711409 
0.001, 6645366 
0.001, 6640086 
0.002, 6615684 
0.002, 6608521 
0.002, 6533113 
0.002, 6428825 
0.002, 6403662 
0.002, 6402432 
0.003, 6400994 
0.003, 6371013 
0.003, 6369892 
0.003, 6304842 
0.003, 6288357 
0.004, 6275780 
0.004, 6256381 
0.005, 6237269 
0.005, 6227276 
0.006, 6160315 
0.006, 6066929 
0.006, 6041414 
0.007, 6030924 
0.007, 6012546 
0.007, 6012180 
0.007, 6011092 
0.007, 5975346 
0.007, 5965090 
0.007, 5894391 
0.007, 5892186 
0.007, 5858683 
0.007, 5858154 
0.007, 5847536 
0.007, 5775108 
0.007, 5769357 
0.007, 5760814 
0.007, 5742828 
0.007, 5739232 
0.007, 5729601 
0.008, 5621089 
0.008, 5605944 
0.008, 5593403 
0.008, 5579174 
0.008, 5573811 
0.009, 5559041 
0.009, 5519101 
0.009, 5504563 
0.009, 5404758 
0.009, 5384897 
0.009, 5367887 
0.009, 5221434 
0.009, 5215286 
0.009, 5138113 
0.009, 5117336 
0.010, 5107230 
0.010, 5019914 
0.010, 5017987 
0.010, 4997986 
0.010, 4997138 
0.010, 4986674 
0.010, 4982843 
0.010, 4967908 
0.011, 4961730 
0.011, 4959043 
0.011, 4957027 
0.011, 4924883 
0.011, 4922821 
0.011, 4920954 
0.011, 4908109 
0.011, 4907885 
0.011, 4906889 
0.012, 4901650 
0.012, 4890678 
0.012, 4884822 
0.012, 4880692 
0.013, 4841599 
0.015, 4835675 
0.016, 4780812 
0.018, 4744857 
0.020, 4739573 
0.022, 4642583 
0.025, 4635553 
0.027, 4631298 
0.028, 4630255 
0.030, 4629631 
0.032, 4596182 
0.033, 4595699 
0.034, 4593956 
0.034, 4589647 
0.035, 4586380 
0.036, 4585299 
0.037, 4584452 
0.038, 4523381 
0.040, 4521717 
0.041, 4516618 
0.043, 4492791 
0.044, 4492578 
0.045, 4489537 
0.047, 4387381 
0.049, 4371082 
0.050, 4370387 
0.051, 4363702 
0.056, 4362865 
0.058, 4354143 
0.061, 4308514 
0.064, 4270955 
0.067, 4250459 
0.067, 4247408 
0.067, 4246137 
0.067, 4239462 
0.068, 4239014 
0.069, 4234658 
0.074, 4233406 
0.074, 4229955 
0.076, 4184902 
0.076, 4181081 
0.077, 3986094 
0.077, 3941539 
0.078, 3891498 
0.079, 3886211 
0.080, 3874878 
0.081, 3800554 
0.082, 3791744 
0.084, 3785849 
0.084, 3777461 
0.085, 3776213 
0.086, 3769544 
0.086, 3764841 
0.087, 3756386 
0.087, 3749481 
0.087, 3744836 
0.088, 3690679 
0.089, 3686666 
0.090, 3664606 
0.091, 3616043 
0.092, 3564755 
0.094, 3529137 
0.095, 3502982 
0.096, 3453924 
0.098, 3443591 
0.100, 3436436 
0.102, 3410545 
0.103, 3402864 
0.103, 3397470 
0.105, 3393975 
0.105, 3389518 
0.105, 3387389 
0.107, 3376689 
0.109, 3298062 
0.111, 3287715 
0.114, 3267899 
0.116, 3216273 
0.118, 3200654 
0.120, 3199359 
0.123, 3100076 
0.125, 2997187 
0.127, 2995689 
0.129, 2805414 
0.131, 2786154 
0.134, 2778279 
0.136, 2765129 
0.138, 2743771 
0.140, 2726544 
0.142, 2725018 
0.144, 2589818 
0.146, 2578176 
0.149, 2571201 
0.151, 2569092 
0.153, 2565559 
0.155, 2560524 
0.157, 2560153 
0.159, 2557255 
0.161, 2554290 
0.164, 2543316 
0.166, 2533855 
0.168, 2452681 
0.170, 2451222 
0.172, 2449478 
0.175, 2447937 
0.177, 2447789 
0.179, 2409660 
0.183, 2404781 
0.184, 2388870 
0.185, 2388864 
0.186, 2385902 
0.187, 2383557 
0.189, 2378340 
0.190, 2376067 
0.191, 2288649 
0.192, 2201902 
0.193, 2195374 
0.195, 2181610 
0.197, 2180559 
0.198, 2166633 
0.199, 2085709 
0.201, 2085411 
0.202, 2069467 
0.203, 1976680 
0.204, 1947232 
0.205, 1944166 
0.207, 1903721 
0.208, 1878032 
0.209, 1803449 
0.210, 1798549 
0.212, 1787493 
0.213, 1785282 
0.215, 1761952 
0.216, 1728920 
0.217, 1726944 
0.219, 1724026 
0.220, 1713929 
0.222, 1711637 
0.223, 1697507 
0.225, 1686487 
0.226, 1639164 
0.228, 1633154 
0.229, 1633139 
0.231, 1624981 
0.232, 1623018 
0.234, 1614773 
0.235, 1613637 
0.237, 1607632 
0.238, 1602760 
0.240, 1602121 
0.243, 1596942 
