0.000, 7270156 
0.000, 7246205 
0.000, 7233354 
0.000, 7175307 
0.001, 7143631 
0.001, 7137027 
0.001, 7098006 
0.002, 7075280 
0.002, 7066697 
0.002, 7031511 
0.002, 7016864 
0.003, 7003821 
0.003, 6971659 
0.003, 6908838 
0.003, 6876711 
0.003, 6815273 
0.003, 6718798 
0.004, 6714300 
0.004, 6713762 
0.004, 6702751 
0.004, 6688479 
0.004, 6686992 
0.005, 6670067 
0.005, 6662887 
0.005, 6648276 
0.005, 6576799 
0.005, 6549912 
0.005, 6534495 
0.006, 6528709 
0.006, 6525054 
0.006, 6514488 
0.006, 6502933 
0.006, 6442746 
0.006, 6440974 
0.006, 6438427 
0.006, 6429388 
0.006, 6363646 
0.006, 6346526 
0.007, 6337987 
0.007, 6324721 
0.007, 6206146 
0.007, 6203083 
0.007, 6201319 
0.007, 6182163 
0.007, 5950246 
0.007, 5916360 
0.007, 5911995 
0.007, 5879276 
0.008, 5866194 
0.008, 5861376 
0.008, 5710766 
0.009, 5710121 
0.009, 5655646 
0.009, 5655097 
0.010, 5643196 
0.010, 5551407 
0.011, 5537958 
0.011, 5533647 
0.011, 5528385 
0.011, 5519133 
0.011, 5514040 
0.012, 5505446 
0.012, 5502267 
0.012, 5494485 
0.012, 5489713 
0.012, 5487478 
0.012, 5485648 
0.012, 5479083 
0.012, 5477165 
0.013, 5476492 
0.013, 5447906 
0.013, 5444881 
0.013, 5439033 
0.013, 5430373 
0.013, 5282847 
0.013, 5262542 
0.013, 5213370 
0.014, 5195957 
0.014, 5192997 
0.014, 5180960 
0.014, 5180042 
0.015, 5179774 
0.015, 5165017 
0.017, 5164425 
0.019, 5158737 
0.020, 5156055 
0.023, 5154365 
0.024, 5136348 
0.025, 5130201 
0.026, 5121175 
0.027, 5120121 
0.028, 5114725 
0.029, 5098105 
0.030, 5082483 
0.030, 5080278 
0.031, 5078149 
0.031, 5076726 
0.033, 5042452 
0.034, 5041411 
0.035, 4959333 
0.037, 4959120 
0.039, 4955832 
0.040, 4853298 
0.040, 4841407 
0.041, 4837086 
0.042, 4833893 
0.043, 4818864 
0.044, 4814706 
0.046, 4749064 
0.046, 4735097 
0.046, 4731233 
0.049, 4731090 
0.052, 4704595 
0.055, 4699150 
0.057, 4693437 
0.062, 4689723 
0.065, 4673993 
0.067, 4670832 
0.069, 4669523 
0.071, 4649880 
0.073, 4648061 
0.075, 4634440 
0.078, 4622872 
0.081, 4613734 
0.084, 4600440 
0.087, 4593061 
0.089, 4574085 
0.092, 4281934 
0.094, 4271695 
0.097, 4265635 
0.099, 4263259 
0.102, 4249542 
0.104, 4245728 
0.108, 4236656 
0.111, 3972635 
0.115, 3972082 
0.118, 3952592 
0.120, 3945707 
0.122, 3933030 
0.123, 3928519 
0.125, 3925120 
0.126, 3914482 
0.127, 3783509 
0.129, 3779502 
0.131, 3765892 
0.132, 3741185 
0.134, 3736266 
0.135, 3733789 
0.137, 3733523 
0.138, 3684225 
0.140, 3670150 
0.142, 3668471 
0.143, 3629017 
0.145, 3611883 
0.146, 3596489 
0.148, 3594422 
0.150, 3593497 
0.151, 3591365 
0.153, 3578832 
0.155, 3572302 
0.157, 3570850 
0.159, 3529221 
0.160, 3415446 
0.162, 3307299 
0.164, 3275212 
0.166, 3259399 
0.168, 3251401 
0.169, 3250171 
0.171, 3236749 
0.173, 3173654 
0.175, 3168501 
0.176, 3148409 
0.178, 3143177 
0.180, 3131702 
0.182, 3124525 
0.184, 3029019 
0.186, 3013790 
0.188, 2823355 
0.189, 2810004 
0.191, 2797067 
0.193, 2792604 
0.194, 2792050 
0.196, 2773486 
0.198, 2765484 
0.200, 2759054 
0.202, 2746061 
0.204, 2728230 
0.207, 2728149 
0.209, 2725269 
0.210, 2646582 
0.211, 2610037 
0.212, 2597669 
0.214, 2561275 
0.215, 2474079 
0.216, 2452607 
0.218, 2437132 
0.219, 2431159 
0.220, 2303619 
0.222, 2302781 
0.223, 2219303 
0.224, 2212341 
0.226, 2188649 
0.227, 2174122 
0.229, 2169480 
0.230, 2109262 
0.231, 2094275 
0.233, 2053657 
0.234, 1991216 
0.235, 1979264 
0.237, 1975036 
0.238, 1961983 
0.239, 1932894 
0.241, 1928210 
0.241, 1925289 
0.242, 1881928 
0.242, 1881091 
0.242, 1879300 
0.242, 1874821 
0.242, 1874641 
0.242, 1873575 
0.242, 1872114 
0.242, 1864973 
0.243, 1860617 
0.243, 1853361 
0.243, 1816740 
0.244, 1803694 
0.244, 1766841 
0.245, 1722588 
0.246, 1673692 
0.246, 1660937 
0.247, 1625889 
0.248, 1615166 
