0.000, 7196583 
0.000, 7160586 
0.000, 7153157 
0.000, 7128270 
0.000, 7121128 
0.001, 7093595 
0.001, 7079617 
0.001, 7076547 
0.001, 7016860 
0.001, 7015077 
0.001, 7013195 
0.001, 6989377 
0.001, 6980110 
0.001, 6929212 
0.002, 6923398 
0.002, 6892536 
0.002, 6870913 
0.002, 6862497 
0.003, 6847555 
0.003, 6841941 
0.003, 6841773 
0.003, 6786355 
0.003, 6772973 
0.003, 6772023 
0.004, 6770580 
0.004, 6762713 
0.004, 6749781 
0.005, 6711862 
0.005, 6673655 
0.005, 6669653 
0.005, 6625765 
0.005, 6608138 
0.005, 6602994 
0.005, 6568295 
0.005, 6565424 
0.005, 6499774 
0.005, 6479877 
0.005, 6477890 
0.006, 6438853 
0.006, 6426312 
0.006, 6413234 
0.006, 6358123 
0.006, 6352125 
0.006, 6332805 
0.006, 6318464 
0.006, 6296076 
0.006, 6284398 
0.006, 6278002 
0.006, 6232004 
0.006, 6214994 
0.007, 6197651 
0.007, 6115542 
0.007, 6100888 
0.007, 6082572 
0.007, 6075891 
0.007, 6041564 
0.008, 6020491 
0.008, 6015544 
0.008, 6010536 
0.008, 5914410 
0.008, 5879251 
0.008, 5857712 
0.008, 5852069 
0.008, 5832817 
0.008, 5825438 
0.009, 5755012 
0.009, 5753227 
0.009, 5743689 
0.009, 5736790 
0.009, 5733450 
0.009, 5706353 
0.010, 5698172 
0.011, 5692534 
0.012, 5681951 
0.013, 5664277 
0.014, 5634379 
0.015, 5538954 
0.016, 5536852 
0.017, 5528067 
0.019, 5505189 
0.020, 5504110 
0.022, 5489598 
0.023, 5482393 
0.024, 5468143 
0.025, 5460481 
0.027, 5456032 
0.029, 5454685 
0.031, 5446632 
0.033, 5320872 
0.036, 5268082 
0.036, 5232425 
0.036, 5230373 
0.036, 5225665 
0.036, 5221801 
0.037, 5219546 
0.037, 5208844 
0.038, 5142613 
0.038, 5140070 
0.038, 5128049 
0.039, 5018171 
0.039, 4998075 
0.040, 4994342 
0.040, 4967636 
0.041, 4963477 
0.041, 4963297 
0.042, 4962231 
0.042, 4960770 
0.043, 4953629 
0.044, 4948271 
0.046, 4945250 
0.047, 4943394 
0.048, 4939849 
0.049, 4913065 
0.050, 4905993 
0.051, 4891940 
0.052, 4861812 
0.053, 4853154 
0.054, 4842839 
0.054, 4825516 
0.055, 4818860 
0.056, 4809673 
0.061, 4808632 
0.061, 4807351 
0.064, 4779726 
0.064, 4724000 
0.064, 4715342 
0.065, 4649963 
0.065, 4630800 
0.065, 4622320 
0.065, 4463793 
0.066, 4460164 
0.066, 4447532 
0.066, 4439497 
0.067, 4435366 
0.067, 4428410 
0.067, 4397622 
0.067, 4395587 
0.067, 4354406 
0.068, 4348192 
0.068, 4284064 
0.068, 4261978 
0.068, 4257113 
0.068, 4256741 
0.068, 4251747 
0.069, 4246572 
0.069, 4245801 
0.069, 4245721 
0.070, 4244528 
0.070, 4217578 
0.071, 4192854 
0.071, 4180581 
0.071, 4173213 
0.071, 4166257 
0.072, 4165976 
0.072, 4165553 
0.072, 4156125 
0.072, 4067389 
0.073, 4062630 
0.073, 4052922 
0.073, 4043971 
0.074, 4042727 
0.075, 4028411 
0.076, 3948149 
0.078, 3947812 
0.079, 3945006 
0.081, 3913819 
0.082, 3885918 
0.084, 3849606 
0.085, 3847396 
0.087, 3834839 
0.088, 3816860 
0.090, 3807656 
0.092, 3794620 
0.094, 3787465 
0.096, 3776279 
0.097, 3756904 
0.099, 3756865 
0.101, 3610041 
0.103, 3609439 
0.104, 3601970 
0.106, 3597409 
0.108, 3569837 
0.110, 3543811 
0.112, 3419361 
0.114, 3343442 
0.116, 3336151 
0.118, 3335348 
0.120, 3285254 
0.122, 3284281 
0.124, 3282267 
0.126, 3273230 
0.128, 3095728 
0.130, 3091242 
0.132, 2971582 
0.134, 2966849 
0.136, 2933135 
0.138, 2909057 
0.139, 2904129 
0.139, 2903880 
0.140, 2901405 
0.141, 2895464 
0.141, 2894216 
0.142, 2890436 
0.144, 2888278 
0.145, 2875801 
0.146, 2850211 
0.147, 2849221 
0.147, 2838352 
0.147, 2823138 
0.149, 2789924 
0.150, 2788430 
0.151, 2787312 
0.153, 2706378 
0.155, 2640221 
0.157, 2632918 
0.159, 2605112 
0.161, 2559037 
0.164, 2528176 
0.166, 2463462 
0.170, 2423942 
0.171, 2385806 
0.172, 2378453 
0.173, 2334858 
0.174, 2330746 
0.176, 2267318 
0.177, 2209457 
0.178, 2204159 
0.180, 2197966 
0.181, 2185482 
0.182, 2182948 
0.184, 2147085 
0.185, 2110321 
0.186, 2012546 
0.187, 2007838 
0.189, 1996198 
0.190, 1964397 
0.191, 1956331 
0.193, 1943507 
0.194, 1938602 
0.195, 1929327 
0.197, 1908849 
0.198, 1889288 
0.199, 1885689 
0.201, 1872476 
0.202, 1859265 
0.204, 1819287 
0.205, 1800213 
0.207, 1776194 
0.208, 1774070 
0.209, 1752311 
0.211, 1741185 
0.212, 1741065 
0.214, 1735740 
0.215, 1713455 
0.217, 1701598 
0.219, 1699714 
0.220, 1694849 
0.222, 1688839 
0.223, 1686876 
0.223, 1686865 
