0.000, 7656411 
0.000, 7656409 
0.000, 7557927 
0.000, 7554328 
0.000, 7548459 
0.001, 7490943 
0.001, 7462379 
0.001, 7461823 
0.001, 7375267 
0.001, 7374974 
0.001, 7297445 
0.001, 7228961 
0.001, 7186989 
0.002, 7164581 
0.002, 7155313 
0.002, 7125748 
0.002, 7078324 
0.002, 7051185 
0.003, 7031231 
0.003, 7023309 
0.003, 7002521 
0.004, 6927311 
0.004, 6898555 
0.004, 6868531 
0.004, 6864480 
0.005, 6864366 
0.005, 6829382 
0.005, 6820811 
0.005, 6778735 
0.005, 6778192 
0.005, 6732751 
0.006, 6723516 
0.006, 6644650 
0.006, 6616285 
0.006, 6603357 
0.006, 6603041 
0.006, 6579738 
0.007, 6568910 
0.007, 6557330 
0.007, 6557266 
0.007, 6543472 
0.007, 6534809 
0.007, 6513036 
0.007, 6487049 
0.007, 6486604 
0.007, 6482980 
0.007, 6456675 
0.007, 6451190 
0.007, 6243603 
0.008, 6223039 
0.008, 6193838 
0.008, 5972052 
0.008, 5971229 
0.008, 5952563 
0.008, 5946701 
0.008, 5890818 
0.008, 5889624 
0.008, 5882355 
0.008, 5867842 
0.008, 5851747 
0.008, 5845870 
0.008, 5736159 
0.008, 5718322 
0.008, 5711005 
0.008, 5700824 
0.009, 5692358 
0.009, 5690871 
0.009, 5685321 
0.010, 5673018 
0.010, 5664036 
0.010, 5663968 
0.010, 5662945 
0.010, 5661382 
0.010, 5653706 
0.011, 5653540 
0.011, 5627847 
0.011, 5623833 
0.011, 5443050 
0.011, 5438442 
0.011, 5424320 
0.012, 5419767 
0.012, 5410007 
0.012, 5330556 
0.012, 5327147 
0.012, 5324427 
0.012, 5266353 
0.013, 5253312 
0.013, 5240691 
0.013, 5226846 
0.014, 5208477 
0.014, 5208259 
0.014, 5192388 
0.014, 5184928 
0.015, 5161407 
0.015, 5155332 
0.016, 5109236 
0.017, 5109043 
0.017, 5105301 
0.019, 5003577 
0.020, 5002074 
0.021, 4790830 
0.022, 4715323 
0.024, 4574519 
0.025, 4572992 
0.026, 4537197 
0.028, 4522209 
0.029, 4513888 
0.030, 4504439 
0.031, 4504371 
0.033, 4500959 
0.034, 4486169 
0.036, 4481457 
0.038, 4479144 
0.041, 4462626 
0.042, 4458910 
0.044, 4454630 
0.045, 4453898 
0.048, 4392893 
0.051, 4369385 
0.054, 4319389 
0.057, 4309769 
0.060, 4301478 
0.064, 4267514 
0.070, 4257586 
0.075, 4249733 
0.080, 4241070 
0.088, 4191108 
0.091, 4161420 
0.094, 4117489 
0.096, 4095030 
0.099, 4093297 
0.100, 4091803 
0.103, 4084122 
0.103, 4083398 
0.103, 4075413 
0.107, 4074165 
0.113, 4073718 
0.115, 4073437 
0.116, 4069630 
0.116, 4069318 
0.117, 4069023 
0.118, 4064376 
0.119, 4050605 
0.120, 4043144 
0.121, 3958114 
0.122, 3927163 
0.123, 3923523 
0.124, 3919596 
0.126, 3884376 
0.127, 3853321 
0.128, 3670526 
0.130, 3568608 
0.131, 3564823 
0.133, 3488416 
0.134, 3486795 
0.134, 3473511 
0.134, 3470766 
0.134, 3460369 
0.134, 3458752 
0.134, 3442579 
0.134, 3442529 
0.136, 3401782 
0.137, 3318297 
0.138, 3290270 
0.140, 3266038 
0.141, 3259332 
0.142, 3227317 
0.144, 3146753 
0.145, 3118110 
0.147, 3115127 
0.148, 3113515 
0.150, 3098507 
0.151, 3097001 
0.153, 3094667 
0.154, 3074952 
0.155, 3053795 
0.157, 2995012 
0.158, 2989326 
0.160, 2985033 
0.161, 2978541 
0.163, 2969402 
0.164, 2967900 
0.166, 2952551 
0.168, 2951216 
0.169, 2930240 
0.171, 2925174 
0.172, 2917676 
0.173, 2890697 
0.175, 2775473 
0.176, 2774270 
0.178, 2772954 
0.179, 2771496 
0.180, 2758063 
0.182, 2679474 
0.183, 2675343 
0.185, 2668061 
0.186, 2599865 
0.187, 2418417 
0.189, 2415791 
0.190, 2407029 
0.191, 2354193 
0.192, 2348129 
0.192, 2333197 
0.193, 2333078 
0.193, 2332669 
0.193, 2329173 
0.194, 2329028 
0.194, 2327841 
0.194, 2326048 
0.194, 2325409 
0.194, 2319399 
0.195, 2316789 
0.196, 2302706 
0.197, 2300286 
0.198, 2299733 
0.198, 2299320 
0.199, 2293387 
0.200, 2291048 
0.201, 2287795 
0.202, 2282177 
0.203, 2281270 
0.204, 2280469 
0.206, 2279636 
0.207, 2228541 
0.208, 2204933 
0.209, 2188186 
0.211, 2166971 
0.212, 2109398 
0.214, 2095607 
0.217, 2051713 
0.218, 2037111 
0.219, 2037094 
0.221, 2022280 
0.222, 2013969 
0.223, 1981260 
0.225, 1913416 
0.226, 1910449 
0.227, 1898209 
0.228, 1859293 
0.229, 1833606 
0.231, 1801908 
0.232, 1800495 
0.233, 1744093 
0.234, 1736938 
0.236, 1729736 
0.237, 1702528 
0.239, 1691805 
0.240, 1688199 
0.241, 1666419 
0.243, 1650267 
0.246, 1649092 
0.249, 1648832 
0.252, 1648137 
0.255, 1641452 
0.257, 1640810 
