0.000, 7223688 
0.000, 7165294 
0.000, 7041813 
0.000, 7018775 
0.001, 6954862 
0.001, 6935631 
0.001, 6916600 
0.001, 6910419 
0.001, 6902040 
0.001, 6895257 
0.001, 6888027 
0.001, 6822893 
0.001, 6809068 
0.002, 6783113 
0.002, 6778286 
0.002, 6775472 
0.002, 6761033 
0.002, 6748413 
0.003, 6713334 
0.003, 6703749 
0.003, 6645481 
0.004, 6644028 
0.004, 6642613 
0.004, 6631149 
0.005, 6628251 
0.005, 6623963 
0.005, 6612302 
0.005, 6610505 
0.005, 6558789 
0.005, 6531599 
0.005, 6528087 
0.005, 6516357 
0.005, 6494581 
0.005, 6465765 
0.005, 6462199 
0.005, 6454530 
0.005, 6336937 
0.006, 6335214 
0.006, 6330107 
0.006, 6322652 
0.006, 6275847 
0.006, 6175411 
0.006, 6159756 
0.006, 6099405 
0.006, 6095394 
0.006, 6045533 
0.006, 6019050 
0.006, 5990824 
0.006, 5964773 
0.006, 5961625 
0.006, 5949906 
0.006, 5949871 
0.006, 5930958 
0.006, 5923138 
0.006, 5919441 
0.006, 5907358 
0.006, 5821565 
0.006, 5798460 
0.006, 5786447 
0.006, 5784646 
0.006, 5679577 
0.006, 5669780 
0.007, 5662386 
0.007, 5653958 
0.007, 5623814 
0.007, 5623535 
0.007, 5612838 
0.007, 5548983 
0.007, 5524205 
0.007, 5501158 
0.007, 5445600 
0.007, 5441578 
0.007, 5439660 
0.008, 5413643 
0.008, 5409740 
0.008, 5409255 
0.008, 5407537 
0.009, 5397839 
0.009, 5384151 
0.009, 5374563 
0.009, 5372421 
0.009, 5335508 
0.009, 5331925 
0.010, 5323619 
0.011, 5317471 
0.012, 5316068 
0.013, 5315576 
0.013, 5309169 
0.014, 5291704 
0.015, 5278302 
0.016, 5237874 
0.017, 5194733 
0.018, 5106856 
0.019, 5100959 
0.021, 5098420 
0.023, 5090424 
0.025, 4990696 
0.026, 4990306 
0.026, 4915703 
0.027, 4900694 
0.028, 4832229 
0.028, 4804363 
0.029, 4769874 
0.030, 4753916 
0.030, 4749442 
0.031, 4707681 
0.032, 4695134 
0.032, 4655187 
0.033, 4633361 
0.034, 4616977 
0.034, 4611352 
0.035, 4610147 
0.036, 4579472 
0.037, 4559292 
0.038, 4554276 
0.039, 4552360 
0.040, 4532984 
0.042, 4475464 
0.043, 4471630 
0.046, 4455522 
0.047, 4451285 
0.049, 4450117 
0.051, 4444469 
0.054, 4439655 
0.056, 4401360 
0.057, 4324463 
0.059, 4324332 
0.061, 4324078 
0.065, 4322613 
0.065, 4321866 
0.066, 4309694 
0.066, 4307105 
0.067, 4297056 
0.068, 4280368 
0.068, 4252843 
0.069, 4176538 
0.069, 4170946 
0.070, 4170807 
0.071, 4001494 
0.071, 3999865 
0.072, 3974922 
0.073, 3952608 
0.073, 3951467 
0.074, 3888372 
0.075, 3865351 
0.075, 3829264 
0.076, 3811609 
0.077, 3803441 
0.078, 3707372 
0.080, 3632608 
0.080, 3632180 
0.081, 3622248 
0.081, 3620614 
0.081, 3620321 
0.082, 3620211 
0.082, 3618835 
0.083, 3611764 
0.083, 3609246 
0.083, 3582114 
0.083, 3579127 
0.083, 3575586 
0.083, 3574693 
0.083, 3570074 
0.083, 3564895 
0.084, 3560801 
0.084, 3560210 
0.084, 3557036 
0.085, 3555120 
0.085, 3554283 
0.086, 3524648 
0.086, 3523240 
0.086, 3519146 
0.087, 3514522 
0.087, 3506361 
0.088, 3504445 
0.089, 3502631 
0.090, 3489999 
0.092, 3479144 
0.093, 3478195 
0.094, 3442421 
0.096, 3432856 
0.096, 3431738 
0.097, 3430330 
0.097, 3426236 
0.098, 3419689 
0.098, 3419467 
0.100, 3414964 
0.100, 3403810 
0.101, 3400339 
0.103, 3392945 
0.104, 3197639 
0.106, 3196238 
0.108, 3167371 
0.109, 3021090 
0.111, 3019727 
0.113, 3018861 
0.115, 2999066 
0.116, 2998203 
0.118, 2973934 
0.121, 2959913 
0.123, 2893609 
0.125, 2856894 
0.127, 2840597 
0.130, 2737822 
0.132, 2677865 
0.134, 2657298 
0.136, 2505201 
0.139, 2495793 
0.141, 2482347 
0.144, 2437139 
0.146, 2379789 
0.149, 2367446 
0.151, 2362804 
0.153, 2278790 
0.155, 2262493 
0.158, 2254742 
0.160, 2246472 
0.162, 2196673 
0.165, 2176799 
0.167, 2164680 
0.170, 2163132 
0.171, 2161113 
0.175, 2156004 
0.176, 2117848 
0.178, 2114925 
0.180, 2107455 
0.183, 2101822 
0.186, 2074733 
0.188, 2069590 
0.188, 2065759 
0.188, 2059371 
0.188, 2053054 
0.188, 2052240 
0.188, 2050719 
0.188, 2044446 
0.188, 2035869 
0.188, 2033705 
0.188, 2032927 
0.189, 2031011 
0.190, 2027139 
0.192, 1993754 
0.193, 1985821 
0.195, 1984577 
0.196, 1979435 
0.198, 1975523 
0.200, 1974380 
0.203, 1935042 
0.205, 1928001 
0.207, 1915349 
0.210, 1902926 
0.212, 1899396 
0.215, 1895660 
0.217, 1894890 
0.220, 1893907 
0.222, 1893534 
0.225, 1878083 
0.228, 1857098 
0.230, 1847125 
0.233, 1833549 
0.235, 1788179 
0.237, 1758491 
0.241, 1749689 
0.244, 1749043 
0.247, 1748273 
0.250, 1738410 
0.253, 1735110 
0.255, 1734737 
0.257, 1731121 
0.260, 1729946 
0.263, 1699359 
0.266, 1680390 
0.268, 1673235 
0.270, 1666033 
0.272, 1651414 
0.274, 1621256 
0.277, 1619934 
0.279, 1611873 
0.281, 1601150 
0.282, 1600575 
0.284, 1591270 
0.286, 1585440 
