0.001, 3451603 
0.001, 3417567 
0.002, 3200273 
0.002, 3182311 
0.002, 3172121 
0.002, 3170235 
0.003, 3096450 
0.003, 3014841 
0.003, 2999415 
0.003, 2956280 
0.003, 2879348 
0.003, 2878309 
0.004, 2874448 
0.004, 2865313 
0.004, 2817235 
0.004, 2451599 
0.004, 2411897 
0.005, 2352628 
0.005, 2274664 
0.005, 2161461 
0.005, 2144505 
0.005, 2136988 
0.005, 2112119 
0.005, 2060910 
0.006, 2060064 
0.006, 2033975 
0.006, 1967597 
0.006, 1965736 
0.007, 1949753 
0.007, 1947806 
0.007, 1781660 
0.008, 1711978 
0.009, 1711726 
0.010, 1697460 
0.010, 1663705 
0.011, 1660059 
0.012, 1648187 
0.013, 1647350 
0.013, 1634202 
0.014, 1618953 
0.014, 1610565 
0.014, 1604903 
0.015, 1582642 
0.015, 1565691 
0.016, 1565278 
0.016, 1551166 
0.017, 1541916 
0.017, 1536457 
0.018, 1533543 
0.018, 1521997 
0.019, 1520861 
0.019, 1517003 
0.020, 1488660 
0.020, 1488092 
0.021, 1483531 
0.021, 1451824 
0.022, 1448577 
0.023, 1448042 
0.023, 1437751 
0.024, 1437724 
0.024, 1434460 
0.025, 1429584 
