0.000, 3883447 
0.000, 3835828 
0.000, 3756341 
0.000, 3664731 
0.000, 3605286 
0.001, 3588365 
0.001, 3483694 
0.001, 3378998 
0.001, 3333255 
0.001, 3327040 
0.001, 3305687 
0.002, 3242694 
0.002, 3239060 
0.002, 3226777 
0.003, 3174875 
0.003, 3167734 
0.003, 3136780 
0.003, 3132519 
0.004, 3131819 
0.004, 3116393 
0.004, 2928498 
0.005, 2917116 
0.005, 2908434 
0.005, 2889189 
0.005, 2888021 
0.006, 2876053 
0.006, 2620321 
0.006, 2620232 
0.006, 2577240 
0.006, 2506683 
0.006, 2503097 
0.006, 2467793 
0.006, 2315101 
0.006, 2307237 
0.006, 2305362 
0.006, 2270410 
0.006, 2268447 
0.007, 2256559 
0.007, 2256102 
0.007, 2249223 
0.007, 2214058 
0.008, 2204530 
0.008, 2148368 
0.008, 2019263 
0.008, 1941389 
0.009, 1939381 
0.009, 1869761 
0.009, 1853778 
0.009, 1834568 
0.009, 1819081 
0.009, 1803156 
0.010, 1790306 
0.010, 1787590 
0.011, 1775552 
0.012, 1774043 
0.012, 1769496 
0.013, 1759205 
0.014, 1751747 
0.014, 1750295 
0.015, 1743048 
0.015, 1740466 
0.016, 1739067 
0.016, 1738356 
0.016, 1735640 
0.017, 1734572 
0.017, 1728153 
0.017, 1722087 
0.017, 1720773 
0.018, 1720205 
0.018, 1719069 
0.019, 1714977 
0.019, 1530094 
0.020, 1498024 
0.020, 1395981 
