0.000, 3853044 
0.001, 3755990 
0.001, 3676044 
0.001, 3628716 
0.001, 3533287 
0.001, 3449601 
0.001, 3426245 
0.001, 3425709 
0.001, 3410590 
0.001, 3407704 
0.001, 3395632 
0.002, 3362333 
0.002, 3340954 
0.002, 3090387 
0.002, 3068746 
0.002, 3006048 
0.002, 2990182 
0.003, 2577316 
0.003, 2406363 
0.004, 2369343 
0.004, 2335821 
0.005, 2332049 
0.005, 2178219 
0.005, 2122030 
0.006, 2096669 
0.006, 1912612 
0.007, 1904937 
0.007, 1868256 
0.008, 1864161 
0.009, 1838072 
0.009, 1797937 
0.010, 1793720 
0.011, 1787370 
0.012, 1765173 
0.012, 1764211 
0.013, 1745733 
0.014, 1725146 
0.015, 1706803 
0.015, 1678219 
0.016, 1674094 
0.016, 1663345 
0.016, 1661525 
0.016, 1597151 
0.017, 1583099 
0.017, 1575755 
0.018, 1552619 
0.018, 1551046 
0.018, 1519589 
0.019, 1515159 
0.019, 1512885 
0.020, 1512238 
0.020, 1489544 
0.021, 1488092 
0.021, 1475211 
0.022, 1471678 
0.023, 1467513 
0.023, 1461452 
0.024, 1459898 
0.024, 1454942 
0.025, 1444840 
0.025, 1439149 
0.025, 1423166 
0.026, 1415219 
