0.000, 4456106 
0.000, 4448271 
0.000, 4441455 
0.000, 4417907 
0.000, 4410682 
0.000, 4370232 
0.000, 4340696 
0.000, 4231002 
0.001, 4122153 
0.001, 4110216 
0.001, 4087462 
0.001, 3988136 
0.001, 3954824 
0.001, 3896260 
0.001, 3895731 
0.001, 3870353 
0.001, 3843573 
0.001, 3498010 
0.002, 3354446 
0.002, 3345928 
0.002, 3343620 
0.002, 3281899 
0.002, 3227885 
0.002, 3211902 
0.002, 2869165 
0.003, 2755962 
0.003, 2675236 
0.004, 2660021 
0.004, 2632413 
0.004, 2624182 
0.005, 2613669 
0.005, 2589290 
0.005, 2588888 
0.005, 2269611 
0.005, 2250119 
0.005, 2170050 
0.006, 2153421 
0.006, 1843296 
0.006, 1821643 
0.006, 1805660 
0.007, 1795938 
0.007, 1769219 
0.007, 1718779 
0.007, 1636765 
0.008, 1597063 
0.008, 1589875 
0.009, 1589135 
0.010, 1583249 
0.011, 1578506 
0.012, 1575410 
0.013, 1568385 
0.013, 1566050 
0.014, 1559759 
0.014, 1559538 
0.015, 1553816 
0.015, 1547225 
0.015, 1544869 
0.016, 1540777 
0.017, 1537863 
0.017, 1536520 
0.018, 1530900 
0.018, 1521001 
0.019, 1519865 
0.019, 1512098 
0.020, 1492822 
0.020, 1482531 
0.021, 1477655 
0.022, 1460659 
