0.000, 4015545 
0.001, 4002919 
0.001, 3887289 
0.002, 3869201 
0.002, 3744834 
0.002, 3719486 
0.003, 3692557 
0.003, 3685259 
0.003, 3538231 
0.003, 3522307 
0.003, 3163730 
0.004, 3140797 
0.004, 3110316 
0.004, 2884896 
0.004, 2827323 
0.004, 2766119 
0.004, 2550008 
0.004, 2549095 
0.005, 2461469 
0.005, 2428000 
0.005, 2390961 
0.005, 2291078 
0.005, 2129227 
0.005, 1954208 
0.006, 1885472 
0.006, 1828249 
0.006, 1796179 
0.007, 1756086 
0.007, 1717994 
0.008, 1717895 
0.008, 1706180 
0.009, 1696156 
0.009, 1688521 
0.010, 1655142 
0.010, 1647893 
0.011, 1638178 
0.011, 1635971 
0.012, 1635956 
0.013, 1632302 
0.013, 1627291 
0.014, 1621574 
0.015, 1613524 
0.015, 1607802 
0.016, 1591214 
0.016, 1583697 
0.017, 1546086 
0.017, 1541990 
0.018, 1534456 
0.019, 1532659 
0.019, 1524795 
0.020, 1511382 
0.020, 1510184 
0.021, 1475560 
0.021, 1470818 
0.022, 1467394 
0.023, 1465376 
0.023, 1465302 
0.024, 1461174 
0.024, 1450716 
0.025, 1443857 
0.025, 1435910 
