0.000, 3885496 
0.000, 3498658 
0.001, 3434727 
0.001, 3409969 
0.001, 3064149 
0.002, 2862037 
0.002, 2754626 
0.003, 2749221 
0.003, 2675812 
0.003, 2670188 
0.003, 2647408 
0.004, 2638809 
0.004, 2603219 
0.004, 2469831 
0.004, 2411884 
0.004, 2267321 
0.005, 2251397 
0.005, 2127165 
0.005, 1962766 
0.005, 1952461 
0.005, 1923450 
0.006, 1730216 
0.006, 1661690 
0.006, 1661438 
0.007, 1636100 
0.007, 1634357 
0.008, 1631999 
0.009, 1610159 
0.009, 1609037 
0.010, 1602571 
0.010, 1597906 
0.011, 1592936 
0.012, 1590254 
0.012, 1583569 
0.013, 1563840 
0.014, 1559683 
0.015, 1556625 
0.016, 1506643 
0.016, 1502563 
0.017, 1499299 
0.017, 1496052 
0.018, 1495517 
0.018, 1495490 
0.019, 1486649 
0.019, 1478587 
0.020, 1466896 
0.020, 1464931 
0.021, 1460202 
0.022, 1456819 
0.022, 1454584 
0.023, 1452502 
