0.000, 4581142 
0.000, 4578170 
0.000, 4548083 
0.000, 4513897 
0.000, 4509669 
0.001, 4175612 
0.001, 4139682 
0.002, 4109548 
0.002, 4097777 
0.002, 4032026 
0.003, 3990016 
0.003, 3936093 
0.004, 3917961 
0.004, 3824837 
0.004, 3710030 
0.004, 3670574 
0.004, 3571798 
0.004, 3359384 
0.004, 3275480 
0.004, 3269168 
0.004, 3217525 
0.004, 3194349 
0.005, 3128565 
0.005, 3119830 
0.005, 3102060 
0.005, 2938524 
0.005, 2820855 
0.005, 2759381 
0.006, 2755786 
0.006, 2742946 
0.006, 2708281 
0.006, 2701727 
0.007, 2532327 
0.007, 2458628 
0.007, 2447119 
0.008, 2427327 
0.008, 2414095 
0.008, 2382199 
0.008, 2245614 
0.008, 2210534 
0.009, 2209438 
0.009, 2201818 
0.009, 1995264 
0.010, 1993403 
0.010, 1977420 
0.010, 1904786 
0.011, 1822772 
0.011, 1751000 
0.012, 1688659 
0.012, 1666077 
0.012, 1623347 
0.013, 1618445 
0.014, 1617705 
0.015, 1611409 
0.016, 1605842 
0.017, 1570883 
0.018, 1566861 
0.019, 1555816 
0.020, 1553247 
0.020, 1551386 
0.021, 1533725 
0.021, 1526944 
0.022, 1523411 
0.022, 1522998 
0.023, 1496240 
0.024, 1491098 
0.024, 1490880 
0.025, 1469276 
0.025, 1463373 
0.026, 1462917 
0.026, 1462141 
0.027, 1450558 
0.027, 1449572 
0.028, 1448258 
0.029, 1447690 
0.029, 1444426 
0.030, 1437604 
