0.000, 3944751 
0.000, 3607634 
0.000, 3561459 
0.000, 3132487 
0.001, 3114548 
0.002, 3077888 
0.002, 3075829 
0.002, 3074159 
0.003, 2972516 
0.003, 2913313 
0.003, 2895833 
0.004, 2864263 
0.004, 2737700 
0.004, 2727361 
0.004, 2724991 
0.005, 2699630 
0.005, 2681197 
0.005, 2681189 
0.005, 2673345 
0.005, 2615077 
0.005, 2526625 
0.005, 2496621 
0.005, 2491276 
0.005, 2224695 
0.006, 2112978 
0.006, 2100536 
0.006, 2066955 
0.006, 1978259 
0.006, 1966606 
0.007, 1952193 
0.007, 1926270 
0.007, 1911764 
0.007, 1908169 
0.007, 1895319 
0.007, 1873122 
0.007, 1853490 
0.008, 1828045 
0.008, 1812062 
0.008, 1801757 
0.008, 1745658 
0.008, 1716834 
0.009, 1676741 
0.009, 1676001 
0.009, 1674089 
0.010, 1670681 
0.011, 1667101 
0.011, 1654876 
0.012, 1649580 
0.012, 1639646 
0.013, 1637298 
0.013, 1635065 
0.014, 1630761 
0.014, 1609135 
0.014, 1597721 
0.015, 1592021 
0.016, 1566224 
0.016, 1562516 
0.017, 1561550 
0.017, 1555469 
0.018, 1553113 
0.018, 1552719 
0.019, 1542026 
0.019, 1532750 
0.020, 1529788 
0.020, 1498260 
0.021, 1495308 
0.021, 1485872 
0.022, 1474181 
0.022, 1474026 
0.023, 1469284 
