0.000, 4332516 
0.000, 4267848 
0.000, 4237761 
0.000, 4180963 
0.001, 4047614 
0.001, 4045947 
0.001, 3969394 
0.001, 3965808 
0.001, 3958801 
0.001, 3953861 
0.001, 3624410 
0.002, 3534650 
0.002, 3501867 
0.002, 3276632 
0.003, 3232694 
0.004, 3024575 
0.004, 2894384 
0.004, 2855284 
0.004, 2829923 
0.004, 2821440 
0.004, 2800835 
0.004, 2795949 
0.004, 2754308 
0.004, 2494169 
0.005, 2489343 
0.005, 2280698 
0.005, 2263911 
0.005, 2200582 
0.005, 2148675 
0.006, 2060810 
0.006, 1998135 
0.007, 1992923 
0.008, 1992359 
0.009, 1992340 
0.010, 1949838 
0.011, 1948004 
0.011, 1947193 
0.012, 1907058 
0.012, 1870971 
0.013, 1853502 
0.014, 1830642 
0.015, 1830157 
0.016, 1814530 
0.017, 1766230 
0.017, 1745118 
0.018, 1733206 
0.019, 1696178 
0.019, 1665656 
0.020, 1593302 
0.020, 1543778 
0.021, 1534092 
0.021, 1520335 
0.021, 1513554 
0.022, 1508136 
0.022, 1498448 
0.023, 1494915 
0.023, 1480385 
0.024, 1460231 
0.024, 1454328 
0.025, 1441447 
0.025, 1437282 
0.026, 1436146 
0.026, 1426880 
0.027, 1420110 
0.028, 1418796 
0.028, 1418228 
0.029, 1414981 
0.029, 1414446 
0.030, 1414419 
0.030, 1405578 
0.031, 1402314 
