0.001, 3723202 
0.001, 3279826 
0.001, 3262306 
0.001, 3260804 
0.001, 3244103 
0.001, 3241426 
0.001, 3240229 
0.001, 2924398 
0.002, 2917775 
0.003, 2917466 
0.003, 2910025 
0.003, 2833208 
0.004, 2807896 
0.004, 2713445 
0.005, 2658816 
0.005, 2650061 
0.005, 2575667 
0.005, 2560407 
0.005, 2517785 
0.005, 2517240 
0.005, 2480216 
0.006, 2471039 
0.006, 2409755 
0.006, 2321059 
0.006, 2305407 
0.006, 2301237 
0.006, 2281605 
0.007, 2247395 
0.007, 2235395 
0.007, 2230469 
0.007, 2216531 
0.008, 2203366 
0.008, 2192431 
0.008, 2187010 
0.008, 2145334 
0.009, 2143815 
0.009, 1834214 
0.009, 1832353 
0.010, 1816370 
0.010, 1814120 
0.010, 1811545 
0.010, 1785932 
0.011, 1736117 
0.011, 1709398 
0.011, 1639930 
0.012, 1633150 
0.013, 1618640 
0.014, 1616316 
0.014, 1608954 
0.015, 1597083 
0.016, 1587060 
0.016, 1528757 
0.017, 1527914 
0.017, 1506468 
0.018, 1506064 
0.018, 1495900 
0.019, 1494764 
0.019, 1487983 
0.020, 1483891 
0.020, 1480358 
0.021, 1469765 
0.021, 1463862 
0.022, 1463391 
0.022, 1457380 
0.023, 1452636 
0.023, 1451144 
0.024, 1450550 
0.024, 1446422 
0.025, 1440525 
0.025, 1414439 
0.026, 1404148 
0.027, 1404121 
0.027, 1400857 
0.028, 1395981 
