0.001, 7199981 
0.002, 7193189 
0.004, 7189848 
0.004, 7155252 
0.005, 7153800 
0.006, 7153508 
0.007, 7153380 
0.010, 7139460 
0.012, 7058213 
0.018, 7039441 
0.022, 7039312 
0.022, 7034792 
0.022, 7018748 
0.022, 7005647 
0.022, 6984426 
0.022, 6983469 
0.023, 6977150 
0.023, 6959081 
0.024, 6942380 
0.028, 6937824 
0.029, 6933190 
0.030, 6901093 
0.030, 6893442 
0.031, 6868018 
0.032, 6842321 
0.032, 6838016 
0.036, 6811422 
0.036, 6799209 
0.036, 6794517 
0.037, 6777093 
0.037, 6774863 
0.037, 6773818 
0.037, 6769052 
0.038, 6767000 
0.038, 6762768 
0.038, 6762372 
0.038, 6685809 
0.038, 6685370 
0.039, 6676377 
0.043, 6676187 
0.043, 6674438 
0.043, 6674279 
0.043, 6652362 
0.043, 6647581 
0.043, 6639632 
0.044, 6609028 
0.044, 6601519 
0.056, 6601117 
0.058, 6599013 
0.059, 6589300 
0.059, 6576716 
0.061, 6566600 
0.061, 6554196 
0.061, 6553732 
0.061, 6550082 
0.061, 6549648 
0.061, 6539644 
0.061, 6528723 
0.061, 6528189 
0.061, 6521778 
0.061, 6519015 
0.062, 6515938 
0.062, 6498740 
0.064, 6491542 
0.064, 6479144 
0.069, 6477466 
0.069, 6474693 
0.070, 6466809 
0.070, 6466472 
0.070, 6461626 
0.070, 6436707 
0.072, 6435447 
0.072, 6428819 
0.072, 6424626 
0.072, 6424142 
0.072, 6392861 
0.072, 6382621 
0.072, 6376587 
0.073, 6372384 
0.073, 6364727 
0.073, 6355776 
0.073, 6352327 
0.073, 6344706 
0.073, 6336483 
0.073, 6323672 
0.075, 6313249 
0.077, 6309563 
0.077, 6306118 
0.077, 6279541 
0.077, 6278918 
0.077, 6277155 
0.078, 6272803 
0.081, 6271069 
0.081, 6266221 
0.083, 6265750 
0.085, 6265647 
0.085, 6235700 
0.085, 6231339 
0.085, 6207038 
0.085, 6185163 
0.085, 6168771 
0.085, 6160205 
0.085, 6133119 
0.086, 6130856 
0.086, 6108608 
0.086, 6104651 
0.089, 6100993 
0.091, 6100768 
0.091, 6086912 
0.092, 6077314 
0.094, 6074258 
0.096, 6073465 
0.100, 6070918 
0.104, 6068971 
0.104, 6056845 
0.106, 6056242 
0.110, 6055628 
0.110, 6042224 
0.110, 6041411 
0.110, 6041354 
0.110, 6029556 
0.110, 6013553 
0.110, 5993025 
0.112, 5983944 
0.112, 5976124 
0.113, 5956497 
0.113, 5940571 
0.113, 5919884 
0.113, 5914354 
0.113, 5907280 
0.113, 5900537 
0.113, 5897680 
0.113, 5892958 
0.113, 5888692 
0.113, 5880352 
0.114, 5879166 
0.114, 5867359 
0.114, 5865250 
0.115, 5861124 
0.115, 5856227 
0.115, 5850974 
0.115, 5842782 
0.115, 5841199 
0.115, 5831271 
0.115, 5829679 
0.115, 5816367 
0.115, 5811073 
0.115, 5808330 
0.115, 5803658 
0.115, 5798242 
0.116, 5797066 
0.116, 5790738 
0.116, 5768167 
0.116, 5764047 
0.116, 5734017 
0.116, 5733022 
0.116, 5728240 
0.116, 5727044 
0.117, 5725937 
0.117, 5723186 
0.117, 5721282 
0.117, 5720365 
0.117, 5718474 
0.117, 5716855 
0.117, 5712924 
0.118, 5708138 
0.118, 5583993 
0.119, 5582997 
0.119, 5555002 
0.119, 5512990 
0.119, 5512548 
0.119, 5512180 
0.119, 5511956 
0.119, 5508067 
0.126, 5507548 
0.126, 5507464 
0.126, 5500319 
0.126, 5485960 
0.126, 5482071 
0.128, 5479147 
0.130, 5463451 
0.133, 5462884 
0.139, 5462176 
0.144, 5461193 
0.148, 5456684 
0.149, 5455149 
0.150, 5447022 
0.151, 5423081 
0.153, 5422934 
0.155, 5420542 
0.156, 5396730 
0.159, 5396353 
0.162, 5396343 
0.165, 5395591 
0.167, 5381850 
0.170, 5378223 
0.174, 5377351 
0.176, 5376556 
0.178, 5363968 
0.180, 5354697 
0.183, 5347472 
0.186, 5339783 
0.188, 5332842 
0.192, 5328456 
0.195, 5316185 
0.198, 5315324 
0.202, 5308933 
0.205, 5284239 
0.208, 5280169 
0.211, 5275521 
0.214, 5271906 
0.214, 5271630 
0.216, 5268749 
0.218, 5267613 
0.218, 5260971 
0.220, 5260073 
0.220, 5253691 
0.220, 5244386 
0.221, 5238552 
0.221, 5237331 
0.221, 5236835 
0.221, 5231960 
0.221, 5229459 
0.221, 5225686 
0.221, 5225554 
0.221, 5222284 
0.221, 5219081 
0.222, 5208083 
0.222, 5204055 
0.222, 5201117 
0.222, 5197508 
0.223, 5196877 
0.225, 5194066 
0.226, 5185729 
0.229, 5161389 
0.233, 5144739 
0.238, 5121578 
0.242, 5112411 
0.246, 5103600 
0.249, 5096100 
0.253, 5092121 
0.258, 5086224 
0.264, 5084956 
0.271, 5081048 
0.276, 5064484 
0.282, 5055905 
0.290, 5055168 
0.293, 5054264 
0.294, 5052922 
0.296, 5052838 
0.298, 5052627 
0.299, 5038622 
0.300, 5038044 
0.301, 5037223 
0.301, 5035754 
0.304, 5030300 
0.306, 5028606 
0.309, 5022906 
0.312, 5022860 
0.314, 5021800 
0.317, 4991760 
0.323, 4991410 
0.329, 4982992 
0.332, 4978672 
0.340, 4968950 
0.344, 4962397 
0.346, 4961803 
0.347, 4960709 
0.348, 4957140 
0.350, 4952370 
0.350, 4947153 
0.350, 4946393 
0.350, 4945471 
0.350, 4942556 
0.350, 4939883 
0.350, 4918141 
0.350, 4911631 
0.350, 4907265 
0.350, 4904109 
0.350, 4897886 
0.350, 4895524 
0.350, 4894889 
0.351, 4894079 
0.352, 4892317 
0.352, 4882670 
0.353, 4877390 
0.354, 4871179 
0.355, 4870327 
0.357, 4869396 
0.359, 4862661 
0.361, 4859905 
0.362, 4846068 
0.363, 4839369 
0.364, 4838434 
0.367, 4837853 
0.368, 4834580 
0.371, 4832387 
0.372, 4830287 
0.376, 4735828 
0.384, 4731130 
0.386, 4714980 
0.390, 4714880 
0.392, 4692414 
0.395, 4689574 
0.399, 4679863 
0.403, 4678469 
0.407, 4674760 
0.410, 4667473 
0.414, 4666515 
0.419, 4664123 
0.424, 4664103 
0.427, 4662756 
0.434, 4662721 
0.437, 4660777 
0.442, 4643703 
0.447, 4637647 
0.452, 4636773 
0.457, 4624750 
0.466, 4621074 
0.470, 4619937 
0.474, 4616909 
0.479, 4615331 
0.483, 4607127 
0.488, 4606419 
0.494, 4599983 
0.501, 4597161 
0.507, 4593705 
0.514, 4586986 
0.520, 4574469 
0.527, 4571326 
0.539, 4571304 
0.555, 4568088 
0.569, 4565359 
0.582, 4556544 
0.597, 4555095 
0.604, 4554477 
0.609, 4542608 
0.615, 4542523 
0.623, 4536762 
0.630, 4519961 
0.637, 4516074 
0.643, 4509271 
0.649, 4446092 
0.655, 4440113 
0.664, 4439436 
0.670, 4361634 
0.676, 4358133 
0.683, 4357753 
0.688, 4356941 
0.694, 4306964 
0.699, 4289206 
0.704, 4282964 
0.714, 4271949 
0.728, 4270019 
0.740, 4265799 
0.751, 4264106 
0.764, 4263715 
0.775, 4257815 
0.789, 4256651 
0.853, 4251825 
0.871, 4247302 
0.882, 4245810 
0.905, 4200735 
0.918, 4195917 
0.928, 4193935 
0.935, 4192416 
0.944, 4073184 
0.957, 4069884 
0.969, 4061678 
1.006, 4061178 
1.024, 4058886 
1.035, 4058001 
1.044, 4038028 
1.050, 4033654 
1.057, 4032671 
1.067, 4031005 
1.078, 4029754 
1.086, 4029063 
1.094, 4028151 
1.110, 4024183 
1.122, 4021759 
1.153, 4012882 
1.176, 3893112 
1.194, 3889960 
1.212, 3885720 
1.251, 3885548 
1.286, 3884972 
1.298, 3881600 
1.315, 3881176 
1.325, 3874242 
1.334, 3872825 
1.344, 3872769 
1.353, 3870158 
1.360, 3869837 
1.368, 3869214 
1.374, 3865251 
1.386, 3864607 
1.394, 3863169 
1.402, 3861098 
1.410, 3860512 
1.418, 3859841 
1.426, 3859591 
1.433, 3858758 
1.440, 3857791 
1.448, 3856897 
1.454, 3852317 
1.461, 3850577 
1.467, 3845648 
1.476, 3844581 
1.481, 3839547 
1.489, 3838729 
1.495, 3838187 
1.504, 3837976 
1.509, 3835216 
1.517, 3834281 
1.524, 3833481 
1.530, 3832807 
1.536, 3832754 
1.542, 3830558 
1.549, 3827867 
1.555, 3827517 
1.561, 3825804 
1.567, 3824714 
1.574, 3814996 
1.580, 3812220 
1.585, 3700175 
1.591, 3695502 
1.600, 3694505 
1.609, 3679428 
1.617, 3679165 
1.623, 3678849 
1.629, 3664450 
1.635, 3663823 
1.642, 3663543 
1.648, 3662226 
1.654, 3661924 
1.661, 3660657 
1.670, 3659020 
1.678, 3658415 
1.685, 3657004 
1.691, 3653539 
1.696, 3652011 
1.704, 3648476 
1.720, 3647632 
1.740, 3575796 
1.766, 3573233 
1.804, 3570419 
1.840, 3568891 
1.852, 3567639 
1.859, 3566752 
1.864, 3515399 
1.869, 3515233 
1.874, 3510337 
1.877, 3501187 
1.882, 3500439 
1.886, 3499128 
1.891, 3491759 
1.894, 3491023 
1.898, 3479250 
1.902, 3427726 
1.906, 3427054 
1.909, 3424050 
1.912, 3417299 
1.916, 3412181 
1.921, 3408998 
1.925, 3408077 
1.929, 3406856 
1.933, 3406067 
1.938, 3404535 
1.943, 3396131 
1.947, 3395100 
1.951, 3390685 
1.956, 3385820 
1.963, 3376796 
1.968, 3375123 
1.972, 3371633 
1.977, 3357934 
1.982, 3357281 
1.986, 3357269 
1.989, 3356421 
1.993, 3356260 
1.997, 3351437 
2.001, 3338684 
2.006, 3335960 
2.011, 3333795 
2.018, 3332981 
2.023, 3328646 
2.030, 3312428 
2.038, 3307777 
2.044, 3305109 
2.047, 3304653 
2.052, 3302859 
2.057, 3301427 
2.061, 3290447 
2.064, 3285818 
2.070, 3278035 
2.074, 3275822 
2.077, 3247122 
2.080, 3234146 
2.084, 3169720 
2.088, 3121303 
2.098, 3094836 
2.117, 3093952 
2.202, 3047106 
2.209, 3044152 
2.234, 3007801 
2.261, 2992863 
2.266, 2991483 
2.273, 2990893 
2.284, 2989360 
2.296, 2988825 
2.309, 2987086 
2.315, 2986535 
2.330, 2986446 
2.336, 2981587 
2.344, 2979446 
2.356, 2975916 
2.360, 2968536 
2.365, 2962646 
2.371, 2939689 
2.375, 2931985 
2.379, 2930435 
2.384, 2929129 
2.389, 2924860 
2.396, 2924582 
2.400, 2919835 
2.406, 2918986 
2.409, 2907608 
2.413, 2900985 
2.417, 2900937 
2.422, 2900888 
2.426, 2897051 
2.429, 2889868 
2.433, 2888559 
2.436, 2886972 
2.440, 2882462 
2.444, 2879995 
2.448, 2879711 
2.458, 2875556 
2.465, 2871723 
2.476, 2867684 
2.480, 2867602 
2.485, 2853149 
2.491, 2852073 
2.498, 2851802 
2.503, 2850728 
2.508, 2850727 
2.513, 2850629 
2.518, 2849011 
2.523, 2847972 
2.528, 2841252 
2.534, 2840483 
2.540, 2837073 
2.548, 2836920 
2.557, 2830599 
2.564, 2830471 
2.570, 2828754 
2.577, 2828665 
2.584, 2827870 
2.591, 2827859 
2.598, 2827671 
2.603, 2827428 
2.619, 2827288 
2.631, 2825194 
2.650, 2824572 
2.672, 2823276 
2.703, 2822787 
2.728, 2819049 
2.745, 2814712 
2.760, 2814204 
2.766, 2814172 
2.776, 2813630 
2.788, 2813525 
2.803, 2812932 
2.810, 2812785 
2.824, 2812693 
2.837, 2810029 
2.844, 2809915 
2.858, 2808768 
2.878, 2807508 
2.901, 2806936 
2.919, 2806682 
2.950, 2806247 
2.973, 2805082 
2.993, 2804436 
3.007, 2803825 
3.022, 2803751 
3.031, 2803536 
3.040, 2802472 
3.048, 2801457 
3.058, 2801151 
3.078, 2801029 
3.090, 2800520 
3.102, 2793469 
3.112, 2793384 
3.125, 2792619 
3.139, 2792036 
3.146, 2791837 
3.153, 2791766 
3.161, 2789078 
3.169, 2787601 
3.177, 2785367 
3.184, 2783874 
3.192, 2783675 
3.199, 2772837 
3.208, 2771630 
3.217, 2771337 
3.225, 2770468 
3.234, 2768943 
3.244, 2768022 
3.252, 2766364 
3.262, 2766207 
3.273, 2766009 
3.282, 2765249 
3.291, 2764752 
3.301, 2764669 
3.309, 2764657 
3.316, 2764581 
3.326, 2763979 
3.334, 2763792 
3.342, 2763590 
3.352, 2763564 
3.363, 2762671 
3.379, 2762565 
3.390, 2761844 
3.399, 2761585 
3.410, 2761452 
3.424, 2761145 
3.438, 2760996 
3.449, 2760357 
3.465, 2760070 
3.479, 2758921 
3.493, 2758716 
3.504, 2758453 
3.516, 2758235 
3.530, 2758228 
3.547, 2757354 
3.568, 2756992 
3.583, 2756392 
3.598, 2756281 
3.614, 2756090 
3.632, 2755991 
3.647, 2755717 
3.661, 2755281 
3.677, 2754806 
3.690, 2754324 
3.704, 2753890 
3.718, 2753445 
3.731, 2753420 
3.744, 2753165 
3.759, 2752034 
3.775, 2749772 
3.791, 2749573 
3.804, 2748697 
3.816, 2748172 
3.825, 2747446 
3.834, 2747437 
3.842, 2747430 
3.850, 2746892 
3.859, 2746732 
3.870, 2746638 
3.885, 2746227 
3.895, 2746184 
3.908, 2745642 
3.925, 2744169 
3.938, 2739093 
3.954, 2736807 
3.959, 2736693 
3.968, 2734726 
3.983, 2734496 
4.003, 2733318 
4.017, 2732601 
4.037, 2728236 
4.054, 2727969 
4.070, 2727845 
4.086, 2727505 
4.101, 2727016 
4.116, 2725864 
4.138, 2725191 
4.155, 2724502 
4.172, 2722670 
4.189, 2722001 
4.204, 2721482 
4.219, 2720405 
4.233, 2719204 
4.244, 2719138 
4.255, 2718650 
4.267, 2718071 
4.280, 2717636 
4.297, 2717525 
4.317, 2717253 
4.336, 2716395 
4.357, 2715754 
4.379, 2715490 
4.404, 2710851 
4.428, 2709862 
4.452, 2709528 
4.472, 2709480 
4.491, 2709254 
4.514, 2708364 
4.536, 2707889 
4.554, 2707688 
4.566, 2707645 
4.578, 2707139 
4.594, 2706880 
4.616, 2706699 
4.640, 2706615 
4.659, 2706602 
4.678, 2706168 
4.707, 2706111 
4.734, 2703074 
4.757, 2702585 
4.784, 2702535 
4.806, 2702094 
4.828, 2699506 
4.851, 2696888 
4.874, 2696047 
4.902, 2695498 
4.926, 2632382 
4.952, 2631380 
4.977, 2631333 
5.004, 2630568 
5.026, 2630477 
5.044, 2630286 
5.056, 2630185 
5.069, 2629880 
5.086, 2629364 
5.105, 2629008 
5.122, 2628905 
5.149, 2628405 
5.172, 2627652 
5.232, 2627203 
5.333, 2626611 
5.374, 2626150 
5.413, 2625782 
5.438, 2625635 
5.466, 2624569 
5.496, 2624500 
5.527, 2619814 
5.556, 2618811 
5.601, 2616881 
5.643, 2613845 
5.700, 2613193 
5.801, 2612555 
5.891, 2610920 
5.918, 2607118 
5.945, 2605742 
5.971, 2576966 
5.998, 2576224 
6.025, 2568681 
6.052, 2567512 
6.076, 2557057 
6.103, 2554791 
6.135, 2554095 
6.164, 2553101 
6.190, 2553099 
6.215, 2551751 
6.242, 2551593 
6.267, 2551343 
6.292, 2551201 
6.317, 2550824 
6.342, 2547472 
6.367, 2547046 
6.397, 2471370 
6.426, 2471171 
6.453, 2471141 
6.480, 2470036 
6.507, 2467426 
6.533, 2462981 
6.558, 2459239 
6.589, 2420360 
6.618, 2418589 
6.648, 2416439 
6.679, 2409546 
6.707, 2409019 
6.737, 2407760 
6.767, 2406173 
6.794, 2405715 
6.820, 2401596 
6.845, 2400893 
6.874, 2395523 
6.900, 2389112 
6.926, 2388303 
6.954, 2387795 
6.984, 2387693 
7.010, 2381514 
7.035, 2381067 
7.065, 2380551 
7.095, 2379378 
7.121, 2378565 
7.147, 2378384 
7.175, 2329305 
7.205, 2325422 
7.238, 2319772 
7.264, 2319588 
7.294, 2310175 
7.325, 2306639 
7.355, 2299408 
7.385, 2298883 
7.411, 2298541 
7.445, 2293109 
7.476, 2292953 
7.509, 2291594 
7.544, 2283114 
7.569, 2281681 
7.593, 2281199 
7.620, 2280702 
7.660, 2277127 
7.696, 2277115 
7.714, 2276963 
7.733, 2276686 
7.764, 2275295 
7.784, 2275168 
7.803, 2273882 
7.832, 2273548 
7.853, 2273481 
7.873, 2273378 
7.893, 2272871 
7.917, 2272469 
7.936, 2271902 
7.958, 2271844 
7.978, 2271100 
7.998, 2270737 
8.023, 2270534 
8.047, 2269585 
8.073, 2269494 
8.102, 2269364 
8.131, 2268572 
8.165, 2268282 
8.198, 2253682 
8.229, 2252170 
8.261, 2251868 
8.292, 2246247 
8.322, 2246202 
8.352, 2237928 
8.383, 2237768 
8.417, 2237739 
8.452, 2190265 
8.485, 2190141 
8.519, 2189645 
8.556, 2185906 
8.596, 2173761 
8.653, 2170772 
8.699, 2168831 
8.728, 2167476 
8.757, 2166886 
8.793, 2164614 
8.836, 2162952 
8.869, 2111801 
8.898, 2108980 
8.939, 2108628 
8.977, 2104530 
9.015, 2088835 
9.052, 2085973 
9.085, 2063042 
9.118, 2053646 
9.151, 2024557 
9.187, 2004998 
9.222, 1996315 
9.257, 1995919 
9.288, 1994117 
9.323, 1992641 
9.362, 1985411 
9.396, 1985354 
9.431, 1984034 
9.470, 1983910 
9.511, 1983514 
9.555, 1983457 
9.596, 1983006 
9.631, 1981348 
9.667, 1981230 
9.706, 1980307 
9.726, 1980141 
9.744, 1978994 
9.768, 1978628 
9.790, 1978447 
9.813, 1977844 
9.833, 1976600 
9.855, 1976427 
9.876, 1976374 
9.914, 1975235 
9.960, 1975122 
9.999, 1974660 
10.049, 1974634 
10.089, 1973229 
10.130, 1971587 
10.169, 1971425 
10.212, 1971218 
10.251, 1970953 
10.290, 1970564 
10.328, 1968702 
10.365, 1967450 
10.407, 1965889 
10.453, 1965809 
10.491, 1965792 
10.530, 1965093 
10.568, 1965047 
10.606, 1964798 
10.645, 1964633 
10.686, 1964087 
10.727, 1963822 
10.769, 1962218 
10.810, 1961925 
10.854, 1960546 
10.898, 1960118 
10.940, 1960029 
10.998, 1959678 
11.054, 1958676 
11.095, 1958194 
11.135, 1958079 
11.180, 1957897 
11.225, 1955623 
11.270, 1955396 
11.318, 1954379 
11.365, 1952984 
11.411, 1952630 
11.463, 1951516 
11.506, 1950870 
11.547, 1950663 
11.590, 1948199 
11.638, 1948164 
11.685, 1944104 
11.731, 1943335 
11.783, 1942684 
11.832, 1942360 
11.876, 1942106 
11.924, 1941563 
11.976, 1941268 
12.026, 1940287 
12.084, 1940175 
12.146, 1939960 
12.196, 1936109 
12.247, 1935979 
12.302, 1934374 
12.356, 1933560 
12.401, 1929421 
12.443, 1929386 
12.489, 1929147 
12.537, 1928940 
12.588, 1927618 
12.637, 1925384 
12.682, 1918660 
12.727, 1918278 
12.783, 1916316 
12.841, 1916150 
12.887, 1913203 
12.930, 1905070 
12.978, 1903021 
13.022, 1902790 
13.067, 1900289 
13.111, 1863778 
13.160, 1863542 
13.176, 1863443 
13.188, 1862978 
13.200, 1862472 
13.214, 1861779 
13.233, 1861184 
13.249, 1857961 
13.266, 1857023 
13.283, 1856723 
13.300, 1855984 
13.316, 1855822 
13.336, 1855299 
13.358, 1854699 
13.387, 1854641 
13.423, 1852958 
13.435, 1852206 
13.447, 1851649 
13.459, 1851250 
13.474, 1850451 
13.505, 1850149 
13.540, 1849104 
13.558, 1848299 
13.576, 1847716 
13.595, 1846962 
13.642, 1837674 
13.694, 1834883 
13.746, 1833467 
13.802, 1772601 
13.850, 1762275 
13.899, 1760622 
13.949, 1758993 
14.001, 1754973 
14.049, 1754820 
14.099, 1754289 
14.149, 1753531 
14.203, 1750866 
14.258, 1742723 
14.314, 1742521 
14.369, 1670342 
14.430, 1667241 
14.500, 1666344 
14.554, 1658303 
14.608, 1657602 
14.657, 1656848 
14.700, 1655049 
14.747, 1649895 
14.799, 1645947 
14.852, 1632115 
14.909, 1631326 
14.962, 1629820 
15.016, 1624440 
15.064, 1623251 
15.115, 1619468 
15.165, 1597921 
15.219, 1587123 
15.273, 1581914 
15.327, 1581373 
15.379, 1537828 
15.433, 1536996 
15.484, 1533562 
15.541, 1532386 
15.592, 1509959 
15.640, 1501642 
15.688, 1499683 
15.736, 1498640 
15.781, 1495585 
15.830, 1495262 
15.883, 1483666 
15.938, 1483397 
15.997, 1479681 
16.047, 1445630 
16.100, 1445616 
16.150, 1434501 
16.209, 1392739 
16.273, 1392158 
16.332, 1387348 
16.389, 1365190 
16.446, 1364716 
16.506, 1355814 
16.566, 1329399 
16.625, 1329192 
16.685, 1328597 
16.746, 1320757 
16.809, 1311456 
16.860, 1310108 
17.036, 1309613 
17.155, 1309146 
17.225, 1309124 
17.305, 1308883 
17.359, 1303715 
17.416, 1302989 
17.536, 1302321 
17.612, 1302149 
17.666, 1295818 
17.732, 1295642 
17.813, 1295614 
17.882, 1280223 
17.946, 1277606 
18.004, 1266766 
18.059, 1262139 
18.111, 1261548 
18.167, 1246181 
18.232, 1243933 
18.299, 1242594 
18.373, 1242392 
18.503, 1241872 
18.586, 1239866 
18.663, 1236974 
18.787, 1232473 
18.888, 1221010 
19.065, 1220622 
19.132, 1216008 
19.195, 1214801 
19.254, 1210548 
19.318, 1206901 
19.377, 1202412 
19.440, 1196513 
19.500, 1194779 
19.556, 1194711 
19.615, 1193569 
19.675, 1193142 
19.737, 1190429 
19.801, 1187901 
19.863, 1186566 
19.926, 1166994 
19.992, 1165070 
20.057, 1161701 
20.114, 1132709 
20.175, 1130987 
20.230, 1129738 
20.297, 1116297 
20.356, 1114633 
20.417, 1114295 
20.445, 1114049 
20.472, 1113280 
20.503, 1112404 
20.535, 1111773 
20.564, 1111617 
20.583, 1110773 
20.596, 1110659 
20.608, 1110615 
20.624, 1110532 
20.642, 1110091 
20.659, 1109774 
20.677, 1109755 
20.694, 1108930 
20.714, 1108832 
20.734, 1108820 
20.762, 1106938 
20.790, 1106797 
20.818, 1105770 
20.851, 1105464 
20.882, 1105385 
20.915, 1105302 
20.951, 1105143 
20.998, 1104509 
21.042, 1104003 
21.089, 1100678 
21.135, 1082131 
21.155, 1081503 
21.171, 1080894 
21.185, 1080869 
21.202, 1080838 
21.219, 1079686 
21.233, 1079664 
21.259, 1077394 
21.302, 1066190 
21.342, 1062972 
21.385, 1054852 
21.427, 1050464 
21.477, 1042390 
21.531, 1034168 
21.586, 1032422 
21.637, 1029289 
21.688, 1027364 
21.738, 983152 
21.791, 973672 
21.846, 972798 
21.898, 969942 
21.955, 969873 
22.011, 966706 
22.066, 966176 
22.115, 966067 
22.170, 960813 
22.222, 956403 
22.284, 955547 
22.342, 953960 
22.400, 950255 
22.462, 948476 
22.525, 947827 
22.589, 946592 
22.649, 945722 
22.714, 945692 
22.781, 945095 
22.846, 942041 
22.847, 937082 
22.847, 933315 
22.847, 869457 
22.847, 867610 
22.847, 867337 
22.847, 867006 
22.847, 865617 
22.847, 859672 
22.847, 855983 
22.847, 855610 
22.847, 854677 
22.847, 850773 
22.847, 848770 
22.847, 842568 
22.847, 841677 
22.847, 839198 
22.847, 838431 
22.848, 835278 
22.848, 834093 
22.849, 832404 
22.849, 832207 
22.850, 831417 
22.850, 827111 
22.851, 826786 
22.851, 826422 
22.852, 825468 
22.852, 821337 
22.853, 815028 
22.854, 813572 
22.856, 813443 
22.856, 812950 
22.858, 810720 
22.858, 809376 
22.860, 807542 
22.863, 807230 
22.866, 806366 
22.869, 806119 
22.872, 802882 
22.874, 800888 
22.877, 798812 
22.882, 793564 
22.885, 790168 
22.889, 789540 
22.893, 789343 
22.896, 789088 
22.899, 788771 
22.903, 788197 
22.906, 780116 
22.911, 779811 
22.917, 779497 
22.923, 778204 
22.930, 771901 
22.936, 769129 
22.939, 768914 
22.942, 768843 
22.953, 768543 
22.964, 767226 
22.976, 765745 
22.989, 765688 
23.003, 762286 
23.019, 762238 
23.033, 761381 
23.049, 761226 
23.069, 759306 
23.086, 757945 
23.101, 757315 
23.118, 741975 
23.130, 741748 
23.138, 741006 
23.142, 740751 
23.152, 740612 
23.163, 739064 
23.181, 738363 
23.199, 733578 
23.212, 728154 
23.225, 726108 
23.298, 725668 
23.374, 725150 
23.442, 723644 
23.509, 722907 
23.512, 722349 
23.515, 721454 
23.519, 721447 
23.523, 720539 
23.527, 720165 
23.531, 719588 
23.535, 718019 
23.540, 717741 
23.544, 716331 
23.547, 714900 
23.551, 714709 
23.555, 713345 
23.563, 713257 
23.567, 712914 
23.571, 712564 
23.574, 712435 
23.578, 711785 
23.588, 711695 
23.596, 711337 
23.606, 711261 
23.616, 710823 
23.626, 709422 
23.636, 709370 
23.649, 708682 
23.663, 707908 
23.725, 706655 
23.802, 705463 
23.878, 703094 
23.943, 702812 
24.011, 702434 
24.086, 702241 
24.090, 701884 
24.093, 701563 
24.097, 700960 
24.101, 698123 
24.104, 698097 
24.174, 696466 
24.246, 695908 
24.318, 695275 
24.395, 692047 
24.470, 691592 
24.541, 691332 
24.612, 691020 
24.687, 691012 
24.756, 690232 
