0.001, 6867744 
0.005, 6856829 
0.005, 6850073 
0.005, 6846720 
0.007, 6839345 
0.007, 6837418 
0.007, 6836913 
0.008, 6828899 
0.010, 6793385 
0.013, 6779926 
0.016, 6754593 
0.017, 6748626 
0.019, 6731692 
0.019, 6724843 
0.019, 6716396 
0.019, 6708570 
0.019, 6683442 
0.021, 6681153 
0.021, 6673615 
0.022, 6672446 
0.022, 6662709 
0.022, 6656898 
0.022, 6651888 
0.024, 6650047 
0.026, 6649829 
0.026, 6639054 
0.027, 6630929 
0.027, 6629999 
0.027, 6628605 
0.027, 6627960 
0.027, 6627393 
0.027, 6626859 
0.027, 6604997 
0.028, 6604669 
0.028, 6604649 
0.028, 6592965 
0.028, 6584413 
0.029, 6580718 
0.029, 6549917 
0.029, 6549198 
0.029, 6545129 
0.031, 6541834 
0.031, 6533406 
0.032, 6529473 
0.034, 6521865 
0.036, 6515896 
0.038, 6505623 
0.038, 6501346 
0.040, 6499286 
0.041, 6497265 
0.041, 6492550 
0.041, 6486179 
0.041, 6483736 
0.041, 6460682 
0.041, 6454783 
0.041, 6433740 
0.041, 6421130 
0.041, 6414125 
0.041, 6411218 
0.041, 6410065 
0.042, 6385829 
0.042, 6383283 
0.042, 6375401 
0.042, 6366934 
0.043, 6365779 
0.043, 6364990 
0.043, 6364971 
0.043, 6361754 
0.043, 6357143 
0.043, 6355842 
0.043, 6354432 
0.043, 6352531 
0.043, 6349008 
0.043, 6347725 
0.044, 6344782 
0.047, 6334538 
0.050, 6334511 
0.050, 6334506 
0.050, 6334367 
0.050, 6310967 
0.051, 6308965 
0.051, 6306209 
0.051, 6302947 
0.051, 6302198 
0.051, 6271797 
0.051, 6258085 
0.051, 6255425 
0.051, 6255150 
0.051, 6237843 
0.051, 6222189 
0.052, 6205848 
0.056, 6202671 
0.058, 6202522 
0.058, 6201688 
0.058, 6176578 
0.059, 6175197 
0.059, 6161933 
0.059, 6161227 
0.059, 6158307 
0.059, 6157561 
0.059, 6127818 
0.059, 6126863 
0.059, 6124670 
0.060, 6120201 
0.060, 6115779 
0.060, 6104683 
0.061, 6084085 
0.061, 6071933 
0.061, 6070459 
0.064, 6063173 
0.068, 6059634 
0.068, 6056701 
0.068, 6056588 
0.068, 6055660 
0.068, 6036417 
0.068, 6035127 
0.068, 6034472 
0.068, 6031965 
0.068, 6030823 
0.068, 6030703 
0.068, 6029976 
0.069, 6010706 
0.069, 5986493 
0.071, 5960257 
0.072, 5953948 
0.078, 5951379 
0.080, 5947246 
0.080, 5942456 
0.080, 5942454 
0.080, 5941296 
0.080, 5939648 
0.081, 5934263 
0.081, 5926616 
0.081, 5908231 
0.081, 5907656 
0.081, 5901424 
0.081, 5898581 
0.081, 5869420 
0.081, 5869242 
0.081, 5865822 
0.081, 5853951 
0.082, 5847243 
0.082, 5846636 
0.082, 5846384 
0.083, 5844292 
0.084, 5838081 
0.085, 5837931 
0.087, 5833530 
0.092, 5832745 
0.092, 5812503 
0.092, 5797740 
0.092, 5791696 
0.093, 5783382 
0.094, 5779444 
0.097, 5773593 
0.097, 5764583 
0.100, 5762555 
0.100, 5740286 
0.101, 5710080 
0.106, 5707784 
0.106, 5701512 
0.117, 5698749 
0.119, 5698389 
0.120, 5694292 
0.122, 5687963 
0.124, 5661898 
0.128, 5661819 
0.129, 5657325 
0.131, 5654025 
0.132, 5639640 
0.135, 5639065 
0.135, 5638257 
0.136, 5636921 
0.137, 5636685 
0.138, 5590305 
0.141, 5581476 
0.144, 5528135 
0.147, 5519404 
0.149, 5506739 
0.153, 5504756 
0.159, 5501549 
0.165, 5494786 
0.171, 5493343 
0.180, 5492437 
0.188, 5488335 
0.194, 5483802 
0.201, 5482623 
0.210, 5482198 
0.212, 5481793 
0.213, 5479634 
0.215, 5477891 
0.216, 5466734 
0.217, 5465113 
0.228, 5459215 
0.238, 5457907 
0.247, 5453649 
0.257, 5453231 
0.258, 5452520 
0.259, 5452489 
0.260, 5449986 
0.261, 5449613 
0.262, 5448909 
0.264, 5344242 
0.266, 5342884 
0.267, 5341768 
0.268, 5340051 
0.269, 5338823 
0.271, 5335168 
0.272, 5334365 
0.274, 5327206 
0.276, 5326647 
0.278, 5321753 
0.279, 5310203 
0.279, 5310102 
0.279, 5304912 
0.279, 5284282 
0.279, 5280797 
0.279, 5277902 
0.279, 5266258 
0.279, 5238223 
0.279, 5236079 
0.280, 5235751 
0.281, 5234733 
0.281, 5209591 
0.281, 5175080 
0.281, 5166188 
0.281, 5150535 
0.281, 5150088 
0.281, 5147090 
0.281, 5143376 
0.281, 5130180 
0.281, 5129960 
0.281, 5124404 
0.281, 5122195 
0.281, 5121745 
0.281, 5117766 
0.281, 5104733 
0.281, 5098988 
0.281, 5096694 
0.281, 5087302 
0.281, 5086953 
0.281, 5082614 
0.281, 5080181 
0.282, 5077893 
0.282, 5072606 
0.282, 5071950 
0.282, 5065009 
0.282, 5064369 
0.282, 5059131 
0.282, 5055175 
0.282, 5041302 
0.282, 5034793 
0.282, 5025109 
0.282, 5022471 
0.282, 5012237 
0.282, 5009376 
0.282, 5006679 
0.283, 5000880 
0.283, 4999178 
0.283, 4998145 
0.283, 4988505 
0.283, 4986291 
0.284, 4980264 
0.285, 4965484 
0.285, 4956659 
0.286, 4953211 
0.286, 4939741 
0.287, 4937872 
0.288, 4926451 
0.288, 4917332 
0.290, 4915749 
0.291, 4915347 
0.292, 4915113 
0.293, 4908188 
0.294, 4901760 
0.294, 4901164 
0.295, 4886032 
0.298, 4883981 
0.301, 4879527 
0.304, 4879361 
0.308, 4878862 
0.312, 4878552 
0.317, 4876063 
0.321, 4873720 
0.327, 4873005 
0.331, 4869495 
0.334, 4867636 
0.338, 4867097 
0.344, 4866685 
0.349, 4866519 
0.354, 4848607 
0.359, 4847871 
0.365, 4843725 
0.372, 4839600 
0.379, 4832177 
0.386, 4832132 
0.394, 4830500 
0.401, 4828966 
0.408, 4827519 
0.415, 4826749 
0.422, 4826745 
0.428, 4825485 
0.435, 4824278 
0.442, 4822968 
0.450, 4768851 
0.466, 4749473 
0.482, 4742114 
0.495, 4739772 
0.509, 4739560 
0.515, 4739483 
0.523, 4738813 
0.532, 4733676 
0.542, 4730169 
0.549, 4712529 
0.556, 4706481 
0.563, 4624700 
0.574, 4615608 
0.584, 4607125 
0.593, 4548090 
0.602, 4535616 
0.602, 4531069 
0.603, 4526576 
0.603, 4520352 
0.603, 4512331 
0.603, 4507197 
0.611, 4505789 
0.620, 4505096 
0.631, 4504701 
0.643, 4504466 
0.653, 4504406 
0.668, 4488952 
0.681, 4482526 
0.695, 4479878 
0.705, 4398582 
0.718, 4380484 
0.718, 4377379 
0.719, 4377374 
0.720, 4377059 
0.721, 4376896 
0.722, 4370635 
0.723, 4363039 
0.723, 4359288 
0.723, 4358382 
0.724, 4358376 
0.724, 4358089 
0.725, 4344712 
0.725, 4342681 
0.726, 4321592 
0.729, 4320969 
0.730, 4320146 
0.732, 4319454 
0.734, 4317925 
0.736, 4251682 
0.737, 4249031 
0.738, 4246117 
0.740, 4219436 
0.742, 4215119 
0.744, 4207953 
0.745, 4207553 
0.747, 4181699 
0.748, 4180366 
0.753, 4178036 
0.754, 4174937 
0.756, 4135782 
0.757, 4131951 
0.759, 4128771 
0.761, 4122748 
0.763, 4120742 
0.765, 4089520 
0.767, 4088246 
0.769, 4081785 
0.770, 4081033 
0.772, 4077149 
0.774, 4074275 
0.775, 4069533 
0.777, 4069170 
0.779, 4069165 
0.781, 4065576 
0.783, 4064739 
0.784, 4061043 
0.786, 4057933 
0.787, 4055736 
0.789, 4053908 
0.791, 4049287 
0.792, 4049016 
0.794, 3965416 
0.796, 3964882 
0.797, 3957642 
0.799, 3956465 
0.800, 3956277 
0.802, 3947337 
0.804, 3944377 
0.805, 3933201 
0.807, 3922136 
0.809, 3920934 
0.811, 3920496 
0.812, 3910353 
0.814, 3890153 
0.816, 3888085 
0.818, 3885846 
0.821, 3872441 
0.822, 3871940 
0.824, 3871132 
0.826, 3865406 
0.835, 3863788 
0.841, 3861475 
0.846, 3850730 
0.851, 3846437 
0.855, 3840755 
0.861, 3827392 
0.871, 3827057 
0.885, 3825277 
0.897, 3824635 
0.903, 3823303 
0.905, 3822571 
0.909, 3821292 
0.910, 3817723 
0.912, 3817496 
0.927, 3817358 
0.943, 3816758 
0.957, 3813638 
0.974, 3810458 
0.994, 3809025 
1.009, 3808421 
1.025, 3808092 
1.037, 3807700 
1.050, 3807322 
1.066, 3806814 
1.078, 3806502 
1.098, 3804921 
1.115, 3803883 
1.130, 3803450 
1.150, 3802792 
1.169, 3797914 
1.193, 3793454 
1.213, 3783482 
1.234, 3781525 
1.252, 3780587 
1.272, 3685109 
1.304, 3675332 
1.357, 3673485 
1.397, 3672938 
1.418, 3669953 
1.437, 3668866 
1.458, 3620800 
1.478, 3619241 
1.498, 3617533 
1.499, 3615892 
1.500, 3613900 
1.501, 3606854 
1.502, 3604369 
1.506, 3595269 
1.509, 3595072 
1.513, 3593748 
1.517, 3593211 
1.520, 3592883 
1.524, 3587454 
1.527, 3586532 
1.530, 3582192 
1.534, 3581975 
1.537, 3580906 
1.542, 3579614 
1.546, 3579358 
1.551, 3577993 
1.554, 3577284 
1.559, 3577212 
1.563, 3576992 
1.568, 3576661 
1.572, 3576659 
1.575, 3576310 
1.579, 3568808 
1.585, 3568270 
1.594, 3568094 
1.599, 3564805 
1.604, 3560751 
1.608, 3560373 
1.612, 3558756 
1.616, 3558753 
1.620, 3555110 
1.625, 3553589 
1.630, 3551047 
1.636, 3548202 
1.642, 3547835 
1.648, 3542293 
1.655, 3521457 
1.660, 3521374 
1.666, 3518667 
1.671, 3514909 
1.677, 3512570 
1.684, 3507822 
1.690, 3501561 
1.695, 3494187 
1.700, 3493049 
1.707, 3481550 
1.716, 3481390 
1.721, 3477645 
1.725, 3477591 
1.732, 3468481 
1.737, 3468250 
1.744, 3458015 
1.748, 3456989 
1.754, 3444454 
1.761, 3436387 
1.765, 3436316 
1.771, 3428337 
1.775, 3426963 
1.781, 3415840 
1.786, 3415741 
1.793, 3404196 
1.799, 3404129 
1.803, 3402532 
1.807, 3402217 
1.813, 3398768 
1.821, 3383000 
1.826, 3382839 
1.832, 3351190 
1.840, 3351171 
1.861, 3350416 
1.873, 3350185 
1.886, 3348798 
1.903, 3348215 
1.921, 3345534 
1.937, 3340902 
1.954, 3339528 
1.960, 3249165 
1.965, 3247964 
1.970, 3247729 
1.975, 3243221 
1.981, 3243071 
1.987, 3242577 
1.993, 3237834 
1.998, 3237819 
2.003, 3237629 
2.008, 3237367 
2.012, 3237337 
2.019, 3231396 
2.025, 3212789 
2.029, 3212645 
2.035, 3212558 
2.041, 3211995 
2.048, 3204466 
2.054, 3204432 
2.061, 3203217 
2.069, 3202687 
2.076, 3200470 
2.082, 3193608 
2.091, 3191476 
2.099, 3189371 
2.106, 3187974 
2.114, 3187608 
2.123, 3185723 
2.130, 3185092 
2.136, 3177131 
2.141, 3176856 
2.146, 3175664 
2.150, 3175607 
2.158, 3157913 
2.162, 3152117 
2.166, 3151995 
2.170, 3150854 
2.174, 3150230 
2.180, 3149989 
2.186, 3145921 
2.194, 3144102 
2.200, 3140246 
2.207, 3138813 
2.216, 3133650 
2.223, 3071420 
2.229, 3071384 
2.235, 3068277 
2.243, 3063939 
2.252, 3062963 
2.261, 3057418 
2.268, 3051458 
2.275, 3051183 
2.280, 3049991 
2.283, 3049934 
2.289, 3049915 
2.293, 3044162 
2.296, 3044040 
2.300, 3042899 
2.305, 3042275 
2.310, 3042034 
2.316, 3041208 
2.323, 3040841 
2.331, 3040258 
2.338, 3039641 
2.345, 3036278 
2.352, 3035622 
2.360, 3035157 
2.367, 3025615 
2.376, 3024319 
2.385, 3024318 
2.393, 3023055 
2.403, 3022560 
2.410, 3020914 
2.418, 3017994 
2.428, 3017221 
2.435, 3016471 
2.444, 3012308 
2.456, 3009966 
2.466, 3008878 
2.476, 3006678 
2.485, 3006113 
2.493, 3005900 
2.504, 3005139 
2.514, 3002965 
2.522, 3002582 
2.533, 3002247 
2.544, 2980519 
2.554, 2969355 
2.566, 2962929 
2.576, 2962286 
2.585, 2961982 
2.595, 2961287 
2.604, 2960515 
2.614, 2952207 
2.623, 2951628 
2.634, 2945248 
2.646, 2882700 
2.657, 2882046 
2.669, 2881235 
2.680, 2881152 
2.691, 2881115 
2.703, 2880479 
2.713, 2880427 
2.722, 2880160 
2.732, 2879592 
2.742, 2879162 
2.753, 2875745 
2.764, 2875693 
2.777, 2873389 
2.790, 2871968 
2.804, 2866820 
2.816, 2865329 
2.827, 2864985 
2.835, 2864820 
2.846, 2864217 
2.857, 2863858 
2.870, 2860550 
2.885, 2860300 
2.896, 2860103 
2.910, 2860019 
2.923, 2854593 
2.936, 2846135 
2.949, 2845897 
2.959, 2845467 
2.971, 2845424 
2.983, 2843779 
2.995, 2843714 
3.008, 2837212 
3.022, 2837147 
3.035, 2831081 
3.049, 2830754 
3.061, 2830573 
3.075, 2818675 
3.087, 2804515 
3.099, 2804122 
3.113, 2802655 
3.125, 2802400 
3.137, 2802342 
3.150, 2801147 
3.164, 2800816 
3.177, 2800713 
3.191, 2799587 
3.205, 2796412 
3.218, 2795325 
3.234, 2792651 
3.250, 2790816 
3.260, 2789973 
3.271, 2789882 
3.283, 2789841 
3.294, 2789223 
3.306, 2789207 
3.319, 2789109 
3.335, 2788398 
3.351, 2788132 
3.368, 2787948 
3.382, 2785820 
3.400, 2781234 
3.415, 2780487 
3.434, 2779253 
3.450, 2768484 
3.467, 2768100 
3.486, 2767228 
3.503, 2766562 
3.523, 2765484 
3.539, 2762430 
3.558, 2756924 
3.574, 2756540 
3.590, 2755571 
3.600, 2755367 
3.610, 2754373 
3.619, 2754257 
3.631, 2752298 
3.646, 2751203 
3.657, 2750745 
3.669, 2747389 
3.682, 2746967 
3.693, 2746696 
3.705, 2745231 
3.718, 2745047 
3.736, 2743499 
3.750, 2743350 
3.764, 2739523 
3.781, 2738761 
3.795, 2738193 
3.811, 2734746 
3.827, 2734722 
3.842, 2733951 
3.859, 2725112 
3.876, 2725107 
3.892, 2723617 
3.909, 2723502 
3.924, 2721657 
3.942, 2719555 
3.957, 2716456 
3.972, 2714421 
3.989, 2714216 
4.005, 2713450 
4.021, 2711883 
4.039, 2711621 
4.056, 2711407 
4.072, 2707853 
4.091, 2707748 
4.109, 2707188 
4.125, 2706440 
4.144, 2645167 
4.161, 2643707 
4.180, 2643369 
4.197, 2642186 
4.214, 2642154 
4.237, 2642080 
4.256, 2641997 
4.276, 2639245 
4.298, 2638063 
4.317, 2637277 
4.340, 2637137 
4.358, 2636081 
4.382, 2635363 
4.402, 2635168 
4.426, 2634679 
4.447, 2634647 
4.467, 2630307 
4.491, 2628486 
4.512, 2627156 
4.544, 2626605 
4.575, 2626434 
4.602, 2510412 
4.628, 2510333 
4.650, 2509119 
4.671, 2508551 
4.688, 2508519 
4.707, 2508400 
4.727, 2508192 
4.745, 2508052 
4.763, 2507622 
4.785, 2431046 
4.807, 2427500 
4.828, 2350261 
4.849, 2346032 
4.872, 2345126 
4.892, 2344958 
4.912, 2344871 
4.930, 2344382 
4.950, 2344184 
4.970, 2266501 
4.989, 2264671 
5.010, 2248046 
5.031, 2243870 
5.050, 2243694 
5.072, 2241722 
5.092, 2240495 
5.116, 2240278 
5.140, 2236057 
5.162, 2235505 
5.183, 2233500 
5.202, 2232861 
5.224, 2228592 
5.246, 2227446 
5.269, 2226760 
5.291, 2226567 
5.313, 2226028 
5.336, 2225864 
5.355, 2223599 
5.380, 2222543 
5.401, 2222434 
5.424, 2221755 
5.446, 2221429 
5.476, 2218434 
5.496, 2215941 
5.517, 2213920 
5.540, 2213070 
5.566, 2135653 
5.590, 2134582 
5.617, 2134473 
5.643, 2133926 
5.663, 2130779 
5.673, 2130557 
5.684, 2129649 
5.694, 2129622 
5.709, 2129436 
5.722, 2128089 
5.737, 2127878 
5.752, 2127740 
5.767, 2124083 
5.787, 2123293 
5.803, 2121875 
5.819, 2121547 
5.836, 2120116 
5.851, 2118562 
5.868, 2116939 
5.884, 2116884 
5.900, 2113785 
5.917, 2112720 
5.936, 2111040 
5.955, 2109182 
5.976, 2108951 
5.996, 2096757 
6.014, 2096434 
6.033, 2096331 
6.049, 2081650 
6.069, 2056407 
6.086, 2056100 
6.103, 2055500 
6.122, 2055419 
6.139, 2055278 
6.156, 2054870 
6.176, 2054278 
6.196, 2054132 
6.214, 2053904 
6.234, 2049796 
6.255, 2049538 
6.274, 2047988 
6.291, 2045307 
6.309, 2044144 
6.324, 2042946 
6.342, 2041073 
6.352, 2040109 
6.359, 2040034 
6.370, 2039948 
6.381, 2039886 
6.390, 2038562 
6.398, 2038548 
6.409, 2038092 
6.419, 2037106 
6.438, 2036902 
6.451, 2036777 
6.464, 2035496 
6.476, 2035398 
6.498, 2035282 
6.524, 2035244 
6.550, 2034929 
6.579, 2009541 
6.606, 2008330 
6.636, 1994320 
6.664, 1982045 
6.694, 1981186 
6.721, 1969234 
6.755, 1969086 
6.785, 1967960 
6.817, 1967764 
6.846, 1965100 
6.873, 1964658 
6.900, 1964626 
6.929, 1964601 
6.954, 1962762 
6.982, 1961099 
7.012, 1960804 
7.039, 1959629 
7.067, 1959212 
7.096, 1958705 
7.127, 1958095 
7.152, 1957925 
7.181, 1957509 
7.209, 1956246 
7.238, 1955162 
7.265, 1954713 
7.292, 1954270 
7.319, 1954165 
7.346, 1953752 
7.375, 1953667 
7.404, 1953130 
7.433, 1952985 
7.457, 1952824 
7.482, 1952640 
7.508, 1950792 
7.536, 1950356 
7.566, 1950220 
7.596, 1949059 
7.626, 1948857 
7.655, 1948293 
7.686, 1946889 
7.717, 1945530 
7.747, 1945287 
7.776, 1945203 
7.804, 1945190 
7.830, 1944756 
7.860, 1944594 
7.887, 1944277 
7.924, 1944157 
7.972, 1943332 
8.009, 1943275 
8.040, 1943250 
8.070, 1942686 
8.102, 1942446 
8.134, 1941909 
8.168, 1941290 
8.200, 1941206 
8.231, 1941193 
8.257, 1940759 
8.286, 1939448 
8.318, 1939223 
8.352, 1938793 
8.387, 1833622 
8.422, 1815652 
8.446, 1814407 
8.468, 1814117 
8.487, 1814041 
8.511, 1813356 
8.533, 1813161 
8.555, 1813108 
8.578, 1812305 
8.598, 1811170 
8.618, 1809007 
8.642, 1808913 
8.663, 1717528 
8.681, 1709097 
8.702, 1706726 
8.723, 1704917 
8.743, 1704329 
8.764, 1703931 
8.785, 1700202 
8.805, 1685488 
8.827, 1683545 
8.850, 1682060 
8.873, 1679785 
8.894, 1677827 
8.917, 1675494 
8.943, 1674147 
8.966, 1672997 
8.991, 1672706 
9.016, 1672690 
9.039, 1672258 
9.065, 1672094 
9.088, 1671893 
9.117, 1671643 
9.143, 1671116 
9.168, 1670148 
9.196, 1669899 
9.223, 1669274 
9.252, 1669252 
9.286, 1669141 
9.319, 1668928 
9.353, 1667363 
9.389, 1667281 
9.426, 1665295 
9.463, 1664793 
9.496, 1664747 
9.531, 1664186 
9.563, 1663379 
9.597, 1663017 
9.630, 1662238 
9.663, 1661876 
9.697, 1661796 
9.734, 1661383 
9.769, 1660843 
9.805, 1660458 
9.839, 1659818 
9.876, 1659718 
9.915, 1658006 
9.953, 1657967 
9.988, 1657111 
10.024, 1657024 
10.061, 1656728 
10.098, 1656674 
10.133, 1655191 
10.166, 1654231 
10.202, 1653907 
10.242, 1653701 
10.278, 1653651 
10.316, 1653620 
10.329, 1653528 
10.340, 1653383 
10.354, 1651198 
10.370, 1651163 
10.387, 1650667 
10.402, 1650650 
10.418, 1649286 
10.432, 1648307 
10.450, 1648224 
10.464, 1647741 
10.480, 1647738 
10.494, 1647448 
10.508, 1646754 
10.524, 1645849 
10.539, 1645830 
10.555, 1645091 
10.570, 1644993 
10.587, 1644549 
10.633, 1644001 
10.651, 1643845 
10.667, 1643377 
10.688, 1642855 
10.706, 1641215 
10.726, 1640069 
10.748, 1639071 
10.766, 1639043 
10.788, 1638930 
10.807, 1637913 
10.825, 1637107 
10.845, 1636835 
10.864, 1636655 
10.884, 1635103 
10.907, 1633747 
10.930, 1633646 
10.951, 1633211 
10.974, 1631357 
10.996, 1629909 
11.016, 1629890 
11.036, 1627983 
11.057, 1626033 
11.079, 1625364 
11.098, 1624079 
11.118, 1622690 
11.139, 1622437 
11.161, 1622044 
11.181, 1617001 
11.204, 1606711 
11.225, 1606636 
11.247, 1602820 
11.268, 1601012 
11.289, 1597635 
11.310, 1596363 
11.329, 1596358 
11.351, 1596182 
11.371, 1595917 
11.396, 1594870 
11.426, 1594800 
11.448, 1594529 
11.472, 1593396 
11.516, 1593215 
11.571, 1592651 
11.624, 1592189 
11.672, 1592105 
11.719, 1592092 
11.763, 1591658 
11.814, 1589815 
11.864, 1588322 
11.918, 1587935 
11.970, 1587891 
12.019, 1587372 
12.067, 1583475 
12.115, 1582977 
12.167, 1579463 
12.220, 1579015 
12.271, 1578523 
12.315, 1577579 
12.360, 1552950 
12.405, 1487105 
12.436, 1481491 
12.452, 1481141 
12.469, 1480010 
12.487, 1479830 
12.503, 1478964 
12.520, 1478762 
12.546, 1478703 
12.572, 1478658 
12.590, 1478531 
12.609, 1478125 
12.629, 1475753 
12.657, 1475167 
12.684, 1474914 
12.712, 1473940 
12.743, 1473119 
12.776, 1472515 
12.820, 1470236 
12.867, 1468730 
12.913, 1466895 
12.958, 1438542 
12.992, 1437437 
13.019, 1436523 
13.048, 1434665 
13.075, 1434176 
13.103, 1433588 
13.131, 1431425 
13.160, 1431098 
13.189, 1430694 
13.219, 1430505 
13.247, 1429753 
13.276, 1429319 
13.305, 1428201 
13.334, 1425709 
13.363, 1423931 
13.395, 1423306 
13.440, 1418779 
13.493, 1382053 
13.539, 1365454 
13.586, 1365449 
13.632, 1321153 
13.678, 1318848 
13.724, 1282289 
13.769, 1282151 
13.818, 1281303 
13.863, 1281094 
13.908, 1246918 
13.956, 1246727 
14.004, 1228975 
14.054, 1228813 
14.102, 1225883 
14.149, 1225246 
14.202, 1223602 
14.260, 1222053 
14.315, 1211899 
14.375, 1210356 
14.433, 1208526 
14.486, 1202642 
14.540, 1193137 
14.598, 1191651 
14.669, 1189024 
14.729, 1188571 
14.780, 1188238 
14.836, 1184125 
14.889, 1150842 
14.948, 1150265 
15.006, 1150250 
15.060, 1149609 
15.118, 1147158 
15.173, 1146233 
15.222, 1125001 
15.269, 1124448 
15.318, 1123341 
15.370, 1112594 
15.433, 1112592 
15.498, 1099623 
15.553, 1098724 
15.616, 1098377 
15.677, 1097424 
15.732, 1097356 
15.794, 1096920 
15.859, 1096897 
15.913, 1089399 
15.973, 1078293 
16.031, 1075930 
16.085, 1073380 
16.145, 1070058 
16.203, 1068386 
16.268, 1067246 
16.329, 1061893 
16.395, 1046472 
16.457, 1045033 
16.520, 1044502 
16.584, 1043744 
16.645, 1036559 
16.707, 1027797 
16.770, 1023493 
16.832, 1019030 
16.899, 992887 
16.965, 984996 
17.030, 971066 
17.095, 960352 
17.159, 939506 
17.214, 935891 
17.266, 934333 
17.317, 921550 
17.372, 919414 
17.424, 905561 
17.476, 901402 
17.530, 897537 
17.588, 897055 
17.645, 896639 
17.697, 895492 
17.748, 894648 
17.799, 894326 
17.850, 888976 
17.902, 886351 
17.953, 880889 
18.007, 808034 
18.065, 806375 
18.135, 787994 
18.188, 784158 
18.239, 782846 
18.291, 782683 
18.345, 779902 
18.400, 768533 
18.452, 766624 
18.505, 763817 
18.559, 758517 
18.610, 756649 
18.663, 753021 
18.715, 740478 
18.767, 739166 
18.819, 736986 
18.872, 726520 
18.927, 723065 
18.979, 713280 
19.034, 711693 
19.088, 706753 
19.144, 706342 
19.199, 705431 
19.254, 704942 
19.309, 704939 
19.363, 700451 
19.423, 698818 
19.480, 697832 
19.536, 696278 
19.595, 696248 
19.652, 695500 
19.707, 694484 
19.763, 693876 
19.822, 690832 
19.878, 689137 
19.935, 689095 
19.991, 688988 
20.047, 688652 
20.103, 687974 
20.166, 687951 
20.228, 687807 
20.285, 684617 
20.343, 683758 
20.402, 682536 
20.471, 682484 
20.537, 681796 
20.611, 679585 
20.643, 679331 
20.675, 678374 
20.708, 676013 
20.738, 675751 
20.770, 675328 
20.803, 674980 
20.848, 674937 
20.881, 674905 
20.915, 673587 
20.976, 672757 
