0.001, 7409811 
0.003, 7409079 
0.003, 7402979 
0.005, 7387216 
0.005, 7372437 
0.005, 7352575 
0.005, 7347699 
0.005, 7347638 
0.007, 7334954 
0.007, 7333661 
0.007, 7327168 
0.008, 7309777 
0.008, 7304132 
0.009, 7192204 
0.011, 7180907 
0.011, 7176111 
0.014, 7159849 
0.015, 7159146 
0.016, 7144072 
0.016, 7138299 
0.016, 7081137 
0.016, 7066108 
0.017, 7052992 
0.017, 7052131 
0.017, 7050722 
0.017, 6982929 
0.018, 6953338 
0.020, 6952390 
0.020, 6947320 
0.020, 6936194 
0.020, 6905799 
0.020, 6904764 
0.020, 6900362 
0.021, 6891632 
0.021, 6874216 
0.021, 6868904 
0.021, 6866006 
0.021, 6860763 
0.021, 6857681 
0.021, 6842276 
0.021, 6837760 
0.021, 6823760 
0.022, 6821359 
0.022, 6817232 
0.022, 6816209 
0.023, 6806379 
0.024, 6806104 
0.025, 6805488 
0.025, 6804594 
0.025, 6802923 
0.026, 6794693 
0.026, 6779739 
0.029, 6754059 
0.032, 6750841 
0.032, 6732971 
0.032, 6716796 
0.032, 6712479 
0.032, 6686079 
0.032, 6677961 
0.032, 6669557 
0.033, 6657476 
0.033, 6651247 
0.033, 6649525 
0.033, 6649500 
0.033, 6649401 
0.033, 6641702 
0.033, 6637886 
0.033, 6625971 
0.036, 6598121 
0.036, 6588162 
0.037, 6552787 
0.039, 6548712 
0.039, 6511732 
0.042, 6487364 
0.042, 6458881 
0.044, 6457132 
0.044, 6422011 
0.046, 6418045 
0.047, 6410943 
0.047, 6382718 
0.049, 6382199 
0.050, 6381039 
0.050, 6374008 
0.050, 6356581 
0.050, 6355711 
0.050, 6352446 
0.050, 6348406 
0.050, 6344057 
0.050, 6338994 
0.050, 6334212 
0.050, 6334181 
0.050, 6325130 
0.050, 6320966 
0.050, 6307983 
0.050, 6301658 
0.051, 6299466 
0.051, 6292401 
0.051, 6281560 
0.051, 6252512 
0.051, 6248258 
0.053, 6247945 
0.054, 6232686 
0.054, 6226728 
0.054, 6209862 
0.054, 6209465 
0.054, 6204590 
0.054, 6178155 
0.055, 6175602 
0.055, 6170491 
0.055, 6163925 
0.055, 6156670 
0.055, 6156326 
0.055, 6155975 
0.055, 6149288 
0.055, 6142126 
0.055, 6135810 
0.056, 6135090 
0.057, 6133102 
0.058, 6122182 
0.058, 6118756 
0.061, 6117571 
0.064, 6115807 
0.064, 6041782 
0.066, 6021230 
0.069, 6016121 
0.070, 6015782 
0.070, 6015174 
0.070, 6001366 
0.070, 5966892 
0.070, 5951504 
0.070, 5936585 
0.070, 5926154 
0.070, 5920306 
0.070, 5917364 
0.071, 5903272 
0.071, 5902246 
0.074, 5899310 
0.074, 5889614 
0.075, 5874912 
0.077, 5872775 
0.077, 5858419 
0.077, 5839147 
0.077, 5818404 
0.077, 5797006 
0.077, 5793407 
0.077, 5793060 
0.078, 5787523 
0.078, 5766456 
0.078, 5759365 
0.078, 5740324 
0.078, 5725198 
0.078, 5719730 
0.078, 5711748 
0.078, 5707146 
0.078, 5701348 
0.078, 5700808 
0.078, 5699184 
0.078, 5681075 
0.079, 5674107 
0.079, 5671778 
0.079, 5671775 
0.082, 5670207 
0.082, 5665720 
0.082, 5637180 
0.084, 5631510 
0.086, 5628592 
0.088, 5624438 
0.097, 5622214 
0.097, 5619396 
0.097, 5614246 
0.099, 5611743 
0.100, 5607127 
0.102, 5607088 
0.103, 5604215 
0.104, 5587238 
0.105, 5569685 
0.105, 5566940 
0.106, 5454024 
0.106, 5443541 
0.107, 5439671 
0.108, 5439668 
0.109, 5439258 
0.110, 5437947 
0.111, 5415999 
0.112, 5409068 
0.112, 5397772 
0.113, 5392072 
0.114, 5388298 
0.115, 5377426 
0.116, 5374395 
0.118, 5368475 
0.120, 5359851 
0.121, 5359314 
0.122, 5353069 
0.124, 5351205 
0.125, 5315543 
0.127, 5315113 
0.128, 5299770 
0.130, 5287933 
0.131, 5282098 
0.134, 5280858 
0.135, 5277726 
0.136, 5276899 
0.137, 5274155 
0.140, 5273880 
0.141, 5271824 
0.145, 5270636 
0.148, 5244742 
0.150, 5236356 
0.153, 5232360 
0.157, 5229806 
0.159, 5223160 
0.162, 5212003 
0.164, 5211552 
0.166, 5210821 
0.169, 5202120 
0.171, 5193625 
0.176, 5192868 
0.181, 5190927 
0.186, 5188223 
0.187, 5185503 
0.193, 5177675 
0.197, 5176889 
0.204, 5169153 
0.206, 5164704 
0.212, 5163886 
0.218, 5163591 
0.222, 5162652 
0.227, 5161895 
0.240, 5159991 
0.245, 5158574 
0.248, 5157628 
0.258, 5156813 
0.261, 5156722 
0.265, 5155943 
0.271, 5154878 
0.278, 5153754 
0.284, 5153381 
0.289, 5152207 
0.293, 5146450 
0.300, 5119019 
0.309, 5118236 
0.316, 5115619 
0.322, 5108826 
0.327, 5108574 
0.335, 5103162 
0.339, 5101228 
0.345, 5095799 
0.352, 5031793 
0.361, 5024345 
0.367, 5018339 
0.371, 5016317 
0.375, 5015715 
0.379, 5014058 
0.384, 5005245 
0.388, 5003325 
0.392, 4999618 
0.400, 4997468 
0.405, 4995385 
0.414, 4993466 
0.419, 4990383 
0.425, 4985033 
0.429, 4979740 
0.434, 4976667 
0.438, 4971083 
0.443, 4968548 
0.447, 4968459 
0.451, 4966991 
0.456, 4964217 
0.460, 4963003 
0.463, 4962393 
0.469, 4952431 
0.476, 4950369 
0.490, 4950199 
0.503, 4948654 
0.515, 4948518 
0.525, 4948339 
0.535, 4947275 
0.544, 4945320 
0.549, 4937813 
0.549, 4937605 
0.549, 4936257 
0.549, 4935464 
0.551, 4932451 
0.552, 4931281 
0.552, 4929599 
0.552, 4929053 
0.553, 4928468 
0.554, 4928383 
0.555, 4928070 
0.555, 4927972 
0.557, 4927164 
0.559, 4925456 
0.562, 4925356 
0.563, 4917885 
0.565, 4911447 
0.567, 4891183 
0.569, 4885302 
0.572, 4884089 
0.574, 4884000 
0.575, 4875575 
0.577, 4874060 
0.579, 4869451 
0.581, 4867210 
0.583, 4861371 
0.585, 4856326 
0.587, 4856250 
0.589, 4853698 
0.591, 4852305 
0.593, 4850432 
0.595, 4846796 
0.599, 4839699 
0.601, 4838536 
0.602, 4837194 
0.603, 4834630 
0.608, 4818739 
0.612, 4814092 
0.617, 4795802 
0.620, 4716454 
0.623, 4706013 
0.627, 4704042 
0.630, 4615811 
0.633, 4615677 
0.636, 4609228 
0.640, 4608697 
0.643, 4519751 
0.647, 4519651 
0.650, 4438790 
0.654, 4427228 
0.658, 4424251 
0.662, 4409898 
0.665, 4409890 
0.668, 4406337 
0.671, 4405445 
0.674, 4404830 
0.678, 4288622 
0.680, 4251927 
0.683, 4235799 
0.690, 4229454 
0.693, 4228432 
0.698, 4221538 
0.704, 4220301 
0.711, 4201473 
0.715, 4200618 
0.718, 4196906 
0.721, 4191839 
0.725, 4187253 
0.728, 4184288 
0.732, 4183407 
0.735, 4159115 
0.738, 4153898 
0.742, 4075539 
0.746, 4074404 
0.753, 4073504 
0.759, 4073391 
0.763, 4072189 
0.767, 4069352 
0.770, 4060865 
0.775, 4056545 
0.779, 3979691 
0.786, 3978517 
0.789, 3978437 
0.793, 3975549 
0.798, 3970263 
0.804, 3966970 
0.809, 3962765 
0.813, 3958883 
0.817, 3957935 
0.821, 3956387 
0.825, 3951831 
0.829, 3947054 
0.834, 3941291 
0.838, 3938442 
0.842, 3938382 
0.846, 3937919 
0.850, 3930653 
0.854, 3928141 
0.858, 3925708 
0.861, 3924864 
0.866, 3923459 
0.875, 3921087 
0.884, 3920438 
0.893, 3916833 
0.904, 3908333 
0.913, 3905370 
0.923, 3902381 
0.931, 3902247 
0.935, 3897018 
0.939, 3894898 
0.944, 3894171 
0.949, 3892584 
0.953, 3824719 
0.956, 3822156 
0.960, 3817656 
0.964, 3815243 
0.968, 3810257 
0.970, 3810140 
0.974, 3805902 
0.979, 3805392 
0.985, 3804341 
0.990, 3803920 
0.995, 3801929 
1.005, 3796953 
1.010, 3796054 
1.015, 3794558 
1.020, 3790697 
1.024, 3790634 
1.030, 3786119 
1.036, 3785734 
1.040, 3784781 
1.045, 3784342 
1.051, 3780056 
1.057, 3777930 
1.063, 3772320 
1.067, 3762173 
1.072, 3761401 
1.078, 3760579 
1.083, 3755438 
1.088, 3749545 
1.093, 3748564 
1.101, 3747745 
1.106, 3741090 
1.111, 3737704 
1.117, 3737441 
1.122, 3733892 
1.127, 3733158 
1.132, 3732628 
1.139, 3726626 
1.144, 3715394 
1.150, 3710570 
1.155, 3708286 
1.161, 3699740 
1.166, 3696177 
1.171, 3695263 
1.177, 3693728 
1.183, 3693648 
1.187, 3692141 
1.194, 3691189 
1.204, 3685016 
1.212, 3683377 
1.218, 3678031 
1.223, 3677218 
1.228, 3676304 
1.235, 3672330 
1.241, 3672250 
1.247, 3671213 
1.254, 3670894 
1.260, 3668719 
1.266, 3666017 
1.273, 3664782 
1.279, 3663848 
1.285, 3652903 
1.291, 3647223 
1.305, 3646414 
1.315, 3645500 
1.329, 3644080 
1.342, 3643128 
1.353, 3641827 
1.362, 3639985 
1.367, 3633006 
1.372, 3631557 
1.377, 3629015 
1.383, 3628212 
1.388, 3627389 
1.394, 3625620 
1.398, 3624921 
1.403, 3623320 
1.409, 3620680 
1.415, 3615448 
1.420, 3608759 
1.425, 3608281 
1.431, 3607168 
1.437, 3606085 
1.442, 3605781 
1.453, 3605613 
1.459, 3600634 
1.465, 3600534 
1.470, 3600174 
1.477, 3599143 
1.484, 3597522 
1.491, 3596854 
1.499, 3586431 
1.505, 3586112 
1.510, 3586104 
1.518, 3586007 
1.523, 3584845 
1.529, 3584585 
1.538, 3582912 
1.546, 3581453 
1.556, 3580466 
1.564, 3579523 
1.572, 3574518 
1.583, 3571419 
1.591, 3570857 
1.598, 3569538 
1.606, 3566882 
1.614, 3566045 
1.622, 3561395 
1.631, 3546827 
1.642, 3545975 
1.657, 3542761 
1.669, 3539362 
1.691, 3536396 
1.710, 3531209 
1.729, 3525457 
1.743, 3523764 
1.757, 3522916 
1.769, 3522645 
1.777, 3522628 
1.788, 3522046 
1.799, 3518715 
1.808, 3518713 
1.818, 3518499 
1.830, 3518473 
1.848, 3515911 
1.870, 3515015 
1.891, 3513935 
1.913, 3513721 
1.932, 3504607 
1.942, 3501284 
1.953, 3500416 
1.962, 3495320 
1.971, 3495234 
1.980, 3494793 
1.990, 3494588 
2.000, 3492755 
2.009, 3490035 
2.018, 3488828 
2.027, 3487004 
2.036, 3486201 
2.044, 3482691 
2.053, 3480526 
2.062, 3479484 
2.070, 3477799 
2.081, 3477537 
2.085, 3476145 
2.090, 3476034 
2.095, 3475891 
2.099, 3474615 
2.102, 3474104 
2.103, 3473888 
2.106, 3471036 
2.111, 3417228 
2.114, 3414408 
2.115, 3414291 
2.119, 3409383 
2.124, 3400088 
2.126, 3398413 
2.128, 3398197 
2.130, 3395345 
2.134, 3363667 
2.139, 3361664 
2.145, 3359375 
2.151, 3322906 
2.154, 3317366 
2.156, 3317249 
2.159, 3313545 
2.164, 3313013 
2.168, 3312665 
2.174, 3307830 
2.179, 3305667 
2.184, 3303368 
2.189, 3301641 
2.198, 3286698 
2.208, 3285216 
2.218, 3284162 
2.227, 3283043 
2.232, 3282939 
2.238, 3282650 
2.243, 3281727 
2.249, 3278670 
2.254, 3277501 
2.260, 3274993 
2.272, 3273012 
2.283, 3270386 
2.293, 3269719 
2.306, 3267746 
2.320, 3266971 
2.334, 3266927 
2.347, 3265119 
2.359, 3264818 
2.364, 3264259 
2.369, 3264003 
2.374, 3263576 
2.388, 3262451 
2.401, 3262189 
2.414, 3262074 
2.427, 3261914 
2.441, 3260260 
2.455, 3259427 
2.467, 3258912 
2.480, 3258099 
2.493, 3258053 
2.504, 3257830 
2.516, 3243754 
2.528, 3241281 
2.542, 3239334 
2.559, 3239313 
2.570, 3237057 
2.584, 3236124 
2.596, 3235839 
2.610, 3233258 
2.624, 3232851 
2.637, 3232791 
2.651, 3231220 
2.665, 3230606 
2.679, 3230356 
2.691, 3229152 
2.704, 3229020 
2.713, 3228906 
2.718, 3227643 
2.721, 3225967 
2.730, 3224166 
2.741, 3223870 
2.749, 3222501 
2.761, 3222284 
2.772, 3222237 
2.780, 3222068 
2.789, 3221049 
2.803, 3220814 
2.822, 3220709 
2.838, 3173134 
2.855, 3171369 
2.874, 3114359 
2.881, 3113728 
2.886, 3113534 
2.891, 3112628 
2.897, 3112460 
2.907, 3112085 
2.915, 3111831 
2.924, 3111772 
2.936, 3111639 
2.946, 3110773 
2.958, 3103611 
2.972, 3103386 
2.984, 3099896 
2.995, 3099234 
3.008, 3098556 
3.018, 3098023 
3.028, 3097847 
3.042, 3097648 
3.054, 3097402 
3.067, 3096601 
3.081, 3096173 
3.095, 3090022 
3.108, 3088081 
3.120, 3087954 
3.134, 3086775 
3.148, 3085820 
3.160, 3084038 
3.175, 3083781 
3.187, 3083442 
3.200, 3083029 
3.212, 3082682 
3.226, 3082206 
3.237, 3081872 
3.248, 3081826 
3.262, 3081558 
3.276, 3081295 
3.293, 3081186 
3.308, 3080298 
3.322, 3076905 
3.338, 3076045 
3.354, 3073930 
3.368, 3066240 
3.383, 3066055 
3.399, 3065758 
3.414, 3064309 
3.430, 3063892 
3.444, 3063796 
3.458, 3062355 
3.472, 3059662 
3.490, 3059637 
3.511, 3059066 
3.533, 3058939 
3.550, 3057028 
3.568, 3055748 
3.584, 3055357 
3.601, 3055350 
3.617, 3049659 
3.634, 3048969 
3.649, 3048019 
3.667, 3047684 
3.682, 3047471 
3.698, 3000219 
3.714, 2999016 
3.733, 2999003 
3.749, 2933732 
3.768, 2927616 
3.784, 2921044 
3.800, 2920768 
3.818, 2919989 
3.834, 2918531 
3.851, 2915910 
3.867, 2914027 
3.884, 2913201 
3.900, 2907594 
3.918, 2903345 
3.933, 2893045 
3.947, 2892916 
3.959, 2892913 
3.973, 2892902 
3.988, 2892742 
4.002, 2892648 
4.019, 2892636 
4.036, 2891207 
4.038, 2891008 
4.038, 2890206 
4.039, 2889300 
4.040, 2861107 
4.042, 2859053 
4.044, 2859031 
4.048, 2858860 
4.052, 2857751 
4.056, 2856958 
4.059, 2854311 
4.062, 2853750 
4.065, 2851803 
4.069, 2850228 
4.071, 2841502 
4.074, 2839974 
4.077, 2836266 
4.080, 2761131 
4.084, 2746456 
4.087, 2735636 
4.087, 2732164 
4.087, 2724173 
4.087, 2709054 
4.087, 2695333 
4.091, 2694935 
4.095, 2694822 
4.099, 2693694 
4.101, 2680909 
4.105, 2678712 
4.108, 2676958 
4.112, 2676086 
4.115, 2673956 
4.118, 2672478 
4.123, 2669335 
4.126, 2668715 
4.129, 2667101 
4.132, 2664924 
4.135, 2645177 
4.138, 2645136 
4.141, 2635690 
4.144, 2631667 
4.147, 2630266 
4.150, 2626770 
4.155, 2626522 
4.159, 2626071 
4.163, 2626045 
4.166, 2625879 
4.171, 2624603 
4.177, 2624493 
4.183, 2621171 
4.190, 2618285 
4.195, 2616727 
4.201, 2616396 
4.207, 2612238 
4.213, 2609614 
4.219, 2608834 
4.224, 2607681 
4.231, 2607571 
4.236, 2606349 
4.242, 2602376 
4.248, 2595396 
4.254, 2594863 
4.260, 2591300 
4.266, 2591051 
4.271, 2590144 
4.278, 2589647 
4.283, 2589570 
4.290, 2588305 
4.297, 2584038 
4.307, 2579935 
4.315, 2577500 
4.323, 2575101 
4.330, 2572138 
4.339, 2571818 
4.349, 2565389 
4.359, 2561186 
4.369, 2558318 
4.379, 2557867 
4.388, 2554628 
4.399, 2554252 
4.412, 2554018 
4.421, 2553861 
4.431, 2553230 
4.440, 2552978 
4.451, 2552188 
4.464, 2550239 
4.472, 2549977 
4.483, 2546273 
4.491, 2542949 
4.501, 2542222 
4.511, 2541598 
4.519, 2540250 
4.531, 2540245 
4.541, 2539479 
4.551, 2538334 
4.558, 2537644 
4.567, 2536280 
4.581, 2534522 
4.594, 2531520 
4.607, 2530225 
4.622, 2527423 
4.635, 2466493 
4.654, 2466382 
4.668, 2466203 
4.683, 2465931 
4.696, 2464333 
4.711, 2443392 
4.726, 2354551 
4.742, 2342146 
4.756, 2307675 
4.772, 2307458 
4.788, 2306095 
4.804, 2269041 
4.817, 2267313 
4.831, 2262741 
4.845, 2262693 
4.859, 2261543 
4.875, 2258707 
4.890, 2254404 
4.907, 2251220 
4.922, 2246239 
4.937, 2242568 
4.952, 2241959 
4.968, 2235244 
4.983, 2233556 
5.000, 2230690 
5.017, 2216954 
5.031, 2216850 
5.044, 2213719 
5.059, 2213590 
5.076, 2208647 
5.094, 2205373 
5.112, 2203453 
5.130, 2143839 
5.147, 2143280 
5.169, 2140589 
5.189, 2129784 
5.210, 2129296 
5.231, 2110248 
5.250, 2109988 
5.269, 2108579 
5.289, 2096031 
5.307, 2041993 
5.326, 2032949 
5.344, 2032454 
5.362, 2031906 
5.380, 2028943 
5.398, 2023588 
5.415, 2016684 
5.434, 2014639 
5.452, 2013220 
5.471, 2013157 
5.489, 2011040 
5.510, 2010137 
5.527, 2009881 
5.546, 2009871 
5.565, 2008928 
5.584, 2008315 
5.604, 2006467 
5.622, 2006253 
5.638, 2005138 
5.655, 2002778 
5.677, 2002586 
5.703, 2001386 
5.730, 2001176 
5.753, 2000758 
5.771, 1990843 
5.790, 1988309 
5.808, 1966228 
5.824, 1945542 
5.842, 1943381 
5.858, 1922012 
5.874, 1904098 
5.892, 1901555 
5.911, 1901272 
5.930, 1880165 
5.948, 1878987 
5.966, 1875295 
5.985, 1845144 
6.004, 1842305 
6.025, 1840475 
6.046, 1835491 
6.067, 1831281 
6.087, 1829308 
6.105, 1828736 
6.123, 1825267 
6.142, 1822399 
6.160, 1811863 
6.179, 1811339 
6.199, 1809063 
6.217, 1808790 
6.235, 1807411 
6.252, 1807376 
6.270, 1807059 
6.286, 1698306 
6.306, 1696411 
6.327, 1689745 
6.348, 1687715 
6.364, 1653801 
6.385, 1647307 
6.404, 1637950 
6.423, 1626972 
6.443, 1623147 
6.462, 1619676 
6.484, 1619608 
6.509, 1610460 
6.534, 1608806 
6.557, 1591708 
6.578, 1591113 
6.596, 1586917 
6.617, 1567566 
6.638, 1563290 
6.657, 1562883 
6.680, 1562815 
6.698, 1561630 
6.719, 1549539 
6.737, 1548035 
6.758, 1540766 
6.783, 1540409 
6.806, 1539207 
6.827, 1530522 
6.852, 1522686 
6.875, 1518879 
6.898, 1513009 
6.918, 1511735 
6.936, 1511249 
6.954, 1508436 
6.975, 1505993 
6.997, 1498056 
7.017, 1493576 
7.035, 1493064 
7.053, 1487629 
7.073, 1484646 
7.094, 1482748 
7.115, 1444685 
7.139, 1439276 
7.163, 1438707 
7.185, 1402559 
7.208, 1400094 
7.237, 1399960 
7.266, 1398585 
7.296, 1333646 
7.326, 1327905 
7.357, 1327693 
7.386, 1324518 
7.411, 1309574 
7.439, 1306745 
7.466, 1279203 
7.509, 1278174 
7.536, 1277379 
7.560, 1268540 
7.587, 1257778 
7.616, 1256321 
7.643, 1221270 
7.671, 1210052 
7.700, 1205120 
7.729, 1203660 
7.760, 1162737 
7.788, 1148458 
7.817, 1130120 
7.846, 1129130 
7.871, 1089505 
7.898, 1087509 
7.926, 1085727 
7.954, 1037127 
7.980, 1036657 
8.007, 1036243 
8.033, 1035581 
8.059, 995617 
8.086, 994725 
8.114, 984925 
8.145, 982225 
8.177, 952550 
8.205, 951576 
8.232, 950472 
8.258, 949708 
8.287, 949327 
8.317, 939636 
8.348, 936777 
8.378, 936645 
8.409, 921419 
8.439, 921151 
8.470, 910915 
8.499, 910504 
8.527, 909694 
8.556, 909356 
8.583, 908610 
8.610, 907945 
8.636, 907349 
8.664, 907114 
8.697, 904257 
8.727, 903533 
8.762, 903015 
8.794, 902468 
8.829, 895855 
8.866, 895245 
8.902, 892744 
8.928, 891171 
8.958, 885588 
8.995, 885358 
9.036, 885327 
9.077, 885254 
9.117, 884019 
9.153, 883944 
9.199, 883896 
9.242, 883138 
9.283, 881572 
9.327, 881192 
9.372, 878149 
9.423, 878147 
9.471, 878040 
9.517, 876908 
9.566, 872329 
9.610, 866118 
9.652, 863731 
9.698, 863455 
9.742, 863008 
9.781, 862202 
9.824, 861745 
9.864, 860942 
9.908, 860776 
9.948, 860732 
9.987, 859758 
10.026, 858845 
10.064, 857694 
10.102, 856733 
10.141, 855852 
10.184, 855615 
10.227, 853040 
10.269, 852611 
10.314, 852446 
10.357, 852142 
10.405, 852103 
10.447, 851518 
10.492, 851470 
10.539, 850311 
10.585, 849201 
10.630, 845799 
10.675, 845075 
10.713, 844404 
10.751, 844225 
10.789, 843918 
10.828, 843854 
10.865, 843184 
10.903, 843176 
10.940, 838886 
10.977, 838707 
11.015, 837673 
11.052, 837632 
11.089, 837566 
11.127, 837556 
11.164, 837329 
11.201, 836226 
11.239, 835882 
11.282, 835787 
11.320, 833073 
11.357, 832943 
11.394, 832511 
11.429, 832214 
11.464, 831556 
11.499, 831103 
11.535, 830302 
11.570, 829372 
11.606, 826989 
11.641, 826831 
11.687, 825991 
11.730, 824791 
11.777, 823651 
11.832, 823580 
11.877, 821535 
11.923, 821379 
11.966, 819554 
12.010, 819239 
12.054, 819166 
12.097, 817395 
12.141, 816785 
12.186, 815494 
12.230, 814121 
12.284, 814089 
12.333, 813020 
12.381, 812551 
12.433, 811346 
12.483, 808709 
12.534, 807613 
12.589, 807471 
12.646, 806854 
12.704, 806618 
12.764, 804836 
12.817, 804099 
12.870, 798153 
12.925, 797836 
12.983, 797660 
13.039, 796748 
13.097, 794457 
13.152, 794450 
13.205, 794355 
13.261, 793316 
13.316, 792451 
13.371, 790890 
13.428, 790662 
13.486, 790482 
13.551, 790076 
13.601, 789900 
13.653, 789458 
13.706, 785813 
13.756, 783136 
13.819, 782659 
13.881, 781894 
13.935, 781465 
13.996, 780610 
14.065, 780432 
14.129, 780253 
14.194, 779753 
14.255, 774636 
14.310, 774158 
14.367, 773800 
14.422, 768862 
14.481, 768840 
14.544, 768676 
14.597, 768239 
14.668, 767647 
14.727, 767610 
14.787, 767408 
14.854, 766411 
14.915, 766380 
14.976, 765851 
15.016, 765448 
15.060, 764298 
15.106, 762924 
15.154, 762858 
15.203, 762470 
15.245, 761534 
15.288, 760989 
15.335, 760984 
15.383, 759983 
15.431, 758885 
15.476, 757748 
15.525, 757579 
15.570, 755699 
15.616, 753591 
15.666, 751688 
15.714, 751577 
15.758, 751301 
15.808, 748225 
15.852, 747704 
15.891, 747432 
15.932, 746867 
15.971, 746358 
16.011, 746339 
16.052, 741314 
16.092, 740453 
16.133, 740222 
16.174, 739480 
16.214, 739036 
16.255, 738268 
16.296, 736545 
16.337, 734659 
16.379, 734639 
16.420, 733178 
16.461, 732294 
16.502, 732030 
16.545, 731692 
16.587, 731399 
16.628, 729843 
16.681, 728819 
16.736, 728565 
16.789, 728384 
16.842, 727622 
16.894, 727503 
16.947, 727370 
17.000, 727347 
17.056, 727048 
17.108, 726497 
17.162, 726345 
17.221, 726313 
17.273, 725765 
17.330, 725389 
17.387, 724456 
17.440, 724426 
17.494, 724293 
17.552, 724130 
17.618, 723440 
17.682, 722765 
17.744, 722623 
17.799, 722128 
17.854, 722030 
17.908, 721885 
17.966, 721589 
18.020, 721191 
18.075, 720240 
18.129, 720205 
18.185, 720133 
18.239, 719938 
18.293, 719880 
18.348, 719872 
18.402, 719666 
18.456, 719441 
18.516, 719044 
18.579, 718180 
18.637, 718112 
18.695, 718036 
18.753, 717343 
18.812, 716807 
18.877, 716662 
18.940, 716521 
19.005, 716486 
19.068, 714368 
19.132, 712939 
19.193, 708891 
19.262, 705384 
19.273, 704567 
19.284, 704159 
19.296, 704148 
19.305, 702791 
19.363, 701446 
19.423, 701229 
19.482, 700481 
19.548, 700107 
19.617, 699633 
19.689, 699573 
19.760, 698623 
19.830, 695054 
19.905, 694799 
19.975, 694672 
20.039, 693940 
20.103, 691840 
