0.002, 7242757 
0.005, 7227997 
0.007, 7196346 
0.008, 7194220 
0.009, 7190631 
0.009, 7184304 
0.010, 7178507 
0.011, 7176062 
0.011, 7174588 
0.011, 7164548 
0.012, 7163929 
0.012, 7160771 
0.012, 7125988 
0.014, 7118514 
0.014, 7089907 
0.017, 7080888 
0.022, 7080064 
0.022, 7079100 
0.022, 7069064 
0.024, 7063887 
0.025, 7062998 
0.025, 7062015 
0.025, 7041391 
0.025, 7033229 
0.026, 7027333 
0.027, 7012392 
0.029, 7011713 
0.029, 7002655 
0.029, 6976277 
0.029, 6965610 
0.030, 6961395 
0.030, 6959060 
0.030, 6955216 
0.030, 6952960 
0.030, 6946709 
0.030, 6922171 
0.030, 6921561 
0.030, 6914143 
0.031, 6903217 
0.031, 6899965 
0.031, 6890435 
0.032, 6886849 
0.032, 6875269 
0.034, 6871806 
0.041, 6871363 
0.041, 6864215 
0.041, 6834769 
0.041, 6816495 
0.042, 6813755 
0.042, 6813025 
0.042, 6783682 
0.043, 6777982 
0.043, 6768197 
0.043, 6740567 
0.043, 6734555 
0.044, 6729400 
0.044, 6711923 
0.045, 6702318 
0.045, 6696546 
0.047, 6690663 
0.048, 6658115 
0.048, 6656765 
0.048, 6619115 
0.050, 6618373 
0.050, 6617603 
0.050, 6609879 
0.051, 6601435 
0.052, 6595798 
0.056, 6594402 
0.056, 6591303 
0.056, 6590718 
0.056, 6589210 
0.056, 6584955 
0.056, 6578943 
0.057, 6574742 
0.057, 6573811 
0.057, 6573511 
0.057, 6572585 
0.057, 6560691 
0.061, 6560678 
0.064, 6560150 
0.066, 6558069 
0.067, 6541239 
0.067, 6540759 
0.067, 6535895 
0.067, 6534463 
0.067, 6523382 
0.067, 6508856 
0.068, 6487637 
0.068, 6482390 
0.069, 6481060 
0.069, 6469436 
0.069, 6445220 
0.069, 6414752 
0.070, 6409989 
0.070, 6406332 
0.070, 6397591 
0.070, 6393759 
0.070, 6385807 
0.070, 6376115 
0.070, 6375482 
0.070, 6374711 
0.070, 6365263 
0.071, 6361209 
0.072, 6349976 
0.073, 6343069 
0.073, 6331880 
0.074, 6313051 
0.074, 6303223 
0.074, 6301423 
0.074, 6292843 
0.075, 6290869 
0.076, 6285820 
0.077, 6283686 
0.079, 6282265 
0.082, 6280434 
0.082, 6276501 
0.082, 6275237 
0.082, 6267569 
0.082, 6166427 
0.082, 6142767 
0.082, 6140560 
0.082, 6116600 
0.087, 6096865 
0.095, 6093252 
0.095, 6083487 
0.098, 6080858 
0.108, 6077989 
0.112, 5964088 
0.118, 5958775 
0.124, 5949736 
0.131, 5934776 
0.132, 5927860 
0.133, 5927227 
0.134, 5926062 
0.135, 5925328 
0.137, 5923898 
0.139, 5921969 
0.141, 5921862 
0.142, 5919298 
0.143, 5914928 
0.143, 5912071 
0.144, 5889768 
0.145, 5888177 
0.146, 5886989 
0.148, 5884978 
0.150, 5857946 
0.156, 5854258 
0.161, 5853714 
0.165, 5843878 
0.170, 5841792 
0.175, 5839406 
0.178, 5838061 
0.178, 5837253 
0.181, 5836445 
0.182, 5836209 
0.183, 5832528 
0.187, 5830137 
0.194, 5829911 
0.199, 5829360 
0.211, 5828846 
0.219, 5828742 
0.228, 5825276 
0.234, 5823484 
0.245, 5820016 
0.252, 5812465 
0.261, 5810909 
0.270, 5808251 
0.279, 5808213 
0.288, 5807909 
0.295, 5806634 
0.313, 5803668 
0.324, 5687705 
0.333, 5686618 
0.340, 5669032 
0.344, 5668020 
0.348, 5667248 
0.355, 5665687 
0.361, 5659620 
0.366, 5656800 
0.372, 5655716 
0.376, 5648185 
0.379, 5644431 
0.382, 5639682 
0.387, 5631639 
0.391, 5528363 
0.396, 5525868 
0.399, 5525536 
0.404, 5524842 
0.411, 5524235 
0.415, 5513799 
0.421, 5510651 
0.426, 5502657 
0.431, 5496254 
0.437, 5485394 
0.445, 5484117 
0.450, 5479433 
0.455, 5471338 
0.455, 5469013 
0.456, 5465033 
0.456, 5463415 
0.457, 5458616 
0.463, 5456232 
0.468, 5455802 
0.471, 5455542 
0.474, 5453371 
0.477, 5451988 
0.481, 5432150 
0.483, 5404780 
0.491, 5399933 
0.494, 5398361 
0.495, 5398267 
0.495, 5395490 
0.495, 5391205 
0.495, 5387853 
0.495, 5379044 
0.495, 5350565 
0.498, 5350521 
0.501, 5347715 
0.507, 5327237 
0.507, 5324739 
0.508, 5323932 
0.511, 5320526 
0.512, 5318851 
0.514, 5316866 
0.516, 5309704 
0.518, 5309515 
0.518, 5308822 
0.520, 5307237 
0.521, 5305884 
0.521, 5291731 
0.521, 5287609 
0.521, 5281580 
0.521, 5263274 
0.521, 5261117 
0.521, 5258500 
0.521, 5241019 
0.521, 5240063 
0.521, 5236487 
0.521, 5230498 
0.521, 5229261 
0.521, 5227797 
0.521, 5222552 
0.521, 5222500 
0.521, 5221489 
0.521, 5216970 
0.521, 5216754 
0.521, 5204128 
0.521, 5203950 
0.521, 5203334 
0.521, 5196310 
0.521, 5195859 
0.521, 5185256 
0.521, 5177351 
0.521, 5174167 
0.521, 5145836 
0.522, 5142811 
0.522, 5141054 
0.522, 5140130 
0.522, 5091735 
0.522, 5024949 
0.522, 5019181 
0.522, 5011766 
0.522, 5010190 
0.522, 5010177 
0.522, 5008387 
0.522, 5007179 
0.522, 5005221 
0.522, 5004846 
0.522, 5003670 
0.522, 4909274 
0.522, 4906258 
0.522, 4900750 
0.522, 4895855 
0.522, 4884089 
0.523, 4883193 
0.523, 4881956 
0.523, 4877220 
0.523, 4874873 
0.523, 4817182 
0.524, 4815608 
0.524, 4814577 
0.525, 4809783 
0.525, 4796478 
0.526, 4796251 
0.526, 4787716 
0.527, 4778536 
0.527, 4773716 
0.528, 4770386 
0.528, 4753642 
0.529, 4753604 
0.529, 4749181 
0.530, 4745636 
0.531, 4739790 
0.531, 4737708 
0.532, 4737341 
0.532, 4736654 
0.533, 4729564 
0.534, 4681812 
0.535, 4680835 
0.536, 4665024 
0.537, 4659919 
0.538, 4659423 
0.538, 4625534 
0.542, 4624304 
0.542, 4619978 
0.543, 4610944 
0.544, 4609690 
0.544, 4603665 
0.545, 4597678 
0.545, 4594202 
0.546, 4588337 
0.547, 4584609 
0.547, 4581601 
0.548, 4579863 
0.549, 4577484 
0.549, 4575497 
0.550, 4572775 
0.550, 4571719 
0.551, 4571352 
0.551, 4566444 
0.552, 4520782 
0.554, 4520560 
0.555, 4519830 
0.555, 4519589 
0.556, 4517407 
0.556, 4517115 
0.557, 4430809 
0.557, 4429283 
0.558, 4421735 
0.558, 4415515 
0.559, 4412875 
0.559, 4410395 
0.560, 4409733 
0.561, 4408645 
0.561, 4399893 
0.562, 4399734 
0.562, 4395930 
0.563, 4393797 
0.564, 4387021 
0.564, 4354345 
0.565, 4347346 
0.565, 4324692 
0.566, 4324557 
0.566, 4322021 
0.567, 4321142 
0.567, 4302331 
0.571, 4295240 
0.572, 4294406 
0.572, 4293452 
0.573, 4290813 
0.574, 4288744 
0.575, 4288102 
0.576, 4281429 
0.576, 4279276 
0.577, 4278420 
0.578, 4277687 
0.578, 4260904 
0.579, 4254088 
0.580, 4247103 
0.580, 4246133 
0.581, 4244665 
0.582, 4230171 
0.582, 4221622 
0.583, 4214852 
0.583, 4213943 
0.584, 4211388 
0.587, 4209869 
0.591, 4202703 
0.594, 4201741 
0.597, 4199719 
0.599, 4198837 
0.603, 4198459 
0.610, 4196578 
0.613, 4196023 
0.616, 4192681 
0.629, 4165717 
0.634, 4162558 
0.644, 4139233 
0.646, 4139142 
0.649, 4138176 
0.667, 4136839 
0.690, 4133243 
0.698, 4131032 
0.711, 4130641 
0.719, 4129604 
0.728, 4127751 
0.738, 4125743 
0.749, 4122114 
0.767, 4121668 
0.780, 4120503 
0.791, 4118474 
0.807, 4118253 
0.823, 4115102 
0.833, 4114433 
0.848, 4111742 
0.861, 4111441 
0.874, 4110346 
0.884, 4110328 
0.895, 4103597 
0.907, 4102930 
0.917, 4101648 
0.929, 4096970 
0.940, 4096204 
0.953, 4095905 
0.965, 4095440 
0.980, 4094747 
0.993, 4092997 
1.003, 4092921 
1.013, 4091863 
1.027, 4091563 
1.062, 4091421 
1.096, 4089977 
1.117, 4053977 
1.135, 4037010 
1.150, 4034365 
1.172, 4029414 
1.189, 4025486 
1.204, 4019657 
1.218, 4009089 
1.232, 4000424 
1.248, 3992970 
1.265, 3992013 
1.281, 3980377 
1.305, 3963890 
1.319, 3960705 
1.336, 3957994 
1.350, 3957931 
1.367, 3957143 
1.383, 3952419 
1.402, 3951696 
1.417, 3951412 
1.437, 3951317 
1.450, 3936916 
1.471, 3889266 
1.487, 3880575 
1.515, 3873999 
1.548, 3871786 
1.583, 3858126 
1.597, 3797528 
1.620, 3796134 
1.644, 3749254 
1.666, 3747803 
1.689, 3732325 
1.711, 3731446 
1.729, 3723870 
1.748, 3714261 
1.767, 3714117 
1.787, 3712245 
1.806, 3701911 
1.826, 3656203 
1.827, 3655662 
1.827, 3650334 
1.843, 3650065 
1.863, 3643177 
1.863, 3637756 
1.863, 3632915 
1.863, 3629751 
1.863, 3629683 
1.864, 3629215 
1.864, 3628976 
1.864, 3628531 
1.864, 3627104 
1.866, 3625820 
1.868, 3623088 
1.871, 3622504 
1.874, 3621669 
1.874, 3620092 
1.891, 3608950 
1.906, 3607819 
1.923, 3605371 
1.941, 3604945 
1.958, 3604205 
1.974, 3603733 
1.987, 3603631 
2.010, 3603417 
2.027, 3603400 
2.043, 3600710 
2.059, 3536190 
2.074, 3535818 
2.091, 3523373 
2.107, 3502571 
2.123, 3494811 
2.138, 3488505 
2.169, 3482883 
2.199, 3471929 
2.235, 3460868 
2.254, 3411284 
2.271, 3407208 
2.284, 3364826 
2.299, 3342877 
2.318, 3341986 
2.319, 3341601 
2.319, 3340539 
2.334, 3331475 
2.334, 3326842 
2.334, 3321702 
2.335, 3318393 
2.336, 3317583 
2.338, 3316864 
2.338, 3316858 
2.338, 3316538 
2.340, 3315546 
2.342, 3310016 
2.342, 3308672 
2.345, 3307813 
2.348, 3307303 
2.351, 3304800 
2.359, 3303772 
2.365, 3302621 
2.368, 3302619 
2.376, 3298604 
2.380, 3297675 
2.383, 3294539 
2.388, 3291960 
2.391, 3291589 
2.394, 3286255 
2.398, 3279952 
2.402, 3268089 
2.410, 3266279 
2.414, 3265221 
2.419, 3262447 
2.425, 3260807 
2.430, 3259434 
2.437, 3256219 
2.444, 3247564 
2.449, 3246306 
2.458, 3242539 
2.466, 3242269 
2.474, 3240689 
2.482, 3240630 
2.493, 3204949 
2.497, 3204486 
2.504, 3198748 
2.512, 3198439 
2.519, 3197123 
2.527, 3195142 
2.537, 3194068 
2.543, 3184422 
2.551, 3181469 
2.562, 3172336 
2.574, 3171852 
2.579, 3171460 
2.584, 3170802 
2.591, 3164953 
2.598, 3163069 
2.606, 3159424 
2.613, 3157913 
2.623, 3156075 
2.632, 3155432 
2.643, 3154386 
2.650, 3152115 
2.659, 3152066 
2.670, 3152023 
2.685, 3149389 
2.699, 3149210 
2.714, 3147824 
2.723, 3138784 
2.730, 3138433 
2.736, 3125547 
2.742, 3124910 
2.749, 3124089 
2.758, 3116349 
2.764, 3115822 
2.772, 3115532 
2.778, 3115181 
2.785, 3074927 
2.791, 3074316 
2.797, 3063186 
2.805, 3061624 
2.813, 3061608 
2.825, 3060794 
2.830, 3060563 
2.839, 3060018 
2.845, 3059315 
2.852, 3059111 
2.860, 3056815 
2.866, 3051543 
2.875, 3048426 
2.882, 3047178 
2.892, 3044713 
2.899, 3044170 
2.913, 3041926 
2.922, 3041329 
2.930, 3040899 
2.939, 3040127 
2.947, 3040067 
2.959, 3039051 
2.971, 3036965 
2.981, 3036718 
2.992, 3031952 
3.003, 3030786 
3.011, 3027287 
3.021, 3026950 
3.031, 3026622 
3.043, 3025384 
3.051, 3025222 
3.062, 3018231 
3.072, 3017518 
3.081, 3016746 
3.094, 3016727 
3.108, 3012309 
3.120, 3003796 
3.131, 2990537 
3.135, 2987648 
3.141, 2987344 
3.145, 2986255 
3.149, 2984223 
3.155, 2983395 
3.160, 2981983 
3.163, 2978327 
3.166, 2977178 
3.173, 2977031 
3.177, 2974414 
3.182, 2974120 
3.187, 2974070 
3.192, 2969544 
3.196, 2969203 
3.206, 2969092 
3.214, 2969090 
3.222, 2968776 
3.228, 2967419 
3.234, 2967343 
3.242, 2966959 
3.249, 2965978 
3.259, 2965420 
3.264, 2964673 
3.270, 2964003 
3.280, 2963049 
3.308, 2959603 
3.333, 2957568 
3.363, 2956597 
3.394, 2955744 
3.427, 2953043 
3.459, 2948665 
3.493, 2948447 
3.537, 2913280 
3.541, 2906922 
3.545, 2906214 
3.549, 2901685 
3.559, 2901084 
3.563, 2899629 
3.597, 2898120 
3.634, 2858219 
3.669, 2843716 
3.701, 2776850 
3.736, 2766974 
3.775, 2758512 
3.811, 2756964 
3.847, 2745648 
3.883, 2722915 
3.915, 2656582 
3.960, 2654181 
3.996, 2652555 
4.028, 2649180 
4.056, 2649144 
4.092, 2649104 
4.139, 2649033 
4.184, 2648851 
4.216, 2647747 
4.251, 2646703 
4.283, 2645699 
4.319, 2641756 
4.358, 2638710 
4.395, 2512905 
4.433, 2504659 
4.467, 2501971 
4.510, 2495091 
4.549, 2491568 
4.598, 2484924 
4.643, 2478404 
4.684, 2476382 
4.729, 2468795 
4.770, 2468596 
4.807, 2460130 
4.848, 2386814 
4.890, 2385112 
4.923, 2384102 
4.951, 2382506 
4.981, 2382079 
5.014, 2379428 
5.051, 2378239 
5.084, 2377224 
5.115, 2370900 
5.147, 2370390 
5.183, 2368626 
5.219, 2368420 
5.250, 2367037 
5.282, 2362813 
5.317, 2358069 
5.362, 2353694 
5.416, 2350506 
5.452, 2349441 
5.484, 2344655 
5.545, 2344606 
5.609, 2343038 
5.650, 2342032 
5.697, 2333629 
5.745, 2331160 
5.784, 2330708 
5.827, 2329258 
5.858, 2230547 
5.886, 2225789 
5.913, 2206490 
5.941, 2195060 
5.966, 2193732 
5.993, 2141377 
6.019, 2141061 
6.024, 2137828 
6.027, 2137572 
6.030, 2134425 
6.034, 2129369 
6.039, 2129122 
6.042, 2122748 
6.045, 2121790 
6.048, 2106334 
6.051, 2103086 
6.055, 2102815 
6.058, 2096983 
6.062, 2095964 
6.065, 2094097 
6.068, 2093100 
6.075, 2087525 
6.079, 2087160 
6.083, 2086900 
6.089, 2075295 
6.094, 2066796 
6.098, 2066184 
6.102, 2062497 
6.109, 2062433 
6.114, 2061461 
6.119, 2061205 
6.125, 2059843 
6.130, 2059173 
6.134, 2058467 
6.140, 2057850 
6.143, 2054716 
6.147, 2053773 
6.150, 2053586 
6.159, 2052161 
6.164, 2050135 
6.172, 2047068 
6.179, 2046559 
6.186, 2046149 
6.192, 2045552 
6.199, 2045059 
6.209, 2044986 
6.216, 2043708 
6.225, 2043168 
6.232, 2042469 
6.239, 2041238 
6.245, 2040469 
6.253, 2039714 
6.261, 2038772 
6.268, 2037517 
6.277, 2036521 
6.284, 2034883 
6.296, 2034180 
6.305, 2033856 
6.315, 2032197 
6.326, 2031885 
6.338, 2031877 
6.350, 2031855 
6.365, 2031768 
6.381, 2026933 
6.397, 2026620 
6.413, 2026415 
6.429, 2025457 
6.446, 2023405 
6.469, 2022512 
6.487, 2020830 
6.502, 2020234 
6.529, 2019568 
6.544, 1941744 
6.559, 1941654 
6.573, 1941214 
6.588, 1941065 
6.601, 1939790 
6.616, 1937981 
6.633, 1936715 
6.648, 1936497 
6.664, 1936279 
6.680, 1936016 
6.696, 1935703 
6.711, 1935164 
6.726, 1934321 
6.743, 1934199 
6.760, 1934148 
6.776, 1933792 
6.792, 1932528 
6.809, 1931529 
6.825, 1930645 
6.841, 1928386 
6.857, 1922036 
6.874, 1921814 
6.891, 1921248 
6.908, 1919766 
6.925, 1919478 
6.941, 1916654 
6.958, 1916064 
6.975, 1911900 
6.990, 1911005 
7.007, 1909068 
7.024, 1908860 
7.040, 1907788 
7.060, 1905835 
7.081, 1905133 
7.100, 1904711 
7.124, 1904619 
7.144, 1903359 
7.166, 1902290 
7.186, 1902128 
7.208, 1900398 
7.227, 1899295 
7.246, 1896958 
7.265, 1896671 
7.286, 1896434 
7.306, 1893902 
7.329, 1893258 
7.349, 1893009 
7.374, 1892923 
7.394, 1892008 
7.416, 1891708 
7.439, 1891695 
7.459, 1888652 
7.478, 1888602 
7.504, 1888127 
7.525, 1841889 
7.551, 1841792 
7.574, 1811244 
7.595, 1810157 
7.615, 1809753 
7.639, 1807512 
7.660, 1804977 
7.685, 1802763 
7.705, 1800156 
7.742, 1799967 
7.780, 1799158 
7.812, 1796663 
7.833, 1795080 
7.840, 1794963 
7.846, 1793095 
7.865, 1792648 
7.894, 1791728 
7.901, 1791586 
7.915, 1791398 
7.929, 1791251 
7.944, 1789357 
7.959, 1787136 
7.987, 1785470 
8.023, 1785055 
8.034, 1785037 
8.049, 1784855 
8.085, 1784662 
8.113, 1784391 
8.138, 1783797 
8.164, 1783665 
8.191, 1783555 
8.227, 1783428 
8.252, 1782675 
8.281, 1781859 
8.317, 1780197 
8.351, 1779514 
8.382, 1779440 
8.423, 1779226 
8.455, 1778098 
8.487, 1777591 
8.514, 1776830 
8.548, 1776703 
8.582, 1776268 
8.633, 1773924 
8.691, 1773835 
8.728, 1772767 
8.760, 1772443 
8.793, 1772420 
8.830, 1772154 
8.862, 1771553 
8.893, 1770046 
8.925, 1769519 
8.958, 1766870 
8.991, 1766564 
9.027, 1765427 
9.061, 1765014 
9.094, 1764820 
9.124, 1764486 
9.157, 1759474 
9.187, 1752625 
9.217, 1692360 
9.250, 1691175 
9.280, 1663334 
9.283, 1662508 
9.288, 1662427 
9.292, 1662337 
9.295, 1661686 
9.299, 1661268 
9.304, 1661237 
9.308, 1657980 
9.313, 1657890 
9.318, 1656112 
9.328, 1655823 
9.334, 1655333 
9.344, 1654796 
9.357, 1654777 
9.368, 1654683 
9.372, 1653177 
9.376, 1652138 
9.393, 1651698 
9.410, 1651036 
9.429, 1649280 
9.445, 1645005 
9.451, 1643498 
9.462, 1643427 
9.473, 1643407 
9.492, 1642866 
9.513, 1640593 
9.533, 1640313 
9.560, 1638517 
9.573, 1638243 
9.581, 1638084 
9.604, 1636158 
9.614, 1635890 
9.630, 1634794 
9.645, 1633824 
9.658, 1633482 
9.680, 1633283 
9.700, 1632815 
9.717, 1631709 
9.737, 1631599 
9.757, 1629856 
9.772, 1629159 
9.789, 1627855 
9.807, 1627213 
9.826, 1621731 
9.845, 1620275 
9.866, 1617270 
9.885, 1615723 
9.905, 1615604 
9.928, 1587185 
9.949, 1580905 
9.968, 1580265 
9.987, 1577857 
10.007, 1577294 
10.028, 1576933 
10.047, 1576168 
10.065, 1575937 
10.091, 1573531 
10.111, 1573447 
10.134, 1572662 
10.158, 1572194 
10.182, 1571548 
10.207, 1571489 
10.230, 1570104 
10.252, 1569861 
10.280, 1567787 
10.308, 1567580 
10.333, 1564850 
10.362, 1564058 
10.384, 1563922 
10.412, 1563743 
10.441, 1563570 
10.466, 1563308 
10.499, 1561679 
10.523, 1559173 
10.549, 1558830 
10.579, 1558746 
10.606, 1558516 
10.631, 1557724 
10.655, 1556852 
10.692, 1556625 
10.719, 1555975 
10.747, 1553626 
10.775, 1553328 
10.799, 1552555 
10.826, 1552536 
10.848, 1552469 
10.875, 1550990 
10.897, 1550403 
10.919, 1549540 
10.943, 1549280 
10.966, 1548421 
10.992, 1548243 
11.029, 1548136 
11.061, 1548003 
11.093, 1546852 
11.127, 1546512 
11.161, 1546304 
11.194, 1545978 
11.228, 1545657 
11.261, 1545209 
11.295, 1544482 
11.317, 1543865 
11.349, 1543303 
11.380, 1542900 
11.412, 1542101 
11.438, 1541825 
11.463, 1541071 
11.490, 1540637 
11.518, 1540450 
11.549, 1538323 
11.576, 1538243 
11.614, 1537881 
11.650, 1537640 
11.691, 1537598 
11.727, 1536384 
11.764, 1535210 
11.800, 1535163 
11.840, 1535120 
11.880, 1534998 
11.922, 1534977 
11.964, 1534892 
12.002, 1533470 
12.043, 1533420 
12.083, 1532887 
12.125, 1532882 
12.166, 1532673 
12.208, 1531948 
12.247, 1531701 
12.292, 1531180 
12.331, 1530659 
12.374, 1530455 
12.416, 1530073 
12.460, 1529028 
12.505, 1520579 
12.550, 1516434 
12.592, 1516151 
12.636, 1515938 
12.691, 1462226 
12.732, 1461322 
12.777, 1458051 
12.822, 1457982 
12.868, 1457084 
12.903, 1456852 
12.942, 1456687 
12.972, 1452310 
12.997, 1451345 
13.028, 1451190 
13.074, 1447212 
13.123, 1446403 
13.175, 1445083 
13.225, 1441779 
13.276, 1441567 
13.326, 1397523 
13.376, 1397397 
13.428, 1381211 
13.476, 1381009 
13.530, 1380902 
13.581, 1380467 
13.632, 1378332 
13.684, 1372975 
13.734, 1372849 
13.784, 1372647 
13.835, 1353287 
13.899, 1352039 
13.959, 1351198 
14.009, 1350763 
14.061, 1348511 
14.115, 1343234 
14.192, 1338714 
14.261, 1311069 
14.326, 1306168 
14.388, 1276547 
14.450, 1256444 
14.511, 1255866 
14.575, 1255609 
14.639, 1238632 
14.694, 1222562 
14.747, 1215682 
14.802, 1200876 
14.863, 1200621 
14.932, 1193196 
15.007, 1192494 
15.077, 1189763 
15.150, 1189288 
15.219, 1189116 
15.278, 1154602 
15.347, 1152525 
15.401, 1152170 
15.468, 1151872 
15.536, 1120424 
15.609, 1111857 
15.683, 1110058 
15.746, 1102448 
15.802, 1100903 
15.865, 1093722 
15.929, 1093016 
15.997, 1092776 
16.077, 1082569 
16.150, 1070718 
16.207, 1070092 
16.265, 1070021 
16.334, 1062876 
16.431, 1062541 
16.496, 1048940 
16.579, 1048884 
16.705, 1048607 
16.781, 1048422 
16.859, 1013832 
16.935, 1013279 
17.012, 1012310 
17.093, 1011581 
17.160, 1010785 
17.230, 1006444 
17.300, 1006168 
17.369, 1006140 
17.439, 998099 
17.512, 994002 
17.584, 991639 
17.650, 989089 
17.727, 987372 
17.799, 984286 
17.878, 980306 
17.941, 979100 
18.009, 976894 
18.083, 976136 
18.149, 974782 
18.223, 948139 
18.291, 942604 
18.376, 936716 
18.449, 936176 
18.533, 936114 
18.617, 935491 
18.692, 898321 
18.769, 895764 
18.845, 879243 
18.917, 878598 
18.981, 878165 
19.046, 866316 
19.112, 861722 
19.183, 849000 
19.252, 835295 
19.338, 834738 
19.401, 834322 
19.475, 833597 
19.561, 833582 
19.663, 832785 
19.775, 806884 
19.846, 799607 
19.921, 796531 
19.992, 791271 
20.065, 790179 
20.140, 735239 
20.214, 732432 
20.288, 719373 
20.384, 719044 
20.469, 718011 
20.548, 712343 
20.648, 711339 
20.735, 700873 
20.820, 700382 
20.902, 698842 
20.979, 693772 
21.066, 692307 
21.159, 692190 
21.248, 692113 
