0.000, 7022281 
0.002, 7009616 
0.004, 6997525 
0.004, 6972695 
0.005, 6972460 
0.005, 6968096 
0.005, 6960684 
0.006, 6939012 
0.006, 6937036 
0.008, 6936549 
0.010, 6932463 
0.011, 6924604 
0.011, 6923543 
0.011, 6922755 
0.012, 6909510 
0.012, 6900694 
0.013, 6888991 
0.013, 6881029 
0.013, 6867924 
0.013, 6867139 
0.014, 6855934 
0.014, 6855745 
0.014, 6855049 
0.014, 6853560 
0.014, 6839356 
0.014, 6796151 
0.014, 6779720 
0.015, 6771402 
0.015, 6750574 
0.016, 6749384 
0.016, 6739574 
0.017, 6730186 
0.017, 6727725 
0.017, 6722059 
0.017, 6715485 
0.017, 6700438 
0.017, 6687258 
0.017, 6687131 
0.018, 6678107 
0.018, 6653096 
0.018, 6633149 
0.018, 6628624 
0.019, 6628310 
0.020, 6625372 
0.020, 6611706 
0.020, 6600190 
0.020, 6593590 
0.021, 6588572 
0.024, 6583315 
0.027, 6581739 
0.027, 6572501 
0.027, 6547083 
0.027, 6538572 
0.028, 6529172 
0.028, 6522203 
0.028, 6512368 
0.029, 6485148 
0.029, 6483775 
0.029, 6482351 
0.029, 6478363 
0.029, 6447382 
0.030, 6430594 
0.031, 6429098 
0.031, 6426474 
0.031, 6423226 
0.031, 6413186 
0.032, 6397707 
0.032, 6394472 
0.036, 6388962 
0.039, 6388870 
0.039, 6363216 
0.039, 6361939 
0.039, 6341676 
0.039, 6327343 
0.039, 6325848 
0.039, 6325331 
0.040, 6317901 
0.040, 6316298 
0.040, 6308761 
0.040, 6279632 
0.040, 6277872 
0.040, 6277278 
0.042, 6271116 
0.044, 6270185 
0.044, 6254696 
0.044, 6240316 
0.044, 6236079 
0.045, 6229578 
0.045, 6223756 
0.045, 6205563 
0.045, 6201149 
0.045, 6200876 
0.047, 6200245 
0.048, 6199352 
0.048, 6195195 
0.051, 6194365 
0.053, 6193451 
0.053, 6182917 
0.053, 6168277 
0.053, 6156529 
0.053, 6150117 
0.053, 6145665 
0.053, 6138272 
0.053, 5977517 
0.053, 5975261 
0.054, 5971761 
0.054, 5967419 
0.054, 5950969 
0.054, 5950033 
0.054, 5949841 
0.057, 5942555 
0.059, 5939388 
0.059, 5930826 
0.059, 5926818 
0.059, 5915905 
0.059, 5906781 
0.059, 5897667 
0.059, 5887468 
0.059, 5860361 
0.059, 5848273 
0.059, 5845888 
0.060, 5843144 
0.060, 5840449 
0.061, 5830371 
0.062, 5814120 
0.062, 5812118 
0.062, 5787272 
0.062, 5786345 
0.062, 5782153 
0.062, 5781871 
0.062, 5773628 
0.063, 5754736 
0.063, 5752918 
0.063, 5730234 
0.063, 5724175 
0.063, 5717458 
0.063, 5716116 
0.063, 5706484 
0.063, 5699832 
0.063, 5699823 
0.064, 5699246 
0.064, 5696471 
0.064, 5690516 
0.064, 5689611 
0.065, 5685239 
0.065, 5679901 
0.065, 5662581 
0.065, 5661714 
0.066, 5656691 
0.066, 5653931 
0.066, 5653119 
0.066, 5652340 
0.066, 5642378 
0.066, 5636527 
0.067, 5625904 
0.067, 5615123 
0.067, 5613773 
0.068, 5608879 
0.068, 5608015 
0.070, 5607718 
0.070, 5592695 
0.070, 5589724 
0.070, 5589335 
0.070, 5584331 
0.070, 5579505 
0.070, 5558795 
0.070, 5555890 
0.071, 5545470 
0.071, 5545339 
0.076, 5541894 
0.076, 5538642 
0.076, 5534629 
0.076, 5534353 
0.079, 5532995 
0.079, 5531486 
0.079, 5503264 
0.083, 5499483 
0.091, 5498553 
0.094, 5497253 
0.095, 5494452 
0.095, 5490924 
0.096, 5490439 
0.097, 5484773 
0.097, 5461668 
0.098, 5459138 
0.099, 5458272 
0.100, 5453969 
0.102, 5447569 
0.103, 5444349 
0.104, 5442900 
0.105, 5437037 
0.107, 5430236 
0.110, 5415830 
0.114, 5414169 
0.119, 5408494 
0.122, 5404713 
0.127, 5400496 
0.132, 5399750 
0.136, 5370414 
0.139, 5368821 
0.142, 5360094 
0.146, 5358310 
0.147, 5357688 
0.150, 5356807 
0.152, 5351544 
0.154, 5349077 
0.156, 5348870 
0.160, 5319606 
0.163, 5314833 
0.167, 5314744 
0.171, 5310531 
0.175, 5304861 
0.179, 5290863 
0.183, 5285447 
0.186, 5260781 
0.190, 5260048 
0.196, 5258859 
0.198, 5251844 
0.201, 5250176 
0.203, 5218782 
0.206, 5211416 
0.208, 5206920 
0.211, 5205763 
0.214, 5203237 
0.217, 5202290 
0.221, 5187924 
0.225, 5185104 
0.229, 5183285 
0.239, 5182707 
0.240, 5180369 
0.242, 5179864 
0.245, 5179068 
0.247, 5178754 
0.249, 5177604 
0.251, 5176929 
0.254, 5175754 
0.256, 5174920 
0.259, 5172428 
0.263, 5171503 
0.266, 5171080 
0.269, 5170848 
0.273, 5170771 
0.280, 5170053 
0.286, 5166444 
0.291, 5165812 
0.294, 5165500 
0.297, 5162959 
0.299, 5162537 
0.303, 5162004 
0.308, 5158822 
0.315, 5149881 
0.329, 5147842 
0.336, 5096653 
0.342, 5087846 
0.349, 5084611 
0.355, 5056611 
0.361, 5051501 
0.370, 5050624 
0.377, 5049974 
0.383, 5049192 
0.388, 5048144 
0.395, 5045976 
0.403, 5042031 
0.410, 5040179 
0.416, 4931198 
0.420, 4927010 
0.428, 4925912 
0.439, 4921368 
0.444, 4919285 
0.449, 4919227 
0.454, 4918033 
0.459, 4917066 
0.467, 4915914 
0.484, 4914184 
0.497, 4904925 
0.509, 4904722 
0.520, 4899021 
0.532, 4883252 
0.537, 4865065 
0.542, 4863206 
0.548, 4856066 
0.548, 4855132 
0.549, 4854316 
0.554, 4854297 
0.555, 4852712 
0.557, 4827148 
0.558, 4826985 
0.559, 4814101 
0.560, 4803162 
0.562, 4798765 
0.564, 4798614 
0.565, 4783400 
0.566, 4782333 
0.568, 4776136 
0.568, 4774197 
0.569, 4772113 
0.570, 4766568 
0.571, 4765328 
0.573, 4764982 
0.574, 4761118 
0.575, 4760496 
0.576, 4754872 
0.577, 4744449 
0.578, 4743122 
0.579, 4742167 
0.581, 4739708 
0.582, 4731809 
0.583, 4728292 
0.587, 4724623 
0.588, 4715348 
0.589, 4713935 
0.591, 4710808 
0.592, 4699534 
0.593, 4698173 
0.594, 4696980 
0.596, 4692413 
0.597, 4688744 
0.599, 4688624 
0.600, 4683324 
0.601, 4671473 
0.602, 4671191 
0.605, 4663068 
0.606, 4662277 
0.607, 4660891 
0.610, 4658462 
0.611, 4658421 
0.615, 4658013 
0.619, 4651087 
0.623, 4650214 
0.626, 4646789 
0.630, 4646209 
0.634, 4629250 
0.639, 4615302 
0.644, 4603240 
0.648, 4585963 
0.653, 4584866 
0.654, 4579355 
0.656, 4578423 
0.658, 4575832 
0.660, 4508679 
0.663, 4506058 
0.665, 4492831 
0.669, 4492318 
0.675, 4492227 
0.677, 4490745 
0.678, 4490704 
0.681, 4488219 
0.692, 4484700 
0.694, 4484513 
0.703, 4479074 
0.705, 4470448 
0.712, 4469211 
0.718, 4457913 
0.725, 4455725 
0.732, 4454664 
0.738, 4443390 
0.746, 4431390 
0.752, 4419648 
0.758, 4419315 
0.765, 4406805 
0.773, 4403048 
0.781, 4398600 
0.786, 4394902 
0.796, 4390048 
0.800, 4383361 
0.803, 4382843 
0.807, 4379646 
0.811, 4370759 
0.813, 4365504 
0.815, 4364020 
0.823, 4361978 
0.829, 4361615 
0.836, 4361442 
0.844, 4359036 
0.850, 4358271 
0.856, 4355290 
0.862, 4353029 
0.867, 4350607 
0.881, 4348058 
0.894, 4346444 
0.907, 4345409 
0.921, 4344278 
0.934, 4340727 
0.943, 4338236 
0.950, 4337420 
0.958, 4332061 
0.965, 4330349 
0.972, 4327951 
0.979, 4326848 
0.989, 4326013 
1.000, 4324998 
1.013, 4324685 
1.023, 4323420 
1.033, 4321299 
1.043, 4320663 
1.054, 4320013 
1.065, 4319669 
1.074, 4318548 
1.085, 4318219 
1.095, 4317948 
1.106, 4317929 
1.119, 4316564 
1.128, 4315871 
1.143, 4315699 
1.155, 4315169 
1.166, 4315109 
1.182, 4307007 
1.192, 4306930 
1.201, 4306877 
1.216, 4305771 
1.235, 4302483 
1.251, 4300973 
1.268, 4300675 
1.284, 4300078 
1.302, 4299063 
1.327, 4298842 
1.375, 4294569 
1.407, 4293044 
1.426, 4293011 
1.440, 4288982 
1.456, 4287233 
1.471, 4286101 
1.488, 4285119 
1.502, 4282036 
1.517, 4274761 
1.531, 4270560 
1.545, 4257019 
1.559, 4252240 
1.573, 4227206 
1.590, 4216853 
1.606, 4204301 
1.620, 4200182 
1.634, 4199552 
1.649, 4191733 
1.663, 4161449 
1.677, 4161176 
1.697, 4138276 
1.712, 4124034 
1.726, 4095915 
1.741, 4085178 
1.755, 4069139 
1.769, 4063865 
1.784, 4043721 
1.804, 4043660 
1.833, 4024605 
1.863, 4020018 
1.880, 4018944 
1.896, 4014294 
1.910, 3999069 
1.924, 3996906 
1.939, 3991726 
1.954, 3983853 
1.971, 3982971 
1.985, 3980313 
2.000, 3974748 
2.014, 3965997 
2.028, 3942461 
2.042, 3941109 
2.057, 3937355 
2.071, 3931657 
2.087, 3931471 
2.101, 3930184 
2.115, 3925227 
2.131, 3924777 
2.145, 3903824 
2.159, 3876269 
2.174, 3837484 
2.189, 3830079 
2.205, 3829183 
2.223, 3828557 
2.238, 3825705 
2.253, 3821045 
2.268, 3820328 
2.283, 3818721 
2.298, 3796257 
2.312, 3776263 
2.329, 3699623 
2.345, 3675253 
2.359, 3671636 
2.374, 3662054 
2.389, 3662007 
2.403, 3661607 
2.418, 3659932 
2.432, 3658142 
2.446, 3657669 
2.462, 3657563 
2.478, 3656589 
2.494, 3656067 
2.510, 3655890 
2.524, 3655596 
2.540, 3651938 
2.556, 3651762 
2.572, 3646589 
2.589, 3645958 
2.606, 3643807 
2.623, 3641438 
2.641, 3639711 
2.659, 3638909 
2.677, 3637443 
2.694, 3636578 
2.713, 3634909 
2.732, 3633672 
2.746, 3633510 
2.761, 3630210 
2.778, 3630081 
2.797, 3628646 
2.798, 3627609 
2.800, 3624456 
2.802, 3623620 
2.804, 3622224 
2.807, 3621413 
2.810, 3618324 
2.814, 3613222 
2.818, 3608047 
2.822, 3607281 
2.826, 3603611 
2.829, 3472904 
2.833, 3467068 
2.836, 3465663 
2.842, 3464651 
2.845, 3457540 
2.849, 3452006 
2.852, 3449980 
2.856, 3449358 
2.860, 3448826 
2.863, 3423452 
2.867, 3419832 
2.870, 3415898 
2.874, 3335026 
2.878, 3334590 
2.883, 3331050 
2.886, 3327050 
2.891, 3325648 
2.895, 3325301 
2.899, 3323911 
2.904, 3320804 
2.908, 3320424 
2.912, 3320323 
2.916, 3284583 
2.920, 3280370 
2.924, 3166800 
2.929, 3164450 
2.932, 3163297 
2.937, 3153353 
2.941, 3152248 
2.945, 3151547 
2.949, 3147849 
2.954, 3147292 
2.960, 3145936 
2.964, 3145219 
2.969, 3144022 
2.972, 3143824 
2.977, 3142020 
2.981, 3139345 
2.986, 3138802 
2.990, 3138561 
2.995, 3077961 
2.998, 3077860 
3.003, 3031156 
3.006, 3029766 
3.011, 3023924 
3.016, 3021865 
3.019, 3021411 
3.024, 3021260 
3.027, 3020398 
3.032, 3019911 
3.036, 3018030 
3.041, 3016699 
3.044, 3016263 
3.048, 3014032 
3.053, 3013482 
3.057, 3013230 
3.061, 3006263 
3.066, 3005733 
3.070, 2993173 
3.075, 2939370 
3.079, 2931921 
3.083, 2931718 
3.088, 2909998 
3.091, 2905756 
3.096, 2862857 
3.100, 2811421 
3.105, 2796653 
3.108, 2796501 
3.113, 2795101 
3.117, 2784018 
3.121, 2779823 
3.125, 2735614 
3.129, 2679520 
3.134, 2678936 
3.138, 2675645 
3.143, 2675548 
3.148, 2673445 
3.151, 2672765 
3.156, 2672204 
3.160, 2668221 
3.165, 2657326 
3.170, 2655830 
3.174, 2655416 
3.179, 2655255 
3.184, 2652387 
3.189, 2651703 
3.192, 2651023 
3.198, 2647899 
3.203, 2646613 
3.207, 2644737 
3.218, 2644225 
3.227, 2641244 
3.235, 2640775 
3.250, 2636629 
3.268, 2636256 
3.280, 2635658 
3.288, 2635553 
3.298, 2632104 
3.306, 2632052 
3.318, 2629044 
3.334, 2628570 
3.347, 2628373 
3.357, 2626533 
3.367, 2623676 
3.377, 2620886 
3.387, 2615180 
3.396, 2615093 
3.407, 2613107 
3.418, 2611449 
3.429, 2607616 
3.437, 2601729 
3.447, 2598440 
3.457, 2597771 
3.465, 2592944 
3.472, 2587073 
3.478, 2586387 
3.484, 2585344 
3.495, 2585342 
3.505, 2580158 
3.512, 2567489 
3.518, 2566608 
3.523, 2564798 
3.529, 2558826 
3.535, 2557671 
3.541, 2557466 
3.546, 2557160 
3.551, 2556410 
3.556, 2553666 
3.561, 2551463 
3.567, 2550959 
3.572, 2550420 
3.579, 2548439 
3.585, 2546955 
3.591, 2546001 
3.597, 2545970 
3.603, 2539850 
3.608, 2539249 
3.614, 2538904 
3.619, 2538483 
3.624, 2537400 
3.631, 2536560 
3.638, 2536344 
3.645, 2535002 
3.652, 2533618 
3.659, 2530757 
3.668, 2530681 
3.676, 2528520 
3.683, 2527913 
3.690, 2527661 
3.698, 2527501 
3.706, 2524221 
3.713, 2521185 
3.723, 2520636 
3.731, 2519596 
3.739, 2518002 
3.749, 2516930 
3.756, 2514161 
3.764, 2512119 
3.775, 2506040 
3.782, 2505577 
3.789, 2505547 
3.796, 2505271 
3.803, 2505011 
3.813, 2504830 
3.823, 2497039 
3.832, 2497011 
3.843, 2494514 
3.853, 2400851 
3.862, 2400771 
3.872, 2387336 
3.882, 2386668 
3.892, 2385012 
3.902, 2384560 
3.912, 2384241 
3.922, 2384238 
3.932, 2383478 
3.941, 2382913 
3.951, 2381263 
3.960, 2380299 
3.972, 2377187 
3.982, 2376777 
3.991, 2375328 
4.000, 2375017 
4.009, 2373110 
4.019, 2373062 
4.029, 2373061 
4.039, 2368110 
4.049, 2366415 
4.060, 2365760 
4.072, 2365516 
4.085, 2364818 
4.097, 2363860 
4.112, 2362491 
4.125, 2360508 
4.137, 2359563 
4.152, 2358041 
4.164, 2357893 
4.184, 2353588 
4.201, 2345387 
4.214, 2344341 
4.227, 2340712 
4.239, 2339624 
4.251, 2338540 
4.264, 2336625 
4.278, 2327952 
4.293, 2327341 
4.303, 2327081 
4.313, 2326721 
4.324, 2326603 
4.334, 2325837 
4.347, 2324697 
4.358, 2323124 
4.368, 2322753 
4.382, 2322547 
4.394, 2320918 
4.407, 2320164 
4.420, 2320081 
4.434, 2318973 
4.451, 2316140 
4.465, 2315143 
4.488, 2300366 
4.503, 2298393 
4.522, 2298182 
4.541, 2297839 
4.557, 2296230 
4.581, 2295586 
4.600, 2293966 
4.639, 2293137 
4.681, 2292886 
4.727, 2281484 
4.742, 2281273 
4.756, 2280444 
4.767, 2279712 
4.781, 2278475 
4.819, 2270736 
4.833, 2268231 
4.849, 2267304 
4.863, 2265186 
4.902, 2224716 
4.938, 2222511 
4.971, 2221652 
5.007, 2221234 
5.043, 2214670 
5.078, 2212543 
5.088, 2212193 
5.098, 2211833 
5.109, 2210912 
5.119, 2209294 
5.148, 2207984 
5.177, 2207891 
5.206, 2207350 
5.237, 2206957 
5.270, 2204865 
5.303, 2204418 
5.338, 2204136 
5.380, 2203739 
5.422, 2202695 
5.465, 2202499 
5.507, 2202374 
5.543, 2202095 
5.581, 2200395 
5.617, 2200206 
5.651, 2197062 
5.687, 2195644 
5.722, 2195515 
5.761, 2194585 
5.799, 2191762 
5.837, 2191094 
5.874, 2190295 
5.926, 2190237 
5.977, 2189714 
6.019, 2188887 
6.056, 2188628 
6.092, 2187553 
6.128, 2186957 
6.162, 2186757 
6.201, 2186487 
6.251, 2184702 
6.304, 2181426 
6.347, 2180825 
6.384, 2179477 
6.418, 2178539 
6.452, 2175516 
6.488, 2174952 
6.525, 2171279 
6.559, 2170664 
6.598, 2170339 
6.636, 2168702 
6.675, 2168159 
6.713, 2166580 
6.751, 2163396 
6.786, 2162493 
6.825, 2160950 
6.863, 2160379 
6.902, 2160027 
6.947, 2159727 
6.988, 2159542 
7.030, 2159526 
7.069, 2159136 
7.109, 2159056 
7.147, 2158911 
7.186, 2158893 
7.229, 2157903 
7.275, 2157791 
7.315, 2157726 
7.368, 2157690 
7.417, 2156404 
7.464, 2156209 
7.511, 2153713 
7.556, 2153540 
7.599, 2152887 
7.639, 2150867 
7.678, 2148917 
7.718, 2148906 
7.756, 2148764 
7.797, 2148647 
7.837, 2148183 
7.876, 2148081 
7.917, 2147954 
7.959, 2146535 
8.004, 2146381 
8.050, 2146219 
8.094, 2143593 
8.140, 2143413 
8.185, 2143057 
8.232, 2142779 
8.282, 2141750 
8.329, 2141404 
8.376, 2141180 
8.416, 2140082 
8.469, 2140052 
8.537, 2137679 
8.584, 2136574 
8.633, 2136345 
8.685, 2134218 
8.741, 2133871 
8.792, 2133490 
8.843, 2133196 
8.887, 2133040 
8.933, 2131614 
8.982, 2130184 
9.035, 2129832 
9.081, 2128702 
9.122, 2127793 
9.164, 2124916 
9.208, 2124296 
9.252, 2124139 
9.298, 2122213 
9.339, 2121904 
9.383, 2121863 
9.430, 2120938 
9.475, 2120880 
9.518, 2119989 
9.563, 2116349 
9.608, 2116194 
9.653, 2116016 
9.696, 2115824 
9.737, 2114217 
9.777, 2113756 
9.822, 2113285 
9.865, 2112947 
9.910, 2112857 
9.954, 2108413 
10.000, 2108022 
10.048, 2107997 
10.097, 2107236 
10.147, 2107225 
10.197, 2106494 
10.242, 2106062 
10.290, 2105514 
10.338, 2105503 
10.391, 2104094 
10.443, 2103845 
10.496, 2101886 
10.546, 2101882 
10.593, 2100823 
10.600, 2099431 
10.607, 2099364 
10.613, 2098561 
10.621, 2098366 
10.676, 2097974 
10.685, 2097942 
10.694, 2096772 
10.750, 2096007 
10.808, 2095902 
10.857, 2094922 
10.907, 2092937 
10.960, 2092892 
11.015, 2091956 
11.071, 2091637 
11.127, 2091591 
11.178, 2091052 
11.232, 2090614 
11.285, 2090236 
11.344, 2089926 
11.405, 2089914 
11.459, 2089346 
11.514, 2088916 
11.565, 2088830 
11.617, 2088561 
11.671, 2088169 
11.726, 2085677 
11.782, 2084011 
11.843, 2083805 
11.904, 2083425 
11.961, 2082325 
12.016, 2081821 
12.074, 2081755 
12.126, 2081634 
12.182, 2081197 
12.234, 2080270 
12.287, 2080228 
12.353, 2078289 
12.408, 2077055 
12.460, 2076837 
12.515, 2076462 
12.575, 2076123 
12.628, 2075654 
12.681, 2074966 
12.739, 2054874 
12.789, 2047698 
12.847, 2046741 
12.897, 1978765 
12.941, 1977536 
12.948, 1977332 
12.955, 1977053 
12.965, 1975461 
12.978, 1973460 
13.025, 1972862 
13.073, 1971608 
13.120, 1971446 
13.168, 1971271 
13.220, 1971128 
13.271, 1969670 
13.335, 1955788 
13.352, 1955610 
13.365, 1955341 
13.389, 1955285 
13.404, 1954519 
13.453, 1954374 
13.508, 1954351 
13.522, 1954146 
13.535, 1954104 
13.542, 1953907 
13.547, 1953126 
13.554, 1908333 
13.560, 1905096 
13.565, 1898219 
13.574, 1898188 
13.624, 1897889 
13.663, 1897637 
13.699, 1897157 
13.743, 1894953 
13.789, 1894906 
13.835, 1894884 
13.879, 1894241 
13.922, 1894043 
13.965, 1893723 
14.017, 1893277 
14.067, 1892918 
14.118, 1892538 
14.164, 1890898 
14.216, 1890597 
14.258, 1889971 
14.301, 1889488 
14.350, 1889333 
14.400, 1888383 
14.448, 1886521 
14.493, 1886503 
14.545, 1886249 
14.592, 1886190 
14.642, 1885253 
14.698, 1884995 
14.751, 1883874 
14.806, 1879894 
14.859, 1879134 
14.918, 1879074 
14.975, 1879024 
15.028, 1878181 
15.078, 1878121 
15.135, 1877041 
15.186, 1876834 
15.242, 1831873 
15.303, 1831822 
15.367, 1821250 
15.413, 1821154 
15.462, 1821069 
15.509, 1820730 
15.557, 1820599 
15.603, 1820450 
15.647, 1820421 
15.695, 1820113 
15.745, 1819660 
15.807, 1818093 
15.868, 1817324 
15.917, 1816782 
15.965, 1814752 
16.018, 1814250 
16.069, 1813291 
16.128, 1810277 
16.183, 1807615 
16.241, 1802497 
16.295, 1802478 
16.385, 1745033 
16.456, 1744828 
16.505, 1744720 
16.558, 1744632 
16.615, 1743756 
16.664, 1742407 
16.707, 1742272 
16.745, 1742188 
16.794, 1741887 
16.852, 1741321 
16.908, 1741299 
16.967, 1740874 
17.026, 1740793 
17.081, 1740066 
17.140, 1739775 
17.196, 1739510 
17.252, 1738383 
17.306, 1737988 
17.371, 1737955 
17.426, 1734070 
17.480, 1732826 
17.536, 1732658 
17.602, 1732387 
17.656, 1732280 
17.708, 1731212 
17.763, 1730471 
17.816, 1730436 
17.875, 1702899 
17.922, 1702012 
17.966, 1701545 
18.007, 1700197 
18.050, 1699661 
18.094, 1699257 
18.148, 1698172 
18.206, 1693393 
18.266, 1692948 
18.318, 1692115 
18.363, 1691442 
18.415, 1691393 
18.466, 1690624 
18.521, 1690408 
18.573, 1690395 
18.626, 1690386 
18.684, 1689725 
18.738, 1689162 
18.795, 1688009 
18.854, 1687180 
18.908, 1686933 
18.964, 1686682 
19.018, 1686051 
19.074, 1685598 
19.128, 1685060 
19.184, 1683779 
19.239, 1611099 
19.296, 1609351 
19.358, 1608519 
19.439, 1606445 
19.488, 1605899 
19.538, 1605116 
19.588, 1604749 
19.633, 1604530 
19.680, 1602586 
19.725, 1602056 
19.770, 1601340 
19.817, 1600412 
19.874, 1599840 
19.933, 1599255 
19.989, 1599150 
20.049, 1598735 
20.107, 1595294 
20.168, 1594625 
20.229, 1594314 
20.284, 1592145 
20.353, 1591669 
20.404, 1591281 
20.451, 1584819 
20.504, 1584018 
20.555, 1584016 
20.610, 1583475 
20.764, 1583455 
20.867, 1582687 
20.949, 1580673 
21.015, 1578777 
21.086, 1578582 
21.179, 1578155 
21.355, 1507604 
21.447, 1506966 
21.517, 1506567 
21.582, 1506325 
21.636, 1504883 
21.691, 1504445 
21.757, 1503948 
21.822, 1503741 
21.890, 1503104 
21.969, 1501981 
22.050, 1500113 
22.127, 1496519 
22.204, 1474522 
22.271, 1474467 
22.341, 1467275 
22.433, 1462711 
22.508, 1459405 
22.587, 1444657 
22.656, 1416423 
22.720, 1383251 
22.798, 1381003 
22.868, 1380729 
22.959, 1380608 
23.054, 1358639 
23.143, 1354335 
23.234, 1352816 
23.353, 1337898 
23.495, 1333142 
23.611, 1329413 
23.737, 1323958 
23.848, 1295659 
23.946, 1287144 
24.026, 1277657 
24.090, 1277284 
24.154, 1273709 
24.247, 1272222 
24.329, 1255516 
24.405, 1250059 
24.496, 1246898 
24.564, 1245467 
24.648, 1242641 
24.728, 1235812 
24.801, 1234942 
24.865, 1233837 
24.918, 1233469 
24.984, 1231568 
25.058, 1231294 
25.289, 1230869 
25.403, 1228314 
25.483, 1226861 
25.566, 1203432 
25.706, 1202873 
25.810, 1201849 
25.890, 1148569 
25.970, 1144621 
26.045, 1143122 
26.116, 1140296 
26.175, 1138647 
26.246, 1135767 
26.307, 1134022 
26.377, 1131581 
26.453, 1117895 
26.546, 1116790 
26.626, 1115543 
26.701, 1112849 
26.776, 1109974 
26.854, 1103819 
26.930, 1102982 
27.021, 1063703 
27.089, 1048539 
27.159, 1045505 
27.216, 1044013 
27.287, 1041069 
27.365, 1033281 
27.447, 1032679 
27.539, 1012370 
27.607, 997817 
27.676, 997610 
27.756, 996143 
27.853, 942260 
27.982, 930689 
28.033, 930286 
28.103, 930121 
28.178, 929903 
28.257, 929860 
28.333, 929641 
28.411, 929629 
28.511, 929204 
28.583, 925833 
28.649, 924344 
28.697, 923675 
28.758, 922446 
28.816, 922043 
28.889, 921806 
28.948, 921802 
29.007, 921150 
29.065, 921105 
29.123, 921102 
29.192, 921100 
29.263, 903169 
29.328, 899838 
29.394, 897288 
29.461, 892180 
29.526, 888347 
29.593, 887329 
29.662, 874331 
29.733, 839850 
29.808, 836854 
29.876, 833694 
29.948, 831480 
30.021, 815510 
30.100, 813796 
30.175, 805266 
30.281, 803672 
30.363, 797220 
30.437, 771019 
30.513, 768446 
30.590, 768423 
30.673, 756254 
30.750, 733701 
30.833, 721623 
30.918, 721458 
31.028, 712807 
31.118, 710186 
31.205, 709846 
31.285, 703481 
31.363, 703442 
31.433, 702546 
31.506, 699177 
31.580, 697981 
31.646, 697960 
31.720, 694357 
31.798, 691337 
31.893, 691309 
31.965, 690609 
32.044, 690025 
