0.001, 7011223 
0.002, 6998207 
0.003, 6994906 
0.007, 6992333 
0.007, 6987938 
0.007, 6923511 
0.008, 6900496 
0.010, 6871234 
0.012, 6868993 
0.012, 6855535 
0.012, 6854947 
0.013, 6841842 
0.013, 6826959 
0.013, 6823422 
0.014, 6820930 
0.015, 6796754 
0.022, 6792199 
0.022, 6791129 
0.022, 6789280 
0.022, 6788920 
0.023, 6760075 
0.023, 6747032 
0.023, 6735282 
0.023, 6728096 
0.023, 6719950 
0.024, 6719228 
0.024, 6706012 
0.026, 6693680 
0.026, 6692587 
0.027, 6683076 
0.027, 6675976 
0.030, 6668916 
0.032, 6666223 
0.032, 6648594 
0.032, 6640086 
0.032, 6635121 
0.032, 6605757 
0.033, 6578113 
0.033, 6574534 
0.039, 6572594 
0.039, 6560548 
0.040, 6558015 
0.040, 6551294 
0.040, 6547883 
0.040, 6546037 
0.040, 6545852 
0.040, 6545620 
0.042, 6540608 
0.045, 6539253 
0.045, 6535759 
0.045, 6528009 
0.045, 6521799 
0.046, 6520084 
0.046, 6518984 
0.046, 6514970 
0.046, 6512523 
0.046, 6507868 
0.047, 6503954 
0.047, 6501097 
0.047, 6497536 
0.047, 6487518 
0.048, 6462727 
0.048, 6462425 
0.048, 6456066 
0.048, 6453453 
0.048, 6452709 
0.049, 6451976 
0.049, 6450205 
0.050, 6433421 
0.050, 6433399 
0.060, 6433196 
0.060, 6432578 
0.061, 6410527 
0.063, 6403404 
0.063, 6398081 
0.065, 6393820 
0.065, 6391215 
0.065, 6388363 
0.065, 6388330 
0.065, 6383088 
0.065, 6372274 
0.066, 6347584 
0.070, 6340586 
0.070, 6340136 
0.077, 6335145 
0.077, 6327697 
0.099, 6317469 
0.101, 6313185 
0.101, 6311491 
0.114, 6310210 
0.121, 6310055 
0.123, 6309702 
0.124, 6281571 
0.126, 6281518 
0.129, 6280759 
0.134, 6276582 
0.141, 6272686 
0.141, 6251402 
0.149, 6249485 
0.149, 6240996 
0.149, 6239877 
0.149, 6214822 
0.158, 6213299 
0.163, 6210480 
0.164, 6208131 
0.164, 6205612 
0.165, 6195459 
0.165, 6193336 
0.165, 6191205 
0.165, 6188843 
0.168, 6187249 
0.170, 6186862 
0.170, 6181483 
0.173, 6179809 
0.174, 6176444 
0.174, 6176195 
0.174, 6174416 
0.175, 6174272 
0.175, 6156375 
0.176, 6156111 
0.178, 6155400 
0.178, 6151967 
0.179, 6151360 
0.183, 6148132 
0.183, 6144114 
0.184, 6130654 
0.184, 6118565 
0.184, 6112503 
0.185, 6104832 
0.186, 6104674 
0.189, 6101932 
0.189, 6092698 
0.189, 6092592 
0.192, 6092436 
0.192, 6091717 
0.192, 6086368 
0.192, 6084310 
0.192, 6083873 
0.192, 6082377 
0.192, 6081782 
0.197, 6064265 
0.197, 6061278 
0.197, 6056788 
0.197, 6049787 
0.198, 6040395 
0.198, 6035950 
0.198, 6017904 
0.199, 6012269 
0.200, 6010910 
0.200, 6007407 
0.200, 6007145 
0.201, 6000701 
0.209, 5990574 
0.209, 5990376 
0.209, 5989857 
0.209, 5989238 
0.210, 5984830 
0.210, 5967269 
0.210, 5964886 
0.210, 5962898 
0.211, 5958660 
0.212, 5957876 
0.212, 5957266 
0.213, 5955722 
0.213, 5954292 
0.213, 5954217 
0.213, 5953163 
0.213, 5953024 
0.213, 5952077 
0.213, 5951726 
0.213, 5950632 
0.213, 5947638 
0.215, 5946833 
0.216, 5941819 
0.216, 5921677 
0.216, 5902810 
0.216, 5897163 
0.216, 5895360 
0.216, 5893096 
0.216, 5871081 
0.216, 5867426 
0.216, 5862794 
0.216, 5857637 
0.216, 5846809 
0.216, 5844299 
0.216, 5824865 
0.216, 5822455 
0.216, 5819257 
0.216, 5816428 
0.216, 5816169 
0.216, 5805852 
0.219, 5804656 
0.219, 5801731 
0.220, 5801100 
0.221, 5798019 
0.222, 5796791 
0.222, 5788352 
0.222, 5786310 
0.222, 5781699 
0.222, 5768715 
0.222, 5745685 
0.222, 5742378 
0.222, 5739139 
0.222, 5718811 
0.222, 5711178 
0.222, 5706530 
0.222, 5695479 
0.222, 5685887 
0.222, 5682183 
0.222, 5671484 
0.222, 5669593 
0.222, 5661852 
0.223, 5660895 
0.224, 5652480 
0.224, 5645237 
0.224, 5639071 
0.224, 5576316 
0.224, 5575419 
0.224, 5545013 
0.224, 5535326 
0.224, 5533876 
0.224, 5528970 
0.224, 5518745 
0.224, 5507477 
0.225, 5492796 
0.226, 5486850 
0.227, 5486325 
0.229, 5477207 
0.230, 5473108 
0.231, 5450372 
0.232, 5448128 
0.234, 5435442 
0.236, 5418037 
0.237, 5411158 
0.239, 5409646 
0.241, 5397791 
0.244, 5397413 
0.247, 5397014 
0.260, 5393259 
0.266, 5392413 
0.271, 5383824 
0.277, 5378216 
0.282, 5376950 
0.300, 5375585 
0.302, 5353890 
0.306, 5353882 
0.308, 5352570 
0.311, 5350818 
0.315, 5346925 
0.317, 5344341 
0.328, 5342715 
0.337, 5339232 
0.341, 5338647 
0.345, 5322206 
0.348, 5313202 
0.351, 5294702 
0.358, 5280057 
0.363, 5274280 
0.368, 5268727 
0.372, 5264241 
0.374, 5241018 
0.378, 5234674 
0.380, 5234453 
0.392, 5234209 
0.403, 5234207 
0.409, 5233609 
0.413, 5232301 
0.417, 5232048 
0.417, 5231812 
0.417, 5229309 
0.432, 5228678 
0.447, 5227532 
0.450, 5227493 
0.456, 5227257 
0.463, 5224521 
0.473, 5208511 
0.476, 5208416 
0.480, 5192278 
0.487, 5190085 
0.523, 5189221 
0.561, 5188981 
0.566, 5187768 
0.570, 5175312 
0.576, 5171042 
0.581, 5154505 
0.593, 5153397 
0.599, 5151206 
0.606, 5145323 
0.610, 5136257 
0.614, 5132423 
0.624, 5132331 
0.626, 5121418 
0.628, 5120304 
0.630, 5115993 
0.632, 5113822 
0.636, 5109889 
0.640, 5107439 
0.642, 5107272 
0.644, 5104009 
0.646, 5100781 
0.651, 5100717 
0.653, 5100663 
0.655, 5098625 
0.657, 5093998 
0.659, 5083951 
0.663, 5079561 
0.664, 5079197 
0.666, 5065078 
0.669, 5062487 
0.672, 5061394 
0.675, 5060972 
0.682, 5060475 
0.689, 5059577 
0.693, 5057876 
0.716, 5057183 
0.721, 5056404 
0.728, 5054089 
0.749, 5053051 
0.763, 5052543 
0.773, 5051947 
0.799, 5050145 
0.815, 5045184 
0.829, 5042710 
0.849, 5035643 
0.864, 5033748 
0.876, 5033231 
0.894, 5033100 
0.913, 5010997 
0.925, 5009665 
0.938, 5009301 
0.957, 5006206 
0.971, 5005391 
0.993, 4997132 
1.008, 4996615 
1.023, 4996484 
1.048, 4916121 
1.059, 4914518 
1.073, 4914154 
1.091, 4907541 
1.105, 4906915 
1.123, 4906797 
1.144, 4901882 
1.163, 4901029 
1.268, 4900665 
1.317, 4900482 
1.332, 4898662 
1.341, 4896906 
1.351, 4891248 
1.361, 4891059 
1.371, 4890961 
1.378, 4889201 
1.391, 4888837 
1.429, 4888240 
1.462, 4887194 
1.489, 4887075 
1.504, 4886747 
1.528, 4886596 
1.562, 4878621 
1.577, 4876903 
1.592, 4876539 
1.614, 4873639 
1.629, 4870971 
1.647, 4868987 
1.648, 4868899 
1.648, 4868790 
1.658, 4868035 
1.666, 4866911 
1.683, 4863249 
1.704, 4860748 
1.721, 4860245 
1.739, 4857310 
1.740, 4856334 
1.744, 4855805 
1.761, 4855723 
1.763, 4855646 
1.767, 4854867 
1.780, 4853429 
1.802, 4851119 
1.822, 4850453 
1.843, 4847149 
1.867, 4845018 
1.884, 4836041 
1.909, 4835833 
1.949, 4832434 
1.981, 4827655 
2.034, 4824881 
2.052, 4761883 
2.065, 4758528 
2.080, 4753277 
2.094, 4746068 
2.108, 4743460 
2.123, 4737424 
2.141, 4737294 
2.153, 4735116 
2.165, 4734441 
2.178, 4730755 
2.190, 4727781 
2.203, 4726886 
2.216, 4723913 
2.238, 4718542 
2.265, 4716469 
2.278, 4712787 
2.293, 4707959 
2.306, 4705044 
2.319, 4703086 
2.331, 4698773 
2.345, 4694253 
2.358, 4681933 
2.377, 4680404 
2.398, 4676181 
2.416, 4675262 
2.432, 4674627 
2.448, 4673020 
2.451, 4671302 
2.453, 4671116 
2.454, 4670037 
2.456, 4669939 
2.460, 4668281 
2.461, 4663626 
2.465, 4662869 
2.470, 4662735 
2.474, 4662290 
2.477, 4661048 
2.482, 4659972 
2.513, 4659815 
2.548, 4649018 
2.563, 4648556 
2.580, 4648212 
2.596, 4647135 
2.615, 4643929 
2.628, 4639625 
2.638, 4637390 
2.650, 4631399 
2.660, 4630387 
2.668, 4629745 
2.680, 4629591 
2.693, 4560969 
2.701, 4559525 
2.710, 4559181 
2.722, 4556829 
2.752, 4555492 
2.781, 4554765 
2.817, 4554620 
2.858, 4487146 
2.870, 4486667 
2.880, 4486323 
2.897, 4481680 
2.910, 4480648 
2.928, 4478706 
2.942, 4475200 
2.961, 4474177 
2.980, 4473016 
2.989, 4472271 
3.023, 4472127 
3.035, 4470274 
3.044, 4469650 
3.054, 4469306 
3.064, 4466697 
3.072, 4464345 
3.082, 4463026 
3.091, 4459422 
3.101, 4456903 
3.108, 4454799 
3.118, 4453175 
3.126, 4452986 
3.149, 4452142 
3.163, 4452135 
3.176, 4451791 
3.190, 4450214 
3.206, 4447616 
3.225, 4444698 
3.260, 4444028 
3.278, 4440322 
3.291, 4438197 
3.305, 4382510 
3.314, 4382187 
3.323, 4381695 
3.334, 4381506 
3.345, 4327785 
3.355, 4325074 
3.370, 4322433 
3.380, 4318218 
3.394, 4313940 
3.411, 4313872 
3.446, 4311155 
3.485, 4306460 
3.519, 4301880 
3.544, 4301784 
3.559, 4301548 
3.576, 4296901 
3.609, 4296701 
3.641, 4296567 
3.662, 4290902 
3.677, 4290695 
3.706, 4289851 
3.728, 4286858 
3.743, 4284932 
3.772, 4280929 
3.788, 4278839 
3.801, 4276228 
3.818, 4273918 
3.830, 4268414 
3.843, 4267259 
3.863, 4265046 
3.877, 4264320 
3.889, 4263266 
3.904, 4196199 
3.925, 4195085 
3.941, 4194067 
3.954, 4193398 
3.966, 4192067 
3.977, 4191142 
3.993, 4189809 
4.008, 4189540 
4.025, 4183411 
4.036, 4129023 
4.048, 4126257 
4.057, 4125526 
4.068, 4125182 
4.079, 4125009 
4.093, 4123980 
4.105, 4123948 
4.116, 4123456 
4.127, 4123267 
4.140, 4120104 
4.152, 4120097 
4.164, 4119753 
4.178, 4115766 
4.192, 4115129 
4.206, 3996234 
4.222, 3994602 
4.234, 3992019 
4.254, 3992007 
4.273, 3991188 
4.295, 3990763 
4.312, 3990649 
4.328, 3989954 
4.353, 3988271 
4.380, 3986492 
4.409, 3982997 
4.434, 3980479 
4.451, 3978564 
4.466, 3972285 
4.483, 3971743 
4.509, 3963403 
4.529, 3962763 
4.547, 3962284 
4.563, 3961481 
4.579, 3961286 
4.595, 3895568 
4.609, 3832294 
4.627, 3827792 
4.638, 3826116 
4.649, 3820224 
4.664, 3819796 
4.681, 3817678 
4.710, 3754584 
4.728, 3701959 
4.745, 3698542 
4.772, 3695901 
4.800, 3695408 
4.819, 3693732 
4.832, 3685077 
4.846, 3629959 
4.858, 3621395 
4.870, 3617299 
4.883, 3542406 
4.894, 3539849 
4.904, 3537745 
4.923, 3536119 
4.941, 3534600 
4.957, 3534503 
4.970, 3533426 
4.984, 3532508 
5.000, 3531940 
5.025, 3528236 
5.064, 3525674 
5.096, 3524475 
5.116, 3522813 
5.146, 3521192 
5.172, 3520556 
5.214, 3520183 
5.236, 3517049 
5.264, 3516358 
5.282, 3516018 
5.302, 3514900 
5.321, 3514756 
5.342, 3514362 
5.357, 3512328 
5.371, 3511865 
5.384, 3511835 
5.397, 3511559 
5.411, 3511299 
5.429, 3510798 
5.449, 3506589 
5.465, 3503266 
5.483, 3503153 
5.498, 3503127 
5.514, 3500358 
5.529, 3498881 
5.555, 3490732 
5.572, 3490583 
5.591, 3489258 
5.605, 3489227 
5.620, 3489063 
5.635, 3488864 
5.663, 3488181 
5.685, 3487073 
5.703, 3487054 
5.717, 3484896 
5.733, 3482294 
5.748, 3481843 
5.776, 3481768 
5.828, 3481603 
5.849, 3481579 
5.865, 3480442 
5.886, 3478745 
5.902, 3477534 
5.918, 3474042 
5.933, 3471978 
5.950, 3471957 
5.973, 3470001 
5.990, 3469841 
6.018, 3422965 
6.039, 3422053 
6.059, 3404963 
6.076, 3400566 
6.094, 3398567 
6.113, 3396564 
6.130, 3396360 
6.148, 3395970 
6.167, 3395735 
6.185, 3393999 
6.205, 3393183 
6.224, 3390823 
6.244, 3386804 
6.270, 3386224 
6.297, 3386093 
6.320, 3385920 
6.338, 3384618 
6.357, 3375336 
6.376, 3374605 
6.397, 3374404 
6.419, 3374137 
6.436, 3373233 
6.457, 3362764 
6.476, 3362110 
6.502, 3359237 
6.526, 3358079 
6.544, 3357882 
6.564, 3353359 
6.589, 3265767 
6.610, 3249967 
6.627, 3246880 
6.650, 3199796 
6.662, 3199291 
6.674, 3199257 
6.691, 3199063 
6.706, 3198157 
6.719, 3197989 
6.737, 3197957 
6.755, 3197743 
6.768, 3196967 
6.797, 3195919 
6.811, 3195622 
6.824, 3195326 
6.836, 3195109 
6.852, 3192985 
6.868, 3192936 
6.883, 3192846 
6.900, 3192242 
6.916, 3192013 
6.933, 3189849 
6.949, 3188141 
6.966, 3186545 
6.984, 3186399 
7.004, 3186181 
7.025, 3185315 
7.043, 3185219 
7.063, 3184473 
7.078, 3182741 
7.097, 3178682 
7.112, 3178418 
7.129, 3177928 
7.144, 3177729 
7.162, 3176821 
7.181, 3176485 
7.196, 3173728 
7.211, 3169741 
7.227, 3168508 
7.246, 3168109 
7.270, 3167637 
7.292, 3167144 
7.309, 3166510 
7.326, 3163826 
7.342, 3163091 
7.358, 3162225 
7.375, 3161748 
7.395, 3159719 
7.413, 3159640 
7.430, 3159453 
7.448, 3158574 
7.465, 3157869 
7.483, 3156733 
7.501, 3156196 
7.525, 3155051 
7.545, 3154736 
7.564, 3154207 
7.582, 3153940 
7.598, 3152967 
7.617, 3148456 
7.635, 3139219 
7.653, 3134451 
7.673, 3133978 
7.693, 3133836 
7.716, 3133710 
7.741, 3133181 
7.764, 3131444 
7.791, 3129681 
7.815, 3129645 
7.837, 3128872 
7.863, 3126220 
7.876, 3124431 
7.894, 3122555 
7.915, 3122047 
7.939, 3121064 
7.970, 3119355 
8.000, 3119069 
8.036, 3118867 
8.064, 3118766 
8.090, 3118463 
8.116, 3114611 
8.142, 3114080 
8.164, 3113205 
8.189, 3113064 
8.214, 3112782 
8.243, 3112709 
8.275, 3112053 
8.304, 3110954 
8.336, 3109708 
8.374, 3038011 
8.426, 3036537 
8.462, 3005948 
8.496, 3003305 
8.536, 3003198 
8.562, 3003190 
8.583, 3002521 
8.603, 3002214 
8.626, 2999153 
8.648, 2999083 
8.669, 2993653 
8.694, 2992213 
8.718, 2991331 
8.741, 2991234 
8.765, 2990788 
8.795, 2990186 
8.817, 2987583 
8.839, 2987526 
8.863, 2987249 
8.885, 2987152 
8.910, 2986418 
8.935, 2986172 
8.958, 2985720 
8.982, 2985641 
9.020, 2985443 
9.048, 2985333 
9.069, 2984228 
9.090, 2983459 
9.116, 2982754 
9.140, 2982619 
9.163, 2982389 
9.190, 2982188 
9.217, 2981476 
9.238, 2981246 
9.265, 2981201 
9.293, 2980517 
9.312, 2980106 
9.334, 2979959 
9.357, 2979439 
9.382, 2978679 
9.406, 2978580 
9.434, 2978559 
9.467, 2978466 
9.491, 2976653 
9.522, 2974673 
9.556, 2971267 
9.578, 2971092 
9.597, 2970750 
9.620, 2970749 
9.641, 2969682 
9.664, 2916037 
9.689, 2914945 
9.717, 2913451 
9.742, 2913399 
9.769, 2913315 
9.796, 2913302 
9.819, 2912868 
9.845, 2912674 
9.872, 2912406 
9.908, 2912300 
9.950, 2912276 
9.999, 2912219 
10.039, 2912194 
10.076, 2911630 
10.105, 2911600 
10.130, 2911451 
10.153, 2910994 
10.178, 2850292 
10.198, 2850229 
10.220, 2846288 
10.238, 2846112 
10.258, 2845536 
10.286, 2845061 
10.313, 2845010 
10.334, 2844661 
10.356, 2844544 
10.377, 2842694 
10.396, 2842422 
10.417, 2842024 
10.440, 2841981 
10.467, 2841117 
10.495, 2840770 
10.522, 2836316 
10.553, 2836151 
10.580, 2835949 
10.611, 2835729 
10.637, 2835607 
10.666, 2833960 
10.698, 2832926 
10.729, 2830837 
10.759, 2830641 
10.788, 2830083 
10.821, 2829700 
10.848, 2829425 
10.878, 2829033 
10.909, 2827872 
10.938, 2827467 
10.965, 2827126 
10.985, 2826801 
11.005, 2826542 
11.023, 2826177 
11.048, 2826074 
11.071, 2824735 
11.092, 2824624 
11.113, 2811216 
11.136, 2811074 
11.156, 2808543 
11.175, 2808011 
11.196, 2806574 
11.218, 2806239 
11.241, 2805064 
11.264, 2803630 
11.290, 2802202 
11.314, 2801968 
11.334, 2801962 
11.353, 2800737 
11.373, 2799666 
11.392, 2799662 
11.412, 2797644 
11.434, 2794595 
11.454, 2789078 
11.473, 2786805 
11.494, 2786385 
11.516, 2784839 
11.541, 2784050 
11.563, 2782852 
11.584, 2781212 
11.608, 2779847 
11.628, 2779631 
11.649, 2779600 
11.670, 2779575 
11.697, 2779491 
11.730, 2772806 
11.757, 2771117 
11.785, 2737102 
11.810, 2736634 
11.836, 2721216 
11.855, 2720162 
11.874, 2719622 
11.893, 2718938 
11.911, 2718686 
11.932, 2718221 
11.958, 2718111 
11.993, 2718050 
12.018, 2717780 
12.045, 2717602 
12.074, 2717509 
12.106, 2716291 
12.137, 2713858 
12.169, 2712001 
12.196, 2711558 
12.228, 2711060 
12.259, 2707328 
12.289, 2707152 
12.321, 2706230 
12.349, 2705842 
12.378, 2705334 
12.407, 2705055 
12.435, 2704781 
12.468, 2704413 
12.507, 2704080 
12.540, 2703914 
12.567, 2703678 
12.593, 2702941 
12.621, 2702464 
12.649, 2702419 
12.678, 2701458 
12.712, 2700910 
12.745, 2699778 
12.781, 2699552 
12.811, 2699440 
12.836, 2698860 
12.861, 2698454 
12.897, 2697055 
12.937, 2696900 
12.976, 2696346 
13.018, 2695489 
13.060, 2695036 
13.100, 2694161 
13.139, 2694133 
13.173, 2691060 
13.208, 2690801 
13.245, 2690781 
13.282, 2690760 
13.318, 2690715 
13.354, 2690197 
13.389, 2690142 
13.424, 2689746 
13.459, 2689525 
13.495, 2689248 
13.534, 2687844 
13.571, 2687820 
13.607, 2645004 
13.641, 2643779 
13.677, 2613878 
13.700, 2613817 
13.718, 2613792 
13.748, 2612950 
13.768, 2612568 
13.789, 2612483 
13.809, 2611975 
13.834, 2611227 
13.856, 2610928 
13.881, 2610589 
13.911, 2600187 
13.934, 2599849 
13.959, 2597375 
13.993, 2568934 
14.025, 2564853 
14.050, 2564733 
14.075, 2562844 
14.099, 2562071 
14.124, 2557188 
14.145, 2557153 
14.165, 2556875 
14.205, 2555768 
14.248, 2520297 
14.290, 2520179 
14.330, 2518234 
14.364, 2517620 
14.406, 2515947 
14.445, 2515453 
14.477, 2515120 
14.509, 2514734 
14.549, 2513805 
14.586, 2513792 
14.626, 2513720 
14.664, 2513351 
14.700, 2513325 
14.736, 2513300 
14.771, 2513267 
14.814, 2512934 
14.854, 2506747 
14.897, 2503784 
14.938, 2503217 
14.979, 2500780 
15.021, 2472732 
15.064, 2464209 
15.106, 2461747 
15.147, 2452340 
15.191, 2452188 
15.234, 2449384 
15.279, 2448931 
15.321, 2448699 
15.359, 2448464 
15.394, 2445934 
15.427, 2445450 
15.462, 2445215 
15.503, 2443435 
15.547, 2443210 
15.582, 2442008 
15.621, 2441743 
15.662, 2440182 
15.706, 2439715 
15.747, 2439073 
15.795, 2438600 
15.836, 2438468 
15.887, 2437914 
15.929, 2437819 
15.975, 2437453 
16.019, 2437434 
16.065, 2436679 
16.117, 2436659 
16.168, 2436017 
16.221, 2435322 
16.276, 2414986 
16.298, 2414982 
16.317, 2414976 
16.335, 2414825 
16.352, 2414717 
16.370, 2414715 
16.387, 2414641 
16.404, 2414425 
16.422, 2414394 
16.439, 2414171 
16.456, 2413891 
16.474, 2413197 
16.491, 2412974 
16.509, 2412662 
16.527, 2412354 
16.551, 2412061 
16.573, 2411934 
16.602, 2411582 
16.632, 2411319 
16.660, 2411176 
16.697, 2411175 
16.737, 2411107 
16.769, 2410239 
16.802, 2408670 
16.836, 2408611 
16.869, 2407621 
16.904, 2407346 
16.939, 2407345 
16.974, 2406767 
17.012, 2406148 
17.053, 2405997 
17.094, 2405972 
17.134, 2405218 
17.176, 2404762 
17.220, 2404760 
17.263, 2403963 
17.307, 2341440 
17.344, 2339605 
17.380, 2339388 
17.397, 2338509 
17.415, 2337969 
17.432, 2337285 
17.449, 2337033 
17.467, 2336568 
17.491, 2336391 
17.514, 2335894 
17.538, 2334964 
17.577, 2334879 
17.606, 2334074 
17.633, 2333936 
17.675, 2333715 
17.722, 2328790 
17.751, 2328285 
17.779, 2328266 
17.808, 2327547 
17.836, 2327306 
17.865, 2327140 
17.894, 2326919 
17.926, 2326562 
17.963, 2325790 
18.000, 2325181 
18.046, 2324508 
18.088, 2324333 
18.130, 2322550 
18.169, 2322452 
18.210, 2322270 
18.256, 2320748 
18.309, 2318312 
18.369, 2301188 
18.407, 2300301 
18.441, 2299268 
18.496, 2298374 
18.561, 2297397 
18.595, 2296670 
18.628, 2296460 
18.664, 2294539 
18.700, 2293717 
18.738, 2293700 
18.775, 2293435 
18.829, 2292120 
18.884, 2290387 
18.938, 2289216 
18.988, 2269494 
19.014, 2269489 
19.038, 2269464 
19.091, 2268218 
19.142, 2267398 
19.192, 2266969 
19.213, 2266926 
19.234, 2266528 
19.261, 2266494 
19.290, 2266401 
19.316, 2265516 
19.366, 2265027 
19.418, 2264584 
19.470, 2258238 
19.526, 2257955 
19.574, 2257742 
19.622, 2186246 
19.672, 2185855 
19.723, 2185750 
19.771, 2184705 
19.823, 2182857 
19.876, 2182699 
19.926, 2182654 
19.980, 2180509 
20.037, 2179765 
20.098, 2175369 
20.163, 2173239 
20.217, 2170554 
20.266, 2165784 
20.321, 2163248 
20.372, 2161296 
20.422, 2160441 
20.447, 2160079 
20.474, 2159723 
20.521, 2159593 
20.580, 2157571 
20.635, 2074329 
20.693, 2074040 
20.749, 2001000 
20.811, 1975709 
20.867, 1975250 
20.928, 1922220 
20.988, 1920894 
21.047, 1872376 
21.105, 1821356 
21.165, 1820863 
21.224, 1805736 
21.279, 1805432 
21.327, 1798025 
21.373, 1772127 
21.419, 1771610 
21.464, 1765935 
21.511, 1760868 
21.557, 1703417 
21.588, 1702737 
21.609, 1702429 
21.627, 1702399 
21.644, 1701608 
21.663, 1700262 
21.687, 1700179 
21.710, 1699071 
21.741, 1698641 
21.771, 1698589 
21.803, 1698584 
21.839, 1698530 
21.875, 1697978 
21.909, 1697466 
21.943, 1697255 
21.976, 1697108 
22.011, 1696895 
22.055, 1695804 
22.079, 1695700 
22.098, 1695634 
22.116, 1695609 
22.135, 1695177 
22.157, 1694025 
22.177, 1694003 
22.215, 1693312 
22.259, 1693116 
22.303, 1689837 
22.348, 1686213 
22.392, 1686210 
22.438, 1686087 
22.483, 1684504 
22.527, 1684390 
22.572, 1679920 
22.616, 1678930 
22.660, 1678828 
22.707, 1677582 
22.752, 1670289 
22.798, 1662820 
22.845, 1657211 
22.874, 1657020 
22.905, 1655558 
22.949, 1654589 
22.979, 1654303 
23.010, 1654237 
23.055, 1653522 
23.099, 1652343 
23.126, 1652174 
23.151, 1652100 
23.176, 1651718 
23.224, 1649157 
23.270, 1648441 
23.325, 1644333 
23.382, 1643079 
23.408, 1642890 
23.435, 1642113 
23.462, 1641832 
23.490, 1640382 
23.518, 1640261 
23.566, 1626218 
23.610, 1625190 
23.636, 1625043 
23.662, 1623787 
23.688, 1623069 
23.732, 1623051 
23.779, 1622584 
23.824, 1618628 
23.872, 1616680 
23.920, 1616414 
23.968, 1598645 
24.018, 1598553 
24.067, 1597159 
24.115, 1549692 
24.161, 1547256 
24.209, 1547003 
24.256, 1546876 
24.309, 1508839 
24.363, 1508784 
24.413, 1507139 
24.461, 1505923 
24.510, 1478278 
24.561, 1476966 
24.616, 1476873 
24.673, 1469931 
24.732, 1467161 
24.788, 1462590 
24.842, 1459871 
24.896, 1459548 
24.952, 1459465 
25.009, 1453140 
25.065, 1451665 
25.119, 1451101 
25.167, 1451029 
25.218, 1439896 
25.272, 1432872 
25.325, 1432052 
25.387, 1431949 
25.450, 1421564 
25.508, 1421541 
25.573, 1418503 
25.632, 1382935 
25.689, 1380014 
25.746, 1379769 
25.807, 1379704 
25.864, 1379655 
25.922, 1379151 
25.975, 1369151 
26.031, 1368404 
26.094, 1368323 
26.155, 1364308 
26.212, 1364142 
26.265, 1357805 
26.321, 1357492 
26.380, 1338055 
26.447, 1337026 
26.504, 1335801 
26.555, 1333251 
26.609, 1324998 
26.661, 1324564 
26.720, 1305006 
26.784, 1301993 
26.843, 1300195 
26.906, 1300178 
26.963, 1299658 
27.026, 1298682 
27.091, 1298168 
27.157, 1294436 
27.221, 1294400 
27.283, 1292486 
27.346, 1271140 
27.404, 1266105 
27.465, 1265542 
27.529, 1241685 
27.591, 1225372 
27.653, 1209390 
27.719, 1179755 
27.783, 1177355 
27.847, 1172005 
27.927, 1161621 
27.991, 1150829 
28.058, 1149749 
28.118, 1147415 
28.183, 1124300 
28.249, 1117660 
28.318, 1101806 
28.379, 1101626 
28.449, 1081625 
28.514, 1081417 
28.576, 1080420 
28.666, 1060986 
28.737, 1049985 
28.806, 1007369 
28.874, 1000606 
28.939, 997624 
29.019, 995680 
29.099, 987358 
29.171, 971994 
29.237, 967514 
29.301, 964117 
29.364, 949680 
29.425, 947092 
29.484, 939018 
29.545, 897118 
29.608, 886652 
29.670, 886083 
29.738, 885209 
29.808, 882353 
29.871, 882185 
29.936, 875547 
30.024, 875021 
30.105, 871758 
30.168, 870568 
30.239, 870492 
30.306, 870442 
30.372, 868140 
30.442, 868133 
30.510, 867250 
30.578, 867198 
30.646, 866989 
30.716, 866420 
30.794, 865452 
30.862, 865146 
30.935, 862907 
31.002, 862608 
31.064, 860971 
31.132, 854242 
31.201, 853477 
31.276, 853314 
31.343, 851991 
31.412, 851518 
31.482, 846336 
31.551, 842763 
31.620, 842696 
31.692, 841667 
31.762, 841621 
31.837, 839584 
31.917, 837241 
31.990, 836183 
32.062, 836094 
32.133, 836036 
32.200, 833573 
32.267, 832306 
32.338, 831667 
32.404, 831000 
32.471, 830942 
32.542, 829908 
32.610, 829526 
32.683, 828126 
32.758, 828121 
32.829, 826678 
32.900, 825712 
32.966, 817797 
33.034, 817784 
33.099, 816107 
33.169, 815120 
33.234, 813160 
33.302, 808891 
33.366, 804686 
33.432, 804241 
33.497, 804238 
33.566, 804103 
33.629, 800810 
33.705, 800358 
33.775, 800074 
33.846, 798925 
33.930, 796534 
33.996, 794750 
34.071, 794641 
34.143, 793609 
34.215, 792395 
34.288, 789173 
34.352, 785070 
34.418, 784552 
34.483, 782924 
34.551, 781375 
34.619, 780497 
34.686, 779910 
34.759, 778485 
34.830, 778426 
34.915, 776406 
34.984, 775303 
35.055, 775148 
35.125, 774195 
35.195, 774182 
35.261, 772864 
35.335, 771527 
35.414, 771468 
35.486, 724543 
35.562, 724495 
35.645, 723993 
35.716, 723181 
35.788, 721608 
35.869, 721169 
35.944, 721072 
36.021, 721020 
36.090, 720882 
36.150, 720194 
36.216, 719505 
36.285, 719447 
36.354, 712716 
