0.000, 7317196 
0.000, 7315472 
0.001, 7297409 
0.001, 7292409 
0.002, 7292067 
0.002, 7289162 
0.004, 7280794 
0.004, 7274130 
0.004, 7247025 
0.004, 7236352 
0.005, 7198860 
0.005, 7197383 
0.006, 7189478 
0.006, 7189437 
0.007, 7159661 
0.007, 7158487 
0.007, 7155912 
0.008, 7138208 
0.009, 7128828 
0.009, 7115172 
0.011, 7112775 
0.012, 7109847 
0.012, 7099422 
0.013, 7093385 
0.013, 7093227 
0.014, 7089001 
0.014, 7088248 
0.014, 7088107 
0.014, 7084720 
0.014, 7062591 
0.014, 7043911 
0.015, 7042278 
0.016, 7041737 
0.016, 7038383 
0.016, 7029840 
0.016, 7020071 
0.016, 7019726 
0.016, 7013820 
0.017, 6992652 
0.017, 6986299 
0.017, 6983635 
0.017, 6981446 
0.019, 6979334 
0.019, 6975394 
0.019, 6946540 
0.020, 6944705 
0.020, 6924416 
0.021, 6920855 
0.021, 6904783 
0.021, 6888992 
0.022, 6883834 
0.022, 6881662 
0.022, 6862433 
0.022, 6860331 
0.023, 6859394 
0.024, 6839468 
0.026, 6838842 
0.026, 6838576 
0.027, 6835631 
0.029, 6828071 
0.030, 6806108 
0.030, 6778073 
0.030, 6750403 
0.030, 6725597 
0.030, 6724725 
0.030, 6707881 
0.031, 6683189 
0.032, 6672253 
0.032, 6652129 
0.035, 6649956 
0.037, 6649684 
0.037, 6605842 
0.037, 6601214 
0.038, 6579833 
0.038, 6574647 
0.038, 6571844 
0.038, 6552196 
0.038, 6551171 
0.038, 6545814 
0.038, 6516822 
0.038, 6512618 
0.038, 6511629 
0.038, 6506765 
0.039, 6496658 
0.039, 6494325 
0.039, 6479929 
0.039, 6478677 
0.040, 6477359 
0.045, 6477208 
0.049, 6459816 
0.053, 6440799 
0.057, 6425781 
0.062, 6425116 
0.066, 6399030 
0.069, 6377744 
0.075, 6366494 
0.079, 6366373 
0.084, 6363825 
0.093, 6357782 
0.096, 6353304 
0.098, 6348712 
0.100, 6346026 
0.104, 6337682 
0.106, 6334364 
0.109, 6327730 
0.112, 6237045 
0.117, 6222757 
0.120, 6217298 
0.121, 6206982 
0.123, 6203921 
0.124, 6202784 
0.125, 6200408 
0.126, 6200069 
0.127, 6190668 
0.128, 6187910 
0.129, 6186384 
0.130, 6184694 
0.132, 6174973 
0.134, 6167803 
0.135, 6166340 
0.136, 6133053 
0.138, 6125483 
0.139, 6119365 
0.142, 6114798 
0.144, 6109947 
0.145, 6107343 
0.147, 6095476 
0.148, 6094547 
0.149, 6081120 
0.152, 6062543 
0.153, 6044965 
0.155, 6042258 
0.157, 6042229 
0.159, 6035747 
0.160, 6024203 
0.162, 6013123 
0.163, 5992636 
0.165, 5984093 
0.167, 5975400 
0.169, 5972218 
0.171, 5968157 
0.173, 5966924 
0.178, 5963360 
0.182, 5959440 
0.184, 5956585 
0.185, 5952340 
0.187, 5939821 
0.190, 5937662 
0.192, 5936360 
0.193, 5936239 
0.195, 5922326 
0.196, 5921518 
0.198, 5919269 
0.199, 5918159 
0.200, 5912758 
0.201, 5907718 
0.203, 5906530 
0.204, 5850167 
0.205, 5848920 
0.206, 5832981 
0.208, 5823335 
0.210, 5819995 
0.212, 5817321 
0.214, 5816439 
0.216, 5794968 
0.218, 5684067 
0.220, 5683365 
0.222, 5655682 
0.223, 5653120 
0.226, 5648928 
0.229, 5631662 
0.232, 5627649 
0.235, 5622039 
0.237, 5600833 
0.239, 5495859 
0.242, 5491749 
0.244, 5487277 
0.246, 5477356 
0.249, 5474278 
0.251, 5468338 
0.253, 5453747 
0.255, 5452041 
0.257, 5451116 
0.259, 5450133 
0.265, 5445504 
0.266, 5430797 
0.267, 5430359 
0.268, 5427109 
0.270, 5425728 
0.271, 5425368 
0.272, 5422200 
0.274, 5421066 
0.275, 5419619 
0.276, 5402335 
0.278, 5401815 
0.280, 5396023 
0.281, 5394717 
0.282, 5389257 
0.283, 5377835 
0.284, 5373493 
0.285, 5372652 
0.286, 5371051 
0.287, 5370537 
0.288, 5366506 
0.289, 5364914 
0.290, 5346272 
0.292, 5344295 
0.293, 5340838 
0.294, 5326669 
0.295, 5324374 
0.296, 5322990 
0.298, 5322418 
0.299, 5303949 
0.300, 5303397 
0.302, 5300433 
0.304, 5295887 
0.305, 5295356 
0.306, 5293365 
0.307, 5290675 
0.308, 5289324 
0.309, 5289190 
0.311, 5285204 
0.313, 5277047 
0.313, 5276239 
0.314, 5273528 
0.315, 5273292 
0.316, 5272660 
0.317, 5269863 
0.318, 5269810 
0.319, 5267918 
0.321, 5265073 
0.323, 5263783 
0.324, 5263475 
0.326, 5262355 
0.332, 5259545 
0.336, 5257482 
0.339, 5257063 
0.343, 5206000 
0.346, 5200957 
0.351, 5194328 
0.354, 5193665 
0.357, 5189386 
0.360, 5117739 
0.363, 5110511 
0.367, 5108701 
0.373, 5100777 
0.377, 5085830 
0.381, 5079244 
0.381, 5071504 
0.381, 5070612 
0.381, 5069188 
0.382, 5064997 
0.383, 5052925 
0.384, 5050831 
0.385, 5050673 
0.385, 5050383 
0.387, 4983786 
0.388, 4962208 
0.389, 4960405 
0.390, 4956154 
0.391, 4941595 
0.393, 4936117 
0.394, 4913265 
0.395, 4897090 
0.397, 4893425 
0.398, 4870781 
0.399, 4869412 
0.400, 4859482 
0.404, 4842701 
0.405, 4821056 
0.407, 4817854 
0.408, 4816082 
0.409, 4794792 
0.410, 4788049 
0.411, 4787508 
0.413, 4784624 
0.414, 4777636 
0.415, 4777475 
0.416, 4774308 
0.417, 4753687 
0.418, 4749417 
0.419, 4740018 
0.420, 4738724 
0.422, 4729168 
0.423, 4716719 
0.425, 4715288 
0.425, 4713985 
0.426, 4710512 
0.427, 4697394 
0.427, 4697389 
0.428, 4696422 
0.429, 4693983 
0.429, 4684685 
0.430, 4680424 
0.431, 4677594 
0.431, 4675416 
0.432, 4608806 
0.433, 4604089 
0.433, 4582780 
0.434, 4546192 
0.437, 4546178 
0.440, 4545658 
0.442, 4545153 
0.445, 4541928 
0.447, 4533707 
0.450, 4531765 
0.453, 4531709 
0.458, 4528791 
0.465, 4526447 
0.481, 4525442 
0.494, 4521436 
0.507, 4521241 
0.521, 4520588 
0.530, 4520028 
0.536, 4518727 
0.543, 4518089 
0.548, 4515335 
0.555, 4514308 
0.562, 4505944 
0.569, 4505034 
0.577, 4504570 
0.586, 4504195 
0.594, 4504159 
0.602, 4498105 
0.603, 4497952 
0.604, 4494849 
0.605, 4494637 
0.607, 4493992 
0.608, 4491534 
0.610, 4491309 
0.611, 4489902 
0.613, 4426719 
0.614, 4379663 
0.616, 4376824 
0.617, 4375894 
0.619, 4371632 
0.621, 4368936 
0.622, 4362253 
0.624, 4360323 
0.624, 4354861 
0.624, 4354709 
0.624, 4354340 
0.625, 4353598 
0.625, 4351323 
0.626, 4347413 
0.626, 4347407 
0.627, 4347389 
0.629, 4346395 
0.631, 4345749 
0.633, 4343456 
0.634, 4343336 
0.636, 4341105 
0.637, 4339566 
0.639, 4339233 
0.641, 4337461 
0.642, 4336477 
0.644, 4334068 
0.645, 4332960 
0.646, 4332421 
0.648, 4328590 
0.650, 4313058 
0.652, 4312276 
0.654, 4308806 
0.659, 4300657 
0.660, 4292842 
0.662, 4286843 
0.664, 4281145 
0.665, 4277261 
0.665, 4275643 
0.666, 4274066 
0.666, 4272722 
0.669, 4264651 
0.672, 4263732 
0.675, 4263665 
0.678, 4262687 
0.682, 4262503 
0.686, 4262393 
0.691, 4260083 
0.694, 4259459 
0.698, 4258873 
0.701, 4258855 
0.705, 4256948 
0.707, 4256707 
0.711, 4249241 
0.720, 4246027 
0.729, 4245544 
0.735, 4242189 
0.744, 4240839 
0.750, 4233513 
0.756, 4233493 
0.762, 4233225 
0.771, 4232467 
0.776, 4230663 
0.783, 4229882 
0.790, 4228792 
0.795, 4228749 
0.801, 4227206 
0.806, 4226588 
0.812, 4226238 
0.818, 4225396 
0.830, 4224746 
0.845, 4224278 
0.861, 4222486 
0.879, 4219484 
0.889, 4218410 
0.899, 4218198 
0.907, 4218000 
0.917, 4210352 
0.926, 4209754 
0.938, 4209696 
0.948, 4209191 
0.962, 4206749 
0.975, 4206673 
0.986, 4206280 
0.998, 4205842 
1.010, 4205297 
1.032, 4204606 
1.059, 4204012 
1.084, 4203673 
1.107, 4203401 
1.132, 4199530 
1.159, 4198485 
1.181, 4196669 
1.207, 4196501 
1.239, 4193771 
1.297, 4190826 
1.323, 4183469 
1.349, 4181754 
1.385, 4178183 
1.417, 4176121 
1.442, 4174044 
1.467, 4160637 
1.490, 4158804 
1.516, 4154485 
1.541, 4146326 
1.564, 4132684 
1.590, 4128019 
1.616, 4127723 
1.639, 4126509 
1.676, 4120564 
1.699, 4052995 
1.725, 4040815 
1.780, 4025081 
1.840, 4021456 
1.868, 4018819 
1.895, 4015017 
1.923, 4011478 
1.959, 4008890 
1.989, 4007861 
2.030, 4000675 
2.062, 4000173 
2.096, 3999752 
2.122, 3995015 
2.148, 3992794 
2.172, 3992062 
2.194, 3988296 
2.220, 3987965 
2.244, 3986113 
2.267, 3916181 
2.290, 3907705 
2.315, 3906165 
2.340, 3900067 
2.367, 3899963 
2.393, 3898144 
2.420, 3888381 
2.445, 3887967 
2.472, 3883588 
2.501, 3879490 
2.526, 3870381 
2.549, 3864480 
2.572, 3862241 
2.596, 3860708 
2.622, 3856638 
2.651, 3856432 
2.655, 3853756 
2.658, 3853099 
2.663, 3852817 
2.667, 3852439 
2.673, 3851773 
2.679, 3849840 
2.685, 3849565 
2.690, 3845695 
2.696, 3845431 
2.702, 3820754 
2.707, 3812150 
2.712, 3810933 
2.718, 3809733 
2.721, 3809676 
2.724, 3809239 
2.727, 3808688 
2.732, 3807912 
2.737, 3803451 
2.742, 3802970 
2.747, 3790752 
2.753, 3783900 
2.758, 3771817 
2.764, 3768932 
2.770, 3767887 
2.778, 3750559 
2.783, 3737269 
2.787, 3736836 
2.793, 3734657 
2.799, 3733494 
2.806, 3728539 
2.811, 3728322 
2.817, 3727889 
2.824, 3722414 
2.830, 3721181 
2.838, 3719290 
2.844, 3719187 
2.852, 3716733 
2.860, 3712192 
2.866, 3711588 
2.871, 3709103 
2.878, 3688622 
2.885, 3686722 
2.892, 3680729 
2.897, 3680168 
2.903, 3626088 
2.910, 3616725 
2.916, 3593045 
2.923, 3591267 
2.929, 3589083 
2.935, 3587609 
2.943, 3585094 
2.950, 3585050 
2.957, 3584978 
2.963, 3582082 
2.969, 3581569 
2.975, 3564373 
2.982, 3559235 
2.988, 3556377 
2.995, 3556208 
3.002, 3554095 
3.009, 3552274 
3.018, 3552239 
3.026, 3551044 
3.033, 3525349 
3.040, 3523370 
3.047, 3490049 
3.054, 3463105 
3.061, 3462957 
3.069, 3415030 
3.077, 3390524 
3.084, 3389671 
3.091, 3375492 
3.097, 3375212 
3.104, 3372291 
3.110, 3371340 
3.117, 3370600 
3.122, 3370535 
3.130, 3367422 
3.135, 3366077 
3.142, 3365009 
3.151, 3364933 
3.159, 3364418 
3.168, 3363740 
3.175, 3360134 
3.182, 3356641 
3.191, 3354092 
3.199, 3353680 
3.209, 3353107 
3.216, 3353087 
3.226, 3352549 
3.233, 3352507 
3.242, 3350893 
3.250, 3350529 
3.258, 3349082 
3.268, 3347979 
3.275, 3347382 
3.284, 3344162 
3.294, 3341316 
3.304, 3341014 
3.314, 3340968 
3.325, 3336438 
3.334, 3332329 
3.342, 3328904 
3.351, 3318243 
3.359, 3310343 
3.370, 3310073 
3.379, 3308183 
3.387, 3307360 
3.397, 3305975 
3.406, 3305960 
3.415, 3304602 
3.424, 3304512 
3.435, 3303349 
3.443, 3301966 
3.453, 3299962 
3.462, 3299379 
3.470, 3299018 
3.481, 3298939 
3.490, 3298218 
3.499, 3289860 
3.508, 3286772 
3.518, 3286164 
3.528, 3284939 
3.536, 3284464 
3.545, 3283641 
3.555, 3282663 
3.567, 3282442 
3.577, 3277342 
3.587, 3277169 
3.597, 3277145 
3.608, 3275121 
3.619, 3274338 
3.628, 3274168 
3.639, 3209310 
3.648, 3150121 
3.659, 3146199 
3.669, 3145077 
3.678, 3139276 
3.689, 3138699 
3.698, 3136801 
3.708, 3135913 
3.717, 3134437 
3.727, 3133517 
3.736, 3131895 
3.746, 3126060 
3.756, 3124815 
3.766, 3120582 
3.776, 3118973 
3.786, 3117836 
3.795, 3116763 
3.806, 3116025 
3.817, 3115789 
3.828, 3114225 
3.839, 3108364 
3.850, 3106567 
3.862, 3095785 
3.873, 3093789 
3.883, 3091372 
3.894, 3091050 
3.903, 3089605 
3.916, 3088076 
3.927, 3087161 
3.937, 3086907 
3.948, 3085334 
3.960, 3083796 
3.971, 3083601 
3.981, 3081592 
3.993, 3081153 
4.003, 3080893 
4.014, 3078666 
4.031, 3078504 
4.044, 3078326 
4.055, 3077905 
4.068, 3077444 
4.077, 3077235 
4.086, 3077232 
4.095, 3076823 
4.104, 3074921 
4.110, 3074582 
4.120, 3073763 
4.130, 3073659 
4.138, 3072473 
4.149, 3071859 
4.161, 3071760 
4.174, 3071324 
4.190, 3067358 
4.204, 3062526 
4.219, 3062293 
4.234, 3055048 
4.244, 3053736 
4.253, 3053527 
4.261, 3053524 
4.269, 3053508 
4.278, 3052955 
4.286, 3052358 
4.295, 3051755 
4.305, 3013284 
4.314, 3013236 
4.324, 3012064 
4.333, 3009136 
4.342, 3006769 
4.351, 3004177 
4.360, 3003670 
4.370, 3002038 
4.380, 3001356 
4.390, 3001162 
4.399, 2997271 
4.408, 2956472 
4.419, 2952836 
4.431, 2949720 
4.441, 2895226 
4.444, 2894458 
4.447, 2894173 
4.450, 2893668 
4.453, 2892645 
4.456, 2892044 
4.459, 2891891 
4.463, 2887922 
4.466, 2887787 
4.469, 2886600 
4.473, 2885699 
4.476, 2883889 
4.479, 2882568 
4.482, 2882066 
4.485, 2881806 
4.489, 2881272 
4.492, 2881082 
4.496, 2880136 
4.499, 2879642 
4.502, 2878980 
4.506, 2877802 
4.511, 2877402 
4.515, 2876768 
4.520, 2875359 
4.525, 2874986 
4.533, 2873871 
4.559, 2873797 
4.586, 2873051 
4.613, 2872472 
4.639, 2871199 
4.665, 2864616 
4.691, 2864411 
4.718, 2863482 
4.744, 2732796 
4.770, 2732241 
4.796, 2729052 
4.822, 2724672 
4.848, 2724577 
4.874, 2646121 
4.900, 2645742 
4.926, 2644527 
4.952, 2644449 
4.977, 2639749 
5.004, 2624026 
5.030, 2600447 
5.056, 2597983 
5.082, 2597908 
5.109, 2576707 
5.135, 2575601 
5.160, 2561017 
5.190, 2554730 
5.219, 2552524 
5.248, 2536077 
5.274, 2533633 
5.300, 2477067 
5.303, 2475069 
5.306, 2474737 
5.309, 2472221 
5.312, 2468510 
5.316, 2467959 
5.319, 2466984 
5.323, 2464209 
5.327, 2463497 
5.332, 2462218 
5.337, 2461990 
5.341, 2461851 
5.346, 2461332 
5.350, 2460745 
5.354, 2460359 
5.359, 2459825 
5.365, 2459299 
5.370, 2458259 
5.377, 2456703 
5.384, 2456541 
5.390, 2456074 
5.397, 2444918 
5.402, 2443289 
5.409, 2440233 
5.419, 2438657 
5.428, 2313695 
5.437, 2313092 
5.447, 2305147 
5.456, 2289761 
5.461, 2289016 
5.466, 2287591 
5.474, 2286637 
5.478, 2281089 
5.482, 2280679 
5.486, 2280267 
5.490, 2276827 
5.494, 2276532 
5.499, 2276449 
5.502, 2275817 
5.506, 2274520 
5.514, 2273932 
5.523, 2272916 
5.530, 2272812 
5.538, 2271474 
5.546, 2271440 
5.555, 2270157 
5.563, 2269780 
5.571, 2269664 
5.580, 2268924 
5.589, 2268622 
5.598, 2267985 
5.613, 2267029 
5.622, 2266704 
5.631, 2266554 
5.639, 2266499 
5.648, 2266420 
5.657, 2265816 
5.665, 2263731 
5.674, 2262220 
5.683, 2262008 
5.691, 2261567 
5.700, 2259556 
5.708, 2254652 
5.716, 2253875 
5.725, 2252376 
5.732, 2252145 
5.740, 2252084 
5.748, 2251853 
5.757, 2251667 
5.768, 2249297 
5.775, 2249292 
5.784, 2247876 
5.792, 2247686 
5.801, 2247646 
5.810, 2238111 
5.818, 2237834 
5.826, 2237022 
5.835, 2236832 
5.844, 2236810 
5.853, 2235734 
5.862, 2235391 
5.870, 2234668 
5.879, 2234478 
5.888, 2232248 
5.897, 2218866 
5.907, 2218596 
5.917, 2215145 
5.926, 2214704 
5.936, 2214517 
5.946, 2212784 
5.956, 2204901 
5.967, 2204797 
5.976, 2204178 
5.987, 2202217 
5.996, 2202192 
6.006, 2200901 
6.015, 2200684 
6.026, 2200098 
6.039, 2198861 
6.051, 2198699 
6.063, 2197142 
6.078, 2195689 
6.099, 2195003 
6.114, 2194976 
6.128, 2194643 
6.142, 2194278 
6.157, 2194065 
6.173, 2192362 
6.186, 2192307 
6.200, 2192276 
6.217, 2191796 
6.239, 2191773 
6.263, 2191266 
6.279, 2190636 
6.296, 2189965 
6.313, 2189802 
6.334, 2189701 
6.352, 2189088 
6.370, 2188427 
6.389, 2187905 
6.406, 2187671 
6.422, 2187607 
6.437, 2187364 
6.452, 2186354 
6.466, 2186303 
6.481, 2184237 
6.499, 2184120 
6.515, 2184041 
6.533, 2182421 
6.550, 2181643 
6.570, 2181158 
6.587, 2180190 
6.604, 2177621 
6.621, 2175837 
6.638, 2175694 
6.654, 2175097 
6.670, 2174731 
6.690, 2174211 
6.706, 2173262 
6.724, 2172522 
6.742, 2170417 
6.759, 2169098 
6.774, 2168083 
6.790, 2167900 
6.806, 2167114 
6.824, 2166050 
6.840, 2165711 
6.856, 2165052 
6.872, 2163442 
6.890, 2161788 
6.907, 2161633 
6.923, 2161488 
6.938, 2161040 
6.953, 2160413 
6.968, 2155739 
6.983, 2152096 
7.002, 2149751 
7.025, 2144846 
7.048, 2142226 
7.066, 2142120 
7.083, 2141809 
7.098, 2141455 
7.111, 2140981 
7.126, 2140208 
7.139, 2139467 
7.154, 2137995 
7.169, 2137941 
7.182, 2137905 
7.195, 2137468 
7.208, 2136725 
7.221, 2134780 
7.234, 2134043 
7.247, 2133789 
7.259, 2133616 
7.273, 2133586 
7.285, 2133544 
7.297, 2133469 
7.310, 2132595 
7.324, 2132533 
7.337, 2132334 
7.352, 2130134 
7.368, 2130045 
7.383, 2128698 
7.403, 2128695 
7.421, 2128636 
7.439, 2128067 
7.460, 2127234 
7.480, 2127056 
7.500, 2125192 
7.524, 2123240 
7.551, 2123232 
7.576, 2121355 
7.607, 2119224 
7.649, 2119061 
7.676, 2118981 
7.698, 2118839 
7.721, 2118539 
7.741, 2117462 
7.760, 2117255 
7.779, 2116870 
7.798, 2116073 
7.817, 2115992 
7.838, 2115658 
7.854, 2115188 
7.885, 2114755 
7.902, 2114525 
7.917, 2114288 
7.947, 2112587 
7.980, 2112172 
8.014, 2111458 
8.031, 2110127 
8.050, 2110044 
8.070, 2109754 
8.088, 2109398 
8.105, 2108992 
8.125, 2108571 
8.158, 2108421 
8.187, 2108160 
8.218, 2108138 
8.250, 2107291 
8.287, 2106738 
8.320, 2105330 
8.352, 2104766 
8.383, 2104482 
8.414, 2103745 
8.450, 2103659 
8.483, 2080860 
8.517, 2080749 
8.552, 2080563 
8.588, 2065275 
8.618, 2064681 
8.650, 2039435 
8.688, 2038502 
8.721, 2034835 
8.756, 2034830 
8.797, 2034793 
8.844, 2031226 
8.874, 2025025 
8.903, 2020554 
8.936, 2019377 
8.970, 2018924 
9.007, 2015732 
9.048, 2015638 
9.082, 2014925 
9.118, 2013585 
9.153, 2013112 
9.188, 2013028 
9.222, 2013015 
9.256, 2012581 
9.296, 2010127 
9.333, 2009859 
9.368, 2009423 
9.406, 2005413 
9.440, 2005400 
9.472, 1993761 
9.506, 1991136 
9.537, 1990332 
9.565, 1990114 
9.594, 1989522 
9.623, 1989061 
9.654, 1988659 
9.669, 1988128 
9.684, 1987770 
9.700, 1987109 
9.714, 1986864 
9.730, 1986733 
9.745, 1986553 
9.761, 1985116 
9.782, 1984650 
9.797, 1984405 
9.813, 1918904 
9.830, 1918398 
9.845, 1917983 
9.860, 1917841 
9.875, 1917738 
9.905, 1910222 
9.935, 1909602 
9.964, 1908964 
9.993, 1908852 
10.023, 1906795 
10.053, 1842848 
10.083, 1842730 
10.114, 1839145 
10.145, 1787498 
10.175, 1777964 
10.204, 1771808 
10.237, 1725014 
10.268, 1693564 
10.299, 1671913 
10.332, 1607066 
10.363, 1562355 
10.394, 1562083 
10.423, 1499917 
10.452, 1494692 
10.484, 1489410 
10.515, 1489282 
10.545, 1488914 
10.575, 1487762 
10.605, 1487740 
10.638, 1486414 
10.667, 1485991 
10.699, 1460439 
10.728, 1437681 
10.756, 1437446 
10.768, 1437226 
10.780, 1437161 
10.792, 1436757 
10.804, 1436305 
10.817, 1436173 
10.839, 1436097 
10.861, 1435573 
10.886, 1435517 
10.914, 1435233 
10.944, 1424813 
10.971, 1424424 
10.999, 1424154 
11.029, 1421448 
11.061, 1421256 
11.092, 1417288 
11.125, 1416889 
11.158, 1416707 
11.196, 1407611 
11.234, 1405481 
11.268, 1404193 
11.302, 1403986 
11.335, 1403231 
11.368, 1402002 
11.402, 1401599 
11.435, 1401161 
11.468, 1400664 
11.502, 1400408 
11.536, 1391291 
11.568, 1389840 
11.602, 1387635 
11.636, 1316841 
11.669, 1310379 
11.706, 1295273 
11.741, 1294942 
11.775, 1294705 
11.809, 1293611 
11.842, 1290064 
11.876, 1289932 
11.915, 1289252 
11.948, 1289120 
11.982, 1283688 
12.016, 1282903 
12.054, 1282585 
12.088, 1265253 
12.126, 1246518 
12.166, 1246028 
12.204, 1245036 
12.241, 1240236 
12.279, 1239831 
12.317, 1217940 
12.353, 1217372 
12.391, 1214168 
12.432, 1207226 
12.475, 1206634 
12.518, 1206388 
12.560, 1156220 
12.601, 1140880 
12.643, 1133952 
12.685, 1132492 
12.726, 1132127 
12.764, 1118199 
12.802, 1079119 
12.847, 1079109 
12.891, 1078026 
12.935, 1074723 
12.973, 1074681 
13.010, 1073931 
13.051, 1072453 
13.091, 1071684 
13.133, 1071657 
13.176, 1071601 
13.214, 1069788 
13.252, 1056259 
13.300, 1056115 
13.352, 1052472 
13.401, 1052357 
13.448, 1051364 
13.493, 1049534 
13.540, 1043650 
13.587, 1043097 
13.634, 1042856 
13.674, 1042600 
13.717, 1042385 
13.772, 1042200 
13.828, 1040245 
13.869, 1039692 
13.909, 1039630 
13.950, 1017803 
14.000, 1002433 
14.054, 1002417 
14.099, 1002353 
14.144, 1001320 
14.188, 1001154 
14.232, 1001126 
14.280, 996381 
14.327, 985305 
14.374, 984073 
14.417, 973499 
14.460, 965340 
14.504, 916201 
14.552, 906842 
14.604, 901653 
14.645, 899290 
14.684, 896740 
14.734, 890528 
14.779, 889361 
14.824, 887698 
14.872, 865785 
14.920, 864307 
14.977, 863549 
15.035, 862828 
15.094, 858453 
15.143, 856179 
15.192, 848872 
15.241, 846842 
15.290, 844770 
15.340, 840374 
15.391, 837373 
15.439, 837055 
15.488, 825166 
15.540, 816895 
15.594, 812947 
15.644, 812937 
15.692, 809912 
15.740, 804485 
15.791, 803016 
15.844, 789088 
15.895, 785410 
15.944, 771878 
15.994, 769562 
16.049, 760580 
16.102, 719615 
16.155, 716242 
16.208, 714562 
16.261, 714071 
16.321, 709594 
16.397, 707255 
16.448, 704716 
16.503, 703642 
16.565, 701652 
16.619, 701499 
16.679, 694948 
16.734, 694882 
16.800, 694707 
16.864, 694525 
16.924, 693580 
16.989, 693577 
17.062, 690523 
