0.000, 7000322 
0.000, 6991684 
0.001, 6982432 
0.001, 6982055 
0.001, 6974073 
0.002, 6971812 
0.002, 6971391 
0.002, 6938358 
0.002, 6936996 
0.005, 6933370 
0.007, 6928391 
0.007, 6923363 
0.008, 6918758 
0.008, 6916710 
0.010, 6914337 
0.012, 6913775 
0.012, 6906381 
0.012, 6889150 
0.012, 6887089 
0.013, 6882664 
0.013, 6865616 
0.013, 6863689 
0.013, 6859404 
0.014, 6859383 
0.014, 6853746 
0.014, 6852431 
0.014, 6844891 
0.014, 6842003 
0.014, 6840103 
0.015, 6838867 
0.015, 6837374 
0.016, 6833642 
0.016, 6830872 
0.016, 6817995 
0.016, 6816278 
0.016, 6814577 
0.016, 6808034 
0.016, 6800337 
0.016, 6799353 
0.016, 6785613 
0.016, 6772302 
0.017, 6764049 
0.017, 6755147 
0.017, 6738144 
0.017, 6736908 
0.017, 6716267 
0.017, 6712935 
0.018, 6704101 
0.018, 6679448 
0.018, 6678461 
0.018, 6674227 
0.018, 6672033 
0.019, 6667115 
0.021, 6662751 
0.023, 6660160 
0.023, 6655084 
0.023, 6645555 
0.023, 6556787 
0.023, 6550168 
0.023, 6548945 
0.024, 6538932 
0.024, 6523131 
0.024, 6508995 
0.027, 6507143 
0.028, 6506607 
0.028, 6504395 
0.028, 6503197 
0.028, 6498126 
0.029, 6489324 
0.029, 6484814 
0.031, 6484617 
0.031, 6452178 
0.031, 6451303 
0.031, 6417405 
0.031, 6415732 
0.031, 6407993 
0.033, 6401210 
0.037, 6396741 
0.037, 6377462 
0.037, 6354132 
0.037, 6348731 
0.037, 6334505 
0.037, 6333038 
0.037, 6331838 
0.037, 6331471 
0.038, 6330972 
0.038, 6315469 
0.038, 6312207 
0.040, 6291652 
0.040, 6287695 
0.040, 6281107 
0.040, 6270107 
0.040, 6269761 
0.040, 6261263 
0.040, 6257932 
0.040, 6252637 
0.040, 6252372 
0.040, 6250940 
0.041, 6241681 
0.041, 6239891 
0.041, 6230759 
0.041, 6210576 
0.041, 6204628 
0.041, 6204327 
0.041, 6196674 
0.042, 6196519 
0.042, 6175685 
0.042, 6155351 
0.042, 6143085 
0.042, 6113888 
0.042, 6109923 
0.042, 6085285 
0.042, 6081482 
0.044, 6075140 
0.047, 6069884 
0.047, 6061436 
0.047, 6044715 
0.047, 6042691 
0.047, 6037977 
0.047, 6011177 
0.048, 6011024 
0.048, 6006108 
0.048, 6003484 
0.050, 5989806 
0.050, 5960926 
0.050, 5954261 
0.051, 5950623 
0.051, 5936967 
0.051, 5925340 
0.051, 5913913 
0.051, 5911059 
0.051, 5893469 
0.051, 5889708 
0.051, 5889342 
0.052, 5876893 
0.052, 5860324 
0.052, 5856499 
0.052, 5841111 
0.052, 5835092 
0.053, 5814630 
0.053, 5808620 
0.053, 5804776 
0.053, 5800852 
0.054, 5789726 
0.054, 5783375 
0.054, 5783113 
0.054, 5780904 
0.054, 5772597 
0.054, 5764898 
0.055, 5764739 
0.055, 5757140 
0.055, 5745556 
0.055, 5735876 
0.055, 5735182 
0.055, 5734943 
0.055, 5731219 
0.055, 5727551 
0.055, 5716220 
0.056, 5693601 
0.058, 5688747 
0.059, 5670504 
0.061, 5670424 
0.063, 5670381 
0.064, 5668377 
0.064, 5667889 
0.064, 5553857 
0.064, 5535723 
0.064, 5534448 
0.064, 5534250 
0.064, 5532984 
0.064, 5514597 
0.064, 5510767 
0.066, 5509065 
0.066, 5507074 
0.066, 5505817 
0.066, 5497329 
0.067, 5495841 
0.068, 5494832 
0.068, 5491164 
0.072, 5484415 
0.079, 5483932 
0.088, 5482484 
0.089, 5480531 
0.090, 5476519 
0.091, 5475639 
0.092, 5473364 
0.093, 5473320 
0.094, 5445639 
0.094, 5436770 
0.095, 5424103 
0.095, 5420862 
0.096, 5412373 
0.097, 5400584 
0.097, 5392636 
0.098, 5392083 
0.099, 5390471 
0.100, 5380783 
0.100, 5379572 
0.101, 5379098 
0.103, 5377673 
0.106, 5272248 
0.108, 5245336 
0.111, 5241623 
0.113, 5239164 
0.116, 5177819 
0.119, 5177808 
0.121, 5174981 
0.123, 5174282 
0.125, 5166092 
0.128, 5165295 
0.130, 5162077 
0.132, 5157360 
0.134, 5155263 
0.138, 5150370 
0.141, 5146895 
0.146, 5146587 
0.149, 5142271 
0.152, 5138452 
0.154, 5137592 
0.157, 5137445 
0.158, 5133872 
0.159, 5133574 
0.161, 5129701 
0.163, 5123972 
0.165, 5113580 
0.167, 5111748 
0.170, 5104341 
0.173, 5104335 
0.175, 5103704 
0.177, 5091491 
0.179, 5071661 
0.182, 5063130 
0.184, 5047600 
0.187, 5041722 
0.191, 5035286 
0.194, 5034249 
0.196, 5034210 
0.198, 5033641 
0.203, 5033263 
0.208, 5026921 
0.216, 5025692 
0.220, 5025300 
0.224, 5017432 
0.228, 5012391 
0.231, 5012048 
0.235, 5009094 
0.238, 5008815 
0.241, 5000623 
0.253, 4999999 
0.260, 4980171 
0.267, 4979978 
0.273, 4979166 
0.278, 4978460 
0.285, 4972003 
0.291, 4958344 
0.292, 4958307 
0.293, 4957738 
0.294, 4956664 
0.298, 4954870 
0.299, 4952316 
0.300, 4952080 
0.301, 4950964 
0.302, 4946044 
0.303, 4942691 
0.305, 4926508 
0.307, 4910357 
0.312, 4892708 
0.313, 4892025 
0.315, 4890631 
0.317, 4884320 
0.319, 4871457 
0.320, 4870245 
0.321, 4867638 
0.323, 4803253 
0.323, 4803081 
0.325, 4797766 
0.328, 4796266 
0.331, 4791353 
0.331, 4790141 
0.334, 4788385 
0.337, 4787197 
0.340, 4781576 
0.341, 4780746 
0.343, 4776668 
0.345, 4773121 
0.347, 4772802 
0.348, 4772569 
0.350, 4769960 
0.352, 4767559 
0.354, 4743757 
0.354, 4742428 
0.356, 4741587 
0.358, 4731690 
0.359, 4730756 
0.360, 4715980 
0.361, 4714733 
0.363, 4707618 
0.363, 4706507 
0.365, 4706310 
0.368, 4705757 
0.371, 4702102 
0.377, 4673050 
0.389, 4671821 
0.390, 4671272 
0.391, 4670617 
0.397, 4670261 
0.407, 4651725 
0.418, 4651345 
0.427, 4651104 
0.434, 4648162 
0.443, 4647673 
0.454, 4645021 
0.473, 4640764 
0.493, 4636905 
0.507, 4618267 
0.516, 4617092 
0.523, 4607781 
0.531, 4607059 
0.539, 4601739 
0.546, 4595278 
0.557, 4592294 
0.565, 4589678 
0.573, 4574809 
0.583, 4574468 
0.592, 4573864 
0.603, 4568876 
0.611, 4565577 
0.619, 4565246 
0.628, 4564440 
0.641, 4563072 
0.651, 4562643 
0.661, 4560213 
0.669, 4554059 
0.680, 4553434 
0.689, 4548229 
0.700, 4548083 
0.714, 4547783 
0.723, 4545839 
0.737, 4545223 
0.746, 4540935 
0.752, 4520635 
0.759, 4518129 
0.768, 4514125 
0.775, 4509459 
0.776, 4504743 
0.779, 4504188 
0.782, 4502925 
0.786, 4502296 
0.795, 4501339 
0.802, 4500863 
0.810, 4485846 
0.822, 4485839 
0.835, 4485492 
0.855, 4477282 
0.871, 4476548 
0.879, 4472840 
0.891, 4470774 
0.900, 4459785 
0.907, 4459548 
0.914, 4449089 
0.914, 4448933 
0.914, 4448647 
0.914, 4447866 
0.914, 4447767 
0.923, 4438605 
0.931, 4435153 
0.932, 4433551 
0.933, 4427676 
0.945, 4421101 
0.953, 4420040 
0.962, 4418584 
0.971, 4418009 
0.980, 4407037 
0.988, 4406797 
0.997, 4405392 
1.004, 4404896 
1.011, 4404667 
1.019, 4397478 
1.026, 4396933 
1.036, 4395736 
1.043, 4395471 
1.050, 4390782 
1.059, 4388588 
1.067, 4385663 
1.074, 4385292 
1.082, 4384835 
1.089, 4384777 
1.097, 4384314 
1.106, 4382937 
1.114, 4381091 
1.121, 4379194 
1.135, 4376095 
1.142, 4375207 
1.149, 4371938 
1.159, 4370694 
1.168, 4370164 
1.175, 4368141 
1.183, 4365052 
1.193, 4364378 
1.200, 4364158 
1.209, 4364132 
1.216, 4360384 
1.238, 4357241 
1.255, 4354390 
1.272, 4354268 
1.288, 4352448 
1.296, 4346921 
1.303, 4341497 
1.310, 4341380 
1.319, 4335937 
1.328, 4335748 
1.338, 4332585 
1.346, 4332250 
1.353, 4331886 
1.365, 4331376 
1.375, 4331358 
1.382, 4331214 
1.393, 4331025 
1.402, 4321241 
1.410, 4321088 
1.419, 4320196 
1.430, 4315370 
1.441, 4314298 
1.450, 4311831 
1.456, 4311496 
1.464, 4311132 
1.479, 4306410 
1.492, 4201474 
1.502, 4200849 
1.511, 4196394 
1.520, 4194556 
1.529, 4187724 
1.541, 4187437 
1.551, 4186737 
1.560, 4186278 
1.571, 4186097 
1.582, 4183727 
1.598, 4157893 
1.610, 4157505 
1.621, 4157417 
1.637, 4156295 
1.647, 4155791 
1.658, 4155083 
1.667, 4103175 
1.676, 4102338 
1.686, 4102304 
1.695, 4102227 
1.705, 4102107 
1.725, 4099204 
1.747, 4099193 
1.769, 4097416 
1.789, 4092646 
1.799, 4091607 
1.808, 4090172 
1.817, 4086989 
1.826, 4086608 
1.834, 4086464 
1.842, 4086275 
1.851, 4082212 
1.861, 4073288 
1.870, 4072018 
1.882, 4071516 
1.893, 4070562 
1.901, 4062774 
1.911, 4057259 
1.921, 4056061 
1.931, 3969488 
1.940, 3957846 
1.949, 3956693 
1.957, 3956450 
1.965, 3956115 
1.972, 3955751 
1.981, 3947799 
1.991, 3946923 
2.002, 3946781 
2.011, 3945357 
2.020, 3944813 
2.027, 3944669 
2.036, 3944480 
2.045, 3940192 
2.055, 3938340 
2.065, 3930587 
2.074, 3929859 
2.086, 3929219 
2.097, 3926801 
2.106, 3926003 
2.117, 3925914 
2.127, 3925549 
2.136, 3925513 
2.143, 3925178 
2.150, 3924814 
2.160, 3921171 
2.170, 3920237 
2.177, 3920093 
2.185, 3919904 
2.195, 3916393 
2.206, 3915237 
2.218, 3912088 
2.226, 3908936 
2.235, 3908601 
2.245, 3908237 
2.256, 3906140 
2.265, 3904157 
2.277, 3894143 
2.277, 3893967 
2.277, 3893681 
2.277, 3892900 
2.288, 3891708 
2.288, 3890572 
2.288, 3885958 
2.288, 3885382 
2.288, 3884196 
2.288, 3882840 
2.288, 3881432 
2.288, 3880404 
2.288, 3880306 
2.288, 3880067 
2.288, 3879622 
2.289, 3878195 
2.290, 3870732 
2.291, 3869155 
2.291, 3868509 
2.292, 3865166 
2.293, 3863647 
2.295, 3863018 
2.299, 3859498 
2.301, 3858766 
2.305, 3857268 
2.308, 3856912 
2.311, 3851204 
2.311, 3848696 
2.311, 3847668 
2.311, 3847570 
2.311, 3847331 
2.311, 3846886 
2.312, 3845459 
2.315, 3841668 
2.316, 3837334 
2.319, 3834105 
2.321, 3830797 
2.324, 3830246 
2.326, 3829848 
2.329, 3826027 
2.332, 3824925 
2.335, 3824205 
2.338, 3823904 
2.341, 3823815 
2.344, 3820486 
2.347, 3791488 
2.350, 3791273 
2.353, 3783498 
2.355, 3782393 
2.358, 3678187 
2.361, 3677204 
2.364, 3676356 
2.366, 3666340 
2.369, 3664882 
2.372, 3660654 
2.375, 3520818 
2.378, 3520006 
2.381, 3520003 
2.384, 3516911 
2.387, 3507734 
2.391, 3504465 
2.394, 3504081 
2.397, 3502813 
2.399, 3502373 
2.402, 3501203 
2.406, 3499790 
2.408, 3499663 
2.411, 3497642 
2.414, 3496143 
2.417, 3495827 
2.419, 3493941 
2.423, 3492781 
2.425, 3492558 
2.428, 3492083 
2.429, 3492055 
2.432, 3485513 
2.434, 3483923 
2.437, 3482357 
2.439, 3482114 
2.442, 3481970 
2.445, 3480791 
2.448, 3473877 
2.450, 3472653 
2.454, 3470953 
2.458, 3470452 
2.462, 3467123 
2.467, 3466760 
2.471, 3466024 
2.477, 3465746 
2.481, 3431974 
2.485, 3431330 
2.491, 3407907 
2.497, 3406993 
2.503, 3404755 
2.508, 3403965 
2.510, 3403690 
2.513, 3403347 
2.516, 3402868 
2.520, 3400251 
2.523, 3399971 
2.526, 3360450 
2.529, 3355121 
2.533, 3348368 
2.537, 3285162 
2.540, 3283466 
2.544, 3278502 
2.547, 3249960 
2.550, 3170432 
2.554, 3169951 
2.558, 3163667 
2.561, 3163000 
2.564, 3162316 
2.567, 3158483 
2.570, 3157960 
2.573, 3157473 
2.577, 3156771 
2.581, 3155279 
2.584, 3154578 
2.588, 3153747 
2.593, 3152126 
2.599, 3149095 
2.604, 3146952 
2.611, 3146416 
2.617, 3144120 
2.624, 3140074 
2.631, 3138346 
2.639, 3136693 
2.647, 3135598 
2.654, 3135044 
2.662, 3133709 
2.672, 3133537 
2.679, 3131916 
2.684, 3131577 
2.690, 3131483 
2.696, 3131117 
2.703, 3130520 
2.709, 3129263 
2.716, 3129115 
2.725, 3128102 
2.734, 3127735 
2.742, 3123706 
2.748, 3120891 
2.754, 3120888 
2.762, 3120659 
2.768, 3120015 
2.775, 3119657 
2.782, 3119117 
2.789, 3105371 
2.793, 3104498 
2.797, 3104377 
2.802, 3097748 
2.808, 3093867 
2.813, 3093095 
2.820, 3083319 
2.828, 3079675 
2.834, 3079171 
2.841, 3079034 
2.847, 3077151 
2.855, 3076922 
2.863, 3076792 
2.870, 3076623 
2.880, 3076614 
2.888, 3069841 
2.896, 3069478 
2.904, 3067921 
2.913, 3066171 
2.922, 2998560 
2.930, 2991039 
2.940, 2972927 
2.946, 2971435 
2.952, 2969695 
2.955, 2968718 
2.959, 2968495 
2.963, 2967299 
2.967, 2962771 
2.970, 2961687 
2.975, 2961143 
2.977, 2960765 
2.983, 2954608 
2.990, 2954446 
2.995, 2954092 
3.002, 2934807 
3.008, 2929376 
3.013, 2905109 
3.020, 2880750 
3.025, 2879003 
3.029, 2877981 
3.032, 2877955 
3.036, 2874573 
3.040, 2873912 
3.043, 2872055 
3.046, 2869678 
3.049, 2867877 
3.051, 2867415 
3.054, 2864815 
3.058, 2863003 
3.061, 2862127 
3.064, 2861960 
3.067, 2861383 
3.070, 2857555 
3.074, 2855180 
3.077, 2852097 
3.080, 2851403 
3.083, 2848004 
3.086, 2846703 
3.089, 2846585 
3.092, 2845499 
3.096, 2844539 
3.100, 2844172 
3.104, 2843445 
3.108, 2842619 
3.112, 2841818 
3.115, 2841267 
3.118, 2840869 
3.123, 2839875 
3.129, 2838007 
3.140, 2837387 
3.149, 2837205 
3.159, 2837168 
3.169, 2829490 
3.179, 2829392 
3.190, 2828002 
3.199, 2827857 
3.210, 2827338 
3.222, 2825619 
3.232, 2825521 
3.245, 2823882 
3.260, 2822595 
3.277, 2820623 
3.297, 2819961 
3.313, 2819423 
3.334, 2817569 
3.351, 2817562 
3.369, 2816964 
3.389, 2811864 
3.407, 2811257 
3.427, 2809112 
3.451, 2805182 
3.474, 2719195 
3.497, 2716682 
3.517, 2715751 
3.537, 2710713 
3.557, 2708408 
3.578, 2706478 
3.597, 2706362 
3.616, 2706133 
3.635, 2705393 
3.658, 2704880 
3.679, 2702943 
3.699, 2702574 
3.718, 2699925 
3.738, 2698981 
3.756, 2621186 
3.776, 2605044 
3.797, 2538601 
3.815, 2538433 
3.835, 2533193 
3.854, 2529791 
3.872, 2513957 
3.893, 2502170 
3.912, 2501978 
3.933, 2498720 
3.954, 2497842 
3.972, 2497415 
3.988, 2497270 
4.005, 2497189 
4.023, 2496408 
4.043, 2496170 
4.064, 2493585 
4.083, 2489757 
4.104, 2487521 
4.126, 2486588 
4.149, 2484515 
4.172, 2482780 
4.197, 2482661 
4.219, 2482034 
4.241, 2481101 
4.263, 2480927 
4.287, 2478971 
4.310, 2477447 
4.334, 2472669 
4.357, 2472660 
4.380, 2467101 
4.403, 2466881 
4.426, 2466381 
4.449, 2466158 
4.456, 2466074 
4.462, 2463986 
4.470, 2463781 
4.476, 2463046 
4.482, 2461128 
4.496, 2460246 
4.508, 2459967 
4.521, 2459965 
4.536, 2459818 
4.541, 2459137 
4.554, 2453848 
4.567, 2453691 
4.574, 2452821 
4.582, 2452794 
4.596, 2452597 
4.617, 2451735 
4.631, 2451715 
4.650, 2451320 
4.664, 2444655 
4.677, 2433459 
4.696, 2433449 
4.710, 2431125 
4.722, 2415987 
4.734, 2415370 
4.748, 2413849 
4.760, 2413752 
4.773, 2413400 
4.785, 2412630 
4.799, 2411933 
4.813, 2411386 
4.826, 2411190 
4.843, 2409449 
4.856, 2408624 
4.867, 2407766 
4.886, 2407339 
4.900, 2406220 
4.916, 2405634 
4.930, 2405539 
4.946, 2404478 
4.960, 2403428 
4.972, 2403326 
4.983, 2401743 
4.993, 2401587 
5.009, 2401279 
5.026, 2401013 
5.046, 2400653 
5.063, 2400595 
5.080, 2400047 
5.096, 2398993 
5.114, 2398913 
5.132, 2397511 
5.152, 2396906 
5.172, 2396524 
5.191, 2395645 
5.210, 2395404 
5.229, 2395076 
5.252, 2394638 
5.271, 2393725 
5.292, 2393561 
5.313, 2391020 
5.335, 2389824 
5.354, 2388604 
5.371, 2388497 
5.388, 2388127 
5.405, 2387965 
5.426, 2386802 
5.444, 2386782 
5.463, 2386769 
5.480, 2386592 
5.499, 2386215 
5.518, 2386011 
5.537, 2385928 
5.554, 2385518 
5.573, 2384900 
5.591, 2381895 
5.609, 2377389 
5.629, 2377061 
5.646, 2376395 
5.664, 2376262 
5.683, 2376233 
5.702, 2373848 
5.722, 2373472 
5.746, 2373442 
5.768, 2372594 
5.792, 2372345 
5.816, 2370627 
5.834, 2370192 
5.849, 2369804 
5.866, 2368912 
5.889, 2368877 
5.912, 2367599 
5.932, 2366945 
5.953, 2365784 
5.976, 2365717 
5.998, 2365597 
6.020, 2365260 
6.042, 2365002 
6.062, 2364236 
6.084, 2363328 
6.107, 2362376 
6.132, 2361409 
6.158, 2361031 
6.179, 2360921 
6.200, 2360859 
6.226, 2360244 
6.276, 2360026 
6.309, 2359809 
6.349, 2358853 
6.382, 2358816 
6.416, 2358517 
6.449, 2357375 
6.484, 2357329 
6.521, 2357208 
6.558, 2356757 
6.592, 2356527 
6.629, 2356286 
6.664, 2355471 
6.699, 2355301 
6.733, 2354424 
6.757, 2354306 
6.779, 2353927 
6.802, 2353641 
6.823, 2353574 
6.843, 2353507 
6.867, 2352971 
6.892, 2351627 
6.916, 2351315 
6.939, 2350881 
6.961, 2350332 
6.984, 2349683 
7.008, 2349628 
7.029, 2349395 
7.053, 2348742 
7.076, 2348628 
7.102, 2346085 
7.125, 2345661 
7.146, 2345113 
7.180, 2344414 
7.217, 2344243 
7.254, 2342244 
7.291, 2341837 
7.328, 2341834 
7.363, 2341814 
7.408, 2340988 
7.452, 2340931 
7.496, 2340693 
7.542, 2340096 
7.582, 2338313 
7.621, 2338128 
7.657, 2337750 
7.694, 2337666 
7.731, 2337653 
7.768, 2337219 
7.804, 2336937 
7.843, 2336744 
7.879, 2336719 
7.916, 2336688 
7.956, 2336299 
7.999, 2336142 
8.039, 2335821 
8.079, 2333289 
8.120, 2332456 
8.158, 2332080 
8.195, 2277793 
8.235, 2275543 
8.285, 2194581 
8.324, 2177632 
8.364, 2155020 
8.404, 2154901 
8.451, 2154676 
8.493, 2154511 
8.536, 2151283 
8.577, 2151261 
8.615, 2149980 
8.652, 2149919 
8.698, 2149536 
8.740, 2141747 
8.780, 2140795 
8.822, 2139074 
8.867, 2137920 
8.910, 2137807 
8.952, 2136650 
8.993, 2124246 
9.032, 2122215 
9.073, 2121720 
9.118, 2120399 
9.164, 2119733 
9.208, 2114676 
9.257, 2112955 
9.301, 2112479 
9.341, 2112473 
9.383, 2112233 
9.435, 2111588 
9.487, 2111535 
9.529, 2111471 
9.574, 2111310 
9.615, 2110935 
9.653, 2110708 
9.700, 2109631 
9.747, 2108737 
9.790, 2085652 
9.834, 2083744 
9.875, 2079498 
9.919, 2074758 
9.971, 2074468 
10.018, 2074138 
10.061, 2071620 
10.108, 2066418 
10.155, 2065915 
10.196, 2063944 
10.238, 2027553 
10.283, 2027212 
10.320, 2027131 
10.337, 2027046 
10.361, 2026955 
10.380, 2026862 
10.422, 2026741 
10.463, 2026307 
10.504, 2026228 
10.530, 2025817 
10.565, 2025425 
10.609, 2024768 
10.652, 1932415 
10.692, 1932071 
10.733, 1932046 
10.790, 1930979 
10.816, 1930598 
10.836, 1929493 
10.856, 1928095 
10.874, 1927565 
10.918, 1927221 
10.966, 1925737 
11.012, 1925668 
11.058, 1923778 
11.102, 1922470 
11.145, 1920548 
11.186, 1915540 
11.233, 1915351 
11.279, 1912650 
11.326, 1912115 
11.375, 1910384 
11.424, 1848780 
11.458, 1848561 
11.483, 1848173 
11.505, 1847551 
11.528, 1847534 
11.550, 1847225 
11.573, 1847216 
11.599, 1847037 
11.635, 1846958 
11.676, 1840653 
11.710, 1840499 
11.749, 1840352 
11.786, 1839969 
11.823, 1839872 
11.865, 1839716 
11.909, 1839674 
11.948, 1839547 
11.985, 1839494 
12.022, 1838808 
12.057, 1838664 
12.097, 1838481 
12.141, 1837771 
12.180, 1837401 
12.224, 1836778 
12.271, 1836746 
12.322, 1836068 
12.368, 1835513 
12.414, 1832661 
12.462, 1832645 
12.510, 1824473 
12.560, 1823618 
12.608, 1822676 
12.655, 1791621 
12.706, 1789173 
12.753, 1785180 
12.798, 1757032 
12.847, 1754262 
12.868, 1753226 
12.888, 1753208 
12.912, 1752053 
12.931, 1751699 
12.950, 1751330 
12.973, 1751153 
12.996, 1750907 
13.021, 1749155 
13.052, 1749028 
13.079, 1747893 
13.110, 1747606 
13.132, 1747182 
13.155, 1745559 
13.183, 1732429 
13.208, 1731117 
13.235, 1716398 
13.265, 1665876 
13.292, 1665261 
13.326, 1664508 
13.353, 1662773 
13.382, 1649100 
13.410, 1621383 
13.435, 1618750 
13.459, 1617527 
13.483, 1570653 
13.508, 1568217 
13.535, 1567720 
13.561, 1567677 
13.585, 1528861 
13.610, 1527567 
13.633, 1478300 
13.656, 1476095 
13.680, 1475001 
13.706, 1474961 
13.729, 1473969 
13.756, 1472993 
13.784, 1472235 
13.811, 1472009 
13.837, 1467607 
13.864, 1418693 
13.894, 1418511 
13.922, 1401089 
13.951, 1400093 
13.980, 1400033 
14.010, 1399205 
14.038, 1396007 
14.062, 1395594 
14.083, 1394952 
14.102, 1394684 
14.133, 1393727 
14.164, 1390110 
14.199, 1389483 
14.233, 1389463 
14.272, 1389219 
14.311, 1389103 
14.348, 1388824 
14.390, 1388061 
14.432, 1387875 
14.476, 1387524 
14.521, 1387313 
14.563, 1387194 
14.610, 1380803 
14.655, 1380551 
14.702, 1349393 
14.749, 1349243 
14.800, 1349213 
14.849, 1348364 
14.900, 1348196 
14.946, 1343241 
14.992, 1342944 
15.040, 1342408 
15.090, 1342351 
15.138, 1341889 
15.182, 1341424 
15.233, 1331460 
15.282, 1331013 
15.332, 1329202 
15.386, 1328982 
15.439, 1328386 
15.505, 1291016 
15.553, 1290439 
15.599, 1277570 
15.646, 1277228 
15.694, 1276483 
15.740, 1276285 
15.785, 1269730 
15.835, 1244749 
15.886, 1244504 
15.934, 1244439 
15.984, 1244162 
16.033, 1233575 
16.082, 1232525 
16.131, 1231619 
16.184, 1231092 
16.232, 1223599 
16.284, 1217268 
16.342, 1217092 
16.394, 1217064 
16.451, 1210179 
16.507, 1200166 
16.562, 1198621 
16.617, 1197373 
16.660, 1192338 
16.719, 1192185 
16.770, 1191654 
16.824, 1190896 
16.879, 1190220 
16.931, 1189945 
16.982, 1180317 
17.036, 1166485 
17.093, 1165945 
17.149, 1162993 
17.202, 1146596 
17.259, 1145114 
17.319, 1144681 
17.378, 1138606 
17.437, 1137808 
17.495, 1133336 
17.548, 1132824 
17.606, 1127416 
17.666, 1123480 
17.723, 1103158 
17.778, 1093446 
17.833, 1091051 
17.892, 1089919 
17.944, 1086726 
18.030, 1083385 
18.092, 1080493 
18.149, 1058338 
18.206, 1052862 
18.264, 1050205 
18.330, 1048899 
18.389, 1044520 
18.453, 1040156 
18.515, 985216 
18.573, 984338 
18.629, 983397 
18.688, 976508 
18.746, 976009 
18.806, 974873 
18.864, 968321 
18.920, 965650 
18.973, 954118 
19.029, 953848 
19.089, 917354 
19.145, 916480 
19.202, 912300 
19.256, 910597 
19.316, 902106 
19.375, 896906 
19.438, 896207 
19.492, 891655 
19.547, 887402 
19.605, 882142 
19.662, 877915 
19.721, 876725 
19.778, 876382 
19.842, 875083 
19.904, 874433 
19.963, 874121 
20.023, 874118 
20.088, 873983 
20.147, 873428 
20.202, 873242 
20.266, 871418 
20.330, 870794 
20.389, 870603 
20.454, 870251 
20.512, 868667 
20.586, 868643 
20.672, 868201 
20.734, 864487 
20.803, 860339 
20.896, 859989 
20.966, 859430 
21.025, 859351 
21.086, 857898 
21.144, 857446 
21.206, 857439 
21.274, 856688 
21.332, 854982 
21.390, 854772 
21.465, 853866 
21.536, 853118 
21.592, 851083 
21.646, 850790 
21.703, 850087 
21.758, 849568 
21.820, 848563 
21.887, 848444 
21.950, 847960 
22.012, 847636 
22.079, 845662 
22.142, 834879 
22.211, 832921 
22.277, 829511 
22.347, 827571 
22.409, 825224 
22.477, 785334 
22.540, 784816 
22.610, 784187 
22.674, 783424 
22.736, 782971 
22.801, 782956 
22.866, 782208 
22.933, 781797 
23.000, 781737 
23.065, 780161 
23.130, 779473 
23.197, 779160 
23.269, 722347 
23.325, 717899 
23.383, 717021 
23.445, 716524 
23.514, 716385 
23.579, 714837 
23.648, 714664 
23.713, 714127 
23.778, 712836 
23.858, 711094 
23.932, 709890 
23.997, 709859 
24.066, 708331 
24.137, 708047 
24.233, 703892 
