0.000, 7182766 
0.002, 7167753 
0.002, 7164467 
0.003, 7163162 
0.003, 7143162 
0.004, 7136696 
0.004, 7132736 
0.005, 7119277 
0.006, 7110927 
0.007, 7109523 
0.007, 7101084 
0.008, 7092004 
0.008, 7086666 
0.010, 7086649 
0.010, 7067951 
0.012, 7063981 
0.013, 7044603 
0.013, 7043341 
0.014, 7043254 
0.014, 7034028 
0.014, 7028167 
0.015, 7002601 
0.015, 6998221 
0.016, 6996166 
0.017, 6995168 
0.017, 6982665 
0.017, 6976444 
0.017, 6975347 
0.017, 6973962 
0.017, 6966861 
0.017, 6965624 
0.017, 6962331 
0.017, 6960718 
0.017, 6958821 
0.017, 6953649 
0.018, 6936875 
0.018, 6897783 
0.019, 6893688 
0.019, 6879638 
0.019, 6875933 
0.021, 6874061 
0.021, 6849871 
0.023, 6846084 
0.023, 6828336 
0.023, 6823231 
0.024, 6804866 
0.025, 6802652 
0.026, 6799434 
0.028, 6795927 
0.028, 6772056 
0.029, 6764918 
0.030, 6754442 
0.031, 6754145 
0.031, 6752968 
0.031, 6726020 
0.033, 6723013 
0.038, 6718275 
0.038, 6708811 
0.038, 6701359 
0.039, 6699752 
0.039, 6681138 
0.039, 6661112 
0.039, 6634691 
0.039, 6612731 
0.040, 6610667 
0.042, 6608581 
0.045, 6600252 
0.047, 6593405 
0.047, 6590545 
0.047, 6587372 
0.047, 6580103 
0.047, 6576140 
0.048, 6567181 
0.048, 6560560 
0.048, 6540813 
0.050, 6535689 
0.052, 6532517 
0.052, 6520898 
0.052, 6511270 
0.052, 6388438 
0.052, 6381558 
0.052, 6375301 
0.053, 6369356 
0.053, 6366424 
0.053, 6364789 
0.053, 6358885 
0.053, 6355384 
0.053, 6353421 
0.053, 6338699 
0.058, 6336671 
0.059, 6336370 
0.059, 6336219 
0.061, 6334398 
0.063, 6332211 
0.064, 6330280 
0.064, 6324128 
0.064, 6296321 
0.064, 6276782 
0.064, 6256535 
0.064, 6253290 
0.066, 6253028 
0.066, 6252576 
0.066, 6247731 
0.066, 6232196 
0.066, 6223601 
0.066, 6219917 
0.067, 6200768 
0.067, 6195057 
0.067, 6179048 
0.067, 6176166 
0.068, 6169488 
0.068, 6167488 
0.076, 6167373 
0.077, 6165159 
0.077, 6145664 
0.077, 6136309 
0.077, 6135570 
0.077, 6111649 
0.078, 6087543 
0.081, 6082651 
0.081, 6061843 
0.081, 6059238 
0.081, 6058215 
0.086, 6057945 
0.086, 6054735 
0.086, 6051726 
0.086, 6050918 
0.086, 5971464 
0.086, 5943887 
0.088, 5936745 
0.092, 5934059 
0.092, 5928932 
0.095, 5920695 
0.095, 5919310 
0.095, 5897347 
0.098, 5897293 
0.098, 5892147 
0.098, 5874536 
0.098, 5860741 
0.099, 5859087 
0.099, 5821466 
0.099, 5800099 
0.099, 5780292 
0.099, 5780156 
0.099, 5769234 
0.099, 5762875 
0.100, 5743114 
0.100, 5739433 
0.100, 5736906 
0.100, 5736044 
0.105, 5735054 
0.107, 5732817 
0.107, 5721850 
0.108, 5714663 
0.108, 5714573 
0.108, 5713428 
0.109, 5708554 
0.111, 5706314 
0.123, 5697658 
0.129, 5693265 
0.129, 5674275 
0.144, 5673375 
0.144, 5656534 
0.144, 5633865 
0.144, 5611707 
0.144, 5608942 
0.144, 5592173 
0.145, 5576849 
0.145, 5573800 
0.145, 5545274 
0.145, 5531375 
0.145, 5517157 
0.145, 5512313 
0.145, 5508506 
0.145, 5495023 
0.145, 5489730 
0.146, 5485851 
0.146, 5476045 
0.146, 5474746 
0.146, 5467177 
0.146, 5436436 
0.146, 5433147 
0.146, 5432899 
0.146, 5420585 
0.146, 5412383 
0.147, 5399775 
0.147, 5394005 
0.147, 5393850 
0.147, 5393735 
0.147, 5391167 
0.150, 5370819 
0.160, 5370583 
0.167, 5358511 
0.175, 5356547 
0.180, 5346771 
0.187, 5345349 
0.193, 5342262 
0.197, 5339957 
0.201, 5316570 
0.213, 5272491 
0.215, 5270821 
0.218, 5269059 
0.225, 5268307 
0.231, 5243271 
0.249, 5242740 
0.263, 5241226 
0.268, 5241112 
0.277, 5238338 
0.289, 5238247 
0.299, 5236966 
0.309, 5235962 
0.315, 5225118 
0.315, 5224614 
0.316, 5221592 
0.316, 5203424 
0.316, 5180158 
0.316, 5175239 
0.316, 5174240 
0.318, 5172684 
0.318, 5166618 
0.319, 5157863 
0.319, 5138980 
0.319, 5136206 
0.319, 5119256 
0.319, 5105353 
0.319, 5098349 
0.323, 5097112 
0.326, 5095571 
0.327, 5094967 
0.327, 5090044 
0.327, 5087391 
0.327, 5084396 
0.327, 5080747 
0.327, 5078878 
0.327, 5065510 
0.328, 5064722 
0.328, 5064596 
0.328, 5038629 
0.328, 5027972 
0.328, 5023851 
0.328, 5022788 
0.328, 5015989 
0.329, 5009688 
0.330, 5006770 
0.338, 5006739 
0.347, 5006198 
0.356, 5004858 
0.363, 5004853 
0.374, 5004767 
0.384, 4998470 
0.396, 4985616 
0.396, 4983069 
0.398, 4982276 
0.400, 4979053 
0.415, 4976788 
0.430, 4968167 
0.449, 4956955 
0.464, 4952452 
0.497, 4936285 
0.503, 4931358 
0.511, 4896061 
0.518, 4892125 
0.533, 4890504 
0.545, 4883274 
0.553, 4863665 
0.561, 4843783 
0.573, 4815590 
0.581, 4813540 
0.593, 4812429 
0.602, 4809865 
0.615, 4809716 
0.630, 4809178 
0.640, 4805665 
0.647, 4804492 
0.663, 4797133 
0.674, 4795031 
0.688, 4790851 
0.699, 4789458 
0.710, 4786539 
0.719, 4767706 
0.731, 4767550 
0.743, 4765101 
0.753, 4762097 
0.768, 4756191 
0.791, 4754138 
0.813, 4751957 
0.829, 4735501 
0.845, 4732319 
0.859, 4726961 
0.874, 4726074 
0.892, 4705476 
0.909, 4701540 
0.929, 4695100 
0.950, 4677206 
0.995, 4673059 
1.029, 4668411 
1.055, 4667288 
1.073, 4663765 
1.093, 4655225 
1.110, 4647080 
1.127, 4644003 
1.151, 4640851 
1.167, 4636338 
1.177, 4632663 
1.194, 4630766 
1.206, 4630600 
1.215, 4629000 
1.232, 4628501 
1.245, 4627644 
1.259, 4627213 
1.276, 4627176 
1.292, 4626535 
1.306, 4624545 
1.319, 4623638 
1.341, 4621537 
1.366, 4620862 
1.383, 4620469 
1.399, 4619118 
1.427, 4618957 
1.429, 4615216 
1.430, 4600883 
1.431, 4598685 
1.432, 4593191 
1.433, 4589395 
1.434, 4589337 
1.436, 4573719 
1.438, 4569028 
1.440, 4565728 
1.441, 4565586 
1.441, 4564049 
1.442, 4551253 
1.444, 4551123 
1.446, 4550007 
1.447, 4549959 
1.449, 4546895 
1.451, 4543611 
1.458, 4541746 
1.460, 4534847 
1.462, 4534047 
1.463, 4527080 
1.464, 4525203 
1.465, 4520280 
1.465, 4517782 
1.466, 4513181 
1.493, 4512846 
1.512, 4511774 
1.534, 4508176 
1.563, 4507447 
1.576, 4489379 
1.593, 4483219 
1.608, 4482171 
1.619, 4481925 
1.634, 4476830 
1.648, 4473585 
1.661, 4467121 
1.693, 4462392 
1.727, 4461073 
1.777, 4460241 
1.799, 4457164 
1.814, 4455784 
1.830, 4455103 
1.847, 4454505 
1.863, 4453820 
1.879, 4453682 
1.894, 4452897 
1.908, 4452820 
1.920, 4452150 
1.935, 4451115 
1.950, 4450618 
1.966, 4449897 
1.980, 4449876 
1.995, 4448822 
2.013, 4448677 
2.032, 4448566 
2.053, 4448128 
2.064, 4446246 
2.085, 4445795 
2.101, 4445288 
2.117, 4414957 
2.138, 4405547 
2.157, 4405052 
2.179, 4403015 
2.195, 4387781 
2.215, 4375749 
2.235, 4374002 
2.254, 4369758 
2.275, 4348564 
2.298, 4344310 
2.320, 4323029 
2.322, 4320755 
2.324, 4316031 
2.325, 4310749 
2.326, 4305994 
2.327, 4305195 
2.328, 4303631 
2.329, 4303552 
2.329, 4301826 
2.331, 4287808 
2.332, 4280520 
2.335, 4279368 
2.339, 4197905 
2.344, 4195650 
2.346, 4192394 
2.350, 4188669 
2.354, 4181954 
2.358, 4181193 
2.361, 4121477 
2.364, 4111787 
2.365, 4111711 
2.367, 4111576 
2.368, 4110593 
2.369, 4110278 
2.372, 4106065 
2.373, 4104297 
2.374, 4100396 
2.376, 4096373 
2.377, 4093098 
2.379, 4092492 
2.381, 4091134 
2.382, 4090893 
2.383, 4088136 
2.401, 4080915 
2.418, 4078198 
2.442, 4077883 
2.477, 4075757 
2.510, 4075695 
2.547, 4064683 
2.566, 4064345 
2.583, 4058967 
2.607, 4054988 
2.629, 4054651 
2.646, 4049272 
2.673, 4048039 
2.696, 4047040 
2.717, 4046912 
2.737, 4045605 
2.762, 4043266 
2.787, 4042793 
2.812, 4042423 
2.836, 4041234 
2.866, 4036524 
2.893, 4036278 
2.913, 4036183 
2.945, 4036180 
2.974, 4036134 
2.996, 4035735 
3.019, 4033063 
3.045, 4032892 
3.069, 4032701 
3.097, 4032444 
3.117, 4031883 
3.140, 4029653 
3.164, 4028089 
3.191, 4027123 
3.219, 4022355 
3.260, 4010248 
3.307, 4004030 
3.344, 4002524 
3.344, 4002361 
3.344, 4000572 
3.366, 3999053 
3.388, 3998800 
3.413, 3998733 
3.413, 3995265 
3.413, 3994150 
3.415, 3991407 
3.417, 3987677 
3.419, 3985251 
3.423, 3982798 
3.425, 3982222 
3.427, 3978874 
3.428, 3974041 
3.429, 3968448 
3.431, 3967474 
3.433, 3966475 
3.434, 3965370 
3.437, 3962217 
3.440, 3962121 
3.442, 3961962 
3.446, 3961278 
3.448, 3961271 
3.453, 3959999 
3.458, 3959258 
3.463, 3958670 
3.467, 3958024 
3.473, 3948295 
3.477, 3932665 
3.481, 3925091 
3.486, 3919284 
3.492, 3914227 
3.497, 3912900 
3.500, 3844178 
3.507, 3842532 
3.512, 3842283 
3.516, 3842231 
3.524, 3839393 
3.529, 3839392 
3.533, 3836382 
3.545, 3832754 
3.549, 3831359 
3.556, 3830490 
3.561, 3829229 
3.565, 3762406 
3.569, 3756811 
3.574, 3754609 
3.579, 3751991 
3.583, 3748654 
3.589, 3741542 
3.596, 3740821 
3.600, 3729754 
3.607, 3729685 
3.612, 3729006 
3.615, 3728613 
3.621, 3727943 
3.626, 3726010 
3.629, 3724963 
3.633, 3720363 
3.639, 3715825 
3.643, 3715660 
3.646, 3713984 
3.651, 3700277 
3.658, 3700250 
3.663, 3700016 
3.668, 3695267 
3.677, 3692466 
3.682, 3677624 
3.692, 3676520 
3.695, 3676062 
3.700, 3675303 
3.703, 3673627 
3.707, 3660336 
3.709, 3659932 
3.714, 3657918 
3.717, 3657666 
3.727, 3657227 
3.732, 3649219 
3.734, 3648802 
3.741, 3648663 
3.744, 3647729 
3.749, 3643729 
3.756, 3642028 
3.760, 3641094 
3.764, 3640069 
3.769, 3637631 
3.774, 3635755 
3.782, 3634684 
3.788, 3634541 
3.794, 3633782 
3.799, 3632935 
3.807, 3622500 
3.813, 3622402 
3.818, 3575127 
3.825, 3571039 
3.829, 3570400 
3.833, 3559052 
3.839, 3556929 
3.844, 3522638 
3.849, 3522248 
3.857, 3521311 
3.862, 3438205 
3.866, 3431528 
3.874, 3429782 
3.879, 3381828 
3.883, 3375440 
3.892, 3373879 
3.898, 3372506 
3.904, 3289008 
3.909, 3283004 
3.914, 3282975 
3.920, 3277704 
3.927, 3276185 
3.932, 3275188 
3.941, 3269743 
3.948, 3267079 
3.954, 3264866 
3.961, 3262923 
3.967, 3260636 
3.974, 3199407 
3.980, 3148540 
3.985, 3145041 
3.994, 3086119 
4.000, 3056866 
4.005, 3050589 
4.010, 3038782 
4.016, 3035290 
4.027, 2966735 
4.033, 2964399 
4.040, 2963978 
4.045, 2962142 
4.052, 2961852 
4.059, 2961348 
4.064, 2961031 
4.069, 2959857 
4.076, 2957371 
4.081, 2950081 
4.088, 2948395 
4.093, 2943069 
4.099, 2939401 
4.106, 2938968 
4.115, 2938718 
4.125, 2928686 
4.133, 2928504 
4.146, 2927810 
4.157, 2925867 
4.163, 2921968 
4.175, 2921414 
4.193, 2915384 
4.207, 2903592 
4.220, 2902226 
4.233, 2900925 
4.242, 2899269 
4.248, 2894707 
4.258, 2892760 
4.264, 2892626 
4.273, 2891004 
4.279, 2889659 
4.286, 2889639 
4.295, 2889030 
4.302, 2885976 
4.309, 2885690 
4.315, 2885311 
4.323, 2883066 
4.329, 2882691 
4.340, 2882460 
4.347, 2879382 
4.355, 2877139 
4.361, 2875252 
4.367, 2875234 
4.375, 2874191 
4.381, 2873983 
4.393, 2872775 
4.406, 2872714 
4.411, 2872564 
4.415, 2872551 
4.424, 2871671 
4.431, 2870222 
4.439, 2749042 
4.449, 2744504 
4.485, 2744346 
4.565, 2744212 
4.582, 2742678 
4.611, 2655396 
4.646, 2641317 
4.659, 2633114 
4.666, 2535821 
4.675, 2529485 
4.687, 2528884 
4.700, 2526790 
4.710, 2526274 
4.715, 2525513 
4.724, 2523116 
4.734, 2520905 
4.744, 2518944 
4.749, 2517995 
4.756, 2517765 
4.762, 2516299 
4.767, 2514868 
4.771, 2514689 
4.776, 2514402 
4.787, 2512400 
4.792, 2510828 
4.794, 2508952 
4.799, 2508948 
4.805, 2508174 
4.811, 2507949 
4.816, 2507934 
4.827, 2507834 
4.833, 2505862 
4.840, 2504077 
4.846, 2503673 
4.855, 2503643 
4.861, 2503367 
4.867, 2503107 
4.878, 2499742 
4.893, 2499355 
4.905, 2498798 
4.913, 2498459 
4.927, 2497962 
4.944, 2493145 
4.954, 2492605 
4.963, 2492244 
4.975, 2491635 
4.991, 2489663 
5.000, 2489152 
5.015, 2488172 
5.028, 2478456 
5.041, 2478059 
5.055, 2477504 
5.065, 2476575 
5.080, 2475347 
5.094, 2474897 
5.109, 2473499 
5.121, 2473018 
5.134, 2472743 
5.149, 2471631 
5.167, 2471391 
5.188, 2471249 
5.201, 2470743 
5.215, 2470637 
5.230, 2470172 
5.243, 2469949 
5.257, 2468500 
5.275, 2468364 
5.291, 2467126 
5.306, 2466899 
5.322, 2466506 
5.333, 2463993 
5.346, 2463366 
5.360, 2461634 
5.371, 2460036 
5.383, 2458750 
5.395, 2455621 
5.413, 2454805 
5.426, 2454485 
5.438, 2453523 
5.450, 2451219 
5.464, 2450754 
5.479, 2450750 
5.498, 2450715 
5.512, 2450252 
5.529, 2448216 
5.545, 2447962 
5.562, 2441096 
5.576, 2439241 
5.591, 2437762 
5.607, 2436914 
5.616, 2435788 
5.630, 2435151 
5.645, 2434749 
5.657, 2430358 
5.668, 2423953 
5.684, 2421973 
5.700, 2418461 
5.712, 2417057 
5.724, 2416966 
5.737, 2416730 
5.750, 2414471 
5.766, 2413971 
5.777, 2412794 
5.787, 2412556 
5.800, 2410674 
5.815, 2410030 
5.829, 2407525 
5.843, 2407365 
5.855, 2406804 
5.866, 2406262 
5.878, 2406106 
5.887, 2405474 
5.895, 2405203 
5.901, 2404884 
5.908, 2404185 
5.916, 2403791 
5.949, 2402813 
5.979, 2401752 
6.012, 2399314 
6.050, 2394255 
6.089, 2393367 
6.123, 2390807 
6.165, 2355613 
6.200, 2347781 
6.236, 2344070 
6.275, 2342980 
6.309, 2320491 
6.339, 2320423 
6.346, 2320131 
6.353, 2318288 
6.382, 2317033 
6.389, 2317006 
6.395, 2314779 
6.402, 2313922 
6.412, 2313733 
6.418, 2313076 
6.428, 2310718 
6.435, 2309721 
6.442, 2308560 
6.449, 2308007 
6.457, 2307706 
6.464, 2305204 
6.480, 2304491 
6.493, 2304393 
6.534, 2303731 
6.584, 2301362 
6.632, 2301053 
6.675, 2282982 
6.692, 2282806 
6.704, 2282040 
6.715, 2278162 
6.752, 2278142 
6.793, 2277244 
6.832, 2276810 
6.870, 2265571 
6.908, 2263858 
6.947, 2263560 
6.980, 2262257 
7.016, 2259451 
7.050, 2258671 
7.061, 2257972 
7.067, 2257340 
7.076, 2256094 
7.084, 2255700 
7.117, 2255606 
7.154, 2255032 
7.187, 2254593 
7.222, 2254558 
7.260, 2253758 
7.301, 2253297 
7.344, 2250804 
7.383, 2250749 
7.428, 2250607 
7.465, 2250183 
7.497, 2249586 
7.532, 2248613 
7.570, 2248594 
7.605, 2248050 
7.633, 2245047 
7.660, 2244918 
7.693, 2244839 
7.721, 2241713 
7.756, 2208406 
7.790, 2204036 
7.827, 2176144 
7.865, 2166524 
7.903, 2119909 
7.937, 2117781 
7.975, 2117623 
8.007, 2114835 
8.039, 2113038 
8.067, 2111013 
8.099, 2108755 
8.135, 2087259 
8.175, 2086368 
8.178, 2086242 
8.182, 2086194 
8.185, 2083404 
8.189, 2082553 
8.190, 2082139 
8.190, 2081666 
8.191, 2081531 
8.192, 2080548 
8.217, 2080297 
8.239, 2080100 
8.262, 2079526 
8.288, 2078560 
8.317, 2075585 
8.353, 2042899 
8.389, 2037369 
8.422, 2034787 
8.455, 1999088 
8.495, 1992954 
8.530, 1987943 
8.565, 1987764 
8.598, 1985198 
8.630, 1983582 
8.660, 1983388 
8.691, 1982398 
8.724, 1981350 
8.761, 1979851 
8.805, 1978772 
8.837, 1978740 
8.874, 1976116 
8.907, 1971227 
8.944, 1969888 
8.967, 1966846 
8.995, 1966601 
9.018, 1966181 
9.047, 1965640 
9.075, 1965606 
9.100, 1965477 
9.127, 1963741 
9.174, 1963738 
9.204, 1962005 
9.234, 1960295 
9.266, 1950497 
9.307, 1950188 
9.337, 1946840 
9.367, 1946467 
9.396, 1944350 
9.442, 1942744 
9.484, 1942712 
9.534, 1941908 
9.574, 1938279 
9.616, 1938054 
9.660, 1937819 
9.693, 1936265 
9.724, 1936112 
9.758, 1935628 
9.810, 1935349 
9.858, 1935217 
9.899, 1935107 
9.948, 1934816 
9.997, 1934760 
10.049, 1933559 
10.099, 1933310 
10.149, 1933015 
10.194, 1932509 
10.239, 1932426 
10.294, 1931781 
10.344, 1930325 
10.397, 1929901 
10.450, 1929684 
10.511, 1928740 
10.579, 1926763 
10.634, 1926405 
10.675, 1926029 
10.715, 1925321 
10.758, 1924529 
10.799, 1922404 
10.843, 1922399 
10.883, 1922170 
10.926, 1922100 
10.975, 1921761 
11.031, 1921674 
11.073, 1920873 
11.113, 1920777 
11.159, 1920701 
11.199, 1920207 
11.241, 1919865 
11.282, 1919174 
11.326, 1919126 
11.367, 1918999 
11.409, 1918919 
11.448, 1917765 
11.492, 1917581 
11.535, 1916934 
11.578, 1916691 
11.621, 1916282 
11.663, 1915784 
11.705, 1915653 
11.746, 1915416 
11.787, 1914611 
11.816, 1914142 
11.844, 1914038 
11.884, 1913214 
11.925, 1913066 
11.966, 1912677 
12.009, 1912282 
12.050, 1911203 
12.093, 1909888 
12.133, 1908733 
12.177, 1907477 
12.219, 1907240 
12.262, 1907004 
12.305, 1906901 
12.350, 1906735 
12.392, 1906509 
12.432, 1904868 
12.478, 1902588 
12.528, 1902078 
12.576, 1900635 
12.618, 1899616 
12.663, 1899066 
12.721, 1898933 
12.773, 1897255 
12.831, 1896522 
12.885, 1890335 
12.929, 1889403 
12.996, 1886223 
13.050, 1885069 
13.107, 1884788 
13.162, 1884499 
13.214, 1883862 
13.261, 1883527 
13.312, 1880661 
13.361, 1880607 
13.410, 1879384 
13.467, 1878951 
13.522, 1878510 
13.582, 1877677 
13.638, 1877524 
13.683, 1876393 
13.726, 1875784 
13.768, 1875653 
13.811, 1875225 
13.857, 1874809 
13.914, 1873529 
13.981, 1873508 
14.033, 1873458 
14.092, 1873138 
14.151, 1872894 
14.211, 1872862 
14.257, 1870019 
14.321, 1869735 
14.399, 1868517 
14.457, 1868026 
14.529, 1867927 
14.580, 1866461 
14.639, 1866044 
14.705, 1865059 
14.788, 1864854 
14.862, 1863168 
14.924, 1863128 
14.982, 1862322 
15.049, 1861651 
15.107, 1861473 
15.178, 1861416 
15.241, 1861389 
15.314, 1861142 
15.381, 1860905 
15.443, 1860690 
15.507, 1859712 
15.572, 1859075 
15.633, 1858791 
15.677, 1858703 
15.716, 1858607 
15.759, 1858476 
15.800, 1858405 
15.842, 1857600 
15.882, 1857092 
15.926, 1852523 
15.968, 1851658 
16.013, 1851157 
16.064, 1830390 
16.117, 1819643 
16.171, 1819018 
16.213, 1818783 
16.241, 1818663 
16.269, 1818475 
16.300, 1818191 
16.331, 1815297 
16.370, 1815247 
16.410, 1814327 
16.449, 1814033 
16.497, 1813897 
16.535, 1811107 
16.574, 1796521 
16.611, 1794990 
16.648, 1791631 
16.684, 1791117 
16.730, 1789203 
16.801, 1789130 
16.858, 1788413 
16.912, 1788368 
16.979, 1788360 
17.027, 1788285 
17.075, 1782834 
17.122, 1781019 
17.170, 1780927 
17.210, 1779928 
17.250, 1779213 
17.302, 1779192 
17.343, 1779028 
17.384, 1778216 
17.434, 1778030 
17.491, 1777307 
17.561, 1771845 
17.612, 1771146 
17.663, 1770471 
17.713, 1770400 
17.770, 1764787 
17.825, 1764780 
17.876, 1764213 
17.927, 1763104 
17.978, 1761612 
18.035, 1761327 
18.089, 1761251 
18.141, 1760294 
18.193, 1758298 
18.246, 1757769 
18.302, 1756655 
18.356, 1756613 
18.407, 1756558 
18.458, 1756056 
18.500, 1756019 
18.542, 1755878 
18.596, 1754751 
18.660, 1753994 
18.718, 1753982 
18.771, 1753675 
18.824, 1753192 
18.880, 1752324 
18.947, 1751737 
19.014, 1750994 
19.080, 1750798 
19.142, 1750515 
19.201, 1750122 
19.258, 1749956 
19.320, 1749475 
19.380, 1747778 
19.437, 1744396 
19.484, 1744150 
19.535, 1742179 
19.591, 1717590 
19.648, 1715271 
19.714, 1711422 
19.782, 1709221 
19.849, 1708473 
19.914, 1707659 
19.982, 1707348 
20.048, 1707326 
20.111, 1707292 
20.163, 1700380 
20.218, 1686157 
20.275, 1685706 
20.331, 1678920 
20.395, 1678756 
20.461, 1677572 
20.526, 1676873 
20.581, 1676262 
20.639, 1675946 
20.707, 1675481 
20.784, 1675479 
20.838, 1674773 
20.894, 1673799 
20.945, 1673215 
20.998, 1673051 
21.051, 1672658 
21.114, 1672622 
21.178, 1663814 
21.240, 1663744 
21.296, 1663702 
21.351, 1663240 
21.423, 1660825 
21.495, 1658679 
21.564, 1657074 
21.625, 1645295 
21.683, 1645251 
21.743, 1612199 
21.800, 1609993 
21.863, 1603854 
21.919, 1597076 
21.983, 1596568 
22.063, 1596252 
22.131, 1590045 
22.201, 1589076 
22.263, 1584568 
22.335, 1583519 
22.395, 1583427 
22.457, 1578074 
22.533, 1562806 
22.601, 1538146 
22.669, 1530588 
22.734, 1530438 
22.811, 1529953 
22.868, 1529931 
22.929, 1529580 
22.997, 1526989 
23.063, 1524723 
23.132, 1524363 
23.209, 1523550 
23.304, 1523024 
23.378, 1522992 
23.460, 1522926 
23.531, 1522410 
23.596, 1521213 
23.660, 1518481 
23.725, 1516188 
23.788, 1515079 
23.844, 1468840 
23.902, 1467374 
23.969, 1466915 
24.031, 1466857 
24.098, 1466580 
24.163, 1463789 
24.251, 1463151 
24.324, 1462031 
24.378, 1461978 
24.445, 1461374 
24.510, 1459513 
24.572, 1459141 
24.626, 1459009 
24.687, 1458888 
24.758, 1458450 
24.830, 1458174 
24.932, 1458102 
25.011, 1457263 
25.081, 1457245 
25.151, 1457180 
25.221, 1457152 
25.275, 1457119 
25.330, 1456315 
25.375, 1456303 
25.431, 1456134 
25.485, 1455873 
25.550, 1455696 
25.625, 1455671 
25.675, 1454895 
25.733, 1454681 
25.793, 1454597 
25.847, 1454301 
25.902, 1453527 
25.965, 1453405 
26.041, 1452863 
26.100, 1452730 
26.164, 1452423 
26.247, 1452196 
26.331, 1451469 
26.410, 1451370 
26.495, 1451223 
26.575, 1449456 
26.648, 1445646 
26.725, 1433068 
26.818, 1409200 
26.898, 1397820 
26.980, 1393012 
27.069, 1392321 
27.166, 1375833 
27.247, 1375720 
27.322, 1364606 
27.395, 1329899 
27.469, 1324895 
27.547, 1322492 
27.624, 1321799 
27.695, 1318239 
27.774, 1317519 
27.850, 1314706 
27.926, 1314247 
28.004, 1308860 
28.090, 1306533 
28.200, 1284379 
28.309, 1283423 
28.397, 1269568 
28.482, 1259221 
28.573, 1253307 
28.646, 1226577 
28.717, 1226209 
28.794, 1224112 
28.870, 1220945 
28.953, 1196792 
29.043, 1196266 
29.116, 1193006 
29.201, 1190180 
29.281, 1177231 
29.357, 1172790 
29.439, 1158415 
29.518, 1120429 
29.600, 1112474 
29.684, 1073195 
29.763, 1069247 
29.841, 1062084 
29.929, 1060347 
30.019, 1058756 
30.119, 1057022 
30.210, 1052098 
30.296, 1050944 
30.384, 1049748 
30.449, 1040268 
30.518, 1039431 
30.590, 999559 
30.674, 993318 
30.756, 968662 
30.856, 967640 
30.931, 966366 
31.025, 963766 
31.134, 960778 
31.214, 960286 
31.289, 959976 
31.370, 956787 
31.449, 956000 
31.532, 949553 
31.617, 943639 
31.701, 922233 
31.781, 917662 
31.848, 901592 
31.920, 893945 
32.013, 891674 
32.100, 890751 
32.175, 880970 
32.252, 879475 
32.326, 877835 
32.412, 877190 
32.492, 876301 
32.571, 857109 
32.659, 855747 
32.734, 818635 
32.809, 818279 
32.881, 802442 
32.965, 801616 
33.041, 799905 
33.112, 799791 
33.186, 798798 
33.267, 797139 
33.357, 790080 
33.428, 789509 
33.505, 787126 
33.583, 786849 
33.657, 753071 
33.732, 752701 
33.805, 751459 
33.882, 747867 
33.964, 713860 
34.035, 713307 
34.129, 710057 
34.223, 709201 
34.318, 705556 
34.393, 704208 
34.471, 702960 
34.561, 702493 
34.648, 702441 
34.732, 702005 
34.815, 702000 
34.899, 701390 
35.030, 700850 
35.164, 700157 
35.246, 700040 
35.345, 699582 
35.434, 699198 
35.516, 698902 
35.617, 698126 
35.696, 696772 
35.787, 696676 
