0.001, 7163970 
0.002, 7147910 
0.003, 7122362 
0.004, 7117687 
0.006, 7110105 
0.009, 7096230 
0.011, 7089582 
0.011, 7080863 
0.012, 7065665 
0.012, 7050615 
0.012, 7032224 
0.013, 7014698 
0.015, 7003670 
0.015, 7002795 
0.015, 7000412 
0.017, 6990859 
0.017, 6981483 
0.019, 6968949 
0.020, 6961411 
0.020, 6938958 
0.020, 6934552 
0.020, 6909637 
0.021, 6872698 
0.021, 6870442 
0.021, 6868139 
0.023, 6866709 
0.023, 6860882 
0.024, 6851634 
0.024, 6849217 
0.024, 6834513 
0.026, 6833319 
0.027, 6830994 
0.029, 6827900 
0.029, 6818194 
0.029, 6796931 
0.029, 6793146 
0.029, 6784923 
0.030, 6776806 
0.035, 6771820 
0.036, 6767576 
0.036, 6690367 
0.042, 6686790 
0.046, 6685489 
0.049, 6684403 
0.049, 6679585 
0.049, 6669905 
0.050, 6654606 
0.051, 6649320 
0.051, 6642460 
0.051, 6639405 
0.051, 6636865 
0.051, 6627144 
0.054, 6611533 
0.054, 6600792 
0.054, 6599409 
0.054, 6564755 
0.058, 6562926 
0.058, 6555152 
0.059, 6537300 
0.059, 6537141 
0.060, 6537071 
0.060, 6528296 
0.061, 6500317 
0.061, 6477621 
0.061, 6473823 
0.061, 6466883 
0.061, 6464456 
0.061, 6460995 
0.061, 6458247 
0.061, 6450729 
0.061, 6428470 
0.062, 6408561 
0.062, 6397793 
0.062, 6396347 
0.062, 6364346 
0.063, 6360548 
0.063, 6332685 
0.065, 6324437 
0.065, 6322548 
0.065, 6303084 
0.068, 6302582 
0.068, 6299708 
0.068, 6299569 
0.068, 6283017 
0.068, 6282697 
0.068, 6273528 
0.068, 6268533 
0.069, 6265329 
0.069, 6252024 
0.069, 6249538 
0.070, 6239639 
0.070, 6237619 
0.070, 6237507 
0.070, 6234930 
0.070, 6212437 
0.072, 6211402 
0.072, 6210440 
0.072, 6208621 
0.075, 6207911 
0.075, 6205386 
0.075, 6203308 
0.075, 6199962 
0.075, 6198483 
0.075, 6196323 
0.076, 6196194 
0.076, 6194318 
0.076, 6189216 
0.076, 6184670 
0.076, 6182040 
0.076, 6177411 
0.078, 6177347 
0.078, 6169368 
0.080, 6168672 
0.080, 6154234 
0.080, 6150616 
0.080, 6137895 
0.081, 6125543 
0.081, 6125117 
0.081, 6100305 
0.081, 6097523 
0.081, 6096388 
0.081, 6091868 
0.081, 6087325 
0.083, 6076099 
0.083, 6058478 
0.083, 6051837 
0.084, 6049265 
0.084, 6026511 
0.084, 6019155 
0.084, 6010720 
0.084, 6009706 
0.085, 5989259 
0.087, 5986984 
0.087, 5983386 
0.087, 5983114 
0.087, 5975189 
0.090, 5974663 
0.091, 5973025 
0.091, 5958955 
0.091, 5949377 
0.091, 5947500 
0.091, 5944661 
0.091, 5875520 
0.091, 5870559 
0.092, 5853249 
0.092, 5840621 
0.094, 5829332 
0.097, 5826465 
0.101, 5825205 
0.101, 5805556 
0.101, 5778065 
0.101, 5768640 
0.101, 5750182 
0.103, 5744388 
0.103, 5739144 
0.103, 5714416 
0.103, 5693857 
0.103, 5681337 
0.104, 5659405 
0.104, 5655196 
0.104, 5645128 
0.104, 5643081 
0.104, 5634364 
0.104, 5629157 
0.105, 5608581 
0.105, 5582082 
0.105, 5581222 
0.106, 5559192 
0.108, 5554088 
0.108, 5535489 
0.109, 5534727 
0.110, 5519011 
0.112, 5514048 
0.112, 5513873 
0.112, 5513109 
0.112, 5509141 
0.112, 5499703 
0.112, 5487739 
0.112, 5485838 
0.112, 5465878 
0.112, 5446267 
0.113, 5445378 
0.113, 5443256 
0.113, 5437091 
0.113, 5428431 
0.113, 5425498 
0.115, 5424222 
0.115, 5409888 
0.115, 5400670 
0.115, 5399095 
0.115, 5394810 
0.116, 5391452 
0.116, 5388402 
0.116, 5383316 
0.116, 5365765 
0.117, 5345669 
0.119, 5344861 
0.123, 5344548 
0.133, 5341626 
0.136, 5340277 
0.141, 5339112 
0.148, 5334314 
0.158, 5331184 
0.166, 5328325 
0.169, 5304790 
0.171, 5298396 
0.172, 5298147 
0.176, 5283091 
0.177, 5278473 
0.178, 5275770 
0.180, 5272867 
0.182, 5272326 
0.184, 5272249 
0.186, 5272025 
0.190, 5268046 
0.193, 5266706 
0.197, 5264301 
0.199, 5263047 
0.201, 5258170 
0.203, 5176036 
0.206, 5165916 
0.210, 5156945 
0.213, 5155421 
0.216, 5154941 
0.219, 5153784 
0.223, 5149526 
0.228, 5141649 
0.230, 5133597 
0.230, 5133430 
0.233, 5132961 
0.234, 5131051 
0.234, 5119769 
0.234, 5117020 
0.234, 5116542 
0.234, 5115205 
0.234, 5107639 
0.234, 5105857 
0.234, 5101961 
0.234, 5087545 
0.234, 5083998 
0.234, 5072585 
0.234, 5062269 
0.235, 5060672 
0.235, 5060406 
0.236, 5059809 
0.236, 5055446 
0.237, 5055433 
0.238, 5052092 
0.242, 5050808 
0.248, 5050655 
0.251, 5037941 
0.253, 5037802 
0.258, 5017769 
0.263, 5017262 
0.268, 5016724 
0.276, 5016030 
0.281, 5011874 
0.284, 5008702 
0.286, 4993123 
0.286, 4993013 
0.289, 4991320 
0.290, 4989577 
0.292, 4980073 
0.292, 4977562 
0.294, 4973068 
0.298, 4972164 
0.302, 4968795 
0.310, 4968017 
0.322, 4967326 
0.344, 4966823 
0.352, 4966264 
0.365, 4901066 
0.377, 4897139 
0.386, 4893013 
0.399, 4888741 
0.407, 4811522 
0.416, 4803502 
0.429, 4797182 
0.436, 4782142 
0.450, 4779187 
0.460, 4763906 
0.468, 4763830 
0.477, 4760790 
0.487, 4757787 
0.499, 4742970 
0.515, 4658095 
0.530, 4656421 
0.541, 4652228 
0.551, 4649126 
0.562, 4647810 
0.569, 4647240 
0.584, 4636611 
0.602, 4626575 
0.623, 4623295 
0.647, 4623112 
0.665, 4622209 
0.700, 4594732 
0.717, 4591622 
0.732, 4587197 
0.742, 4579123 
0.752, 4578532 
0.765, 4573982 
0.780, 4571165 
0.795, 4570922 
0.804, 4547987 
0.817, 4537790 
0.831, 4536100 
0.843, 4532659 
0.852, 4513911 
0.865, 4509579 
0.872, 4507268 
0.887, 4496533 
0.899, 4493099 
0.910, 4493014 
0.919, 4489832 
0.932, 4487960 
0.946, 4486743 
0.953, 4486444 
0.955, 4486109 
0.956, 4485281 
0.959, 4485057 
0.961, 4484157 
0.963, 4483919 
0.964, 4482875 
0.964, 4482331 
0.965, 4478356 
0.965, 4477548 
0.967, 4476630 
0.969, 4476099 
0.970, 4472330 
0.972, 4460569 
0.975, 4456944 
0.979, 4456044 
0.983, 4453910 
0.985, 4451949 
0.985, 4450888 
0.987, 4438616 
0.989, 4436777 
0.990, 4435340 
0.993, 4433206 
0.994, 4425282 
0.996, 4423933 
0.997, 4417412 
1.000, 4414676 
1.002, 4409488 
1.004, 4401936 
1.004, 4401703 
1.006, 4382468 
1.006, 4381494 
1.009, 4381325 
1.011, 4379816 
1.013, 4379744 
1.017, 4379726 
1.021, 4378513 
1.025, 4372277 
1.031, 4364985 
1.036, 4353707 
1.043, 4352227 
1.048, 4351133 
1.052, 4290338 
1.055, 4289760 
1.063, 4286605 
1.067, 4282661 
1.069, 4282235 
1.072, 4278437 
1.075, 4278341 
1.079, 4276733 
1.082, 4276342 
1.085, 4263388 
1.085, 4260785 
1.085, 4260290 
1.086, 4260089 
1.090, 4260040 
1.101, 4259175 
1.110, 4255638 
1.118, 4255633 
1.132, 4255286 
1.153, 4253788 
1.175, 4253229 
1.188, 4252197 
1.202, 4250290 
1.217, 4249251 
1.228, 4248759 
1.237, 4248570 
1.253, 4245653 
1.276, 4243708 
1.293, 4240868 
1.305, 4234640 
1.321, 4161815 
1.336, 4151940 
1.353, 4151787 
1.366, 4151408 
1.384, 4091206 
1.401, 4080307 
1.415, 4080003 
1.432, 4079401 
1.448, 4003031 
1.464, 4002805 
1.480, 3998469 
1.497, 3997656 
1.515, 3995556 
1.533, 3983613 
1.562, 3981332 
1.577, 3980738 
1.591, 3954015 
1.603, 3946085 
1.615, 3945487 
1.628, 3941011 
1.640, 3939621 
1.653, 3935828 
1.680, 3935600 
1.710, 3935544 
1.736, 3934700 
1.753, 3934693 
1.766, 3934349 
1.784, 3920447 
1.801, 3848842 
1.813, 3846279 
1.828, 3845619 
1.841, 3845041 
1.855, 3843596 
1.868, 3841982 
1.879, 3839958 
1.892, 3833365 
1.904, 3824210 
1.920, 3814849 
1.935, 3813512 
1.950, 3812736 
1.963, 3807040 
1.976, 3806429 
1.987, 3805502 
2.005, 3805059 
2.018, 3804269 
2.038, 3802477 
2.058, 3801620 
2.071, 3800875 
2.082, 3800722 
2.099, 3798139 
2.115, 3796431 
2.130, 3786487 
2.144, 3784602 
2.165, 3779558 
2.180, 3774221 
2.197, 3770341 
2.210, 3769948 
2.223, 3768685 
2.238, 3764278 
2.255, 3761459 
2.275, 3759783 
2.291, 3753793 
2.305, 3753692 
2.349, 3753061 
2.386, 3750779 
2.427, 3750256 
2.446, 3749154 
2.464, 3744365 
2.479, 3741704 
2.497, 3741092 
2.515, 3735360 
2.534, 3734538 
2.550, 3734537 
2.566, 3610630 
2.581, 3608585 
2.598, 3606433 
2.611, 3604801 
2.624, 3604276 
2.636, 3599425 
2.653, 3595862 
2.669, 3594727 
2.686, 3594563 
2.700, 3594238 
2.720, 3593790 
2.738, 3591378 
2.752, 3591133 
2.772, 3589535 
2.794, 3589259 
2.810, 3588999 
2.827, 3588719 
2.845, 3588489 
2.861, 3585534 
2.876, 3585363 
2.895, 3583441 
2.913, 3583303 
2.932, 3582767 
2.949, 3581376 
2.968, 3580364 
2.989, 3579233 
3.011, 3577894 
3.035, 3576924 
3.060, 3576882 
3.079, 3575324 
3.099, 3573905 
3.121, 3571720 
3.140, 3570957 
3.158, 3570739 
3.183, 3570561 
3.204, 3568825 
3.226, 3568463 
3.244, 3568193 
3.263, 3562658 
3.278, 3562048 
3.299, 3556491 
3.315, 3474335 
3.345, 3467765 
3.369, 3418597 
3.402, 3416703 
3.426, 3415522 
3.447, 3413276 
3.469, 3411561 
3.489, 3409612 
3.512, 3404395 
3.542, 3403028 
3.564, 3402757 
3.586, 3401445 
3.612, 3400997 
3.633, 3400267 
3.652, 3399769 
3.671, 3387478 
3.687, 3385991 
3.708, 3380888 
3.731, 3379108 
3.752, 3376683 
3.776, 3375329 
3.800, 3371486 
3.819, 3370025 
3.839, 3369397 
3.861, 3368677 
3.880, 3367862 
3.899, 3367804 
3.924, 3364562 
3.936, 3362515 
3.950, 3361276 
3.965, 3360670 
3.978, 3360120 
3.993, 3359089 
4.005, 3358789 
4.020, 3358330 
4.039, 3356984 
4.068, 3354705 
4.088, 3354052 
4.103, 3352008 
4.118, 3351516 
4.133, 3351327 
4.148, 3350483 
4.158, 3350476 
4.169, 3350132 
4.200, 3349927 
4.220, 3348486 
4.238, 3347534 
4.254, 3347357 
4.271, 3346770 
4.288, 3346612 
4.302, 3345941 
4.320, 3345244 
4.337, 3344144 
4.359, 3344136 
4.382, 3343614 
4.401, 3343295 
4.418, 3342951 
4.438, 3342322 
4.452, 3341160 
4.476, 3340900 
4.498, 3340506 
4.523, 3339133 
4.552, 3336889 
4.578, 3336577 
4.602, 3336337 
4.626, 3336185 
4.649, 3335989 
4.670, 3335124 
4.694, 3334987 
4.717, 3334889 
4.740, 3334026 
4.764, 3331974 
4.799, 3330326 
4.826, 3329033 
4.854, 3328351 
4.881, 3326715 
4.905, 3326025 
4.933, 3325984 
4.958, 3322538 
4.981, 3320867 
5.003, 3320564 
5.021, 3319635 
5.050, 3319316 
5.076, 3318820 
5.100, 3315547 
5.120, 3315496 
5.142, 3312982 
5.163, 3311461 
5.184, 3309983 
5.205, 3308261 
5.228, 3307744 
5.248, 3306731 
5.269, 3306469 
5.291, 3303840 
5.315, 3303478 
5.338, 3301274 
5.357, 3301150 
5.376, 3299056 
5.389, 3298104 
5.404, 3295526 
5.417, 3292392 
5.432, 3236389 
5.444, 3235082 
5.455, 3232967 
5.469, 3231487 
5.487, 3229485 
5.499, 3229209 
5.512, 3228061 
5.529, 3205800 
5.542, 3191047 
5.555, 3188484 
5.573, 3160823 
5.589, 3160304 
5.607, 3149879 
5.622, 3143519 
5.638, 3139454 
5.654, 3047618 
5.666, 3046484 
5.675, 3044380 
5.686, 3039713 
5.702, 3033658 
5.714, 3032381 
5.723, 3032011 
5.738, 3028962 
5.756, 3027521 
5.771, 2943139 
5.790, 2942148 
5.807, 2940106 
5.820, 2939522 
5.837, 2939030 
5.861, 2938841 
5.873, 2934190 
5.909, 2934073 
5.943, 2926375 
5.959, 2914348 
5.978, 2909091 
5.998, 2908375 
6.012, 2907674 
6.033, 2907645 
6.049, 2907468 
6.066, 2906712 
6.080, 2904816 
6.094, 2904658 
6.110, 2903987 
6.139, 2903007 
6.163, 2902758 
6.196, 2901971 
6.227, 2901174 
6.258, 2899688 
6.305, 2897706 
6.418, 2894282 
6.466, 2892714 
6.535, 2890317 
6.614, 2889890 
6.662, 2889089 
6.711, 2887669 
6.747, 2886541 
6.785, 2886026 
6.808, 2885636 
6.830, 2882380 
6.897, 2881777 
6.919, 2881108 
6.936, 2877209 
6.970, 2875291 
6.987, 2874515 
7.002, 2873682 
7.028, 2873236 
7.051, 2872538 
7.076, 2872466 
7.100, 2871901 
7.125, 2871243 
7.146, 2870978 
7.167, 2870701 
7.192, 2870172 
7.216, 2869629 
7.238, 2869391 
7.260, 2869077 
7.282, 2864472 
7.304, 2862629 
7.326, 2862429 
7.352, 2860738 
7.377, 2859273 
7.398, 2856144 
7.422, 2855575 
7.447, 2853574 
7.459, 2853384 
7.474, 2853365 
7.489, 2852579 
7.505, 2852173 
7.520, 2851979 
7.537, 2850480 
7.551, 2850107 
7.564, 2849925 
7.576, 2849861 
7.591, 2848854 
7.622, 2848316 
7.649, 2848128 
7.675, 2848012 
7.709, 2847182 
7.737, 2847147 
7.759, 2845819 
7.787, 2791383 
7.809, 2791235 
7.830, 2790838 
7.856, 2790434 
7.882, 2789982 
7.904, 2786391 
7.924, 2786072 
7.947, 2785391 
7.969, 2784365 
7.993, 2783765 
8.017, 2783027 
8.043, 2782881 
8.070, 2779127 
8.093, 2753140 
8.115, 2751550 
8.138, 2751103 
8.169, 2750786 
8.204, 2750467 
8.230, 2745813 
8.253, 2745416 
8.276, 2744835 
8.298, 2744154 
8.322, 2743222 
8.344, 2742850 
8.379, 2742171 
8.402, 2739942 
8.428, 2728832 
8.453, 2728387 
8.482, 2725973 
8.507, 2725760 
8.530, 2724656 
8.553, 2724012 
8.573, 2723556 
8.594, 2722198 
8.622, 2720388 
8.649, 2719131 
8.675, 2678084 
8.706, 2669705 
8.742, 2668984 
8.781, 2667702 
8.819, 2661192 
8.862, 2659687 
8.895, 2659213 
8.934, 2656742 
8.967, 2656657 
9.001, 2652719 
9.031, 2652457 
9.057, 2645016 
9.083, 2644972 
9.114, 2643387 
9.139, 2642089 
9.161, 2631970 
9.186, 2612244 
9.214, 2611200 
9.242, 2601782 
9.253, 2598823 
9.263, 2596698 
9.279, 2596209 
9.290, 2594972 
9.301, 2594366 
9.313, 2593816 
9.323, 2592785 
9.335, 2592485 
9.347, 2592026 
9.364, 2590680 
9.387, 2590639 
9.451, 2588905 
9.520, 2584722 
9.584, 2576792 
9.622, 2574688 
9.668, 2573901 
9.689, 2573474 
9.721, 2572532 
9.749, 2572248 
9.779, 2572132 
9.801, 2571683 
9.814, 2570420 
9.828, 2568744 
9.845, 2567997 
9.876, 2567724 
9.903, 2565382 
9.953, 2563792 
9.988, 2563762 
10.012, 2563486 
10.069, 2563226 
10.094, 2562832 
10.128, 2561698 
10.181, 2561600 
10.216, 2561479 
10.257, 2560555 
10.297, 2559679 
10.343, 2559393 
10.388, 2559347 
10.414, 2559249 
10.444, 2559067 
10.475, 2558873 
10.501, 2558701 
10.528, 2558521 
10.553, 2557791 
10.580, 2557714 
10.610, 2554521 
10.641, 2554359 
10.678, 2551655 
10.739, 2551509 
10.801, 2551070 
10.848, 2550088 
10.915, 2550033 
11.042, 2547253 
11.080, 2547107 
11.109, 2547081 
11.142, 2546992 
11.171, 2546353 
11.199, 2546303 
11.226, 2545524 
11.250, 2545281 
11.279, 2540871 
11.307, 2540693 
11.333, 2540581 
11.364, 2540412 
11.394, 2540400 
11.422, 2540072 
11.448, 2539634 
11.476, 2539278 
11.509, 2538601 
11.544, 2536689 
11.580, 2536589 
11.619, 2536256 
11.656, 2536157 
11.689, 2535966 
11.722, 2535880 
11.753, 2535766 
11.789, 2534812 
11.826, 2534808 
11.863, 2534776 
11.896, 2534575 
11.928, 2533401 
11.967, 2532701 
12.002, 2532461 
12.037, 2531747 
12.071, 2531627 
12.103, 2531408 
12.136, 2530618 
12.171, 2528456 
12.203, 2527761 
12.234, 2507996 
12.266, 2507822 
12.300, 2507725 
12.331, 2506131 
12.368, 2505956 
12.405, 2505225 
12.436, 2505037 
12.468, 2500854 
12.495, 2500798 
12.523, 2500526 
12.552, 2499882 
12.584, 2497827 
12.620, 2496850 
12.652, 2403013 
12.683, 2401269 
12.709, 2401012 
12.736, 2400820 
12.772, 2400632 
12.807, 2398214 
12.832, 2398132 
12.859, 2397860 
12.895, 2395806 
12.932, 2393620 
12.968, 2385904 
13.001, 2384153 
13.034, 2378838 
13.071, 2375877 
13.107, 2375266 
13.147, 2374981 
13.191, 2374882 
13.224, 2374433 
13.264, 2370769 
13.302, 2368739 
13.342, 2368077 
13.382, 2362307 
13.419, 2360626 
13.452, 2231919 
13.500, 2231701 
13.539, 2231683 
13.575, 2230648 
13.610, 2230179 
13.671, 2229779 
13.709, 2229478 
13.745, 2229418 
13.781, 2228934 
13.820, 2226507 
13.856, 2225693 
13.907, 2225338 
13.959, 2225124 
13.999, 2224646 
14.040, 2224641 
14.074, 2224623 
14.104, 2224029 
14.147, 2222939 
14.181, 2218752 
14.220, 2218737 
14.252, 2180252 
14.290, 2134310 
14.326, 2065732 
14.362, 2062249 
14.404, 2055462 
14.438, 2054763 
14.468, 2054712 
14.498, 2054711 
14.528, 2030831 
14.556, 2026572 
14.589, 2026550 
14.625, 2026480 
14.657, 2026295 
14.686, 2025944 
14.719, 2025633 
14.748, 2025473 
14.774, 2024809 
14.794, 2024128 
14.814, 2023578 
14.833, 2023000 
14.854, 2021770 
14.876, 2021410 
14.900, 2012171 
14.922, 2012130 
14.944, 2012127 
14.968, 2010966 
14.990, 2010931 
15.013, 2009928 
15.035, 2001644 
15.057, 1980893 
15.081, 1980889 
15.104, 1980834 
15.131, 1980689 
15.154, 1979439 
15.176, 1978472 
15.200, 1975036 
15.225, 1974622 
15.250, 1969362 
15.277, 1969064 
15.301, 1963282 
15.324, 1960634 
15.358, 1951146 
15.393, 1948140 
15.432, 1938984 
15.459, 1938280 
15.488, 1937796 
15.514, 1937178 
15.542, 1937126 
15.568, 1937069 
15.595, 1936826 
15.620, 1936597 
15.648, 1936577 
15.672, 1936559 
15.698, 1935569 
15.732, 1934845 
15.756, 1934694 
15.777, 1933925 
15.798, 1933495 
15.823, 1920825 
15.842, 1919450 
15.862, 1918664 
15.893, 1918644 
15.920, 1917840 
15.947, 1917837 
15.980, 1916513 
16.012, 1916010 
16.048, 1915886 
16.084, 1915513 
16.123, 1914835 
16.162, 1914823 
16.199, 1914804 
16.245, 1914775 
16.289, 1914719 
16.303, 1914126 
16.319, 1913786 
16.335, 1913515 
16.354, 1912558 
16.408, 1912126 
16.452, 1911556 
16.500, 1910657 
16.558, 1910618 
16.604, 1910596 
16.650, 1909756 
16.693, 1909657 
16.732, 1907846 
16.769, 1907347 
16.808, 1907025 
16.844, 1906859 
16.862, 1906282 
16.879, 1905440 
16.897, 1905293 
16.917, 1904962 
16.934, 1904833 
16.950, 1904172 
16.967, 1903145 
16.984, 1902896 
17.000, 1902323 
17.016, 1902321 
17.032, 1902311 
17.048, 1901425 
17.067, 1901245 
17.085, 1900596 
17.105, 1900123 
17.121, 1899575 
17.169, 1897284 
17.210, 1897247 
17.249, 1896520 
17.265, 1896471 
17.282, 1895717 
17.322, 1895612 
17.339, 1895376 
17.357, 1895360 
17.379, 1894611 
17.422, 1894015 
17.468, 1893772 
17.518, 1893624 
17.577, 1893393 
17.627, 1893391 
17.676, 1893091 
17.723, 1887361 
17.768, 1887356 
17.812, 1886522 
17.860, 1886517 
17.907, 1885956 
17.953, 1885886 
18.002, 1885823 
18.051, 1885356 
18.105, 1884946 
18.151, 1884806 
18.195, 1884536 
18.245, 1884047 
18.294, 1883889 
18.340, 1883568 
18.358, 1882972 
18.378, 1882711 
18.435, 1882460 
18.488, 1882389 
18.545, 1881966 
18.598, 1881718 
18.656, 1881547 
18.707, 1880367 
18.763, 1879914 
18.817, 1875901 
18.867, 1875329 
18.918, 1875240 
18.963, 1874110 
19.004, 1874020 
19.047, 1873457 
19.095, 1872758 
19.144, 1872651 
19.203, 1872577 
19.252, 1872330 
19.303, 1871896 
19.357, 1871671 
19.409, 1871377 
19.463, 1868976 
19.520, 1865605 
19.573, 1865426 
19.632, 1863196 
19.687, 1862454 
19.741, 1860859 
19.804, 1859837 
19.858, 1855415 
19.915, 1854880 
19.973, 1797783 
20.032, 1795568 
20.235, 1774450 
20.383, 1771778 
20.465, 1771732 
20.555, 1768055 
20.633, 1752478 
20.804, 1750238 
20.898, 1715881 
20.969, 1691875 
21.035, 1689221 
21.130, 1627955 
21.255, 1626643 
21.335, 1583115 
21.403, 1582283 
21.473, 1563971 
21.544, 1559143 
21.616, 1550790 
21.676, 1548522 
21.730, 1548180 
21.786, 1547929 
21.846, 1517226 
21.908, 1516969 
21.973, 1501665 
22.034, 1498643 
22.091, 1498503 
22.145, 1498419 
22.206, 1493848 
22.267, 1492855 
22.330, 1488852 
22.393, 1482968 
22.454, 1482148 
22.527, 1481816 
22.592, 1480306 
22.650, 1479734 
22.706, 1467569 
22.768, 1467051 
22.834, 1433742 
22.895, 1433060 
22.954, 1421349 
23.010, 1420887 
23.065, 1416850 
23.125, 1416753 
23.186, 1403483 
23.244, 1402780 
23.304, 1402629 
23.363, 1394614 
23.426, 1392855 
23.500, 1366926 
23.562, 1361038 
23.628, 1344814 
23.690, 1342125 
23.754, 1336941 
23.814, 1288568 
23.873, 1280285 
23.937, 1215786 
24.001, 1215423 
24.077, 1214673 
24.163, 1212391 
24.238, 1180294 
24.304, 1180015 
24.364, 1177911 
24.434, 1174556 
24.497, 1172112 
24.567, 1155911 
24.780, 1155910 
24.904, 1153360 
25.055, 1152918 
25.226, 1150893 
25.344, 1150534 
25.486, 1141843 
25.544, 1141308 
25.598, 1137644 
25.651, 1133690 
25.784, 1129055 
25.922, 1125116 
26.047, 1123047 
26.202, 1102006 
26.347, 1100052 
26.466, 1099114 
26.535, 1098886 
26.602, 1097291 
26.675, 1096622 
26.752, 1096528 
26.826, 1096186 
26.896, 1095549 
27.054, 1094957 
27.240, 1089997 
27.340, 1073498 
27.439, 1056259 
27.527, 1054957 
27.624, 1012042 
27.737, 1009919 
27.814, 1001071 
27.904, 997928 
28.001, 997388 
28.096, 990043 
28.184, 986407 
28.254, 978330 
28.321, 977092 
28.397, 976159 
28.470, 961061 
28.550, 960065 
28.620, 956793 
28.699, 956302 
28.773, 956145 
28.844, 954660 
28.920, 949647 
28.997, 945961 
29.066, 944204 
29.138, 938207 
29.208, 937345 
29.279, 935731 
29.345, 934448 
29.411, 934371 
29.478, 932936 
29.558, 932935 
29.625, 932187 
29.689, 925847 
29.750, 920587 
29.818, 919764 
29.882, 917512 
29.950, 914933 
30.029, 914236 
30.108, 911558 
30.176, 909816 
30.255, 908603 
30.324, 908476 
30.392, 907622 
30.460, 907038 
30.526, 899934 
30.564, 899555 
30.599, 899372 
30.638, 898753 
30.676, 898668 
30.721, 898547 
30.795, 897233 
30.863, 895994 
30.925, 894511 
30.990, 892590 
31.053, 891265 
31.116, 891144 
31.207, 882668 
31.305, 880922 
31.402, 880036 
31.474, 877669 
31.549, 872889 
31.626, 860414 
31.714, 859344 
31.804, 858485 
31.881, 856523 
31.951, 855252 
32.026, 849248 
32.092, 846414 
32.163, 846192 
32.231, 844620 
32.300, 843544 
32.364, 843266 
32.429, 842349 
32.500, 841336 
32.575, 841060 
32.656, 840738 
32.732, 840145 
32.805, 837611 
32.876, 837132 
32.951, 837017 
33.027, 836529 
33.104, 835227 
33.194, 834913 
33.281, 833655 
33.359, 833022 
33.433, 826576 
33.502, 825942 
33.620, 824310 
33.781, 823937 
33.876, 823287 
33.958, 821966 
34.055, 821651 
34.138, 820138 
34.206, 820083 
34.269, 819937 
34.331, 819084 
34.394, 817616 
34.456, 815438 
34.519, 814920 
34.583, 812717 
34.645, 807387 
34.704, 806819 
34.763, 806718 
34.825, 806183 
34.886, 804540 
34.955, 802791 
35.029, 801840 
35.092, 801733 
35.151, 801138 
35.213, 800187 
35.275, 792178 
35.338, 791447 
35.398, 787093 
35.459, 784847 
35.521, 784232 
35.583, 783796 
35.645, 783758 
35.707, 781800 
35.768, 780605 
35.833, 780529 
35.893, 778234 
35.962, 777841 
36.023, 777403 
36.096, 775533 
36.169, 773593 
36.243, 771467 
36.307, 771407 
36.380, 770554 
36.452, 768212 
36.537, 703735 
36.618, 702382 
36.682, 701687 
36.750, 701627 
36.847, 700405 
36.978, 700270 
37.087, 700103 
37.150, 699155 
37.214, 699095 
37.295, 698989 
37.396, 698175 
37.500, 697914 
37.578, 695864 
