0.000, 5822205 
0.000, 5816696 
0.000, 5802540 
0.000, 5800032 
0.000, 5797123 
0.001, 5716823 
0.001, 5713357 
0.001, 5708845 
0.002, 5703572 
0.002, 5674265 
0.002, 5671751 
0.003, 5669696 
0.003, 5658170 
0.003, 5656345 
0.004, 5651449 
0.004, 5639983 
0.005, 5614999 
0.006, 5611944 
0.006, 5606999 
0.006, 5529815 
0.006, 5526106 
0.006, 5524395 
0.007, 5522570 
0.008, 5518161 
0.009, 5518104 
0.009, 5517862 
0.009, 5505479 
0.009, 5504637 
0.009, 5457172 
0.009, 5434696 
0.009, 5433938 
0.009, 5407636 
0.009, 5403394 
0.010, 5401950 
0.010, 5392101 
0.010, 5380497 
0.010, 5350528 
0.010, 5302513 
0.010, 5239769 
0.011, 5235824 
0.011, 5231088 
0.011, 5186393 
0.011, 5182845 
0.011, 5144089 
0.011, 5129258 
0.012, 5074398 
0.012, 5066622 
0.012, 5056354 
0.012, 5032239 
0.012, 4995720 
0.013, 4994546 
0.013, 4969451 
0.014, 4965657 
0.014, 4960003 
0.014, 4926221 
0.014, 4924961 
0.014, 4881113 
0.015, 4872048 
0.015, 4868873 
0.015, 4866592 
0.015, 4854959 
0.016, 4832118 
0.020, 4806320 
0.020, 4805084 
0.021, 4786675 
0.032, 4781230 
0.032, 4643275 
0.032, 4633952 
0.033, 4604462 
0.033, 4602084 
0.033, 4598710 
0.033, 4588334 
0.033, 4561490 
0.033, 4555056 
0.033, 4553701 
0.036, 4510038 
0.036, 4505755 
0.036, 4493353 
0.056, 4491225 
0.059, 4485475 
0.059, 4480782 
0.060, 4478764 
0.060, 4476315 
0.060, 4417620 
0.061, 4414081 
0.061, 4406778 
0.061, 4384697 
0.062, 4382847 
0.063, 4374045 
0.063, 4355307 
0.064, 4352017 
0.064, 4351778 
0.064, 4336457 
0.064, 4295118 
0.064, 4270352 
0.064, 4269827 
0.064, 4249905 
0.064, 4224081 
0.064, 4190620 
0.065, 4190562 
0.066, 4187093 
0.066, 4186155 
0.066, 4186033 
0.066, 4161747 
0.066, 4139116 
0.066, 4104492 
0.066, 4081480 
0.066, 4049937 
0.066, 4049423 
0.066, 4045835 
0.066, 4027594 
0.066, 4026727 
0.066, 4020187 
0.066, 3982870 
0.067, 3974998 
0.068, 3971335 
0.068, 3875406 
0.068, 3867819 
0.068, 3843961 
0.069, 3833294 
0.070, 3829247 
0.070, 3802918 
0.070, 3794120 
0.074, 3778211 
0.074, 3763321 
0.074, 3760966 
0.075, 3758705 
0.075, 3747125 
0.075, 3745307 
0.077, 3744872 
0.077, 3741542 
0.077, 3714571 
0.077, 3691952 
0.077, 3689947 
0.077, 3689377 
0.079, 3681169 
0.080, 3668274 
0.080, 3667282 
0.080, 3643235 
0.080, 3539027 
0.081, 3533429 
0.081, 3514389 
0.081, 3506964 
0.082, 3479275 
0.082, 3476342 
0.082, 3464438 
0.082, 3456656 
0.082, 3450797 
0.082, 3446112 
0.083, 3423140 
0.083, 3421371 
0.083, 3418747 
0.084, 3396827 
0.085, 3394139 
0.086, 3369534 
0.087, 3339387 
0.088, 3337076 
0.089, 3331618 
0.091, 3326679 
0.092, 3320459 
0.094, 3314051 
0.095, 3311634 
0.097, 3303143 
0.099, 3297489 
0.099, 3296784 
0.102, 3296586 
0.102, 3293910 
0.103, 3237183 
0.105, 3232480 
0.108, 3229375 
0.111, 3211216 
0.113, 3137706 
0.114, 3134710 
0.116, 3120916 
0.116, 3119850 
0.117, 3061093 
0.117, 3059055 
0.118, 3034129 
0.119, 3033957 
0.120, 3028885 
0.121, 2986774 
0.123, 2982785 
0.124, 2920860 
0.125, 2868156 
0.125, 2857771 
0.127, 2856195 
0.128, 2816122 
0.129, 2804637 
0.131, 2796428 
0.132, 2761642 
0.137, 2759658 
0.137, 2698026 
0.138, 2684344 
0.139, 2675124 
0.139, 2674058 
0.139, 2672173 
0.140, 2670420 
0.140, 2667733 
0.140, 2650394 
0.141, 2648947 
0.141, 2645175 
0.141, 2644595 
0.141, 2636623 
0.142, 2635014 
0.142, 2577368 
0.143, 2570516 
0.143, 2565343 
0.143, 2563660 
0.144, 2561392 
0.144, 2522530 
0.145, 2513705 
0.145, 2508720 
0.145, 2508069 
0.145, 2505202 
0.145, 2489010 
0.145, 2488803 
0.145, 2481598 
0.145, 2469187 
0.145, 2466087 
0.145, 2460498 
0.145, 2443588 
0.146, 2439041 
0.146, 2430562 
0.147, 2428994 
0.148, 2417967 
0.148, 2414538 
0.149, 2404097 
0.149, 2394685 
0.151, 2390949 
0.151, 2388915 
0.152, 2374226 
0.155, 2367606 
0.157, 2367478 
0.159, 2359443 
0.165, 2303321 
0.166, 2300200 
0.168, 2297611 
0.171, 2295799 
0.173, 2295286 
0.177, 2293243 
0.179, 2289443 
0.184, 2286671 
0.191, 2272289 
0.198, 2271351 
0.215, 2270761 
0.230, 2270577 
0.253, 2267908 
0.255, 2266720 
0.257, 2262656 
0.268, 2257189 
0.272, 2256900 
0.277, 2254527 
0.289, 2251409 
0.522, 2246300 
0.524, 2245215 
0.527, 2232104 
0.589, 2225611 
0.602, 2222693 
0.608, 2215959 
0.633, 2215345 
0.644, 2214887 
0.648, 2212569 
0.652, 2207998 
0.663, 2185215 
0.685, 2182307 
0.699, 2178751 
0.703, 2178693 
0.708, 2168755 
0.711, 2168381 
0.714, 2162313 
0.716, 2162301 
0.733, 2157180 
0.736, 2156627 
0.741, 2153977 
0.746, 2144504 
0.881, 2142646 
0.903, 2141771 
0.909, 2138698 
0.912, 2121926 
0.934, 2120549 
0.946, 2119069 
0.950, 2116843 
0.955, 2108319 
0.958, 2096420 
1.014, 2094565 
1.017, 2093386 
1.032, 2091418 
1.039, 2086404 
1.059, 2086171 
1.062, 2085248 
1.066, 2068233 
1.072, 2067243 
1.106, 2064932 
1.111, 2056474 
1.114, 2056445 
1.118, 2056250 
1.122, 2056017 
1.126, 2055094 
1.171, 2046895 
1.179, 2045580 
1.187, 2043376 
1.211, 2020316 
1.215, 2019856 
1.229, 2018612 
1.230, 2018010 
1.234, 2017976 
1.245, 2016157 
1.246, 2005480 
1.249, 2004954 
1.254, 2004760 
1.258, 2001424 
1.260, 2001191 
1.265, 2000268 
1.268, 1999950 
1.272, 1990844 
1.276, 1979158 
1.279, 1976820 
1.353, 1974665 
1.356, 1973042 
1.360, 1971427 
1.363, 1970348 
1.363, 1961011 
1.363, 1960684 
1.363, 1952899 
1.363, 1936442 
1.363, 1935356 
1.364, 1935319 
1.364, 1932006 
1.364, 1927166 
1.367, 1925312 
1.367, 1925084 
1.370, 1924432 
1.371, 1912860 
1.372, 1903314 
1.373, 1902995 
1.373, 1902099 
1.374, 1902058 
1.375, 1890816 
1.376, 1887898 
1.379, 1884110 
1.381, 1876072 
1.382, 1858455 
1.387, 1839823 
1.388, 1827554 
1.391, 1822914 
1.393, 1813950 
1.402, 1812986 
1.406, 1810432 
1.422, 1809961 
1.424, 1809697 
1.427, 1788053 
1.429, 1758090 
1.432, 1754744 
1.436, 1752391 
1.439, 1752231 
1.442, 1750897 
1.446, 1747573 
1.450, 1745924 
1.450, 1739125 
1.451, 1732192 
1.452, 1730310 
1.453, 1721510 
1.457, 1719536 
1.459, 1679894 
1.462, 1654712 
1.465, 1653912 
1.467, 1647149 
1.470, 1641514 
1.473, 1633767 
1.481, 1598753 
1.485, 1590383 
1.488, 1589536 
1.495, 1586796 
1.620, 1580001 
1.623, 1579206 
1.627, 1565483 
1.639, 1552941 
1.643, 1546860 
1.647, 1534912 
1.656, 1534843 
1.660, 1534169 
1.667, 1532131 
1.691, 1523540 
1.695, 1522513 
1.704, 1521717 
1.715, 1518983 
1.725, 1515286 
1.732, 1515098 
1.737, 1512553 
1.743, 1504176 
1.753, 1502218 
1.770, 1498590 
1.778, 1497690 
1.783, 1497473 
1.795, 1497434 
1.802, 1491841 
1.812, 1426950 
1.817, 1419019 
1.821, 1416279 
1.827, 1405101 
1.831, 1404125 
1.835, 1403444 
1.843, 1399179 
1.848, 1386395 
1.855, 1378004 
1.861, 1376433 
1.868, 1371169 
1.878, 1361922 
1.887, 1360639 
1.919, 1350688 
1.933, 1348140 
1.941, 1320367 
1.946, 1292838 
1.955, 1279346 
1.963, 1270758 
1.973, 1211155 
1.981, 1202067 
1.987, 1200543 
1.999, 1191016 
2.006, 1157364 
2.012, 1142107 
2.016, 1134284 
2.022, 1127094 
2.027, 1126037 
2.033, 1122122 
2.038, 1103633 
2.045, 1102247 
2.049, 1069120 
2.053, 1064585 
2.060, 1062832 
2.066, 1061159 
2.076, 1059912 
2.081, 1058367 
2.085, 1053951 
2.090, 1053058 
2.097, 1045832 
2.103, 1013986 
2.109, 1009115 
2.118, 1007477 
2.132, 998498 
2.139, 991272 
2.148, 979278 
2.166, 973174 
2.177, 961118 
2.184, 958712 
2.193, 950586 
2.222, 950009 
2.235, 947332 
2.249, 919509 
2.259, 909324 
2.269, 907170 
2.275, 906658 
2.283, 905586 
2.289, 887281 
2.300, 886879 
2.304, 853001 
2.311, 852258 
2.318, 851321 
2.326, 851308 
-5.755, 850114 
-5.746, 850074 
-5.702, 849967 
-5.681, 849839 
-5.663, 848651 
-5.644, 847981 
-5.624, 847393 
-5.606, 846309 
-5.606, 844824 
-5.596, 842384 
