0.000, 6008671 
0.000, 6007300 
0.000, 5954717 
0.000, 5933371 
0.000, 5910386 
0.001, 5864736 
0.001, 5811242 
0.001, 5786142 
0.001, 5762123 
0.001, 5747052 
0.001, 5738729 
0.002, 5693182 
0.002, 5664716 
0.002, 5651503 
0.002, 5604352 
0.002, 5603451 
0.002, 5590942 
0.002, 5587250 
0.002, 5487613 
0.003, 5483131 
0.003, 5454985 
0.003, 5439970 
0.004, 5405215 
0.004, 5395897 
0.004, 5375587 
0.004, 5337461 
0.005, 5310763 
0.005, 5262811 
0.005, 5238820 
0.005, 5216012 
0.006, 5195564 
0.006, 5188975 
0.006, 5160690 
0.006, 5154696 
0.006, 5110892 
0.006, 5102540 
0.006, 5081379 
0.006, 5076753 
0.006, 5071673 
0.007, 5069960 
0.007, 5063621 
0.007, 5023253 
0.007, 5017883 
0.007, 4989941 
0.007, 4987721 
0.007, 4980234 
0.007, 4973682 
0.007, 4963010 
0.007, 4944385 
0.007, 4865995 
0.007, 4855273 
0.008, 4840246 
0.008, 4817113 
0.008, 4816322 
0.008, 4815209 
0.008, 4805608 
0.008, 4788018 
0.009, 4785684 
0.009, 4770850 
0.009, 4770212 
0.009, 4765378 
0.009, 4755943 
0.009, 4751308 
0.010, 4741228 
0.010, 4728246 
0.010, 4704989 
0.010, 4702376 
0.010, 4698923 
0.010, 4680758 
0.010, 4677441 
0.010, 4675350 
0.010, 4654020 
0.010, 4621800 
0.011, 4621558 
0.011, 4614420 
0.011, 4606673 
0.012, 4604238 
0.012, 4582837 
0.012, 4581805 
0.012, 4574678 
0.012, 4571136 
0.012, 4568255 
0.012, 4551499 
0.012, 4541613 
0.013, 4530088 
0.013, 4526307 
0.013, 4520762 
0.013, 4510926 
0.013, 4491436 
0.013, 4490911 
0.014, 4488578 
0.014, 4483009 
0.014, 4440512 
0.015, 4438882 
0.015, 4432907 
0.015, 4406119 
0.015, 4370536 
0.015, 4334053 
0.015, 4319351 
0.015, 4280418 
0.015, 4274730 
0.015, 4258162 
0.015, 4249114 
0.015, 4248173 
0.016, 4228602 
0.016, 4228382 
0.016, 4208288 
0.016, 4206305 
0.016, 4178125 
0.016, 4170737 
0.016, 4114455 
0.016, 4068965 
0.017, 4059608 
0.017, 4035478 
0.017, 4004778 
0.017, 4002510 
0.018, 3987652 
0.018, 3982364 
0.019, 3979728 
0.019, 3978382 
0.020, 3970887 
0.020, 3968719 
0.020, 3965289 
0.021, 3956743 
0.021, 3953297 
0.021, 3950725 
0.021, 3932484 
0.021, 3913992 
0.021, 3913926 
0.021, 3913666 
0.022, 3911246 
0.022, 3908143 
0.022, 3900776 
0.022, 3896477 
0.022, 3890542 
0.022, 3825737 
0.022, 3814430 
0.023, 3811233 
0.024, 3800540 
0.024, 3781199 
0.024, 3773620 
0.024, 3747484 
0.024, 3745709 
0.024, 3739695 
0.025, 3737877 
0.025, 3736793 
0.025, 3732370 
0.026, 3731894 
0.026, 3657200 
0.026, 3621867 
0.026, 3580526 
0.026, 3518938 
0.026, 3499238 
0.026, 3478525 
0.026, 3472915 
0.026, 3459650 
0.026, 3447098 
0.027, 3444193 
0.027, 3431892 
0.027, 3430140 
0.027, 3418850 
0.028, 3410682 
0.028, 3403309 
0.029, 3399889 
0.029, 3358646 
0.029, 3357393 
0.029, 3327681 
0.029, 3290844 
0.029, 3260367 
0.029, 3211337 
0.029, 3203304 
0.029, 3196235 
0.029, 3177937 
0.029, 3163556 
0.029, 3156169 
0.030, 3152386 
0.030, 3151909 
0.030, 3146495 
0.030, 3141025 
0.031, 3113164 
0.031, 3064222 
0.031, 3045698 
0.031, 3041127 
0.031, 3013994 
0.031, 2972034 
0.031, 2945952 
0.031, 2904151 
0.031, 2877183 
0.031, 2875180 
0.032, 2854748 
0.032, 2808162 
0.032, 2806677 
0.032, 2803519 
0.032, 2801532 
0.033, 2792418 
0.034, 2787490 
0.035, 2786799 
0.036, 2784777 
0.037, 2767472 
0.038, 2765362 
0.039, 2763744 
0.041, 2760657 
0.042, 2723180 
0.043, 2721091 
0.044, 2717434 
0.045, 2714975 
0.045, 2713738 
0.046, 2712652 
0.047, 2699967 
0.048, 2692949 
0.049, 2686899 
0.051, 2676009 
0.051, 2673051 
0.052, 2660104 
0.052, 2658254 
0.054, 2648214 
0.054, 2647100 
0.055, 2639701 
0.055, 2638544 
0.055, 2634530 
0.055, 2633188 
0.055, 2632137 
0.055, 2630446 
0.055, 2618293 
0.055, 2610492 
0.056, 2607329 
0.056, 2607200 
0.056, 2598078 
0.056, 2592087 
0.056, 2587447 
0.056, 2584738 
0.056, 2570937 
0.056, 2568140 
0.058, 2558523 
0.063, 2551514 
0.066, 2551334 
0.068, 2546187 
0.071, 2545370 
0.074, 2544748 
0.077, 2543451 
0.079, 2543087 
0.082, 2536460 
0.083, 2530123 
0.085, 2528613 
0.087, 2527786 
0.089, 2516867 
0.089, 2516029 
0.090, 2515345 
0.091, 2512340 
0.092, 2509752 
0.093, 2505449 
0.095, 2502973 
0.097, 2497516 
0.099, 2492099 
0.102, 2491552 
0.104, 2447334 
0.107, 2442851 
0.109, 2442691 
0.112, 2439800 
0.114, 2429913 
0.117, 2425239 
0.119, 2424713 
0.121, 2424519 
0.122, 2421183 
0.124, 2420950 
0.126, 2420027 
0.130, 2419288 
0.133, 2419116 
0.136, 2414164 
0.140, 2412147 
0.144, 2395318 
0.148, 2360703 
0.148, 2337356 
0.148, 2332381 
0.149, 2329577 
0.149, 2328807 
0.149, 2326513 
0.149, 2325459 
0.154, 2309664 
0.158, 2283143 
0.163, 2280877 
0.163, 2280067 
0.164, 2279676 
0.165, 2278751 
0.166, 2276419 
0.170, 2269574 
0.175, 2237330 
0.180, 2236803 
0.185, 2233823 
0.187, 2216921 
0.190, 2214985 
0.192, 2213919 
0.194, 2208949 
0.197, 2204460 
0.199, 2199103 
0.201, 2196276 
0.204, 2138877 
0.206, 2128690 
0.208, 2037757 
0.210, 2021053 
0.212, 1999538 
0.214, 1991893 
0.214, 1984872 
0.216, 1975580 
0.218, 1975497 
0.220, 1973465 
0.222, 1970396 
0.225, 1960214 
0.227, 1884600 
0.229, 1884278 
0.232, 1860647 
0.234, 1832930 
0.236, 1826825 
0.238, 1825232 
0.242, 1822782 
0.244, 1819021 
0.247, 1818213 
0.249, 1815295 
0.251, 1793857 
0.254, 1770368 
0.256, 1770253 
0.259, 1765804 
0.262, 1758493 
0.265, 1743531 
0.267, 1725407 
0.270, 1710923 
0.272, 1661914 
0.275, 1652308 
0.278, 1651343 
0.281, 1644818 
0.284, 1633989 
0.287, 1627848 
0.290, 1625620 
0.293, 1617960 
0.298, 1617573 
0.301, 1617494 
0.305, 1602642 
0.308, 1600835 
0.311, 1600293 
0.314, 1599393 
0.318, 1599176 
0.322, 1598675 
0.326, 1579351 
0.329, 1575567 
0.333, 1575528 
0.337, 1575118 
0.340, 1570361 
0.344, 1568859 
0.349, 1555568 
0.349, 1522215 
0.349, 1517952 
0.349, 1516831 
0.349, 1515452 
0.349, 1515056 
0.349, 1510399 
0.349, 1508597 
0.349, 1508143 
0.350, 1501386 
0.350, 1483670 
0.351, 1483486 
0.352, 1474031 
0.363, 1464801 
0.371, 1411274 
0.380, 1405514 
0.392, 1405501 
0.401, 1403855 
0.405, 1396216 
0.409, 1396183 
0.413, 1374479 
0.416, 1374223 
0.420, 1358793 
0.424, 1328543 
0.428, 1326665 
0.432, 1292669 
0.436, 1283217 
0.440, 1280843 
0.444, 1274209 
0.448, 1255985 
0.454, 1246029 
0.458, 1244758 
0.461, 1236245 
0.465, 1232856 
0.469, 1200789 
0.473, 1194374 
0.477, 1194267 
0.481, 1186511 
0.485, 1172145 
0.489, 1168460 
0.493, 1165440 
0.497, 1164417 
0.501, 1164049 
0.505, 1126970 
0.509, 1125691 
0.513, 1120785 
0.519, 1114200 
0.526, 1112050 
0.530, 1109170 
0.535, 1101604 
0.539, 1099420 
0.543, 1099369 
0.547, 1094573 
0.551, 1093231 
0.556, 1090640 
0.560, 1055445 
0.565, 1052461 
0.569, 1052048 
0.573, 1029634 
0.577, 1028348 
0.582, 1023458 
0.587, 1021614 
0.593, 1016460 
0.597, 1004762 
0.602, 1003434 
0.606, 1002117 
0.611, 1001723 
0.615, 1000503 
0.619, 996836 
0.624, 972918 
0.628, 972002 
0.632, 966510 
0.637, 966103 
0.641, 949912 
0.645, 939454 
0.650, 938382 
0.654, 919499 
0.664, 919492 
0.672, 919090 
0.681, 918960 
0.690, 912376 
0.699, 911102 
0.706, 908504 
0.710, 878694 
0.715, 878533 
0.719, 873323 
0.723, 871511 
0.727, 860429 
0.732, 854962 
0.736, 852846 
0.741, 846153 
