0.000, 5572390 
0.000, 5563567 
0.000, 5557533 
0.001, 5524414 
0.001, 5520709 
0.002, 5438944 
0.002, 5437838 
0.002, 5398281 
0.004, 5318719 
0.004, 5316404 
0.005, 5307728 
0.006, 5248048 
0.006, 5237143 
0.006, 5194682 
0.007, 5163944 
0.007, 5135552 
0.008, 5127349 
0.008, 5111422 
0.008, 5103662 
0.008, 5076482 
0.008, 5071583 
0.009, 5062693 
0.009, 5029203 
0.010, 4985129 
0.010, 4953447 
0.010, 4948500 
0.010, 4939975 
0.010, 4905166 
0.011, 4837790 
0.011, 4818076 
0.011, 4810333 
0.011, 4801546 
0.011, 4778450 
0.011, 4751954 
0.011, 4750985 
0.012, 4749832 
0.012, 4729877 
0.012, 4710098 
0.012, 4684693 
0.012, 4670288 
0.012, 4666181 
0.012, 4654908 
0.012, 4625429 
0.012, 4610191 
0.012, 4575488 
0.012, 4550943 
0.013, 4517869 
0.013, 4516178 
0.013, 4515810 
0.013, 4513069 
0.013, 4491075 
0.013, 4438166 
0.013, 4431486 
0.013, 4396536 
0.013, 4386792 
0.013, 4381105 
0.014, 4374165 
0.014, 4365952 
0.014, 4359664 
0.014, 4357695 
0.014, 4352834 
0.014, 4345971 
0.014, 4343174 
0.015, 4328116 
0.015, 4319126 
0.016, 4318215 
0.016, 4317931 
0.016, 4302600 
0.016, 4296678 
0.016, 4249993 
0.016, 4246023 
0.016, 4220255 
0.016, 4214795 
0.016, 4209897 
0.016, 4168762 
0.016, 4165193 
0.017, 4131243 
0.017, 4083209 
0.017, 4082855 
0.017, 4081370 
0.018, 4075759 
0.018, 4074268 
0.018, 4071828 
0.018, 4071759 
0.018, 4060687 
0.018, 4056440 
0.018, 4018973 
0.018, 4018403 
0.018, 3978727 
0.019, 3935561 
0.019, 3934267 
0.019, 3919140 
0.019, 3915710 
0.020, 3885197 
0.020, 3871207 
0.020, 3863133 
0.020, 3856623 
0.020, 3854102 
0.020, 3842413 
0.020, 3802876 
0.021, 3793416 
0.022, 3787403 
0.022, 3715377 
0.022, 3695993 
0.022, 3657721 
0.023, 3650652 
0.023, 3646341 
0.023, 3633190 
0.024, 3626478 
0.024, 3618790 
0.024, 3610913 
0.025, 3608852 
0.025, 3607798 
0.026, 3602068 
0.026, 3562612 
0.026, 3537611 
0.026, 3518375 
0.026, 3508703 
0.026, 3501937 
0.026, 3478176 
0.026, 3476003 
0.027, 3390341 
0.027, 3388113 
0.030, 3364240 
0.031, 3363145 
0.031, 3362693 
0.031, 3358504 
0.031, 3317096 
0.031, 3313089 
0.031, 3280520 
0.032, 3277606 
0.033, 3272710 
0.034, 3235124 
0.034, 3219372 
0.034, 3179536 
0.035, 3161212 
0.038, 3160641 
0.040, 3151926 
0.040, 3149393 
0.041, 3145704 
0.041, 3139536 
0.042, 3121329 
0.043, 3120245 
0.044, 3119216 
0.044, 3116041 
0.045, 3108001 
0.048, 3100548 
0.050, 3084983 
0.053, 3079588 
0.055, 3076923 
0.058, 3072287 
0.061, 3060050 
0.065, 3047438 
0.066, 3047404 
0.069, 3043550 
0.071, 3042508 
0.074, 3035290 
0.076, 3032725 
0.078, 3019679 
0.081, 3017431 
0.084, 2995800 
0.086, 2994107 
0.089, 2966159 
0.096, 2943062 
0.096, 2935766 
0.096, 2931160 
0.097, 2824036 
0.097, 2798606 
0.097, 2796226 
0.097, 2794608 
0.097, 2763140 
0.097, 2724646 
0.097, 2710437 
0.098, 2709508 
0.099, 2614740 
0.101, 2613201 
0.102, 2610934 
0.102, 2610541 
0.103, 2605342 
0.103, 2591910 
0.104, 2568563 
0.106, 2562908 
0.107, 2561942 
0.108, 2559499 
0.108, 2549016 
0.109, 2544488 
0.111, 2531032 
0.113, 2530054 
0.116, 2520979 
0.118, 2483848 
0.119, 2470594 
0.121, 2464266 
0.124, 2452582 
0.126, 2451769 
0.128, 2450839 
0.132, 2446390 
0.135, 2442428 
0.138, 2418129 
0.141, 2399282 
0.145, 2378767 
0.148, 2369946 
0.151, 2365996 
0.153, 2337810 
0.156, 2336804 
0.159, 2336573 
0.163, 2335641 
0.167, 2333559 
0.170, 2333547 
0.174, 2330430 
0.177, 2329466 
0.182, 2327404 
0.186, 2313942 
0.191, 2309874 
0.197, 2305396 
0.203, 2278080 
0.210, 2278022 
0.216, 2277205 
0.223, 2274139 
0.226, 2272823 
0.229, 2270494 
0.231, 2269941 
0.232, 2259264 
0.234, 2258580 
0.235, 2258568 
0.236, 2255367 
0.239, 2253565 
0.242, 2251718 
0.244, 2244466 
0.246, 2231354 
0.248, 2228104 
0.250, 2225227 
0.252, 2221390 
0.255, 2219972 
0.257, 2218889 
0.261, 2195888 
0.265, 2194897 
0.268, 2171232 
0.269, 2167590 
0.269, 2167503 
0.270, 2153564 
0.271, 2153331 
0.272, 2152408 
0.274, 2145893 
0.276, 2141328 
0.279, 2135205 
0.282, 2129302 
0.285, 2123318 
0.290, 2122993 
0.294, 2122960 
0.298, 2119727 
0.300, 2115653 
0.303, 2113526 
0.306, 2110716 
0.309, 2089087 
0.312, 2087872 
0.314, 2085983 
0.317, 2082139 
0.320, 2080807 
0.323, 2037651 
0.328, 2004294 
0.332, 1997154 
0.336, 1985506 
0.339, 1985296 
0.342, 1984877 
0.345, 1978116 
0.348, 1967658 
0.353, 1965860 
0.356, 1944760 
0.360, 1942315 
0.364, 1923153 
0.368, 1879469 
0.372, 1872706 
0.375, 1871808 
0.379, 1862595 
0.383, 1861619 
0.387, 1856854 
0.391, 1853356 
0.397, 1846451 
0.401, 1843250 
0.404, 1833398 
0.408, 1809129 
0.412, 1808457 
0.422, 1786630 
0.430, 1779549 
0.437, 1718736 
0.444, 1717108 
0.452, 1701561 
0.457, 1692009 
0.461, 1668229 
0.466, 1649711 
0.470, 1638389 
0.474, 1589767 
0.479, 1571824 
0.483, 1570151 
0.487, 1568779 
0.491, 1566952 
0.495, 1553464 
0.499, 1515792 
0.503, 1513664 
0.509, 1494135 
0.513, 1492308 
0.517, 1490756 
0.521, 1484347 
0.525, 1467758 
0.525, 1444876 
0.525, 1442844 
0.525, 1442693 
0.525, 1442392 
0.525, 1437046 
0.525, 1433958 
0.525, 1433300 
0.525, 1427904 
0.525, 1424777 
0.525, 1422843 
0.525, 1422735 
0.525, 1406720 
0.526, 1402001 
0.526, 1397897 
0.527, 1396809 
0.527, 1396131 
0.528, 1395298 
0.528, 1371834 
0.529, 1332598 
0.530, 1330747 
0.531, 1310861 
0.532, 1289919 
0.533, 1275042 
0.534, 1249608 
0.535, 1242300 
0.536, 1214713 
0.537, 1212272 
0.538, 1175819 
0.539, 1173392 
0.540, 1172113 
0.541, 1151146 
0.542, 1146445 
0.544, 1110453 
0.545, 1100126 
0.547, 1095947 
0.549, 1080500 
0.550, 1068414 
0.551, 1060850 
0.553, 1058057 
0.554, 1057907 
0.556, 1057614 
0.557, 1037496 
0.558, 1024647 
0.559, 1021099 
0.560, 1009760 
0.561, 1009592 
0.563, 1000905 
0.564, 997864 
0.565, 993365 
0.566, 975627 
0.568, 974299 
0.570, 973900 
0.572, 961719 
0.574, 944743 
0.576, 942347 
0.581, 942098 
0.583, 940756 
0.586, 940013 
0.588, 939777 
0.590, 931982 
0.592, 927526 
0.595, 926920 
0.597, 925520 
0.601, 923389 
0.605, 922361 
0.608, 914869 
0.611, 914832 
0.614, 911441 
0.617, 873128 
0.621, 871715 
0.625, 869069 
0.629, 868261 
0.634, 865343 
0.639, 864889 
0.644, 862851 
0.649, 857611 
0.657, 857069 
0.663, 856169 
0.667, 855952 
0.672, 855913 
0.676, 842426 
0.681, 842311 
