0.000, 6438644 
0.000, 6372746 
0.000, 6369863 
0.000, 6332249 
0.000, 6331034 
0.001, 6330764 
0.001, 6302674 
0.001, 6294711 
0.001, 6249927 
0.001, 6249745 
0.001, 6216422 
0.001, 6214873 
0.002, 6194731 
0.002, 6185344 
0.002, 6181548 
0.003, 6156969 
0.003, 6146871 
0.003, 6132517 
0.003, 6097649 
0.003, 6085690 
0.003, 6080966 
0.003, 6057763 
0.003, 6057723 
0.003, 5992012 
0.004, 5958031 
0.004, 5917276 
0.004, 5915295 
0.004, 5895510 
0.005, 5863729 
0.005, 5815787 
0.006, 5802818 
0.006, 5748117 
0.007, 5736982 
0.008, 5736354 
0.008, 5723180 
0.008, 5697033 
0.008, 5654824 
0.008, 5632056 
0.009, 5627500 
0.009, 5614275 
0.009, 5562166 
0.009, 5527245 
0.009, 5522653 
0.009, 5521009 
0.009, 5494695 
0.009, 5487347 
0.009, 5481052 
0.009, 5449690 
0.009, 5446582 
0.009, 5407580 
0.009, 5351519 
0.009, 5350312 
0.009, 5325911 
0.009, 5322910 
0.010, 5296292 
0.010, 5227827 
0.010, 5217857 
0.011, 5211747 
0.011, 5171515 
0.011, 5157828 
0.011, 5131627 
0.011, 5117500 
0.011, 5087533 
0.011, 5077597 
0.011, 5054687 
0.012, 5041997 
0.012, 5015107 
0.012, 5010581 
0.012, 5000933 
0.013, 4978633 
0.013, 4975183 
0.013, 4935436 
0.014, 4935197 
0.015, 4933364 
0.015, 4902493 
0.015, 4869702 
0.015, 4850364 
0.016, 4825499 
0.016, 4819519 
0.016, 4815792 
0.016, 4698756 
0.016, 4668139 
0.017, 4666591 
0.017, 4642976 
0.017, 4520704 
0.017, 4495566 
0.017, 4485413 
0.017, 4476936 
0.017, 4469266 
0.017, 4458478 
0.017, 4452477 
0.017, 4445517 
0.017, 4432383 
0.017, 4416019 
0.018, 4411010 
0.018, 4362832 
0.018, 4358926 
0.018, 4357062 
0.018, 4275216 
0.019, 4270402 
0.019, 4174960 
0.019, 4166877 
0.019, 4161826 
0.019, 4080643 
0.019, 4053432 
0.019, 4049497 
0.019, 4038530 
0.019, 4027761 
0.020, 4022346 
0.021, 4016958 
0.021, 4016716 
0.022, 4008639 
0.022, 3977181 
0.022, 3945001 
0.022, 3901320 
0.022, 3895596 
0.022, 3885532 
0.022, 3884508 
0.022, 3848161 
0.023, 3846391 
0.023, 3811011 
0.023, 3807201 
0.023, 3797557 
0.025, 3794333 
0.025, 3793757 
0.025, 3686447 
0.025, 3670489 
0.025, 3668013 
0.025, 3652475 
0.025, 3631760 
0.025, 3625937 
0.025, 3610126 
0.025, 3587137 
0.026, 3585218 
0.026, 3582207 
0.027, 3577271 
0.028, 3577099 
0.029, 3570905 
0.029, 3567957 
0.029, 3484012 
0.030, 3455818 
0.030, 3452422 
0.030, 3448944 
0.032, 3416157 
0.033, 3342125 
0.035, 3341749 
0.037, 3340730 
0.039, 3324192 
0.041, 3320896 
0.041, 3318329 
0.042, 3314528 
0.043, 3283213 
0.045, 3282039 
0.046, 3263115 
0.047, 3244598 
0.047, 3243727 
0.048, 3228982 
0.048, 3226358 
0.049, 3149610 
0.050, 3142780 
0.050, 3140793 
0.051, 3124235 
0.053, 3123642 
0.053, 3120978 
0.054, 3107289 
0.055, 3092700 
0.057, 3088300 
0.058, 3080560 
0.059, 3048856 
0.060, 3036354 
0.062, 3029986 
0.062, 3025661 
0.063, 3024656 
0.064, 3013238 
0.065, 2998712 
0.066, 2997636 
0.068, 2982000 
0.069, 2973896 
0.069, 2972659 
0.071, 2972503 
0.071, 2971632 
0.075, 2968996 
0.076, 2966391 
0.077, 2958001 
0.078, 2953595 
0.078, 2951557 
0.079, 2945911 
0.079, 2927124 
0.079, 2927069 
0.081, 2925773 
0.081, 2923092 
0.082, 2922687 
0.085, 2918813 
0.085, 2910684 
0.086, 2897895 
0.088, 2885580 
0.089, 2869668 
0.090, 2865401 
0.090, 2861076 
0.091, 2858359 
0.092, 2846999 
0.094, 2843578 
0.096, 2841546 
0.099, 2836564 
0.103, 2826424 
0.104, 2826168 
0.105, 2779857 
0.106, 2760173 
0.107, 2759049 
0.107, 2755640 
0.108, 2755338 
0.110, 2742921 
0.112, 2741819 
0.113, 2737952 
0.116, 2731457 
0.119, 2702624 
0.122, 2698929 
0.125, 2693369 
0.127, 2691014 
0.129, 2690143 
0.131, 2689841 
0.134, 2677500 
0.135, 2676398 
0.138, 2666111 
0.141, 2656836 
0.144, 2649882 
0.146, 2632533 
0.148, 2626210 
0.151, 2616725 
0.153, 2613735 
0.156, 2596509 
0.160, 2573598 
0.164, 2569351 
0.171, 2569257 
0.179, 2483564 
0.184, 2482436 
0.191, 2480732 
0.196, 2473773 
0.201, 2450858 
0.205, 2414960 
0.208, 2412908 
0.211, 2409392 
0.213, 2408305 
0.216, 2406162 
0.218, 2405674 
0.222, 2379528 
0.225, 2379079 
0.228, 2373699 
0.231, 2373520 
0.234, 2373318 
0.238, 2371245 
0.243, 2364749 
0.245, 2317849 
0.246, 2313753 
0.247, 2312686 
0.248, 2312486 
0.249, 2306699 
0.250, 2305096 
0.250, 2299242 
0.251, 2291422 
0.252, 2259494 
0.254, 2240918 
0.255, 2239703 
0.256, 2237048 
0.258, 2208459 
0.259, 2202980 
0.261, 2201985 
0.262, 2201721 
0.264, 2188624 
0.265, 2187340 
0.266, 2165862 
0.268, 2164897 
0.269, 2162366 
0.270, 2159543 
0.272, 2159153 
0.273, 2149831 
0.275, 2141857 
0.276, 2138441 
0.277, 2130890 
0.278, 2066720 
0.280, 2059957 
0.282, 2054322 
0.284, 2045769 
0.286, 2044922 
0.289, 2043770 
0.294, 2043485 
0.298, 2042445 
0.303, 2038769 
0.307, 2032071 
0.316, 2030137 
0.320, 2022444 
0.323, 2021544 
0.327, 2021327 
0.330, 2021288 
0.333, 2007443 
0.340, 2002260 
0.344, 1987480 
0.348, 1979549 
0.356, 1976809 
0.359, 1964489 
0.362, 1963513 
0.365, 1961656 
0.368, 1959692 
0.371, 1946908 
0.374, 1946714 
0.378, 1885232 
0.381, 1848638 
0.384, 1836012 
0.391, 1834046 
0.394, 1785754 
0.397, 1745255 
0.400, 1741594 
0.404, 1736330 
0.407, 1719546 
0.411, 1679726 
0.416, 1674209 
0.422, 1652239 
0.426, 1646100 
0.429, 1645642 
0.432, 1645157 
0.436, 1642075 
0.441, 1640662 
0.446, 1609316 
0.450, 1606865 
0.455, 1604924 
0.461, 1594308 
0.473, 1593850 
0.482, 1581153 
0.488, 1578710 
0.495, 1578697 
0.502, 1555183 
0.509, 1533468 
0.516, 1516208 
0.520, 1515624 
0.524, 1513996 
0.528, 1511722 
0.531, 1510919 
0.535, 1466949 
0.539, 1426262 
0.543, 1423711 
0.547, 1423427 
0.550, 1417102 
0.554, 1409078 
0.557, 1408620 
0.561, 1397293 
0.565, 1393119 
0.569, 1391548 
0.574, 1389270 
0.581, 1383612 
0.586, 1360534 
0.594, 1343376 
0.600, 1338694 
0.604, 1338106 
0.608, 1321101 
0.612, 1295936 
0.617, 1251582 
0.622, 1250070 
0.626, 1229959 
0.630, 1215810 
0.633, 1209444 
0.638, 1198671 
0.644, 1179787 
0.650, 1177900 
0.655, 1172311 
0.662, 1158068 
0.670, 1137017 
0.678, 1116963 
0.684, 1104335 
0.693, 1089417 
0.699, 1063487 
0.705, 1054739 
0.713, 1035709 
0.723, 1025197 
0.730, 1023869 
0.736, 1023316 
0.743, 1020585 
0.749, 1016718 
0.769, 1015904 
0.778, 1011973 
0.788, 996552 
0.798, 995555 
0.817, 990130 
0.829, 989587 
0.837, 988646 
0.849, 977803 
0.857, 971851 
0.865, 971800 
0.869, 969669 
0.876, 963057 
0.881, 955226 
0.885, 951384 
0.891, 948220 
0.897, 948034 
0.907, 947843 
0.918, 935909 
0.927, 921691 
0.928, 917842 
0.929, 908094 
0.930, 905711 
0.930, 902283 
0.931, 893323 
0.932, 888740 
0.933, 885283 
0.936, 884456 
0.937, 881677 
0.939, 879459 
0.940, 870016 
0.942, 868611 
0.943, 867647 
0.945, 862629 
0.947, 853651 
0.949, 846246 
0.951, 842128 
0.953, 841968 
0.954, 839077 
0.958, 836922 
0.961, 836910 
