0.000, 5825443 
0.000, 5818601 
0.000, 5795751 
0.000, 5769857 
0.000, 5763078 
0.000, 5762850 
0.001, 5716824 
0.001, 5716517 
0.001, 5691648 
0.002, 5681054 
0.002, 5631787 
0.002, 5598214 
0.002, 5567578 
0.002, 5546482 
0.002, 5511026 
0.003, 5463293 
0.004, 5463045 
0.004, 5454668 
0.005, 5422986 
0.006, 5418444 
0.006, 5413970 
0.006, 5394212 
0.006, 5381695 
0.007, 5379123 
0.007, 5361795 
0.007, 5352904 
0.007, 5313823 
0.007, 5251202 
0.007, 5247200 
0.007, 5246318 
0.007, 5216474 
0.007, 5202532 
0.007, 5198284 
0.007, 5187278 
0.007, 5126508 
0.008, 5107915 
0.008, 5063454 
0.008, 5046992 
0.008, 5045847 
0.008, 5009501 
0.008, 4992069 
0.008, 4987554 
0.008, 4962538 
0.009, 4941300 
0.009, 4931474 
0.009, 4920798 
0.009, 4893866 
0.010, 4882388 
0.010, 4874250 
0.010, 4867541 
0.010, 4854678 
0.010, 4821553 
0.011, 4814231 
0.011, 4753032 
0.011, 4667887 
0.011, 4655128 
0.011, 4644847 
0.011, 4641657 
0.012, 4619090 
0.012, 4609109 
0.012, 4608555 
0.012, 4581369 
0.012, 4579188 
0.012, 4535617 
0.012, 4531836 
0.013, 4525083 
0.014, 4523696 
0.015, 4518013 
0.015, 4517792 
0.015, 4477738 
0.015, 4472544 
0.015, 4442249 
0.015, 4438022 
0.017, 4435365 
0.017, 4396161 
0.018, 4391290 
0.018, 4387620 
0.018, 4387336 
0.018, 4375464 
0.019, 4373464 
0.019, 4368331 
0.020, 4361152 
0.020, 4356360 
0.020, 4312887 
0.021, 4312679 
0.021, 4276191 
0.021, 4261835 
0.021, 4258133 
0.021, 4256331 
0.021, 4247290 
0.021, 4232669 
0.022, 4232360 
0.022, 4198675 
0.022, 4197982 
0.023, 4196497 
0.024, 4193482 
0.024, 4081986 
0.025, 4070410 
0.025, 4046772 
0.025, 4039461 
0.026, 4037193 
0.026, 4031025 
0.026, 4028268 
0.027, 4027425 
0.027, 4023868 
0.028, 4020612 
0.028, 4017194 
0.028, 3988708 
0.028, 3966484 
0.028, 3964302 
0.028, 3963948 
0.028, 3849295 
0.028, 3844130 
0.028, 3819867 
0.029, 3750868 
0.029, 3707047 
0.029, 3669619 
0.029, 3596663 
0.029, 3544335 
0.029, 3533379 
0.029, 3475847 
0.029, 3396216 
0.029, 3391065 
0.030, 3388224 
0.030, 3314714 
0.030, 3314520 
0.030, 3313542 
0.030, 3311688 
0.031, 3309416 
0.031, 3303280 
0.032, 3280998 
0.033, 3276046 
0.034, 3269995 
0.035, 3267001 
0.036, 3257260 
0.037, 3221317 
0.038, 3218107 
0.039, 3204774 
0.040, 3186406 
0.041, 3181850 
0.042, 3178611 
0.044, 3117292 
0.046, 3115470 
0.047, 3094088 
0.048, 3028358 
0.050, 3009475 
0.050, 3005479 
0.052, 2980100 
0.054, 2979159 
0.055, 2956064 
0.058, 2954425 
0.060, 2946145 
0.063, 2942230 
0.068, 2940851 
0.070, 2938731 
0.072, 2919925 
0.073, 2918232 
0.075, 2913946 
0.075, 2911982 
0.077, 2902757 
0.077, 2897682 
0.078, 2892729 
0.079, 2890079 
0.079, 2888995 
0.079, 2886671 
0.081, 2884887 
0.081, 2884296 
0.081, 2881137 
0.082, 2875385 
0.082, 2873153 
0.082, 2872069 
0.083, 2869745 
0.084, 2869451 
0.086, 2863714 
0.087, 2852318 
0.088, 2850245 
0.088, 2846823 
0.089, 2846776 
0.089, 2846024 
0.090, 2842766 
0.090, 2842581 
0.091, 2824674 
0.091, 2823539 
0.092, 2820328 
0.092, 2812686 
0.093, 2810531 
0.094, 2808222 
0.096, 2799452 
0.097, 2788936 
0.099, 2765905 
0.101, 2739800 
0.102, 2739066 
0.104, 2738922 
0.105, 2702058 
0.107, 2699270 
0.108, 2698500 
0.110, 2695312 
0.111, 2688511 
0.113, 2686204 
0.115, 2684599 
0.117, 2669713 
0.119, 2668668 
0.121, 2656788 
0.124, 2652767 
0.126, 2647219 
0.128, 2632743 
0.131, 2583743 
0.133, 2551840 
0.135, 2549869 
0.136, 2548456 
0.138, 2538257 
0.139, 2536786 
0.141, 2535298 
0.143, 2530343 
0.146, 2522848 
0.148, 2522814 
0.150, 2521436 
0.153, 2518265 
0.155, 2515286 
0.158, 2513784 
0.161, 2497557 
0.164, 2465430 
0.166, 2457387 
0.169, 2456529 
0.172, 2403637 
0.175, 2403543 
0.177, 2400570 
0.180, 2397484 
0.183, 2384491 
0.186, 2367272 
0.188, 2356976 
0.189, 2356818 
0.190, 2356807 
0.191, 2356290 
0.192, 2355727 
0.193, 2349736 
0.194, 2349002 
0.194, 2343275 
0.195, 2342997 
0.196, 2327095 
0.198, 2313838 
0.199, 2309270 
0.199, 2231786 
0.199, 2231695 
0.200, 2228122 
0.200, 2210448 
0.201, 2208312 
0.201, 2204582 
0.202, 2199810 
0.204, 2197968 
0.205, 2184566 
0.207, 2170735 
0.208, 2161313 
0.210, 2157994 
0.212, 2157532 
0.214, 2106051 
0.216, 2105537 
0.219, 2092661 
0.221, 2090863 
0.224, 2082292 
0.226, 2081479 
0.229, 2078505 
0.231, 2073339 
0.234, 2058430 
0.236, 2051879 
0.239, 2013689 
0.244, 1971363 
0.247, 1969650 
0.250, 1962792 
0.252, 1962677 
0.255, 1961680 
0.258, 1954885 
0.261, 1940935 
0.266, 1940656 
0.272, 1888009 
0.276, 1886189 
0.279, 1885786 
0.282, 1880135 
0.285, 1877011 
0.288, 1876636 
0.291, 1873525 
0.293, 1872681 
0.296, 1866661 
0.299, 1841288 
0.302, 1841256 
0.307, 1835283 
0.310, 1834286 
0.313, 1808568 
0.316, 1792047 
0.319, 1791375 
0.321, 1784860 
0.321, 1784834 
0.321, 1782068 
0.323, 1779673 
0.325, 1777656 
0.327, 1777573 
0.329, 1773177 
0.331, 1773050 
0.334, 1770132 
0.337, 1752559 
0.340, 1751788 
0.344, 1749104 
0.347, 1746876 
0.351, 1739216 
0.354, 1739094 
0.358, 1737388 
0.365, 1664300 
0.372, 1663361 
0.382, 1661582 
0.394, 1661492 
0.401, 1660386 
0.408, 1641341 
0.412, 1620527 
0.416, 1618564 
0.420, 1618168 
0.423, 1589901 
0.427, 1583528 
0.431, 1576448 
0.435, 1572563 
0.438, 1572561 
0.442, 1571446 
0.446, 1560815 
0.450, 1547773 
0.454, 1529142 
0.460, 1525698 
0.464, 1525302 
0.468, 1512971 
0.472, 1512891 
0.477, 1512861 
0.481, 1493294 
0.485, 1491917 
0.489, 1481794 
0.494, 1477590 
0.498, 1437463 
0.498, 1409407 
0.498, 1402708 
0.498, 1399216 
0.498, 1398541 
0.498, 1398145 
0.498, 1393488 
0.499, 1390783 
0.499, 1390737 
0.504, 1373769 
0.509, 1369459 
0.513, 1345863 
0.517, 1339347 
0.521, 1309932 
0.525, 1307463 
0.531, 1307451 
0.536, 1290736 
0.540, 1277145 
0.545, 1272208 
0.549, 1264026 
0.553, 1236668 
0.557, 1217011 
0.561, 1216904 
0.565, 1180078 
0.569, 1153675 
0.573, 1133770 
0.577, 1101225 
0.581, 1086559 
0.585, 1064243 
0.589, 1055412 
0.593, 1040915 
0.598, 1036426 
0.604, 1034201 
0.608, 1033085 
0.612, 1023083 
0.616, 1023050 
0.620, 1021578 
0.624, 1019394 
0.629, 1019341 
0.634, 1014157 
0.639, 1010404 
0.644, 999287 
0.648, 997887 
0.652, 997667 
0.658, 996284 
0.663, 995018 
0.668, 993638 
0.672, 979731 
0.682, 969003 
0.691, 968937 
0.709, 968739 
0.736, 957470 
0.778, 955397 
0.797, 931479 
0.813, 916643 
0.829, 895704 
0.845, 894376 
0.862, 891107 
0.876, 889345 
0.885, 885887 
0.893, 862193 
0.898, 859415 
0.904, 855326 
