0.000, 5580817 
0.000, 5580775 
0.001, 5578408 
0.001, 5506250 
0.001, 5467740 
0.001, 5463002 
0.001, 5444880 
0.001, 5421388 
0.002, 5371555 
0.002, 5328378 
0.002, 5314559 
0.003, 5309734 
0.003, 5284436 
0.003, 5239788 
0.003, 5226698 
0.004, 5218400 
0.004, 5217634 
0.004, 5157056 
0.005, 5144963 
0.005, 5064033 
0.005, 5056967 
0.005, 5053132 
0.005, 5003183 
0.006, 5002966 
0.006, 5002567 
0.006, 5002081 
0.006, 4966848 
0.007, 4965387 
0.007, 4962572 
0.007, 4950503 
0.007, 4934486 
0.007, 4857270 
0.007, 4843328 
0.007, 4842695 
0.007, 4814720 
0.007, 4764124 
0.007, 4734667 
0.007, 4725289 
0.007, 4659136 
0.007, 4635599 
0.007, 4606943 
0.007, 4592921 
0.007, 4555596 
0.007, 4552861 
0.007, 4547349 
0.007, 4545303 
0.007, 4538610 
0.007, 4533851 
0.007, 4486645 
0.008, 4480277 
0.008, 4479726 
0.008, 4469269 
0.008, 4468388 
0.008, 4426885 
0.008, 4421512 
0.009, 4414663 
0.009, 4407439 
0.009, 4401003 
0.009, 4380012 
0.010, 4373871 
0.010, 4345525 
0.010, 4312662 
0.010, 4285117 
0.011, 4275227 
0.011, 4271991 
0.011, 4240699 
0.011, 4229359 
0.011, 4206471 
0.011, 4201210 
0.016, 4199788 
0.016, 4195833 
0.016, 4183114 
0.017, 4179918 
0.018, 4173193 
0.018, 4154507 
0.018, 4132861 
0.019, 4119669 
0.020, 4118585 
0.021, 4115548 
0.022, 4113342 
0.022, 4102375 
0.022, 4066081 
0.022, 4013463 
0.022, 3997420 
0.022, 3993300 
0.022, 3971651 
0.023, 3968492 
0.024, 3955312 
0.024, 3954768 
0.024, 3928207 
0.024, 3900783 
0.024, 3890657 
0.024, 3888770 
0.024, 3876900 
0.024, 3858821 
0.024, 3854572 
0.024, 3844993 
0.025, 3843571 
0.025, 3836550 
0.025, 3787550 
0.025, 3761064 
0.025, 3758485 
0.025, 3750999 
0.025, 3743160 
0.025, 3727951 
0.025, 3708300 
0.025, 3701986 
0.026, 3687887 
0.026, 3648192 
0.026, 3646242 
0.026, 3623239 
0.026, 3620524 
0.026, 3618482 
0.026, 3613730 
0.026, 3592553 
0.027, 3587845 
0.027, 3571434 
0.027, 3558950 
0.028, 3557100 
0.029, 3556782 
0.029, 3551007 
0.030, 3550576 
0.030, 3549915 
0.033, 3549861 
0.033, 3530353 
0.033, 3518760 
0.033, 3518175 
0.034, 3505013 
0.034, 3502952 
0.034, 3490183 
0.034, 3488576 
0.035, 3481291 
0.035, 3476891 
0.035, 3470693 
0.035, 3470503 
0.035, 3458872 
0.036, 3458591 
0.037, 3449732 
0.037, 3404214 
0.037, 3401500 
0.037, 3373006 
0.037, 3362523 
0.038, 3354865 
0.038, 3346848 
0.039, 3342439 
0.040, 3341815 
0.040, 3334610 
0.040, 3329980 
0.041, 3329699 
0.041, 3327965 
0.043, 3313206 
0.046, 3312883 
0.047, 3303946 
0.050, 3300653 
0.053, 3291091 
0.056, 3290842 
0.059, 3288836 
0.062, 3284976 
0.066, 3282267 
0.066, 3278023 
0.066, 3274864 
0.068, 3274122 
0.069, 3273038 
0.071, 3269838 
0.071, 3263090 
0.072, 3256816 
0.072, 3256698 
0.072, 3253539 
0.073, 3230307 
0.073, 3229223 
0.075, 3209513 
0.075, 3207779 
0.077, 3180206 
0.077, 3178969 
0.079, 3174257 
0.080, 3155599 
0.082, 3153810 
0.084, 3122793 
0.088, 3107995 
0.089, 3052367 
0.089, 3051700 
0.089, 3050722 
0.089, 3041892 
0.089, 3027154 
0.090, 3025907 
0.090, 3009581 
0.090, 3001203 
0.091, 2998777 
0.091, 2996576 
0.091, 2983560 
0.091, 2977316 
0.092, 2974160 
0.092, 2972353 
0.092, 2969601 
0.093, 2967488 
0.093, 2916526 
0.094, 2914886 
0.095, 2909133 
0.095, 2899403 
0.095, 2872601 
0.096, 2872379 
0.096, 2871946 
0.097, 2868872 
0.097, 2867770 
0.098, 2865755 
0.099, 2861752 
0.099, 2835059 
0.099, 2830591 
0.099, 2828706 
0.100, 2826904 
0.101, 2809338 
0.102, 2808222 
0.103, 2806124 
0.104, 2802103 
0.105, 2801207 
0.106, 2800076 
0.108, 2707784 
0.109, 2707511 
0.110, 2695223 
0.111, 2692894 
0.113, 2685090 
0.115, 2681217 
0.116, 2676459 
0.118, 2665242 
0.119, 2629137 
0.121, 2628876 
0.122, 2623576 
0.124, 2623236 
0.125, 2622246 
0.127, 2554033 
0.127, 2551490 
0.128, 2541557 
0.128, 2540170 
0.129, 2539767 
0.131, 2532112 
0.133, 2530585 
0.134, 2530505 
0.135, 2528703 
0.137, 2519767 
0.138, 2517088 
0.140, 2515986 
0.141, 2509618 
0.143, 2509542 
0.145, 2507526 
0.146, 2492886 
0.148, 2451413 
0.150, 2450612 
0.152, 2448761 
0.154, 2447043 
0.156, 2446037 
0.158, 2438270 
0.161, 2437367 
0.163, 2424014 
0.166, 2401272 
0.168, 2400744 
0.171, 2396931 
0.171, 2394980 
0.171, 2388995 
0.172, 2388724 
0.172, 2380917 
0.173, 2378960 
0.174, 2374797 
0.176, 2373044 
0.177, 2371831 
0.179, 2368810 
0.180, 2363818 
0.183, 2358924 
0.185, 2357673 
0.188, 2323427 
0.191, 2311352 
0.196, 2305563 
0.197, 2303842 
0.199, 2289421 
0.201, 2289043 
0.202, 2288826 
0.204, 2285169 
0.206, 2283454 
0.208, 2281292 
0.209, 2280132 
0.210, 2279699 
0.212, 2278147 
0.214, 2274972 
0.215, 2265408 
0.217, 2265327 
0.219, 2259974 
0.220, 2257637 
0.221, 2257341 
0.223, 2253644 
0.225, 2251418 
0.227, 2250713 
0.228, 2247145 
0.230, 2242357 
0.232, 2241808 
0.234, 2239105 
0.236, 2238278 
0.238, 2231547 
0.240, 2230709 
0.242, 2226008 
0.244, 2217808 
0.247, 2217648 
0.253, 2217415 
0.255, 2216492 
0.258, 2202983 
0.260, 2202181 
0.261, 2199766 
0.263, 2198590 
0.266, 2196160 
0.268, 2184031 
0.271, 2166055 
0.274, 2145716 
0.277, 2144527 
0.280, 2137743 
0.283, 2094083 
0.286, 2092541 
0.289, 2084503 
0.291, 2050728 
0.294, 2048762 
0.297, 2032551 
0.300, 2025788 
0.303, 2024890 
0.309, 2000753 
0.312, 2000225 
0.316, 1991760 
0.319, 1989607 
0.323, 1970347 
0.326, 1930199 
0.330, 1928007 
0.333, 1910480 
0.337, 1909120 
0.340, 1902677 
0.344, 1882822 
0.347, 1866029 
0.351, 1857115 
0.354, 1835136 
0.358, 1826515 
0.364, 1776859 
0.371, 1773742 
0.378, 1757264 
0.385, 1755522 
0.392, 1732785 
0.399, 1685055 
0.403, 1665883 
0.407, 1642562 
0.410, 1639597 
0.414, 1613998 
0.417, 1613959 
0.421, 1606879 
0.425, 1606182 
0.428, 1600064 
0.432, 1584343 
0.436, 1580078 
0.437, 1577238 
0.437, 1573057 
0.441, 1559103 
0.444, 1558438 
0.450, 1555952 
0.454, 1549629 
0.458, 1541243 
0.461, 1540973 
0.465, 1525265 
0.469, 1508059 
0.473, 1507226 
0.476, 1497581 
0.480, 1489059 
0.484, 1446419 
0.488, 1428368 
0.492, 1427952 
0.496, 1424232 
0.499, 1422692 
0.503, 1413734 
0.507, 1402620 
0.511, 1402421 
0.517, 1383147 
0.522, 1369814 
0.530, 1349438 
0.535, 1339526 
0.539, 1334812 
0.543, 1327996 
0.547, 1300763 
0.551, 1294157 
0.555, 1289678 
0.559, 1280072 
0.563, 1275306 
0.567, 1269012 
0.571, 1263537 
0.575, 1253545 
0.579, 1251139 
0.583, 1236439 
0.590, 1232986 
0.594, 1209240 
0.598, 1196080 
0.602, 1186498 
0.606, 1157027 
0.610, 1149236 
0.614, 1141795 
0.619, 1141265 
0.623, 1122185 
0.627, 1116021 
0.631, 1089564 
0.635, 1077467 
0.639, 1073150 
0.643, 1071932 
0.647, 1065958 
0.651, 1060290 
0.661, 1048242 
0.669, 1033652 
0.677, 1031246 
0.685, 1026071 
0.693, 1014703 
0.700, 1014671 
0.704, 1012403 
0.709, 1000933 
0.713, 992997 
0.717, 988413 
0.721, 987476 
0.725, 986567 
0.730, 976181 
0.734, 975157 
0.738, 968738 
0.742, 968131 
0.746, 966043 
0.750, 958015 
0.755, 922843 
0.761, 922526 
0.765, 912917 
0.770, 911303 
0.774, 886811 
0.779, 871131 
0.783, 870946 
0.788, 869191 
0.792, 867334 
0.797, 866944 
0.801, 866357 
0.806, 859814 
0.810, 858342 
0.815, 856118 
0.819, 849645 
0.824, 847370 
0.828, 839581 
0.833, 835739 
