0.000, 6441301 
0.001, 6299872 
0.001, 6290893 
0.001, 6218048 
0.003, 6213962 
0.003, 6182101 
0.003, 6167120 
0.003, 6156520 
0.004, 6147112 
0.004, 6057039 
0.004, 6038822 
0.005, 6017955 
0.005, 6006837 
0.006, 5998960 
0.006, 5940785 
0.006, 5917897 
0.006, 5910843 
0.006, 5906034 
0.006, 5877579 
0.007, 5848139 
0.007, 5846072 
0.007, 5829951 
0.008, 5827093 
0.008, 5818212 
0.008, 5810255 
0.008, 5800351 
0.009, 5795070 
0.010, 5789735 
0.010, 5781534 
0.010, 5771377 
0.013, 5759853 
0.013, 5736761 
0.013, 5733611 
0.013, 5719491 
0.013, 5671190 
0.013, 5614046 
0.013, 5602223 
0.014, 5595028 
0.014, 5589655 
0.015, 5584757 
0.015, 5555294 
0.015, 5517142 
0.015, 5425818 
0.016, 5422545 
0.016, 5370410 
0.016, 5345334 
0.016, 5327002 
0.016, 5297517 
0.016, 5262167 
0.016, 5259729 
0.016, 5203766 
0.016, 5153202 
0.016, 5150491 
0.017, 5137418 
0.017, 5080014 
0.018, 5073516 
0.018, 5047991 
0.018, 5038632 
0.018, 5027805 
0.019, 5026565 
0.019, 4986336 
0.019, 4883632 
0.019, 4882018 
0.020, 4876294 
0.021, 4870918 
0.021, 4870437 
0.021, 4831367 
0.021, 4816816 
0.021, 4766143 
0.022, 4758730 
0.022, 4754122 
0.022, 4666331 
0.023, 4658655 
0.023, 4641019 
0.023, 4635181 
0.023, 4626272 
0.023, 4621260 
0.023, 4608971 
0.024, 4596966 
0.024, 4593715 
0.024, 4568754 
0.024, 4508369 
0.024, 4506083 
0.034, 4504881 
0.034, 4496991 
0.038, 4494857 
0.038, 4457028 
0.038, 4378879 
0.038, 4361863 
0.038, 4355035 
0.039, 4348788 
0.039, 4312442 
0.039, 4273089 
0.041, 4264837 
0.041, 4209599 
0.042, 4204555 
0.042, 4169474 
0.043, 4168704 
0.045, 4167757 
0.046, 4149623 
0.046, 4141251 
0.046, 4123450 
0.046, 4105204 
0.046, 4067529 
0.046, 4055030 
0.046, 4040504 
0.046, 4028754 
0.046, 4015636 
0.046, 3977200 
0.046, 3970085 
0.046, 3936052 
0.046, 3928167 
0.046, 3917434 
0.046, 3915788 
0.046, 3876252 
0.046, 3789523 
0.047, 3777618 
0.047, 3761426 
0.047, 3746505 
0.047, 3722490 
0.047, 3720745 
0.047, 3714647 
0.047, 3714540 
0.051, 3706972 
0.052, 3704991 
0.052, 3686376 
0.052, 3686245 
0.052, 3658058 
0.053, 3654383 
0.053, 3654094 
0.053, 3632390 
0.053, 3631072 
0.053, 3584773 
0.054, 3584053 
0.055, 3582208 
0.055, 3579739 
0.056, 3578919 
0.056, 3577801 
0.057, 3549395 
0.058, 3548077 
0.058, 3508050 
0.058, 3476612 
0.058, 3469815 
0.058, 3448523 
0.058, 3420260 
0.058, 3417304 
0.058, 3389669 
0.058, 3380748 
0.058, 3362157 
0.058, 3359425 
0.059, 3355551 
0.060, 3349012 
0.061, 3324869 
0.063, 3314209 
0.063, 3311792 
0.064, 3310956 
0.065, 3281162 
0.067, 3280331 
0.067, 3278059 
0.068, 3275942 
0.068, 3274858 
0.069, 3260066 
0.070, 3252226 
0.071, 3246237 
0.072, 3237898 
0.072, 3233447 
0.075, 3232024 
0.075, 3230678 
0.076, 3219805 
0.077, 3218320 
0.078, 3215064 
0.079, 3214777 
0.081, 3207771 
0.081, 3204522 
0.083, 3189310 
0.085, 3187037 
0.086, 3169318 
0.088, 3166325 
0.090, 3164896 
0.095, 3158196 
0.100, 3151029 
0.105, 3148705 
0.114, 3140168 
0.119, 3139567 
0.121, 3132688 
0.126, 3105406 
0.127, 3105042 
0.128, 3096403 
0.130, 3076504 
0.131, 3067324 
0.132, 3041289 
0.133, 3039579 
0.134, 3005575 
0.135, 2994806 
0.136, 2983311 
0.137, 2981913 
0.137, 2974111 
0.138, 2963376 
0.139, 2962334 
0.139, 2947922 
0.140, 2945724 
0.141, 2943767 
0.141, 2939604 
0.143, 2939442 
0.144, 2928205 
0.147, 2918020 
0.151, 2917976 
0.154, 2917584 
0.157, 2904833 
0.159, 2903562 
0.162, 2898796 
0.165, 2898247 
0.168, 2896559 
0.170, 2892918 
0.174, 2888995 
0.176, 2879255 
0.179, 2874035 
0.181, 2859804 
0.184, 2858666 
0.187, 2858225 
0.189, 2854821 
0.192, 2841782 
0.194, 2824173 
0.197, 2782831 
0.202, 2758303 
0.206, 2744742 
0.210, 2713618 
0.214, 2701934 
0.218, 2680945 
0.223, 2680436 
0.227, 2679625 
0.230, 2657891 
0.235, 2653015 
0.239, 2652434 
0.241, 2630922 
0.244, 2630645 
0.247, 2622693 
0.247, 2620431 
0.250, 2619748 
0.253, 2619160 
0.257, 2617093 
0.261, 2615854 
0.265, 2614832 
0.270, 2614578 
0.275, 2601170 
0.280, 2598053 
0.286, 2594310 
0.290, 2585398 
0.293, 2578550 
0.298, 2574002 
0.305, 2573486 
0.307, 2567079 
0.308, 2562266 
0.310, 2556849 
0.312, 2549444 
0.316, 2546396 
0.321, 2542030 
0.326, 2539448 
0.329, 2538588 
0.332, 2533279 
0.335, 2532204 
0.337, 2531093 
0.339, 2531085 
0.342, 2530210 
0.344, 2492601 
0.346, 2492491 
0.349, 2471749 
0.351, 2470398 
0.355, 2470095 
0.360, 2440880 
0.364, 2425738 
0.368, 2419035 
0.373, 2400534 
0.377, 2358074 
0.379, 2342935 
0.379, 2335359 
0.379, 2334275 
0.379, 2331951 
0.381, 2272337 
0.383, 2269341 
0.385, 2259861 
0.387, 2250294 
0.389, 2243952 
0.391, 2242753 
0.395, 2234709 
0.396, 2225541 
0.398, 2218197 
0.399, 2185832 
0.401, 2183997 
0.402, 2183657 
0.403, 2182434 
0.403, 2179994 
0.404, 2172630 
0.405, 2171287 
0.406, 2170152 
0.408, 2168456 
0.410, 2166833 
0.411, 2164678 
0.416, 2161035 
0.416, 2160642 
0.420, 2150893 
0.423, 2135308 
0.426, 2132390 
0.429, 2114266 
0.433, 2102648 
0.436, 2101877 
0.441, 2101507 
0.445, 2099658 
0.450, 2097047 
0.453, 2095435 
0.456, 2093837 
0.459, 2079662 
0.462, 2055966 
0.468, 2054035 
0.473, 2037198 
0.479, 2036810 
0.482, 2019777 
0.485, 2018202 
0.488, 2001783 
0.491, 1964727 
0.494, 1932214 
0.499, 1919886 
0.504, 1900721 
0.507, 1899756 
0.511, 1897225 
0.514, 1894402 
0.518, 1894140 
0.521, 1886305 
0.526, 1858832 
0.531, 1857481 
0.536, 1856092 
0.540, 1843133 
0.544, 1842305 
0.548, 1836364 
0.559, 1815171 
0.582, 1726879 
0.589, 1726601 
0.603, 1725455 
0.613, 1725135 
0.624, 1712359 
0.631, 1701475 
0.641, 1700900 
0.649, 1699860 
0.657, 1697744 
0.665, 1697550 
0.672, 1632973 
0.680, 1631111 
0.686, 1626934 
0.692, 1623409 
0.696, 1620963 
0.702, 1618647 
0.702, 1616623 
0.706, 1601292 
0.710, 1590171 
0.713, 1586528 
0.717, 1581917 
0.721, 1574532 
0.724, 1532792 
0.729, 1493190 
0.733, 1485008 
0.736, 1431574 
0.739, 1422617 
0.742, 1419972 
0.746, 1412321 
0.750, 1381329 
0.753, 1378053 
0.759, 1373434 
0.762, 1372658 
0.765, 1362054 
0.769, 1361183 
0.772, 1302856 
0.776, 1292385 
0.779, 1288178 
0.785, 1285220 
0.806, 1279305 
0.822, 1276390 
0.837, 1269768 
0.852, 1265737 
0.867, 1242945 
0.892, 1234655 
0.909, 1216532 
0.926, 1198022 
0.941, 1183784 
0.961, 1181018 
0.971, 1176735 
0.978, 1176527 
0.984, 1167132 
0.991, 1162545 
1.000, 1131564 
1.007, 1131556 
1.015, 1128999 
1.022, 1126779 
1.031, 1124434 
1.043, 1121991 
1.052, 1104813 
1.063, 1103820 
1.080, 1063563 
1.102, 1044648 
1.116, 1032113 
1.129, 1028882 
1.146, 1027875 
1.162, 1024652 
1.183, 1024437 
1.208, 1001115 
1.220, 999836 
1.232, 998218 
1.241, 995661 
1.248, 972091 
1.256, 970906 
1.263, 969729 
14981.591, 964262 
