0.000, 5280528 
0.000, 5257661 
0.001, 5239356 
0.001, 5233891 
0.001, 5213356 
0.001, 5209261 
0.001, 5197506 
0.001, 5191152 
0.001, 5190705 
0.001, 5141550 
0.001, 5120161 
0.002, 5093241 
0.002, 5089671 
0.002, 5022259 
0.002, 4982597 
0.002, 4967361 
0.003, 4942746 
0.003, 4879350 
0.003, 4843665 
0.004, 4821144 
0.004, 4814822 
0.004, 4750487 
0.005, 4743383 
0.005, 4639804 
0.006, 4614555 
0.006, 4579625 
0.006, 4579314 
0.006, 4567044 
0.006, 4554551 
0.006, 4528891 
0.006, 4504387 
0.006, 4468158 
0.006, 4458946 
0.006, 4419247 
0.007, 4410760 
0.007, 4403983 
0.007, 4395756 
0.007, 4385214 
0.007, 4380912 
0.007, 4321821 
0.007, 4288666 
0.007, 4277030 
0.007, 4267146 
0.007, 4184322 
0.007, 4168021 
0.008, 4163782 
0.008, 4161580 
0.008, 4154059 
0.008, 4117039 
0.009, 4098743 
0.009, 4087994 
0.009, 4059656 
0.009, 4040065 
0.009, 4036099 
0.009, 4011656 
0.009, 3976222 
0.009, 3946850 
0.009, 3877726 
0.009, 3864385 
0.010, 3839509 
0.010, 3826077 
0.011, 3820906 
0.011, 3789941 
0.011, 3745522 
0.011, 3726755 
0.011, 3719336 
0.011, 3718313 
0.011, 3716701 
0.011, 3714435 
0.011, 3679791 
0.011, 3673689 
0.011, 3633558 
0.012, 3631714 
0.012, 3616467 
0.013, 3607110 
0.014, 3602526 
0.014, 3557427 
0.014, 3540969 
0.015, 3520173 
0.016, 3514511 
0.016, 3494319 
0.016, 3487917 
0.016, 3476916 
0.017, 3461832 
0.017, 3456104 
0.017, 3447874 
0.017, 3444217 
0.018, 3432086 
0.018, 3410896 
0.018, 3409917 
0.018, 3343831 
0.018, 3332087 
0.018, 3330281 
0.018, 3316542 
0.018, 3310559 
0.018, 3295588 
0.018, 3289996 
0.018, 3279600 
0.018, 3267042 
0.019, 3260536 
0.019, 3259941 
0.019, 3255691 
0.019, 3245624 
0.019, 3208441 
0.019, 3203708 
0.019, 3201230 
0.020, 3199440 
0.020, 3184333 
0.020, 3098712 
0.020, 3064225 
0.020, 3035136 
0.020, 3034247 
0.021, 3033833 
0.022, 3022525 
0.022, 3018338 
0.023, 3015424 
0.025, 3009492 
0.026, 3005997 
0.028, 3003731 
0.029, 2996250 
0.031, 2986447 
0.031, 2982451 
0.031, 2979754 
0.034, 2913247 
0.034, 2906987 
0.034, 2901051 
0.034, 2897263 
0.034, 2886524 
0.035, 2885403 
0.035, 2878756 
0.035, 2873832 
0.036, 2861340 
0.036, 2802079 
0.036, 2789917 
0.036, 2776637 
0.036, 2758507 
0.036, 2738411 
0.037, 2736122 
0.038, 2731350 
0.041, 2694529 
0.045, 2691412 
0.045, 2686990 
0.045, 2686313 
0.045, 2683940 
0.046, 2672004 
0.046, 2669789 
0.048, 2660567 
0.051, 2649030 
0.055, 2647571 
0.059, 2629956 
0.063, 2585695 
0.070, 2568354 
0.073, 2550696 
0.076, 2537515 
0.078, 2530689 
0.080, 2530106 
0.082, 2517655 
0.084, 2512663 
0.086, 2507127 
0.088, 2505097 
0.090, 2497296 
0.092, 2497238 
0.095, 2464992 
0.095, 2460351 
0.096, 2455896 
0.097, 2454112 
0.098, 2453483 
0.099, 2447859 
0.100, 2446683 
0.102, 2445853 
0.103, 2444863 
0.105, 2443069 
0.107, 2438254 
0.111, 2427774 
0.112, 2417028 
0.113, 2414873 
0.115, 2396411 
0.116, 2394898 
0.118, 2394314 
0.119, 2390000 
0.121, 2317958 
0.123, 2313595 
0.124, 2308111 
0.126, 2305529 
0.128, 2304421 
0.130, 2304221 
0.131, 2304213 
0.133, 2303338 
0.137, 2296815 
0.142, 2274124 
0.146, 2265190 
0.150, 2259908 
0.155, 2250364 
0.159, 2231104 
0.164, 2211840 
0.168, 2209015 
0.172, 2208806 
0.177, 2201275 
0.183, 2186899 
0.188, 2165105 
0.194, 2162333 
0.196, 2159931 
0.199, 2105753 
0.201, 2102005 
0.204, 2097397 
0.207, 2090010 
0.209, 2078755 
0.212, 2068638 
0.215, 2050330 
0.217, 2048594 
0.220, 2037584 
0.223, 2030662 
0.226, 1997663 
0.228, 1996052 
0.230, 1990267 
0.233, 1984990 
0.236, 1979821 
0.238, 1970828 
0.242, 1960817 
0.245, 1960519 
0.248, 1953728 
0.251, 1949722 
0.256, 1945688 
0.258, 1934159 
0.262, 1915370 
0.266, 1886960 
0.273, 1852010 
0.277, 1837933 
0.280, 1837706 
0.284, 1825057 
0.289, 1818735 
0.292, 1816062 
0.295, 1811967 
0.297, 1775098 
0.300, 1765234 
0.303, 1751675 
0.307, 1751209 
0.309, 1733841 
0.312, 1724898 
0.315, 1711683 
0.317, 1709277 
0.319, 1706800 
0.322, 1705776 
0.325, 1704497 
0.330, 1704119 
0.332, 1697118 
0.334, 1696075 
0.337, 1688766 
0.339, 1683895 
0.342, 1679711 
0.345, 1678114 
0.348, 1677622 
0.350, 1676508 
0.353, 1661642 
0.356, 1646610 
0.358, 1638244 
0.361, 1630707 
0.364, 1618402 
0.366, 1617167 
0.369, 1616176 
0.372, 1610997 
0.375, 1608626 
0.378, 1598754 
0.381, 1597557 
0.387, 1596912 
0.393, 1594244 
0.398, 1591980 
0.404, 1590531 
0.409, 1585359 
0.414, 1577749 
0.420, 1576552 
0.424, 1573720 
0.427, 1573373 
0.430, 1564964 
0.433, 1563936 
0.437, 1562742 
0.440, 1562691 
0.443, 1562095 
0.446, 1556911 
0.449, 1555569 
0.452, 1554283 
0.456, 1548153 
0.459, 1546080 
0.464, 1521768 
0.468, 1505836 
0.473, 1496177 
0.480, 1491270 
0.484, 1490984 
0.488, 1488852 
0.494, 1472463 
0.498, 1471135 
0.502, 1451077 
0.506, 1450424 
0.510, 1406843 
0.514, 1388122 
0.518, 1339046 
0.522, 1336942 
0.522, 1334255 
0.522, 1329520 
0.522, 1324606 
0.522, 1294525 
0.522, 1291183 
0.522, 1290508 
0.522, 1290112 
0.522, 1285455 
0.522, 1283004 
0.522, 1282924 
0.522, 1282219 
0.522, 1281938 
0.523, 1281626 
0.523, 1280645 
0.523, 1249027 
0.523, 1247292 
0.523, 1231109 
0.523, 1214750 
0.524, 1212859 
0.524, 1210154 
0.524, 1204250 
0.524, 1177810 
0.524, 1174166 
0.525, 1155984 
0.525, 1152290 
0.525, 1152001 
0.526, 1132540 
0.526, 1130568 
0.527, 1119955 
0.527, 1116096 
0.527, 1114428 
0.527, 1114336 
0.527, 1111623 
0.528, 1108763 
0.528, 1105845 
0.529, 1100803 
0.529, 1098767 
0.530, 1094309 
0.531, 1087678 
0.531, 1069135 
0.532, 1051727 
0.533, 1049814 
0.533, 1048072 
0.534, 1043474 
0.534, 1042598 
0.534, 1040995 
0.535, 1033779 
0.536, 1033147 
0.537, 1031472 
0.537, 1016677 
0.538, 1008133 
0.539, 991659 
0.540, 981219 
0.541, 979253 
0.542, 976722 
0.543, 973899 
0.544, 973637 
0.546, 968198 
0.549, 952350 
0.550, 917754 
0.551, 910991 
0.553, 908251 
0.555, 907275 
0.556, 886720 
0.558, 869009 
0.560, 868162 
0.562, 866426 
0.564, 866209 
0.566, 866170 
0.569, 854648 
0.571, 854199 
0.574, 818542 
0.578, 817214 
0.583, 816435 
