0.000, 5985934 
0.000, 5909668 
0.000, 5909400 
0.000, 5883784 
0.000, 5844879 
0.001, 5816364 
0.001, 5794563 
0.001, 5787994 
0.001, 5763792 
0.001, 5725750 
0.001, 5714457 
0.001, 5697036 
0.002, 5692378 
0.002, 5681298 
0.002, 5663595 
0.002, 5597425 
0.003, 5586815 
0.003, 5556548 
0.003, 5533785 
0.003, 5531276 
0.003, 5514535 
0.003, 5512859 
0.003, 5511871 
0.003, 5511694 
0.004, 5510065 
0.004, 5504336 
0.004, 5491975 
0.005, 5487034 
0.005, 5483021 
0.005, 5442425 
0.006, 5442274 
0.006, 5438198 
0.006, 5396129 
0.006, 5349584 
0.006, 5347212 
0.006, 5309954 
0.006, 5280252 
0.007, 5273379 
0.007, 5267293 
0.007, 5262265 
0.007, 5135529 
0.007, 5123623 
0.007, 5102665 
0.007, 5074461 
0.007, 5070107 
0.008, 5069380 
0.008, 4935830 
0.008, 4932058 
0.008, 4917112 
0.008, 4903860 
0.009, 4901567 
0.009, 4886734 
0.009, 4878534 
0.009, 4844905 
0.009, 4843043 
0.009, 4781649 
0.010, 4747117 
0.010, 4682398 
0.010, 4624443 
0.010, 4596634 
0.010, 4552293 
0.010, 4544565 
0.010, 4509117 
0.010, 4497416 
0.010, 4444246 
0.010, 4405598 
0.011, 4404597 
0.011, 4402870 
0.012, 4402241 
0.012, 4369769 
0.014, 4365723 
0.014, 4355964 
0.014, 4330958 
0.014, 4330202 
0.014, 4324899 
0.014, 4314671 
0.014, 4301315 
0.014, 4267827 
0.014, 4224718 
0.014, 4199483 
0.014, 4195248 
0.015, 4194242 
0.015, 4172738 
0.015, 4160702 
0.015, 4148646 
0.015, 4140521 
0.015, 4123026 
0.015, 4108616 
0.015, 4105724 
0.016, 4083066 
0.016, 4082430 
0.017, 4076205 
0.017, 4037525 
0.017, 4012834 
0.017, 4009942 
0.018, 4004207 
0.018, 4003531 
0.018, 3921616 
0.018, 3915167 
0.018, 3907641 
0.019, 3875814 
0.019, 3871689 
0.019, 3848976 
0.019, 3841903 
0.019, 3831823 
0.019, 3815674 
0.020, 3813676 
0.020, 3811218 
0.020, 3809918 
0.020, 3794908 
0.020, 3785698 
0.020, 3763412 
0.020, 3746461 
0.020, 3726212 
0.021, 3721764 
0.022, 3721122 
0.023, 3720457 
0.024, 3719405 
0.024, 3707156 
0.024, 3687456 
0.024, 3686779 
0.024, 3666420 
0.025, 3657401 
0.027, 3591151 
0.027, 3584407 
0.027, 3578239 
0.028, 3560032 
0.029, 3555259 
0.030, 3552154 
0.030, 3551176 
0.030, 3547614 
0.030, 3528569 
0.031, 3508874 
0.031, 3506406 
0.031, 3489553 
0.031, 3488944 
0.032, 3460334 
0.032, 3420344 
0.032, 3417761 
0.032, 3413282 
0.033, 3410806 
0.033, 3405046 
0.033, 3381314 
0.033, 3374031 
0.033, 3369524 
0.033, 3366226 
0.033, 3362653 
0.034, 3349479 
0.034, 3349328 
0.034, 3349309 
0.034, 3348587 
0.034, 3297459 
0.034, 3291855 
0.034, 3279541 
0.035, 3251252 
0.036, 3246494 
0.038, 3239769 
0.039, 3238842 
0.041, 3233626 
0.042, 3211442 
0.044, 3206971 
0.046, 3203194 
0.048, 3181666 
0.051, 3140354 
0.053, 3139857 
0.054, 3136351 
0.057, 3134403 
0.057, 3133319 
0.057, 3131495 
0.057, 3111713 
0.057, 3095878 
0.057, 3081466 
0.057, 2991984 
0.057, 2948317 
0.057, 2947080 
0.057, 2945932 
0.057, 2945153 
0.060, 2939452 
0.063, 2937983 
0.065, 2915636 
0.068, 2891355 
0.073, 2884670 
0.075, 2866946 
0.077, 2855912 
0.077, 2847850 
0.078, 2819841 
0.078, 2804392 
0.079, 2799207 
0.079, 2796397 
0.080, 2795897 
0.080, 2794886 
0.081, 2791503 
0.081, 2789542 
0.082, 2789162 
0.082, 2776960 
0.082, 2768098 
0.083, 2765709 
0.083, 2765467 
0.083, 2764941 
0.083, 2764527 
0.083, 2762147 
0.083, 2760529 
0.083, 2750142 
0.083, 2745675 
0.083, 2721882 
0.084, 2691465 
0.084, 2691272 
0.084, 2689894 
0.084, 2688426 
0.084, 2676773 
0.084, 2670381 
0.084, 2667861 
0.084, 2660232 
0.084, 2656730 
0.085, 2654179 
0.085, 2648174 
0.085, 2636998 
0.085, 2635950 
0.085, 2635858 
0.085, 2634293 
0.086, 2632738 
0.086, 2630933 
0.086, 2629355 
0.086, 2625467 
0.086, 2622754 
0.087, 2620148 
0.089, 2611225 
0.090, 2598215 
0.091, 2576641 
0.092, 2576030 
0.094, 2575978 
0.094, 2573838 
0.095, 2571683 
0.096, 2568149 
0.098, 2568013 
0.100, 2563142 
0.102, 2549512 
0.104, 2544253 
0.107, 2539458 
0.110, 2536581 
0.113, 2525798 
0.116, 2524938 
0.119, 2524715 
0.122, 2521097 
0.125, 2518206 
0.128, 2516890 
0.132, 2516015 
0.136, 2501801 
0.137, 2501750 
0.138, 2501320 
0.138, 2491382 
0.139, 2490794 
0.139, 2487691 
0.141, 2486989 
0.147, 2476702 
0.151, 2463683 
0.156, 2462991 
0.161, 2451060 
0.167, 2449227 
0.172, 2435553 
0.176, 2435308 
0.180, 2433979 
0.184, 2432947 
0.190, 2425118 
0.193, 2424295 
0.195, 2420548 
0.197, 2407075 
0.199, 2392166 
0.201, 2390977 
0.204, 2382368 
0.206, 2358800 
0.208, 2337024 
0.211, 2323197 
0.214, 2290270 
0.220, 2278520 
0.224, 2229511 
0.227, 2229015 
0.229, 2188496 
0.232, 2187696 
0.234, 2180933 
0.236, 2173135 
0.240, 2128156 
0.244, 2095285 
0.250, 2083844 
0.255, 2023599 
0.258, 2009167 
0.261, 1970600 
0.266, 1965094 
0.268, 1953308 
0.271, 1925035 
0.273, 1924478 
0.276, 1917703 
0.279, 1916879 
0.282, 1913554 
0.285, 1913501 
0.288, 1912532 
0.290, 1910914 
0.294, 1908144 
0.296, 1907909 
0.299, 1907528 
0.302, 1882545 
0.305, 1871738 
0.307, 1859853 
0.309, 1854033 
0.311, 1851168 
0.314, 1850880 
0.317, 1844668 
0.320, 1835063 
0.324, 1830465 
0.327, 1829669 
0.329, 1824369 
0.333, 1822880 
0.337, 1821641 
0.340, 1818854 
0.344, 1817156 
0.347, 1815749 
0.351, 1815629 
0.355, 1815412 
0.359, 1776572 
0.362, 1728073 
0.366, 1714852 
0.369, 1710879 
0.371, 1697602 
0.373, 1697089 
0.375, 1692623 
0.382, 1691647 
0.390, 1688223 
0.397, 1685445 
0.404, 1678213 
0.414, 1676359 
0.421, 1675257 
0.427, 1671283 
0.430, 1670771 
0.433, 1664355 
0.437, 1662535 
0.441, 1658226 
0.446, 1588869 
0.450, 1588852 
0.454, 1588523 
0.458, 1587981 
0.461, 1587861 
0.467, 1586961 
0.471, 1575099 
0.475, 1561795 
0.479, 1548978 
0.486, 1540444 
0.490, 1535176 
0.494, 1525230 
0.498, 1522784 
0.502, 1489254 
0.506, 1486167 
0.510, 1474003 
0.516, 1472064 
0.524, 1418515 
0.529, 1408588 
0.536, 1397285 
0.544, 1384966 
0.552, 1381497 
0.563, 1374889 
0.574, 1365917 
0.584, 1331484 
0.596, 1327289 
0.605, 1326090 
0.613, 1286588 
0.619, 1277144 
0.625, 1229147 
0.633, 1212777 
0.640, 1188781 
0.647, 1169544 
0.653, 1169072 
0.659, 1147225 
0.664, 1145091 
0.668, 1144867 
0.672, 1137656 
0.677, 1135867 
0.681, 1092638 
0.685, 1087534 
0.690, 1057009 
0.698, 1056421 
0.702, 1036346 
0.706, 1034302 
0.710, 1032155 
0.714, 1031304 
0.718, 1031051 
0.723, 1025592 
0.727, 1024084 
0.731, 1022624 
0.736, 1013908 
0.740, 980239 
0.744, 978911 
0.748, 955779 
0.752, 954584 
0.756, 943908 
0.764, 942787 
0.772, 935794 
0.781, 935289 
0.789, 926993 
0.797, 926420 
0.805, 924890 
0.811, 924355 
0.815, 921945 
0.820, 920563 
0.824, 919685 
0.829, 910348 
0.833, 909154 
0.838, 909114 
0.842, 866293 
