0.000, 6045983 
0.000, 5977328 
0.000, 5956042 
0.000, 5837423 
0.000, 5835057 
0.000, 5789775 
0.000, 5772920 
0.001, 5769813 
0.001, 5760408 
0.001, 5759473 
0.001, 5746956 
0.002, 5719473 
0.003, 5697392 
0.003, 5695300 
0.004, 5675252 
0.004, 5666109 
0.005, 5651520 
0.005, 5634597 
0.005, 5603257 
0.005, 5598176 
0.005, 5586321 
0.006, 5485915 
0.007, 5475716 
0.007, 5457208 
0.007, 5396627 
0.007, 5374098 
0.007, 5275325 
0.008, 5220325 
0.008, 5190300 
0.008, 5178601 
0.008, 5101942 
0.009, 5053544 
0.009, 5050686 
0.009, 5029176 
0.009, 4976163 
0.009, 4973132 
0.009, 4931361 
0.010, 4887937 
0.010, 4869347 
0.010, 4852421 
0.010, 4835321 
0.011, 4818072 
0.011, 4816383 
0.011, 4784323 
0.011, 4784079 
0.011, 4768441 
0.011, 4765642 
0.011, 4749747 
0.012, 4747246 
0.012, 4737403 
0.012, 4729224 
0.012, 4679276 
0.012, 4673529 
0.013, 4668584 
0.014, 4637373 
0.015, 4630988 
0.015, 4628692 
0.018, 4624088 
0.018, 4593240 
0.018, 4546874 
0.018, 4514059 
0.018, 4512205 
0.019, 4511638 
0.020, 4499061 
0.020, 4417913 
0.020, 4417612 
0.021, 4413276 
0.021, 4381314 
0.022, 4380777 
0.022, 4354448 
0.022, 4304637 
0.022, 4272799 
0.022, 4255000 
0.022, 4176012 
0.022, 4156543 
0.022, 4129069 
0.022, 4119719 
0.022, 4041654 
0.022, 3974545 
0.023, 3974236 
0.023, 3968840 
0.023, 3968279 
0.023, 3957946 
0.023, 3957556 
0.023, 3953761 
0.023, 3951062 
0.027, 3942250 
0.027, 3885143 
0.027, 3881346 
0.027, 3879298 
0.027, 3873444 
0.027, 3873433 
0.027, 3864799 
0.028, 3816971 
0.028, 3810998 
0.029, 3808809 
0.029, 3792318 
0.029, 3790409 
0.030, 3787489 
0.033, 3783242 
0.033, 3752700 
0.033, 3722008 
0.033, 3689864 
0.033, 3689669 
0.033, 3682005 
0.034, 3679559 
0.035, 3678561 
0.035, 3670586 
0.035, 3666433 
0.036, 3635016 
0.036, 3626044 
0.036, 3613244 
0.036, 3610459 
0.036, 3603944 
0.036, 3597307 
0.036, 3569248 
0.036, 3563183 
0.037, 3539672 
0.037, 3528265 
0.037, 3525573 
0.038, 3520122 
0.039, 3515242 
0.039, 3508616 
0.042, 3449673 
0.042, 3440126 
0.043, 3427273 
0.043, 3419772 
0.043, 3408920 
0.043, 3395504 
0.043, 3389247 
0.043, 3375278 
0.043, 3369651 
0.043, 3368874 
0.043, 3359764 
0.043, 3354527 
0.043, 3348037 
0.043, 3347428 
0.043, 3344163 
0.044, 3334312 
0.044, 3332801 
0.045, 3322724 
0.045, 3293514 
0.045, 3261053 
0.046, 3257465 
0.046, 3253231 
0.047, 3250386 
0.047, 3245676 
0.048, 3244846 
0.049, 3240515 
0.049, 3239095 
0.049, 3217256 
0.049, 3216583 
0.050, 3215597 
0.050, 3214513 
0.051, 3210921 
0.052, 3200824 
0.053, 3188307 
0.054, 3125346 
0.055, 3119560 
0.056, 3093753 
0.057, 3091514 
0.059, 3089981 
0.060, 3088326 
0.062, 3085982 
0.062, 2992896 
0.068, 2982907 
0.069, 2975818 
0.070, 2945127 
0.071, 2941012 
0.072, 2931226 
0.074, 2925182 
0.074, 2921990 
0.076, 2919113 
0.077, 2918024 
0.078, 2917414 
0.079, 2911988 
0.081, 2900540 
0.083, 2890522 
0.085, 2883690 
0.087, 2880133 
0.089, 2873840 
0.091, 2865813 
0.093, 2853721 
0.094, 2850370 
0.095, 2850087 
0.096, 2809782 
0.096, 2805446 
0.096, 2801172 
0.096, 2798069 
0.100, 2791950 
0.100, 2783986 
0.101, 2769339 
0.101, 2766584 
0.101, 2758712 
0.102, 2732589 
0.102, 2731959 
0.103, 2720031 
0.103, 2715821 
0.104, 2712977 
0.105, 2706524 
0.105, 2690727 
0.106, 2689055 
0.106, 2680709 
0.107, 2679330 
0.107, 2670517 
0.108, 2662275 
0.109, 2656744 
0.110, 2649842 
0.111, 2646005 
0.112, 2642160 
0.115, 2641476 
0.117, 2636636 
0.119, 2634435 
0.121, 2627108 
0.124, 2623824 
0.126, 2620757 
0.129, 2620420 
0.132, 2617296 
0.134, 2568041 
0.136, 2567337 
0.139, 2562598 
0.140, 2551091 
0.142, 2550347 
0.142, 2544404 
0.142, 2541245 
0.143, 2536151 
0.144, 2525287 
0.145, 2524322 
0.146, 2519202 
0.147, 2499114 
0.148, 2492351 
0.149, 2488265 
0.150, 2449281 
0.151, 2436625 
0.153, 2433896 
0.154, 2332695 
0.155, 2332032 
0.157, 2329233 
0.158, 2322039 
0.158, 2321710 
0.158, 2321269 
0.159, 2316541 
0.159, 2314217 
0.160, 2301230 
0.161, 2295663 
0.163, 2294757 
0.164, 2286526 
0.166, 2285346 
0.167, 2278566 
0.169, 2278111 
0.170, 2278077 
0.172, 2277930 
0.173, 2273162 
0.175, 2267553 
0.176, 2267256 
0.178, 2264500 
0.180, 2262182 
0.182, 2246805 
0.184, 2245269 
0.187, 2244818 
0.189, 2243757 
0.193, 2218254 
0.196, 2216840 
0.197, 2211085 
0.200, 2209734 
0.206, 2203726 
0.211, 2202313 
0.215, 2180563 
0.222, 2179231 
0.224, 2178709 
0.226, 2170462 
0.228, 2152268 
0.230, 2126599 
0.232, 2120532 
0.234, 2118842 
0.236, 2114661 
0.238, 2113736 
0.240, 2110594 
0.241, 2110253 
0.243, 2109934 
0.246, 2109513 
0.248, 2108945 
0.250, 2099271 
0.252, 2097786 
0.254, 2087964 
0.256, 2085054 
0.258, 2079331 
0.261, 2079076 
0.263, 2062841 
0.266, 2061242 
0.268, 2048653 
0.271, 2046235 
0.273, 2044758 
0.278, 2034318 
0.280, 1989908 
0.283, 1978160 
0.286, 1975807 
0.289, 1952106 
0.292, 1951306 
0.295, 1944543 
0.298, 1943719 
0.301, 1920843 
0.304, 1915208 
0.307, 1907952 
0.310, 1826020 
0.313, 1808843 
0.316, 1808286 
0.320, 1806753 
0.323, 1800002 
0.326, 1793871 
0.330, 1793043 
0.335, 1786990 
0.338, 1769400 
0.341, 1769038 
0.345, 1768827 
0.348, 1767770 
0.352, 1760726 
0.355, 1759270 
0.359, 1758617 
0.363, 1756792 
0.366, 1755381 
0.370, 1753040 
0.374, 1752823 
0.378, 1752784 
0.381, 1704962 
0.385, 1682918 
0.389, 1660289 
0.399, 1652616 
0.407, 1611738 
0.414, 1602233 
0.422, 1598224 
0.430, 1525837 
0.434, 1517720 
0.438, 1499793 
0.442, 1498574 
0.446, 1498308 
0.450, 1480785 
0.454, 1480768 
0.457, 1480439 
0.461, 1479897 
0.465, 1479777 
0.469, 1478877 
0.472, 1477442 
0.476, 1473765 
0.482, 1471070 
0.485, 1470542 
0.488, 1469093 
0.491, 1463237 
0.495, 1463020 
0.498, 1462981 
0.502, 1457009 
0.506, 1456885 
0.509, 1456436 
0.513, 1449885 
0.517, 1448181 
0.521, 1444799 
0.525, 1444558 
0.529, 1438400 
0.533, 1437461 
0.537, 1420624 
0.541, 1419053 
0.545, 1417898 
0.545, 1416422 
0.545, 1395161 
0.545, 1389368 
0.545, 1389313 
0.546, 1378361 
0.546, 1361903 
0.546, 1310066 
0.546, 1296552 
0.547, 1279896 
0.547, 1276733 
0.548, 1254318 
0.548, 1247586 
0.549, 1242380 
0.549, 1218603 
0.553, 1211524 
0.553, 1190494 
0.554, 1189855 
0.554, 1187128 
0.555, 1181990 
0.555, 1149501 
0.556, 1147322 
0.556, 1121759 
0.557, 1113873 
0.557, 1103789 
0.557, 1101776 
0.558, 1101629 
0.558, 1090000 
0.559, 1089132 
0.560, 1080991 
0.560, 1074918 
0.561, 1073299 
0.561, 1065742 
0.562, 1064563 
0.563, 1064465 
0.564, 1059270 
0.564, 1059067 
0.565, 1057446 
0.566, 1057442 
0.567, 1055326 
0.567, 1055231 
0.568, 1055079 
0.569, 1025801 
0.570, 1025214 
0.571, 1025197 
0.571, 1023950 
0.572, 1023361 
0.573, 1023231 
0.575, 1021943 
0.576, 1020842 
0.577, 1017757 
0.578, 1017352 
0.579, 1016958 
0.580, 1016773 
0.581, 1003281 
0.583, 1001659 
0.585, 1000512 
0.586, 983302 
0.588, 947310 
0.589, 945982 
0.591, 945278 
0.593, 940066 
0.595, 936677 
0.597, 933824 
0.599, 926121 
0.602, 925953 
0.604, 920796 
0.607, 919620 
0.610, 911219 
0.612, 903149 
0.615, 902740 
0.616, 897383 
0.616, 884502 
0.619, 874174 
0.625, 854510 
0.627, 843732 
0.630, 835482 
0.633, 833366 
0.636, 828123 
0.639, 824208 
