0.000, 10091920 
0.001, 10018761 
0.001, 10017585 
0.001, 9855764 
0.001, 9688877 
0.004, 9687150 
0.006, 9686270 
0.008, 9685653 
0.008, 9684109 
0.008, 9679140 
0.009, 9678242 
0.009, 9614693 
0.009, 9590493 
0.009, 9502979 
0.009, 9461803 
0.009, 9458174 
0.009, 9420508 
0.009, 9368418 
0.009, 9231768 
0.010, 9201343 
0.010, 9125972 
0.010, 9014085 
0.010, 8921100 
0.010, 8902113 
0.010, 8793116 
0.010, 8686520 
0.010, 8674560 
0.010, 8621530 
0.010, 8555483 
0.010, 8445736 
0.011, 8422286 
0.011, 8421812 
0.012, 8412979 
0.012, 8412913 
0.012, 8412146 
0.012, 8279832 
0.013, 8279242 
0.015, 8278988 
0.030, 8266784 
0.035, 8258272 
0.035, 8257794 
0.039, 8247087 
0.042, 8246630 
0.046, 8245529 
0.051, 8161197 
0.056, 8127288 
0.056, 8126858 
0.058, 8124999 
0.059, 7867344 
0.060, 7769787 
0.064, 7724029 
0.066, 7608648 
0.067, 7575514 
0.067, 7553778 
0.068, 7528608 
0.069, 7476073 
0.069, 7377890 
0.070, 7292728 
0.071, 7292629 
0.072, 7237927 
0.072, 7236858 
0.073, 7213608 
0.073, 7041959 
0.075, 6922589 
0.077, 6810856 
0.078, 6796855 
0.079, 6717722 
0.084, 6712343 
0.085, 6675965 
0.086, 6604563 
0.087, 6568988 
0.088, 6565313 
0.089, 6484089 
0.090, 6478435 
0.091, 6411686 
0.092, 6402112 
0.092, 6326213 
0.093, 6300748 
0.095, 6285865 
0.095, 6250953 
0.096, 6247010 
0.098, 6198800 
0.099, 6166304 
0.100, 6122345 
0.101, 6111264 
0.101, 6107231 
0.101, 6104249 
0.102, 6075906 
0.102, 6075380 
0.102, 6023009 
0.102, 6021286 
0.103, 6015447 
0.103, 6003642 
0.103, 5988623 
0.103, 5984103 
0.103, 5959033 
0.104, 5900899 
0.104, 5898660 
0.104, 5836802 
0.104, 5813989 
0.104, 5727355 
0.105, 5670392 
0.105, 5651838 
0.105, 5650543 
0.105, 5650492 
0.106, 5614182 
0.106, 5611996 
0.106, 5610738 
0.107, 5575084 
0.108, 5549786 
0.108, 5548865 
0.108, 5499364 
0.109, 5468248 
0.110, 5466106 
0.112, 5315055 
0.114, 5231804 
0.114, 5230535 
0.116, 5219442 
0.116, 5219337 
0.118, 5157270 
0.121, 5144424 
0.126, 5143849 
0.130, 5130700 
0.135, 5123640 
0.137, 5101192 
0.139, 5040123 
0.140, 5023048 
0.142, 5018786 
0.145, 5016832 
0.147, 5009558 
0.149, 4924918 
0.152, 4886379 
0.154, 4874876 
0.156, 4804883 
0.157, 4744145 
0.160, 4741281 
0.163, 4740069 
0.166, 4739813 
0.169, 4734085 
0.177, 4733334 
0.180, 4731264 
0.183, 4730191 
0.187, 4710986 
0.189, 4710170 
0.191, 4668111 
0.194, 4651043 
0.196, 4641496 
0.198, 4617648 
0.201, 4609373 
0.206, 4606803 
0.211, 4591193 
0.214, 4587151 
0.219, 4573268 
0.222, 4570731 
0.225, 4519949 
0.228, 4519468 
0.231, 4518419 
0.238, 4460565 
0.242, 4451274 
0.252, 4449101 
0.255, 4433682 
0.258, 4428901 
0.263, 4412185 
0.269, 4410109 
0.272, 4358154 
0.273, 4309329 
0.275, 4278599 
0.279, 4200871 
0.284, 4186298 
0.286, 4168021 
0.288, 3997513 
0.289, 3994955 
0.291, 3910145 
0.292, 3889927 
0.295, 3886329 
0.297, 3885478 
0.298, 3884225 
0.301, 3883981 
0.307, 3843236 
0.309, 3835981 
0.311, 3830889 
0.313, 3828134 
0.319, 3809999 
0.321, 3807512 
0.323, 3781189 
0.325, 3755658 
0.333, 3665686 
0.339, 3649753 
0.347, 3648102 
0.356, 3644819 
0.358, 3591460 
0.359, 3590574 
0.361, 3541017 
0.364, 3517474 
0.366, 3461982 
0.371, 3458362 
0.374, 3434239 
0.377, 3433957 
0.380, 3419820 
0.385, 3418069 
0.387, 3306196 
0.391, 3303928 
0.392, 3301370 
0.394, 3298888 
0.396, 3286254 
0.397, 3284288 
0.400, 3280386 
0.402, 3278519 
0.404, 3239216 
0.406, 3190322 
0.409, 3184860 
0.412, 3159896 
0.414, 3159580 
0.416, 3144476 
0.420, 3130395 
0.430, 3128429 
0.432, 3091578 
0.437, 3084070 
0.440, 3061117 
0.443, 3002035 
0.445, 2987429 
0.447, 2961244 
0.453, 2956980 
0.455, 2953213 
0.457, 2950586 
0.460, 2932194 
0.462, 2928703 
0.471, 2914579 
0.477, 2914263 
0.482, 2904389 
0.487, 2901725 
0.491, 2873476 
0.494, 2872300 
0.498, 2870749 
0.501, 2869018 
0.505, 2867833 
0.507, 2854389 
0.509, 2850882 
0.511, 2822109 
0.513, 2813379 
0.515, 2810698 
0.517, 2808003 
0.518, 2799962 
0.520, 2797406 
0.522, 2796046 
0.523, 2776966 
0.524, 2773670 
0.525, 2771661 
0.527, 2767799 
0.528, 2764733 
0.530, 2756947 
0.535, 2754976 
0.536, 2749663 
0.538, 2744569 
0.539, 2740261 
0.541, 2703029 
0.542, 2693334 
0.544, 2689040 
0.546, 2645010 
0.547, 2644931 
0.549, 2642428 
0.551, 2641625 
0.552, 2639663 
0.555, 2635423 
0.557, 2629720 
0.560, 2620452 
0.563, 2609033 
0.569, 2608551 
0.571, 2607689 
0.573, 2576184 
0.575, 2576165 
0.577, 2574582 
0.579, 2570449 
0.581, 2566513 
0.584, 2563675 
0.587, 2562022 
0.592, 2561367 
0.596, 2552437 
0.598, 2533078 
0.600, 2531686 
0.603, 2528859 
0.613, 2520724 
0.626, 2519433 
0.638, 2504012 
0.646, 2497803 
0.651, 2496411 
0.658, 2486069 
0.664, 2478960 
0.672, 2432274 
0.680, 2421148 
0.695, 2381242 
0.705, 2364079 
0.711, 2361909 
0.717, 2349073 
0.721, 2314972 
0.724, 2314105 
0.726, 2312064 
0.728, 2299053 
0.730, 2296539 
0.734, 2294549 
0.742, 2275294 
0.745, 2261859 
0.746, 2261858 
0.748, 2261851 
0.751, 2248819 
0.755, 2240423 
0.757, 2227657 
0.759, 2221239 
0.760, 2221065 
0.762, 2216598 
0.764, 2210121 
0.769, 2192216 
0.771, 2188314 
0.773, 2177577 
0.775, 2171362 
0.777, 2162747 
0.780, 2150415 
0.783, 2146791 
0.786, 2146760 
0.789, 2144502 
0.791, 2144412 
0.794, 2143878 
0.796, 2138416 
0.798, 2138270 
0.801, 2136459 
0.804, 2131969 
0.806, 2129123 
0.809, 2121878 
0.812, 2120378 
0.819, 2118155 
0.823, 2115316 
0.826, 2115066 
0.828, 2112930 
0.830, 2112775 
0.833, 2109135 
0.836, 2107553 
0.842, 2106675 
0.844, 2105568 
0.846, 2104069 
0.849, 2103976 
0.853, 2102518 
0.856, 2098653 
0.859, 2079403 
0.862, 2044487 
0.865, 2014158 
0.870, 1976028 
0.873, 1947801 
0.876, 1832126 
0.880, 1824277 
0.883, 1819382 
0.888, 1806023 
0.891, 1805864 
0.894, 1802145 
0.898, 1778843 
0.903, 1766760 
0.909, 1759627 
0.913, 1757887 
0.917, 1688820 
0.922, 1688678 
0.927, 1676781 
0.932, 1669059 
0.938, 1668891 
0.943, 1663795 
0.949, 1661975 
0.955, 1660189 
0.971, 1652138 
0.978, 1649204 
0.984, 1647241 
0.999, 1643500 
1.018, 1643488 
1.038, 1642170 
1.057, 1641083 
1.076, 1636611 
1.088, 1635853 
1.097, 1624542 
1.107, 1624539 
1.116, 1620605 
1.126, 1620436 
1.136, 1618648 
1.150, 1617816 
1.158, 1616739 
1.168, 1615949 
1.174, 1614973 
1.184, 1613749 
1.197, 1613063 
1.213, 1612849 
1.222, 1607250 
1.232, 1606705 
1.240, 1606148 
1.244, 1606145 
1.250, 1603233 
1.259, 1601598 
1.267, 1601546 
1.274, 1600956 
1.283, 1600274 
1.293, 1600010 
1.298, 1599386 
1.307, 1598503 
1.315, 1596341 
1.325, 1592217 
1.330, 1591307 
1.338, 1590625 
1.347, 1585412 
1.355, 1585006 
1.364, 1584799 
1.387, 1584557 
1.396, 1584106 
1.403, 1583564 
1.409, 1579138 
1.414, 1578961 
1.430, 1578754 
1.441, 1578064 
1.455, 1577648 
1.464, 1576398 
1.472, 1569935 
1.481, 1569454 
1.502, 1567079 
1.512, 1562947 
1.541, 1528351 
1.558, 1524058 
1.565, 1521182 
1.575, 1517342 
1.591, 1516798 
1.612, 1496391 
1.628, 1483614 
1.640, 1474771 
1.648, 1473911 
1.657, 1473031 
1.664, 1469965 
1.672, 1464938 
1.679, 1461723 
1.688, 1460614 
1.696, 1453759 
1.705, 1436566 
1.716, 1381995 
1.725, 1379664 
1.735, 1375615 
1.748, 1370057 
1.765, 1369988 
1.790, 1365865 
1.799, 1365648 
1.809, 1365472 
1.817, 1345245 
1.824, 1342786 
1.831, 1320179 
1.839, 1319033 
1.878, 1316231 
1.888, 1313848 
1.902, 1276751 
1.912, 1271038 
1.921, 1270934 
1.930, 1261433 
1.938, 1242348 
1.948, 1242093 
1.957, 1241697 
