0.001, 10343341 
0.001, 10236140 
0.001, 10112090 
0.002, 10081759 
0.002, 9901262 
0.003, 9883740 
0.003, 9876353 
0.004, 9824578 
0.004, 9707553 
0.005, 9659075 
0.006, 9592980 
0.006, 9592734 
0.006, 9409604 
0.008, 9409571 
0.008, 9364523 
0.008, 9343622 
0.009, 9342022 
0.009, 9266892 
0.011, 9265818 
0.011, 9240505 
0.011, 9142752 
0.011, 9056759 
0.011, 8894711 
0.011, 8884182 
0.011, 8875090 
0.011, 8817166 
0.011, 8766623 
0.011, 8766175 
0.012, 8738416 
0.012, 8722684 
0.012, 8703020 
0.012, 8683340 
0.012, 8511740 
0.013, 8496622 
0.014, 8496017 
0.014, 8425444 
0.014, 8339937 
0.014, 8335454 
0.014, 8318238 
0.014, 8127514 
0.014, 8124583 
0.014, 8117422 
0.015, 8115284 
0.015, 8114818 
0.015, 8081747 
0.016, 8060299 
0.017, 8056341 
0.019, 8056278 
0.020, 7765782 
0.022, 7760661 
0.023, 7753822 
0.028, 7721765 
0.031, 7719061 
0.034, 7718389 
0.034, 7718227 
0.035, 7717184 
0.037, 7716902 
0.039, 7712603 
0.040, 7706002 
0.041, 7476190 
0.042, 7413824 
0.043, 7410438 
0.044, 7366710 
0.045, 7366653 
0.045, 7323150 
0.046, 7236030 
0.047, 7165122 
0.048, 7148655 
0.049, 7063392 
0.050, 7059178 
0.051, 6923890 
0.053, 6901601 
0.054, 6839998 
0.055, 6789953 
0.056, 6700382 
0.057, 6627019 
0.058, 6604759 
0.059, 6603006 
0.060, 6584613 
0.062, 6583352 
0.063, 6419767 
0.064, 6330181 
0.065, 6299772 
0.066, 6214652 
0.067, 6202379 
0.069, 6201084 
0.071, 6201033 
0.073, 6200946 
0.080, 6172251 
0.080, 6170576 
0.081, 6164593 
0.081, 6163857 
0.082, 6154657 
0.082, 6067123 
0.082, 6063543 
0.083, 5960777 
0.084, 5910224 
0.084, 5908539 
0.084, 5908533 
0.084, 5869930 
0.085, 5869843 
0.085, 5860044 
0.086, 5820165 
0.086, 5817936 
0.087, 5778125 
0.087, 5771128 
0.088, 5758479 
0.088, 5651717 
0.089, 5649652 
0.090, 5574923 
0.090, 5521981 
0.093, 5505440 
0.097, 5434721 
0.099, 5390406 
0.099, 5390018 
0.101, 5360480 
0.101, 5358295 
0.103, 5263165 
0.105, 5216633 
0.107, 5210124 
0.109, 5172679 
0.110, 5168355 
0.111, 5152790 
0.114, 5095595 
0.114, 5095144 
0.116, 5054557 
0.116, 5052882 
0.118, 5001345 
0.118, 4999744 
0.119, 4966094 
0.121, 4916773 
0.121, 4915065 
0.122, 4912822 
0.123, 4734366 
0.124, 4684827 
0.124, 4683147 
0.125, 4650621 
0.127, 4621574 
0.127, 4620907 
0.128, 4595505 
0.129, 4586094 
0.129, 4585413 
0.130, 4479244 
0.130, 4475211 
0.131, 4462246 
0.131, 4461830 
0.133, 4438150 
0.133, 4435923 
0.134, 4432510 
0.135, 4432258 
0.136, 4410303 
0.137, 4307723 
0.139, 4303935 
0.140, 4282844 
0.142, 4268384 
0.143, 4205800 
0.145, 4200498 
0.147, 4168632 
0.148, 4166493 
0.150, 4166227 
0.152, 4159837 
0.153, 4140707 
0.155, 4094643 
0.156, 4081508 
0.158, 4056135 
0.160, 4037948 
0.161, 4030814 
0.163, 4030595 
0.165, 4030204 
0.167, 4015782 
0.169, 4006817 
0.170, 4005679 
0.173, 3976918 
0.175, 3903153 
0.176, 3899337 
0.179, 3890595 
0.180, 3889131 
0.183, 3883198 
0.186, 3881836 
0.187, 3877514 
0.188, 3876514 
0.189, 3869745 
0.190, 3869295 
0.191, 3856819 
0.192, 3855633 
0.193, 3846914 
0.194, 3843765 
0.195, 3821081 
0.196, 3801528 
0.197, 3800987 
0.198, 3795332 
0.199, 3789303 
0.200, 3787337 
0.201, 3778421 
0.202, 3773675 
0.203, 3756913 
0.204, 3737072 
0.204, 3733452 
0.205, 3694244 
0.206, 3686018 
0.207, 3611599 
0.209, 3602030 
0.210, 3564964 
0.211, 3541098 
0.212, 3540049 
0.213, 3523758 
0.215, 3447134 
0.218, 3433067 
0.221, 3408861 
0.222, 3347736 
0.224, 3346805 
0.225, 3322691 
0.226, 3321971 
0.227, 3282222 
0.228, 3247304 
0.229, 3233847 
0.230, 3229574 
0.232, 3227885 
0.233, 3200950 
0.234, 3195614 
0.235, 3166370 
0.238, 3147463 
0.239, 3140719 
0.241, 3139396 
0.242, 3125209 
0.243, 3123522 
0.244, 3079587 
0.245, 3077592 
0.246, 3067979 
0.247, 3060275 
0.248, 3059970 
0.249, 3008030 
0.251, 2989550 
0.252, 2914910 
0.253, 2914311 
0.255, 2843362 
0.256, 2836355 
0.258, 2825627 
0.259, 2730321 
0.261, 2725490 
0.263, 2682774 
0.265, 2666870 
0.266, 2666667 
0.267, 2666126 
0.268, 2664507 
0.269, 2640824 
0.270, 2600040 
0.271, 2593732 
0.272, 2586212 
0.273, 2544270 
0.274, 2533235 
0.275, 2515296 
0.276, 2492493 
0.277, 2469272 
0.278, 2462612 
0.279, 2446102 
0.282, 2443849 
0.283, 2428821 
0.285, 2426373 
0.286, 2425567 
0.289, 2415169 
0.291, 2396343 
0.293, 2393689 
0.295, 2376096 
0.297, 2360234 
0.299, 2348738 
0.301, 2339514 
0.302, 2339271 
0.303, 2336558 
0.304, 2323149 
0.305, 2318291 
0.306, 2313074 
0.307, 2259585 
0.308, 2257034 
0.309, 2247505 
0.310, 2214320 
0.312, 2201158 
0.313, 2195382 
0.315, 2192511 
0.316, 2167212 
0.318, 2164779 
0.319, 2161997 
0.321, 2150387 
0.322, 2149298 
0.324, 2148572 
0.325, 2129342 
0.327, 2128551 
0.332, 2125670 
0.335, 2115171 
0.339, 2110053 
0.343, 2094592 
0.347, 2089398 
0.352, 2084616 
0.357, 2071408 
0.361, 2069550 
0.365, 2051699 
0.367, 2049566 
0.370, 2041645 
0.372, 2038806 
0.374, 2037927 
0.375, 2035002 
0.377, 2032949 
0.378, 2030391 
0.380, 2018892 
0.382, 2015122 
0.383, 2012758 
0.385, 2012137 
0.387, 2004002 
0.389, 2001548 
0.391, 1994279 
0.393, 1987895 
0.394, 1987016 
0.396, 1984768 
0.398, 1983536 
0.400, 1982959 
0.403, 1979094 
0.408, 1944552 
0.412, 1939172 
0.415, 1939030 
0.419, 1915286 
0.423, 1875668 
0.427, 1861719 
0.431, 1861088 
0.434, 1849859 
0.439, 1839555 
0.442, 1838070 
0.446, 1828973 
0.450, 1818675 
0.455, 1808774 
0.459, 1802656 
0.465, 1798973 
0.469, 1798244 
0.473, 1763210 
0.477, 1759762 
0.481, 1747604 
0.486, 1731282 
0.491, 1729931 
0.496, 1727590 
0.501, 1725924 
0.507, 1718887 
0.512, 1718434 
0.517, 1713299 
0.525, 1710508 
0.531, 1709657 
0.537, 1709655 
0.542, 1707709 
0.547, 1706863 
0.552, 1699749 
0.557, 1699173 
0.562, 1693267 
0.568, 1692779 
0.573, 1692080 
0.578, 1691400 
0.583, 1690756 
0.596, 1690131 
0.607, 1687247 
0.617, 1681157 
0.627, 1679889 
0.632, 1677941 
0.636, 1677339 
0.641, 1676788 
0.646, 1676136 
0.650, 1675501 
0.655, 1675003 
0.659, 1674561 
0.664, 1674511 
0.669, 1671120 
0.676, 1670272 
0.681, 1668764 
0.686, 1668686 
0.691, 1667489 
0.696, 1659337 
0.702, 1657781 
0.708, 1656740 
0.713, 1656375 
0.719, 1652682 
0.725, 1650768 
0.730, 1649811 
0.735, 1649773 
0.741, 1647457 
0.749, 1643527 
0.754, 1643227 
0.760, 1642591 
0.765, 1642114 
0.770, 1640790 
0.776, 1640271 
0.782, 1637545 
0.789, 1636026 
0.795, 1634675 
0.801, 1585576 
0.810, 1551844 
0.816, 1494107 
0.822, 1481013 
0.828, 1473977 
0.840, 1470080 
0.847, 1457767 
0.854, 1447065 
0.860, 1428132 
0.866, 1405738 
0.872, 1404649 
0.878, 1396388 
0.894, 1383414 
0.907, 1376562 
0.921, 1372214 
0.934, 1365681 
0.940, 1359576 
0.947, 1357557 
0.954, 1357539 
0.960, 1354084 
0.967, 1338829 
0.974, 1336704 
0.980, 1297394 
0.986, 1296131 
0.995, 1295438 
1.002, 1287479 
1.008, 1276822 
1.015, 1255925 
1.021, 1254271 
1.027, 1253719 
1.034, 1253323 
