0.001, 9951890 
0.001, 9945569 
0.001, 9931517 
0.002, 9921979 
0.002, 9912712 
0.002, 9834683 
0.002, 9829987 
0.002, 9799851 
0.003, 9799498 
0.003, 9754425 
0.003, 9591376 
0.003, 9553718 
0.003, 9436928 
0.004, 9408139 
0.004, 9372848 
0.004, 9323674 
0.004, 9274871 
0.004, 9228950 
0.004, 9227638 
0.004, 9162226 
0.004, 9117100 
0.004, 9093124 
0.005, 9092133 
0.005, 9046401 
0.006, 8970253 
0.007, 8969885 
0.007, 8963341 
0.007, 8960002 
0.007, 8910136 
0.007, 8902763 
0.007, 8900837 
0.007, 8856941 
0.007, 8832053 
0.007, 8819505 
0.007, 8716045 
0.007, 8715000 
0.008, 8714027 
0.008, 8519130 
0.008, 8444197 
0.008, 8391739 
0.008, 8196840 
0.008, 8100848 
0.008, 8044366 
0.008, 7864511 
0.008, 7863414 
0.008, 7761518 
0.008, 7716357 
0.008, 7651098 
0.008, 7634621 
0.008, 7624700 
0.008, 7589508 
0.009, 7544315 
0.009, 7543430 
0.014, 7532208 
0.014, 7531730 
0.018, 7406209 
0.018, 7405562 
0.022, 7336632 
0.022, 7334806 
0.025, 7329092 
0.029, 7277506 
0.031, 7077076 
0.031, 7075391 
0.033, 7075385 
0.035, 7009118 
0.035, 7005299 
0.035, 7004979 
0.038, 6974237 
0.040, 6898587 
0.042, 6884295 
0.042, 6883631 
0.045, 6792797 
0.046, 6792791 
0.049, 6755657 
0.049, 6755252 
0.049, 6754932 
0.054, 6698876 
0.056, 6643482 
0.058, 6607806 
0.059, 6574324 
0.059, 6572782 
0.061, 6498032 
0.061, 6495817 
0.063, 6495700 
0.065, 6483823 
0.066, 6483793 
0.068, 6426212 
0.070, 6406046 
0.072, 6347854 
0.073, 6339230 
0.074, 6245359 
0.074, 6244090 
0.075, 6243650 
0.076, 6227646 
0.076, 6227541 
0.076, 6225857 
0.077, 6225109 
0.079, 6221578 
0.080, 6220047 
0.081, 6219111 
0.082, 6215258 
0.083, 6054860 
0.085, 6045641 
0.086, 6044797 
0.087, 6014694 
0.088, 5994552 
0.089, 5911182 
0.090, 5855133 
0.091, 5810151 
0.092, 5786383 
0.093, 5783844 
0.094, 5746596 
0.094, 5745085 
0.096, 5706027 
0.097, 5600188 
0.099, 5517721 
0.100, 5463673 
0.101, 5443161 
0.103, 5290403 
0.105, 5273375 
0.106, 5178220 
0.107, 5176160 
0.109, 5174532 
0.111, 5108826 
0.113, 5092530 
0.114, 5085745 
0.116, 5058946 
0.117, 5058807 
0.119, 5006457 
0.120, 4841687 
0.121, 4737069 
0.123, 4717713 
0.125, 4717568 
0.126, 4663760 
0.127, 4657576 
0.129, 4648863 
0.130, 4646746 
0.132, 4547988 
0.133, 4546888 
0.135, 4485611 
0.136, 4480743 
0.138, 4474963 
0.138, 4473288 
0.139, 4379702 
0.139, 4378433 
0.141, 4377488 
0.143, 4359653 
0.145, 4344435 
0.147, 4339302 
0.149, 4334914 
0.151, 4325966 
0.154, 4320471 
0.157, 4314758 
0.161, 4305653 
0.163, 4303884 
0.164, 4202496 
0.166, 4183015 
0.168, 4142858 
0.168, 4139591 
0.169, 4139354 
0.171, 4139099 
0.172, 4138703 
0.174, 4137663 
0.175, 4128047 
0.178, 4122176 
0.180, 4112549 
0.182, 4110757 
0.186, 4108618 
0.189, 4106852 
0.191, 3984682 
0.193, 3980051 
0.196, 3917777 
0.198, 3909131 
0.200, 3903420 
0.202, 3900412 
0.204, 3898546 
0.206, 3898435 
0.210, 3893800 
0.213, 3892900 
0.216, 3862892 
0.218, 3862404 
0.220, 3848116 
0.221, 3800802 
0.223, 3772615 
0.225, 3684531 
0.227, 3674103 
0.229, 3673300 
0.231, 3636834 
0.233, 3622540 
0.235, 3618996 
0.238, 3618096 
0.240, 3576992 
0.242, 3570113 
0.244, 3556905 
0.247, 3548246 
0.249, 3542141 
0.252, 3542109 
0.254, 3540243 
0.259, 3535309 
0.262, 3519965 
0.265, 3517543 
0.268, 3489673 
0.271, 3486470 
0.275, 3426276 
0.278, 3420098 
0.281, 3418347 
0.285, 3414732 
0.287, 3406595 
0.290, 3402961 
0.293, 3401507 
0.296, 3396829 
0.299, 3371284 
0.302, 3370805 
0.311, 3342942 
0.317, 3342746 
0.324, 3334915 
0.331, 3333392 
0.338, 3333153 
0.341, 3325833 
0.344, 3308865 
0.347, 3280547 
0.350, 3267739 
0.353, 3261141 
0.357, 3195403 
0.360, 3193880 
0.363, 3189478 
0.366, 3180381 
0.369, 3174337 
0.372, 3173763 
0.375, 3164186 
0.380, 3159039 
0.383, 3149923 
0.386, 3135711 
0.389, 3083670 
0.392, 3083297 
0.396, 3083155 
0.399, 3077804 
0.402, 3077179 
0.405, 3064859 
0.408, 3063058 
0.411, 3060238 
0.414, 3056621 
0.418, 2951417 
0.421, 2945716 
0.425, 2930544 
0.429, 2927054 
0.434, 2926428 
0.437, 2923708 
0.441, 2922970 
0.444, 2914751 
0.448, 2907752 
0.451, 2903100 
0.456, 2902231 
0.460, 2862346 
0.464, 2861386 
0.467, 2843352 
0.471, 2826810 
0.475, 2795712 
0.478, 2795635 
0.481, 2792759 
0.484, 2790958 
0.490, 2788739 
0.493, 2787633 
0.497, 2768222 
0.501, 2766175 
0.504, 2754474 
0.508, 2736753 
0.512, 2680165 
0.515, 2676003 
0.519, 2651624 
0.523, 2650041 
0.527, 2647139 
0.531, 2629638 
0.535, 2622676 
0.538, 2620173 
0.547, 2610320 
0.556, 2580393 
0.564, 2578827 
0.572, 2577648 
0.580, 2575605 
0.584, 2572527 
0.588, 2569934 
0.591, 2568716 
0.595, 2560548 
0.599, 2552847 
0.603, 2541863 
0.607, 2506486 
0.613, 2502764 
0.619, 2502322 
0.623, 2484224 
0.627, 2475543 
0.634, 2443094 
0.638, 2431878 
0.642, 2406849 
0.648, 2403287 
0.652, 2381643 
0.657, 2381324 
0.661, 2373082 
0.665, 2372722 
0.670, 2346480 
0.674, 2324117 
0.678, 2307554 
0.682, 2302561 
0.686, 2300099 
0.691, 2290632 
0.696, 2289467 
0.706, 2270554 
0.710, 2251289 
0.713, 2244018 
0.717, 2241464 
0.722, 2236665 
0.726, 2235132 
0.730, 2233764 
0.734, 2233422 
0.739, 2226184 
0.743, 2221664 
0.747, 2219409 
0.751, 2213704 
0.757, 2212320 
0.762, 2207580 
0.766, 2206982 
0.773, 2204940 
0.777, 2198570 
0.781, 2197811 
0.786, 2190366 
0.790, 2184938 
0.794, 2175042 
0.800, 2173576 
0.804, 2168771 
0.809, 2167357 
0.813, 2164114 
0.818, 2161189 
0.823, 2159557 
0.827, 2159240 
0.832, 2158813 
0.836, 2158536 
0.847, 2156416 
0.857, 2155994 
0.868, 2155863 
0.879, 2152258 
0.888, 2150171 
0.898, 2149970 
0.906, 2148988 
0.911, 2147841 
0.915, 2140990 
0.920, 2113757 
0.925, 2113280 
0.929, 2047988 
0.934, 2041878 
0.938, 2041195 
0.943, 2041120 
0.948, 2040549 
0.952, 2040471 
0.958, 2039575 
0.963, 2038814 
0.967, 2037468 
0.973, 2036336 
0.978, 2036332 
0.982, 2036174 
0.987, 2036107 
0.992, 2032939 
0.997, 2025383 
1.002, 2024252 
1.006, 2022983 
1.011, 2022640 
1.017, 2022533 
1.022, 2021492 
1.027, 2021281 
1.032, 2011144 
1.037, 2009257 
1.045, 2008751 
1.050, 2008453 
1.055, 2002883 
1.061, 2002247 
1.067, 1998250 
1.073, 1997812 
1.081, 1988509 
1.087, 1957359 
1.092, 1953369 
1.097, 1953038 
1.101, 1952038 
1.106, 1951664 
1.111, 1947135 
1.116, 1944539 
1.122, 1944037 
1.130, 1943432 
1.136, 1942971 
1.142, 1918725 
1.148, 1907599 
1.154, 1844477 
1.160, 1831614 
1.166, 1828617 
1.172, 1824931 
1.178, 1762728 
1.188, 1748952 
1.192, 1746056 
1.196, 1730357 
1.199, 1729385 
1.203, 1725032 
1.207, 1720934 
1.215, 1710252 
1.229, 1709008 
1.244, 1574054 
1.258, 1537019 
1.273, 1525620 
1.284, 1509026 
1.291, 1498184 
1.299, 1493120 
1.306, 1454303 
1.314, 1454042 
1.322, 1404020 
1.331, 1390074 
1.338, 1367609 
1.347, 1359326 
1.355, 1359065 
1.363, 1285978 
1.371, 1259434 
1.378, 1252678 
1.386, 1249599 
1.393, 1246718 
1.400, 1227679 
1.408, 1227138 
