0.000, 10370344 
0.001, 10231695 
0.002, 10231133 
0.002, 10116184 
0.002, 10083414 
0.002, 10064481 
0.002, 10032421 
0.002, 10000796 
0.002, 9948318 
0.002, 9940671 
0.002, 9939923 
0.002, 9833252 
0.003, 9772083 
0.003, 9753035 
0.004, 9714981 
0.006, 9714526 
0.006, 9705457 
0.007, 9681440 
0.007, 9616898 
0.007, 9576889 
0.007, 9530930 
0.007, 9510698 
0.007, 9387197 
0.007, 9348615 
0.007, 9319513 
0.007, 9175849 
0.007, 9148060 
0.007, 9035350 
0.007, 8881677 
0.008, 8864097 
0.008, 8843481 
0.008, 8817926 
0.008, 8812364 
0.008, 8804767 
0.008, 8780090 
0.008, 8666720 
0.008, 8648290 
0.008, 8633875 
0.008, 8633030 
0.009, 8630658 
0.012, 8630315 
0.015, 8610642 
0.018, 8457182 
0.021, 8451554 
0.024, 8389733 
0.028, 8367010 
0.029, 8359642 
0.031, 8301321 
0.031, 8301313 
0.031, 8301273 
0.031, 8249516 
0.032, 8248957 
0.032, 8081439 
0.032, 8081062 
0.034, 8078510 
0.035, 8061354 
0.036, 7949083 
0.037, 7946281 
0.039, 7810368 
0.040, 7794249 
0.042, 7740772 
0.042, 7740252 
0.043, 7738730 
0.044, 7738656 
0.044, 7663881 
0.044, 7530494 
0.044, 7460797 
0.045, 7402292 
0.045, 7371398 
0.045, 7231658 
0.045, 7200300 
0.045, 7181137 
0.045, 7074207 
0.045, 7053544 
0.045, 7052907 
0.045, 6995896 
0.045, 6995374 
0.045, 6993311 
0.045, 6916599 
0.045, 6910898 
0.046, 6910736 
0.046, 6897559 
0.046, 6829858 
0.046, 6813752 
0.046, 6796117 
0.046, 6795755 
0.047, 6774187 
0.047, 6774025 
0.049, 6768802 
0.049, 6718091 
0.052, 6715159 
0.053, 6701108 
0.055, 6678847 
0.056, 6444261 
0.057, 6441697 
0.058, 6265725 
0.059, 6193310 
0.063, 6192346 
0.064, 5950093 
0.065, 5936442 
0.066, 5934152 
0.068, 5934101 
0.069, 5934014 
0.071, 5854342 
0.073, 5853881 
0.073, 5850225 
0.075, 5725015 
0.075, 5724722 
0.077, 5700622 
0.079, 5700545 
0.080, 5689822 
0.082, 5689003 
0.084, 5667519 
0.086, 5629199 
0.086, 5629094 
0.088, 5628660 
0.088, 5627149 
0.090, 5575398 
0.092, 5558891 
0.095, 5537738 
0.097, 5533321 
0.099, 5530544 
0.101, 5521410 
0.104, 5512992 
0.105, 5495739 
0.107, 5480650 
0.109, 5469395 
0.111, 5364710 
0.112, 5330650 
0.115, 5328221 
0.116, 5287376 
0.118, 5165175 
0.119, 5150267 
0.121, 5132570 
0.123, 4979591 
0.124, 4910035 
0.126, 4897263 
0.128, 4865190 
0.129, 4856282 
0.131, 4853658 
0.133, 4847244 
0.134, 4824377 
0.137, 4824204 
0.139, 4815256 
0.141, 4809312 
0.144, 4793951 
0.148, 4792397 
0.152, 4781979 
0.154, 4780451 
0.156, 4780214 
0.157, 4779959 
0.159, 4779563 
0.163, 4681813 
0.167, 4637367 
0.171, 4626972 
0.175, 4624194 
0.181, 4621947 
0.181, 4615353 
0.183, 4608251 
0.184, 4605180 
0.186, 4582780 
0.188, 4575203 
0.191, 4572425 
0.192, 4568418 
0.194, 4565352 
0.196, 4552225 
0.198, 4549217 
0.201, 4547351 
0.203, 4527392 
0.205, 4521095 
0.207, 4490945 
0.209, 4484257 
0.211, 4480298 
0.214, 4474580 
0.216, 4473004 
0.218, 4458224 
0.221, 4395136 
0.225, 4348360 
0.227, 4345525 
0.230, 4328396 
0.232, 4319425 
0.235, 4295410 
0.237, 4289975 
0.240, 4288359 
0.242, 4182800 
0.245, 4118835 
0.247, 4110516 
0.251, 4107638 
0.254, 4088437 
0.257, 4010831 
0.261, 4009413 
0.265, 3984115 
0.267, 3978597 
0.269, 3978486 
0.271, 3977275 
0.276, 3962039 
0.278, 3959993 
0.280, 3946748 
0.282, 3944559 
0.285, 3931533 
0.288, 3917925 
0.290, 3907299 
0.292, 3906555 
0.295, 3892635 
0.298, 3821806 
0.300, 3817046 
0.302, 3797954 
0.305, 3782266 
0.307, 3780348 
0.310, 3775265 
0.312, 3775081 
0.314, 3754008 
0.317, 3741166 
0.323, 3729810 
0.328, 3702764 
0.334, 3686998 
0.340, 3677862 
0.346, 3659958 
0.352, 3636697 
0.356, 3613360 
0.359, 3601684 
0.362, 3589763 
0.364, 3584813 
0.366, 3584702 
0.368, 3583491 
0.370, 3532783 
0.373, 3528486 
0.376, 3501234 
0.378, 3497220 
0.380, 3483185 
0.382, 3479065 
0.385, 3476904 
0.387, 3463517 
0.390, 3409372 
0.395, 3390835 
0.397, 3390825 
0.400, 3388386 
0.402, 3365239 
0.405, 3360017 
0.408, 3358842 
0.410, 3353664 
0.413, 3351754 
0.417, 3333723 
0.420, 3323873 
0.423, 3296586 
0.426, 3284666 
0.430, 3180928 
0.434, 3168728 
0.437, 3162393 
0.440, 3158548 
0.443, 3145848 
0.446, 3144380 
0.449, 3100721 
0.454, 3099863 
0.457, 3084014 
0.459, 3080445 
0.462, 3070145 
0.465, 3061041 
0.468, 3006883 
0.471, 3002983 
0.474, 2996847 
0.477, 2965223 
0.480, 2923440 
0.483, 2917930 
0.486, 2912531 
0.490, 2907965 
0.493, 2900991 
0.496, 2899822 
0.499, 2898752 
0.502, 2892142 
0.508, 2890820 
0.511, 2890384 
0.514, 2889116 
0.517, 2885302 
0.521, 2870704 
0.524, 2859530 
0.527, 2842994 
0.530, 2835874 
0.533, 2803807 
0.536, 2793126 
0.539, 2791359 
0.542, 2762419 
0.545, 2758660 
0.548, 2756638 
0.551, 2752098 
0.554, 2748135 
0.561, 2744785 
0.568, 2741640 
0.575, 2737255 
0.582, 2730299 
0.588, 2729996 
0.595, 2718145 
0.600, 2714740 
0.603, 2685321 
0.606, 2678002 
0.610, 2675227 
0.613, 2663101 
0.616, 2659341 
0.619, 2653366 
0.622, 2648114 
0.625, 2642569 
0.628, 2638830 
0.631, 2636693 
0.635, 2634588 
0.638, 2634335 
0.641, 2632494 
0.646, 2628735 
0.650, 2628349 
0.653, 2628111 
0.656, 2626426 
0.659, 2623062 
0.662, 2621059 
0.665, 2620629 
0.669, 2608980 
0.672, 2608023 
0.677, 2602087 
0.683, 2598568 
0.688, 2592480 
0.691, 2590372 
0.694, 2590325 
0.698, 2589675 
0.701, 2589078 
0.704, 2586670 
0.708, 2585980 
0.711, 2585495 
0.716, 2585283 
0.720, 2584453 
0.723, 2583744 
0.727, 2582121 
0.730, 2582085 
0.733, 2581805 
0.738, 2580269 
0.745, 2579222 
0.750, 2578848 
0.753, 2578444 
0.757, 2576421 
0.760, 2576294 
0.763, 2575713 
0.767, 2575671 
0.771, 2575590 
0.774, 2572201 
0.777, 2572156 
0.781, 2571876 
0.786, 2571463 
0.790, 2568848 
0.793, 2568805 
0.796, 2566189 
0.800, 2565620 
0.803, 2564046 
0.806, 2563604 
0.810, 2561969 
0.813, 2558542 
0.817, 2558044 
0.820, 2536462 
0.824, 2527855 
0.828, 2522759 
0.831, 2521853 
0.835, 2520548 
0.839, 2520506 
0.842, 2519845 
0.846, 2517944 
0.856, 2517252 
0.864, 2514460 
0.873, 2514430 
0.881, 2514024 
0.889, 2501566 
0.897, 2497612 
0.902, 2497541 
0.906, 2478898 
0.910, 2478530 
0.913, 2478526 
0.916, 2478368 
0.920, 2478289 
0.924, 2478074 
0.927, 2466602 
0.930, 2466195 
0.934, 2465559 
0.938, 2463397 
0.942, 2463237 
0.947, 2462831 
0.951, 2462493 
0.957, 2462073 
0.962, 2460815 
0.966, 2452947 
0.971, 2452470 
0.976, 2450650 
0.980, 2450116 
0.985, 2446226 
0.990, 2445433 
0.994, 2442991 
0.999, 2425184 
1.004, 2425165 
1.009, 2423805 
1.014, 2369734 
1.019, 2354860 
1.024, 2353673 
1.027, 2353086 
1.030, 2352613 
1.036, 2352392 
1.040, 2352307 
1.044, 2351868 
1.047, 2351737 
1.051, 2350220 
1.056, 2349443 
1.060, 2343251 
1.064, 2342615 
1.071, 2330435 
1.074, 2330133 
1.079, 2328625 
1.083, 2328526 
1.088, 2315556 
1.094, 2293240 
1.099, 2215952 
1.104, 2184706 
1.110, 2182219 
1.114, 2179373 
1.119, 2178572 
1.123, 2177848 
1.126, 2177818 
1.130, 2174896 
1.135, 2171663 
1.140, 2171078 
1.145, 2090787 
1.150, 2014732 
1.155, 1998107 
1.160, 1996334 
1.165, 1982361 
1.170, 1980961 
1.176, 1967814 
1.181, 1958801 
1.187, 1955407 
1.192, 1946862 
1.200, 1934044 
1.212, 1895496 
1.223, 1877940 
1.237, 1864794 
1.248, 1769656 
1.259, 1768017 
1.270, 1725687 
1.276, 1724734 
1.282, 1722423 
1.289, 1721787 
1.295, 1714427 
1.301, 1714285 
1.307, 1689688 
1.312, 1660933 
1.318, 1647154 
1.324, 1647055 
1.329, 1645231 
1.335, 1643156 
1.341, 1635676 
1.347, 1633417 
1.352, 1612303 
1.358, 1606496 
1.365, 1507497 
1.371, 1507486 
1.378, 1496787 
1.385, 1496545 
1.391, 1473952 
1.395, 1471880 
1.399, 1464736 
1.404, 1463779 
1.410, 1460065 
1.416, 1459010 
1.420, 1458438 
1.426, 1437500 
1.429, 1432033 
1.433, 1393310 
1.437, 1370288 
1.440, 1369653 
1.443, 1365760 
1.447, 1363648 
1.451, 1359463 
1.455, 1359188 
1.459, 1329252 
1.463, 1329101 
1.470, 1329007 
1.476, 1327569 
1.480, 1326539 
1.485, 1325703 
1.490, 1325424 
1.494, 1325271 
1.499, 1325245 
1.504, 1325024 
1.509, 1324727 
1.516, 1324128 
1.523, 1323535 
1.529, 1312768 
1.535, 1305882 
1.542, 1305807 
1.548, 1292352 
