0.000, 10945230 
0.000, 10733133 
0.001, 10732968 
0.002, 10699987 
0.002, 10657641 
0.002, 10589605 
0.003, 10535814 
0.003, 10459939 
0.004, 10357614 
0.004, 10329832 
0.004, 10279666 
0.004, 10267949 
0.005, 10183744 
0.006, 10130698 
0.006, 10119571 
0.007, 10119210 
0.007, 10115738 
0.007, 10023356 
0.007, 10022042 
0.009, 10021473 
0.009, 10020721 
0.009, 9990355 
0.009, 9848472 
0.009, 9832763 
0.009, 9830748 
0.009, 9698762 
0.009, 9639896 
0.009, 9498070 
0.009, 9493490 
0.009, 9492269 
0.009, 9489450 
0.009, 9478763 
0.010, 9477055 
0.010, 9476490 
0.011, 9476403 
0.016, 9470283 
0.021, 9442512 
0.026, 9433839 
0.031, 9377931 
0.033, 9341853 
0.035, 9271202 
0.035, 9270976 
0.036, 9193167 
0.036, 9192220 
0.038, 9098219 
0.040, 9013256 
0.040, 9013030 
0.042, 8931874 
0.042, 8930902 
0.044, 8903386 
0.046, 8878256 
0.048, 8812215 
0.050, 8801047 
0.051, 8797093 
0.053, 8790318 
0.053, 8790179 
0.058, 8769793 
0.058, 8769496 
0.060, 8723747 
0.061, 8677790 
0.062, 8549999 
0.064, 8549861 
0.065, 8494018 
0.067, 8492758 
0.068, 8487439 
0.070, 8481451 
0.070, 8480973 
0.071, 8343122 
0.073, 8340442 
0.075, 8212185 
0.075, 8210674 
0.076, 8208412 
0.076, 8058348 
0.077, 8002111 
0.077, 7896068 
0.078, 7750645 
0.078, 7686928 
0.079, 7593013 
0.079, 7428842 
0.079, 7427365 
0.079, 7336357 
0.079, 7273525 
0.079, 7266938 
0.079, 7150275 
0.079, 7039799 
0.080, 6977434 
0.080, 6974238 
0.080, 6914535 
0.080, 6880911 
0.080, 6857221 
0.080, 6786388 
0.080, 6731075 
0.081, 6724563 
0.081, 6670584 
0.081, 6669930 
0.081, 6669873 
0.082, 6668276 
0.082, 6568774 
0.082, 6559650 
0.083, 6553806 
0.083, 6380946 
0.083, 6222123 
0.084, 6183692 
0.084, 6154951 
0.084, 6067404 
0.084, 6065724 
0.085, 5952946 
0.085, 5952895 
0.086, 5946035 
0.086, 5943820 
0.088, 5798652 
0.089, 5670153 
0.089, 5668884 
0.090, 5667782 
0.091, 5611840 
0.092, 5605918 
0.093, 5605912 
0.094, 5581995 
0.094, 5580092 
0.094, 5579772 
0.095, 5524287 
0.096, 5523267 
0.097, 5434443 
0.099, 5432945 
0.100, 5427452 
0.101, 5423996 
0.101, 5423990 
0.103, 5409050 
0.103, 5408744 
0.104, 5382836 
0.105, 5333200 
0.105, 5329620 
0.106, 5150678 
0.108, 5144205 
0.109, 5086890 
0.110, 5086327 
0.111, 4978847 
0.112, 4921060 
0.113, 4913432 
0.114, 4912693 
0.115, 4867508 
0.116, 4858312 
0.118, 4846715 
0.119, 4792094 
0.120, 4766481 
0.121, 4750660 
0.121, 4749894 
0.122, 4744847 
0.123, 4733395 
0.124, 4719580 
0.124, 4716864 
0.126, 4687847 
0.127, 4687692 
0.127, 4686423 
0.129, 4684105 
0.130, 4678223 
0.132, 4639486 
0.134, 4638915 
0.135, 4610975 
0.137, 4603897 
0.139, 4583034 
0.142, 4566806 
0.144, 4549336 
0.147, 4526601 
0.149, 4502444 
0.152, 4444978 
0.154, 4399298 
0.157, 4392379 
0.159, 4378482 
0.163, 4377864 
0.164, 4364832 
0.165, 4354175 
0.166, 4350389 
0.167, 4334623 
0.169, 4327646 
0.171, 4297577 
0.173, 4285307 
0.175, 4279632 
0.177, 4232013 
0.178, 4228136 
0.178, 4227899 
0.179, 4227644 
0.180, 4227248 
0.182, 4190192 
0.183, 4179521 
0.185, 4170567 
0.186, 4155748 
0.187, 4154879 
0.188, 4154642 
0.189, 4154387 
0.190, 4153991 
0.192, 4146182 
0.194, 4145381 
0.196, 4139773 
0.198, 4135767 
0.200, 4134757 
0.202, 4089046 
0.204, 4038183 
0.208, 4030117 
0.210, 3959239 
0.213, 3951127 
0.215, 3919277 
0.217, 3919045 
0.219, 3895014 
0.221, 3884586 
0.223, 3869316 
0.225, 3864962 
0.227, 3859614 
0.229, 3855612 
0.231, 3840214 
0.233, 3836975 
0.235, 3835230 
0.238, 3825424 
0.240, 3775464 
0.242, 3753200 
0.244, 3706960 
0.247, 3659405 
0.249, 3657621 
0.254, 3652480 
0.256, 3645280 
0.258, 3640557 
0.261, 3595510 
0.263, 3551613 
0.266, 3535749 
0.268, 3535569 
0.270, 3534217 
0.273, 3527529 
0.276, 3525208 
0.279, 3524113 
0.282, 3523307 
0.285, 3495883 
0.288, 3463181 
0.291, 3439550 
0.294, 3374266 
0.302, 3360257 
0.309, 3349056 
0.317, 3345423 
0.325, 3334928 
0.332, 3312355 
0.336, 3291227 
0.339, 3283433 
0.343, 3231509 
0.346, 3215741 
0.349, 3213750 
0.352, 3208897 
0.355, 3205019 
0.359, 3190123 
0.362, 3189668 
0.365, 3185066 
0.368, 3180913 
0.373, 3176437 
0.377, 3114344 
0.380, 3110466 
0.383, 3108644 
0.387, 3102276 
0.390, 3091359 
0.393, 3052877 
0.396, 3033932 
0.400, 3032836 
0.403, 3015084 
0.407, 3011436 
0.410, 2996688 
0.413, 2991940 
0.417, 2913977 
0.420, 2887650 
0.426, 2885555 
0.430, 2884951 
0.434, 2873041 
0.438, 2872043 
0.441, 2861392 
0.445, 2847232 
0.448, 2846593 
0.452, 2837465 
0.456, 2827467 
0.459, 2803548 
0.463, 2794524 
0.467, 2788466 
0.470, 2782451 
0.474, 2780025 
0.477, 2775674 
0.484, 2742356 
0.488, 2721121 
0.492, 2711954 
0.496, 2710651 
0.499, 2707755 
0.503, 2694153 
0.507, 2688879 
0.511, 2686286 
0.515, 2680071 
0.518, 2675003 
0.522, 2674273 
0.526, 2626917 
0.530, 2487988 
0.534, 2466481 
0.545, 2322533 
0.553, 2317169 
0.562, 2312956 
0.571, 2312188 
0.579, 2311933 
0.584, 2264797 
0.587, 2263146 
0.591, 2241312 
0.595, 2235079 
0.599, 2233141 
0.603, 2206721 
0.607, 2206673 
0.611, 2206647 
0.615, 2204367 
0.619, 2200148 
0.625, 2196611 
0.630, 2192439 
0.634, 2183864 
0.638, 2121679 
0.642, 2117205 
0.646, 2108460 
0.650, 2101612 
0.654, 2089871 
0.658, 2086528 
0.662, 2004794 
0.666, 2000851 
0.670, 1997069 
0.674, 1965221 
0.678, 1913618 
0.682, 1907991 
0.686, 1907812 
0.692, 1883850 
0.696, 1876265 
0.701, 1873843 
0.706, 1820773 
0.711, 1808233 
0.716, 1801519 
0.721, 1798086 
0.725, 1797509 
0.730, 1781642 
0.735, 1778415 
0.740, 1775762 
0.745, 1750558 
0.752, 1748762 
0.760, 1748088 
0.765, 1742844 
0.771, 1738899 
0.776, 1734202 
0.781, 1728366 
0.786, 1722719 
0.791, 1720729 
0.796, 1718241 
0.801, 1711257 
0.806, 1706877 
0.811, 1706201 
0.816, 1700216 
0.826, 1696988 
0.838, 1692773 
0.849, 1692767 
0.861, 1689233 
0.873, 1688498 
0.880, 1685475 
0.885, 1682498 
0.890, 1682183 
0.895, 1681324 
0.900, 1680557 
0.905, 1679945 
0.910, 1679368 
0.915, 1679364 
0.920, 1679036 
0.926, 1676351 
0.933, 1676133 
0.938, 1674415 
0.944, 1674096 
0.950, 1673144 
0.955, 1670823 
0.961, 1668862 
0.966, 1667696 
0.972, 1667289 
0.977, 1667192 
0.982, 1667021 
0.988, 1667017 
0.993, 1666689 
0.998, 1660533 
1.004, 1649734 
1.013, 1648993 
1.021, 1647906 
1.028, 1646876 
1.033, 1646342 
1.040, 1645909 
1.045, 1645372 
1.051, 1641155 
1.058, 1639647 
1.063, 1639582 
1.070, 1638593 
1.076, 1638295 
1.082, 1638292 
1.088, 1638087 
1.094, 1637734 
1.103, 1633041 
1.109, 1630129 
1.115, 1624040 
1.121, 1623455 
1.127, 1621816 
1.133, 1619182 
1.139, 1617601 
1.145, 1585142 
1.152, 1583503 
1.158, 1579527 
1.164, 1570224 
1.170, 1557724 
1.182, 1513591 
1.196, 1482195 
1.211, 1471711 
1.226, 1466615 
1.240, 1455813 
1.249, 1411360 
1.257, 1386546 
1.264, 1384754 
1.270, 1371658 
1.277, 1337314 
1.284, 1334687 
1.290, 1300589 
1.296, 1293631 
1.302, 1228663 
