0.000, 11062584 
0.000, 11016436 
0.000, 10834679 
0.001, 10776855 
0.001, 10680402 
0.001, 10647623 
0.001, 10619712 
0.001, 10619071 
0.001, 10566696 
0.002, 10566625 
0.002, 10564261 
0.002, 10536076 
0.002, 10535704 
0.002, 10352477 
0.003, 10351501 
0.003, 10107089 
0.004, 10106712 
0.006, 10106177 
0.006, 10095178 
0.006, 10071472 
0.006, 10070977 
0.006, 10056653 
0.006, 10042249 
0.006, 10035542 
0.006, 9879700 
0.006, 9854128 
0.006, 9853108 
0.007, 9830525 
0.007, 9787234 
0.007, 9773151 
0.007, 9691330 
0.007, 9667037 
0.007, 9627825 
0.007, 9571411 
0.007, 9552711 
0.007, 9515751 
0.007, 9511564 
0.007, 9499702 
0.007, 9470298 
0.007, 9446533 
0.008, 9352461 
0.008, 9307670 
0.008, 9301259 
0.008, 9206775 
0.008, 9190234 
0.008, 9146319 
0.008, 9146286 
0.008, 9085452 
0.008, 8925960 
0.008, 8876003 
0.009, 8779624 
0.009, 8761204 
0.010, 8757246 
0.010, 8756172 
0.012, 8756093 
0.014, 8755840 
0.016, 8700626 
0.017, 8680630 
0.019, 8585145 
0.019, 8584978 
0.020, 8584724 
0.020, 8584553 
0.020, 8471346 
0.020, 8459417 
0.020, 8414909 
0.020, 8316788 
0.020, 8229961 
0.020, 8217858 
0.021, 8205389 
0.021, 8154124 
0.021, 8130243 
0.021, 8121999 
0.021, 8116349 
0.021, 7975171 
0.021, 7924805 
0.021, 7877375 
0.021, 7698953 
0.021, 7697992 
0.021, 7695569 
0.021, 7690833 
0.021, 7690769 
0.021, 7690593 
0.021, 7662072 
0.022, 7608008 
0.022, 7606963 
0.026, 7606291 
0.026, 7605813 
0.031, 7452929 
0.033, 7390026 
0.036, 7299562 
0.036, 7298072 
0.038, 7297303 
0.038, 7191451 
0.039, 7189458 
0.040, 7077623 
0.040, 6990535 
0.041, 6947176 
0.041, 6914310 
0.042, 6890346 
0.043, 6828968 
0.043, 6722983 
0.044, 6651914 
0.044, 6644565 
0.045, 6585584 
0.046, 6407732 
0.046, 6385346 
0.047, 6346365 
0.048, 6321370 
0.048, 6320566 
0.049, 6143413 
0.050, 6079542 
0.053, 6079077 
0.054, 6045843 
0.054, 5986907 
0.055, 5957526 
0.055, 5918115 
0.056, 5803232 
0.056, 5796631 
0.057, 5748782 
0.057, 5652790 
0.058, 5588724 
0.058, 5541576 
0.059, 5530072 
0.061, 5491721 
0.061, 5490387 
0.062, 5430480 
0.062, 5427153 
0.063, 5425108 
0.064, 5425057 
0.066, 5352673 
0.066, 5350507 
0.067, 5313690 
0.069, 5282498 
0.071, 5251388 
0.073, 5023540 
0.074, 4960968 
0.074, 4959351 
0.076, 4947238 
0.078, 4946399 
0.080, 4912831 
0.082, 4888992 
0.084, 4871568 
0.084, 4869739 
0.086, 4866287 
0.086, 4865836 
0.088, 4842036 
0.089, 4820663 
0.089, 4816821 
0.090, 4767444 
0.091, 4765622 
0.091, 4765329 
0.093, 4731067 
0.094, 4707495 
0.095, 4640756 
0.095, 4637078 
0.096, 4600366 
0.097, 4581593 
0.097, 4581177 
0.098, 4578775 
0.099, 4574087 
0.101, 4573722 
0.102, 4559611 
0.104, 4545037 
0.105, 4544142 
0.107, 4503911 
0.109, 4498286 
0.111, 4497743 
0.112, 4490632 
0.115, 4488886 
0.116, 4488262 
0.119, 4482767 
0.121, 4480638 
0.124, 4388668 
0.126, 4377011 
0.129, 4375947 
0.131, 4360586 
0.135, 4360494 
0.139, 4342115 
0.143, 4311838 
0.145, 4310203 
0.146, 4309966 
0.148, 4309711 
0.150, 4309315 
0.154, 4306713 
0.156, 4306387 
0.159, 4305030 
0.163, 4275030 
0.164, 4274999 
0.168, 4274401 
0.170, 4239921 
0.172, 4205052 
0.172, 4203911 
0.174, 4202729 
0.176, 4180135 
0.176, 4179801 
0.177, 4179203 
0.179, 4159152 
0.181, 4150474 
0.182, 4143494 
0.183, 4136005 
0.185, 4132663 
0.187, 4121120 
0.189, 4097087 
0.189, 4093210 
0.190, 4092973 
0.191, 4092718 
0.192, 4092322 
0.193, 4088455 
0.195, 4070323 
0.197, 4062927 
0.198, 4059553 
0.200, 4055902 
0.202, 4023829 
0.204, 4006331 
0.205, 3999021 
0.207, 3992583 
0.209, 3981625 
0.213, 3980275 
0.215, 3972241 
0.217, 3965330 
0.219, 3959619 
0.221, 3953984 
0.224, 3953213 
0.226, 3951484 
0.228, 3949919 
0.230, 3948721 
0.232, 3938914 
0.234, 3938734 
0.237, 3937658 
0.239, 3937441 
0.241, 3937265 
0.244, 3893034 
0.247, 3890853 
0.250, 3885021 
0.253, 3880900 
0.258, 3874777 
0.261, 3856992 
0.264, 3818443 
0.267, 3817094 
0.270, 3755211 
0.273, 3745191 
0.276, 3601259 
0.279, 3600723 
0.282, 3592386 
0.285, 3578261 
0.288, 3563517 
0.291, 3522148 
0.294, 3510368 
0.297, 3489443 
0.300, 3446590 
0.308, 3416608 
0.315, 3368389 
0.321, 3365098 
0.328, 3364127 
0.334, 3318977 
0.338, 3311754 
0.341, 3299305 
0.344, 3296920 
0.347, 3294658 
0.350, 3267261 
0.353, 3239681 
0.356, 3227158 
0.359, 3198930 
0.362, 3189187 
0.365, 3161480 
0.368, 3152433 
0.371, 3147476 
0.376, 3123183 
0.379, 3122955 
0.382, 3116783 
0.385, 3098967 
0.388, 3091767 
0.391, 3080636 
0.394, 3077636 
0.397, 3067802 
0.400, 3066712 
0.403, 3014191 
0.406, 2990017 
0.409, 2959437 
0.412, 2953998 
0.415, 2953394 
0.419, 2934728 
0.422, 2933990 
0.425, 2919812 
0.430, 2916936 
0.433, 2915135 
0.437, 2912916 
0.440, 2911810 
0.443, 2909741 
0.447, 2904924 
0.450, 2879907 
0.454, 2876565 
0.457, 2870797 
0.460, 2870285 
0.463, 2869806 
0.466, 2867086 
0.469, 2866348 
0.472, 2841925 
0.476, 2830846 
0.479, 2824605 
0.485, 2814668 
0.488, 2805904 
0.492, 2789524 
0.496, 2752339 
0.499, 2748189 
0.503, 2746997 
0.507, 2720987 
0.510, 2705306 
0.514, 2699384 
0.517, 2684063 
0.521, 2673552 
0.524, 2670959 
0.528, 2667802 
0.531, 2666165 
0.539, 2649790 
0.547, 2645488 
0.554, 2634723 
0.562, 2631745 
0.570, 2631403 
0.578, 2628862 
0.582, 2623904 
0.585, 2622930 
0.589, 2618796 
0.592, 2616797 
0.596, 2616737 
0.599, 2616716 
0.603, 2616691 
0.606, 2616610 
0.610, 2610780 
0.613, 2602991 
0.617, 2599619 
0.620, 2578925 
0.626, 2545993 
0.630, 2525677 
0.633, 2516895 
0.637, 2492914 
0.640, 2486387 
0.644, 2476138 
0.647, 2471845 
0.651, 2468624 
0.655, 2468398 
0.659, 2468123 
0.662, 2459278 
0.666, 2458605 
0.670, 2457705 
0.674, 2454158 
0.678, 2444790 
0.681, 2384425 
0.685, 2380504 
0.691, 2377809 
0.695, 2372477 
0.699, 2370432 
0.703, 2349999 
0.707, 2346106 
0.711, 2334897 
0.715, 2315611 
0.720, 2313114 
0.724, 2309012 
0.728, 2304576 
0.733, 2253741 
0.737, 2243370 
0.741, 2241985 
0.747, 2232857 
0.754, 2227911 
0.761, 2215915 
0.766, 2208824 
0.770, 2208816 
0.775, 2205529 
0.779, 2203296 
0.783, 2193421 
0.787, 2192465 
0.791, 2192013 
0.795, 2191646 
0.799, 2191260 
0.803, 2190057 
0.807, 2189607 
0.811, 2186702 
0.815, 2186266 
0.819, 2182249 
0.827, 2181720 
0.836, 2176134 
0.844, 2176094 
0.854, 2175191 
0.862, 2173537 
0.871, 2171902 
0.881, 2169830 
0.887, 2166076 
0.892, 2164979 
0.896, 2164537 
0.902, 2162819 
0.907, 2155032 
0.912, 2154029 
0.917, 2153467 
0.922, 2150913 
0.926, 2149700 
0.931, 2149493 
0.936, 2148880 
0.940, 2147848 
0.948, 2147505 
0.953, 2147004 
0.958, 2146502 
0.962, 2146096 
0.967, 2145889 
0.972, 2145416 
0.976, 2139179 
0.980, 2136450 
0.985, 2135488 
0.990, 2135304 
0.994, 2134082 
0.999, 2133601 
1.006, 2130994 
1.012, 2127044 
1.018, 2125378 
1.024, 2120289 
1.030, 2118698 
1.038, 2088645 
1.048, 2087114 
1.056, 2079305 
1.061, 2072122 
1.067, 2069210 
1.073, 2039696 
1.078, 2026969 
1.084, 2024561 
1.089, 2024341 
1.093, 2010170 
1.097, 2009965 
1.104, 1988793 
1.109, 1961621 
1.115, 1958433 
1.123, 1934282 
1.129, 1933581 
1.135, 1856568 
1.141, 1848918 
1.149, 1817040 
1.155, 1803749 
1.160, 1795064 
1.166, 1780627 
1.172, 1778019 
1.178, 1662275 
1.184, 1658421 
1.190, 1611963 
1.199, 1605047 
1.207, 1584374 
1.219, 1572981 
1.233, 1508674 
1.247, 1504447 
1.261, 1463794 
1.275, 1439166 
1.287, 1423042 
1.293, 1409581 
1.299, 1405067 
1.305, 1402598 
1.310, 1402447 
1.316, 1356107 
1.322, 1351895 
1.328, 1346861 
1.334, 1316656 
1.340, 1316481 
1.346, 1300796 
1.353, 1283505 
1.359, 1280072 
1.366, 1270804 
