0.000, 10557657 
0.001, 10509631 
0.001, 10467329 
0.001, 10420800 
0.002, 10418266 
0.002, 10364060 
0.002, 10217897 
0.003, 10179542 
0.003, 10154418 
0.003, 10137811 
0.004, 10083341 
0.004, 10048851 
0.004, 9983383 
0.005, 9960587 
0.005, 9946090 
0.006, 9941371 
0.008, 9899266 
0.009, 9887921 
0.009, 9868749 
0.009, 9867912 
0.009, 9797026 
0.010, 9772029 
0.010, 9768613 
0.010, 9740265 
0.010, 9706919 
0.010, 9687006 
0.010, 9547969 
0.011, 9547018 
0.011, 9538691 
0.011, 9403810 
0.011, 9403697 
0.011, 9396163 
0.011, 9285909 
0.011, 9177690 
0.012, 9110777 
0.012, 9109631 
0.012, 9026748 
0.012, 9020878 
0.012, 8942609 
0.012, 8939616 
0.012, 8938810 
0.012, 8917721 
0.012, 8830002 
0.012, 8817317 
0.012, 8731887 
0.012, 8731466 
0.012, 8564077 
0.012, 8538959 
0.013, 8495622 
0.013, 8487397 
0.014, 8480828 
0.014, 8461590 
0.014, 8416157 
0.014, 8305392 
0.015, 8157583 
0.015, 8156335 
0.016, 8156236 
0.016, 8120736 
0.016, 8118323 
0.016, 7934694 
0.016, 7933799 
0.016, 7931203 
0.016, 7804277 
0.016, 7799155 
0.016, 7791917 
0.016, 7683610 
0.017, 7674250 
0.019, 7674164 
0.019, 7657329 
0.019, 7572216 
0.019, 7479443 
0.019, 7375544 
0.019, 7232904 
0.020, 7137908 
0.020, 7136346 
0.021, 7135549 
0.022, 7132430 
0.025, 7129516 
0.025, 7129354 
0.027, 7128311 
0.031, 7126319 
0.033, 6882321 
0.035, 6808919 
0.035, 6785659 
0.036, 6783381 
0.037, 6541444 
0.038, 6537732 
0.039, 6436377 
0.040, 6385992 
0.041, 6223466 
0.042, 6198340 
0.042, 6197989 
0.043, 6197757 
0.044, 6190173 
0.044, 6102868 
0.045, 6090393 
0.046, 5887550 
0.047, 5816770 
0.047, 5736263 
0.048, 5694614 
0.049, 5647430 
0.050, 5647302 
0.051, 5503542 
0.052, 5498593 
0.053, 5423154 
0.054, 5399361 
0.054, 5349845 
0.055, 5342621 
0.056, 5311106 
0.057, 5252438 
0.057, 5227464 
0.058, 5182373 
0.059, 5173790 
0.060, 5120834 
0.061, 5073749 
0.061, 5021844 
0.062, 4991748 
0.063, 4982062 
0.063, 4975410 
0.068, 4932805 
0.070, 4932754 
0.071, 4932605 
0.073, 4927939 
0.077, 4917137 
0.077, 4917032 
0.080, 4916803 
0.080, 4915227 
0.082, 4887055 
0.082, 4883213 
0.082, 4796777 
0.083, 4777270 
0.083, 4775759 
0.084, 4770846 
0.084, 4751422 
0.085, 4692299 
0.086, 4671737 
0.087, 4653969 
0.088, 4652873 
0.089, 4616086 
0.092, 4553725 
0.094, 4531414 
0.095, 4526545 
0.098, 4474287 
0.099, 4474210 
0.102, 4421099 
0.103, 4418452 
0.105, 4380490 
0.107, 4375059 
0.109, 4360716 
0.112, 4360608 
0.115, 4357153 
0.118, 4355150 
0.124, 4347772 
0.130, 4346846 
0.136, 4339109 
0.143, 4338969 
0.147, 4325787 
0.152, 4325163 
0.174, 4320313 
0.179, 4317239 
0.184, 4316769 
0.187, 4315792 
0.190, 4221320 
0.193, 4220226 
0.196, 4215709 
0.199, 4208828 
0.205, 4189743 
0.209, 4186822 
0.214, 4182314 
0.219, 4174691 
0.222, 4173056 
0.224, 4172819 
0.226, 4172564 
0.228, 4172168 
0.234, 4154723 
0.235, 4146283 
0.236, 4138172 
0.239, 4136864 
0.241, 4113899 
0.243, 4095495 
0.245, 4094626 
0.246, 4094389 
0.247, 4094134 
0.249, 4093738 
0.252, 4070674 
0.254, 4064481 
0.255, 4057887 
0.257, 4050785 
0.259, 4034619 
0.260, 4030327 
0.261, 4030090 
0.262, 4029835 
0.263, 4029439 
0.266, 4013731 
0.269, 4010276 
0.271, 3991805 
0.273, 3989155 
0.275, 3941229 
0.277, 3938677 
0.280, 3919611 
0.282, 3862256 
0.287, 3856770 
0.289, 3838005 
0.292, 3806876 
0.294, 3803400 
0.296, 3801507 
0.298, 3799428 
0.301, 3798499 
0.303, 3778543 
0.305, 3776617 
0.307, 3713511 
0.309, 3706345 
0.312, 3653883 
0.314, 3653879 
0.317, 3653662 
0.320, 3653486 
0.323, 3649265 
0.326, 3644465 
0.330, 3643504 
0.336, 3640272 
0.339, 3620626 
0.342, 3545718 
0.345, 3488400 
0.348, 3486599 
0.353, 3478595 
0.356, 3450706 
0.359, 3448731 
0.363, 3448719 
0.367, 3435834 
0.373, 3404209 
0.376, 3403064 
0.379, 3393134 
0.392, 3391393 
0.401, 3378977 
0.410, 3314530 
0.420, 3313252 
0.447, 3312700 
0.460, 3304091 
0.467, 3300332 
0.473, 3293860 
0.480, 3280198 
0.488, 3279906 
0.504, 3261144 
0.511, 3249190 
0.516, 3243142 
0.522, 3242603 
0.525, 3240199 
0.530, 3238524 
0.539, 3232894 
0.543, 3231514 
0.547, 3225884 
0.551, 3225768 
0.556, 3224284 
0.560, 3221693 
0.563, 3220584 
0.569, 3173915 
0.573, 3171195 
0.577, 3170457 
0.581, 3162049 
0.585, 3160992 
0.590, 3106671 
0.594, 3102346 
0.598, 3093466 
0.603, 3060295 
0.610, 3060279 
0.613, 3058940 
0.618, 3045108 
0.622, 3023837 
0.626, 2995073 
0.630, 2990035 
0.634, 2989271 
0.640, 2989244 
0.644, 2987427 
0.647, 2986277 
0.652, 2986103 
0.657, 2983784 
0.660, 2970323 
0.664, 2967209 
0.677, 2966714 
0.681, 2940546 
0.687, 2923183 
0.692, 2909992 
0.696, 2905487 
0.701, 2904962 
0.707, 2880305 
0.712, 2867671 
0.718, 2851822 
0.725, 2846885 
0.729, 2806294 
0.735, 2802669 
0.741, 2801567 
0.745, 2761645 
0.756, 2760620 
0.773, 2757778 
0.794, 2755392 
0.810, 2678394 
0.826, 2655227 
0.845, 2629937 
0.867, 2626140 
0.883, 2600067 
0.894, 2599920 
0.899, 2596989 
0.905, 2595048 
0.910, 2591290 
0.914, 2590133 
0.918, 2581883 
0.924, 2559524 
0.929, 2557475 
0.933, 2556354 
0.939, 2549214 
0.946, 2545752 
0.951, 2545068 
0.957, 2544603 
0.962, 2529185 
0.966, 2489658 
0.973, 2479003 
0.977, 2438071 
0.981, 2325402 
0.985, 2298104 
0.991, 2296162 
0.996, 2294882 
1.000, 2288450 
1.006, 2283733 
1.014, 2282818 
1.020, 2274900 
1.026, 2272990 
1.032, 2272247 
1.038, 2268491 
1.048, 2249716 
1.053, 2247416 
1.058, 2237154 
1.064, 2207277 
1.069, 2197262 
1.077, 2193620 
1.088, 2184775 
1.096, 2183269 
1.108, 2178466 
1.115, 2177300 
1.124, 2176526 
1.132, 2169574 
1.140, 2165728 
1.144, 2164668 
1.148, 2163977 
1.152, 2161968 
1.155, 2159745 
1.159, 2157242 
1.165, 2156923 
1.171, 2156711 
1.175, 2156298 
1.181, 2155637 
1.185, 2155566 
1.189, 2155054 
1.193, 2154810 
1.197, 2152396 
1.202, 2150102 
1.206, 2149521 
1.210, 2149224 
1.214, 2148129 
1.218, 2145004 
1.222, 2144951 
1.227, 2144228 
1.231, 2142869 
1.235, 2142857 
1.247, 2142772 
1.257, 2138078 
1.270, 2136570 
1.285, 2136492 
1.299, 2135575 
1.311, 2134238 
1.318, 2134226 
1.323, 2117884 
1.329, 2117615 
1.335, 2117580 
1.342, 2116972 
1.348, 2115853 
1.355, 2115087 
1.362, 2115083 
1.370, 2114925 
1.379, 2104925 
1.386, 2102657 
1.391, 2102058 
1.395, 2101210 
1.403, 2078634 
1.411, 2001785 
1.420, 1994261 
1.426, 1983679 
1.436, 1983253 
1.445, 1982040 
1.453, 1978864 
1.458, 1974207 
1.464, 1937052 
1.471, 1936560 
1.477, 1935045 
1.484, 1934390 
1.489, 1933869 
1.493, 1933738 
1.497, 1933618 
1.504, 1933145 
1.508, 1931521 
1.515, 1931465 
1.523, 1929231 
1.535, 1928358 
1.540, 1928079 
1.547, 1927741 
1.556, 1926093 
1.564, 1925857 
1.573, 1925795 
1.580, 1925491 
1.589, 1924413 
1.594, 1924383 
1.599, 1924261 
1.609, 1922596 
1.619, 1922011 
1.656, 1900030 
1.663, 1850019 
1.671, 1832255 
1.688, 1780225 
1.698, 1752416 
1.726, 1750944 
1.735, 1740878 
1.745, 1682476 
1.755, 1680594 
1.764, 1677518 
1.776, 1663618 
1.784, 1662435 
1.793, 1637701 
1.801, 1636291 
1.810, 1623188 
1.817, 1617437 
1.825, 1614579 
1.831, 1609746 
1.838, 1600155 
1.855, 1599720 
1.871, 1599634 
1.889, 1599360 
1.904, 1598921 
1.917, 1598578 
1.930, 1598172 
1.946, 1597834 
1.959, 1597414 
1.971, 1597411 
1.983, 1597206 
1.994, 1596429 
1.999, 1594814 
2.005, 1594286 
2.010, 1593838 
2.015, 1592447 
2.021, 1592242 
2.027, 1584199 
2.032, 1583698 
2.036, 1580711 
2.040, 1580238 
2.044, 1580017 
2.047, 1579932 
2.052, 1579621 
2.056, 1578135 
2.061, 1577320 
2.065, 1577312 
2.069, 1576567 
2.074, 1576440 
2.078, 1576205 
2.083, 1575998 
2.090, 1575929 
2.095, 1575676 
2.099, 1575672 
2.103, 1574926 
2.109, 1564027 
2.114, 1563766 
2.120, 1551999 
2.127, 1550672 
2.134, 1547802 
2.140, 1512634 
2.146, 1509727 
2.152, 1509013 
2.158, 1505914 
2.164, 1505806 
2.171, 1471022 
2.177, 1468251 
2.183, 1447896 
2.192, 1418946 
2.199, 1405726 
2.205, 1363599 
2.213, 1360520 
2.220, 1357639 
2.226, 1338600 
2.233, 1338589 
2.240, 1334450 
2.247, 1334439 
2.254, 1330696 
2.261, 1330097 
2.267, 1307860 
2.274, 1280120 
2.278, 1268647 
2.282, 1262899 
2.286, 1260605 
2.289, 1257729 
2.292, 1255928 
2.295, 1253709 
2.299, 1252603 
2.307, 1247634 
