0.000, 10725816 
0.000, 10722357 
0.001, 10684117 
0.001, 10682147 
0.001, 10658214 
0.001, 10652458 
0.001, 10592934 
0.001, 10537823 
0.001, 10537777 
0.002, 10531139 
0.002, 10477895 
0.002, 10449108 
0.002, 10427896 
0.002, 10366393 
0.002, 10284521 
0.003, 10197270 
0.003, 10167556 
0.004, 10167261 
0.004, 10108977 
0.004, 10096986 
0.004, 10056942 
0.005, 10015203 
0.005, 10004141 
0.006, 9988567 
0.006, 9986284 
0.007, 9841674 
0.007, 9841216 
0.007, 9838069 
0.007, 9834319 
0.007, 9831553 
0.007, 9595408 
0.007, 9592110 
0.007, 9565893 
0.008, 9554888 
0.008, 9414808 
0.008, 9362457 
0.008, 9343293 
0.008, 9340735 
0.008, 9278560 
0.008, 9119457 
0.008, 9106313 
0.008, 9053149 
0.008, 9015343 
0.008, 9006724 
0.008, 9006455 
0.008, 8869620 
0.008, 8855849 
0.009, 8855692 
0.010, 8855538 
0.010, 8855283 
0.011, 8778894 
0.011, 8700228 
0.011, 8617101 
0.011, 8575689 
0.011, 8513074 
0.011, 8466747 
0.012, 8376283 
0.012, 8291163 
0.012, 8263102 
0.013, 8233742 
0.013, 8094910 
0.013, 8069292 
0.013, 8018581 
0.013, 7923609 
0.013, 7891277 
0.013, 7838831 
0.013, 7775871 
0.013, 7761518 
0.013, 7748768 
0.014, 7676108 
0.014, 7608069 
0.014, 7584153 
0.015, 7580588 
0.015, 7491152 
0.016, 7470657 
0.016, 7468029 
0.016, 7428092 
0.017, 7427518 
0.017, 7426899 
0.018, 7421410 
0.019, 7420382 
0.019, 7170083 
0.019, 7165978 
0.019, 7056967 
0.019, 6971990 
0.019, 6834462 
0.019, 6670372 
0.019, 6656714 
0.020, 6647456 
0.020, 6646571 
0.023, 6641658 
0.028, 6631514 
0.032, 6626187 
0.032, 6625709 
0.034, 6421004 
0.034, 6420616 
0.036, 6418696 
0.036, 6417484 
0.037, 6417433 
0.040, 6416190 
0.040, 6415933 
0.042, 6379742 
0.045, 6377773 
0.048, 6338065 
0.050, 6337492 
0.056, 6319677 
0.057, 6284942 
0.059, 6284418 
0.061, 6281008 
0.063, 6265470 
0.065, 6180339 
0.067, 6152399 
0.067, 6151130 
0.069, 6150602 
0.069, 6150497 
0.071, 6147732 
0.073, 6147062 
0.075, 6066910 
0.075, 6065641 
0.078, 6019919 
0.081, 5993186 
0.084, 5958965 
0.086, 5929545 
0.091, 5929453 
0.094, 5927580 
0.096, 5893593 
0.097, 5889250 
0.099, 5867948 
0.101, 5867059 
0.102, 5855216 
0.104, 5854992 
0.106, 5821754 
0.107, 5812481 
0.109, 5812408 
0.111, 5802086 
0.112, 5793784 
0.114, 5788813 
0.115, 5726849 
0.117, 5703225 
0.119, 5672392 
0.121, 5651239 
0.123, 5646822 
0.125, 5641460 
0.127, 5634274 
0.128, 5631753 
0.130, 5615894 
0.133, 5612108 
0.136, 5596342 
0.139, 5591497 
0.143, 5590064 
0.146, 5589314 
0.149, 5587300 
0.152, 5560594 
0.154, 5559031 
0.156, 5558742 
0.158, 5547187 
0.160, 5540813 
0.161, 5458315 
0.163, 5457294 
0.165, 5376030 
0.166, 5366867 
0.168, 5302243 
0.170, 5299225 
0.172, 5264389 
0.177, 5259539 
0.178, 5240058 
0.180, 5184595 
0.181, 5181328 
0.182, 5181091 
0.182, 5180836 
0.183, 5180440 
0.186, 5178880 
0.188, 5176517 
0.190, 5160042 
0.192, 5156070 
0.194, 5148195 
0.196, 5114406 
0.198, 5103260 
0.200, 5085130 
0.201, 4972508 
0.204, 4965117 
0.206, 4963601 
0.207, 4942288 
0.209, 4825805 
0.211, 4802079 
0.213, 4732309 
0.215, 4669300 
0.216, 4665730 
0.218, 4574273 
0.222, 4564001 
0.224, 4560546 
0.226, 4552174 
0.228, 4498554 
0.230, 4490440 
0.233, 4487262 
0.235, 4486217 
0.237, 4480031 
0.240, 4478830 
0.242, 4474816 
0.245, 4460781 
0.249, 4448770 
0.253, 4446330 
0.256, 4444034 
0.259, 4438753 
0.262, 4436436 
0.267, 4418675 
0.270, 4413644 
0.273, 4412711 
0.276, 4269543 
0.279, 4199254 
0.283, 4121267 
0.286, 4117757 
0.289, 4114616 
0.292, 4110340 
0.295, 4108085 
0.299, 4094286 
0.302, 4072059 
0.305, 3977518 
0.311, 3937820 
0.318, 3925142 
0.326, 3924956 
0.333, 3898465 
0.340, 3882133 
0.345, 3880965 
0.348, 3799203 
0.352, 3777024 
0.357, 3776253 
0.361, 3761162 
0.364, 3749959 
0.367, 3749036 
0.370, 3735131 
0.373, 3660027 
0.376, 3634318 
0.379, 3622638 
0.385, 3617232 
0.388, 3558177 
0.391, 3547813 
0.394, 3546211 
0.398, 3500832 
0.401, 3500385 
0.404, 3496295 
0.407, 3493865 
0.411, 3491182 
0.414, 3478424 
0.417, 3474546 
0.420, 3467731 
0.423, 3458102 
0.427, 3454464 
0.430, 3451235 
0.433, 3436986 
0.438, 3423401 
0.442, 3418987 
0.445, 3417056 
0.448, 3376117 
0.452, 3376099 
0.455, 3372870 
0.458, 3309614 
0.461, 3298216 
0.464, 3269353 
0.467, 3265598 
0.471, 3238781 
0.474, 3235631 
0.477, 3208138 
0.480, 3170485 
0.484, 3149245 
0.487, 3121988 
0.493, 3114296 
0.496, 3106669 
0.499, 3054144 
0.503, 2982596 
0.506, 2963697 
0.509, 2948905 
0.513, 2945505 
0.516, 2931209 
0.520, 2893126 
0.523, 2890411 
0.527, 2860785 
0.530, 2829069 
0.534, 2828521 
0.537, 2817606 
0.545, 2813979 
0.553, 2803605 
0.562, 2794295 
0.570, 2781590 
0.579, 2758319 
0.585, 2756624 
0.589, 2752956 
0.593, 2639982 
0.596, 2624588 
0.600, 2619304 
0.604, 2601694 
0.607, 2590427 
0.611, 2586534 
0.615, 2583964 
0.619, 2573926 
0.622, 2551805 
0.626, 2551560 
0.632, 2524511 
0.636, 2504981 
0.639, 2502478 
0.643, 2498337 
0.647, 2491047 
0.651, 2484656 
0.655, 2463676 
0.659, 2456211 
0.663, 2455432 
0.667, 2452863 
0.671, 2452392 
0.675, 2437761 
0.679, 2400750 
0.683, 2388280 
0.686, 2383212 
0.690, 2377445 
0.696, 2358214 
0.700, 2353996 
0.704, 2353796 
0.707, 2345014 
0.711, 2334879 
0.715, 2327161 
0.720, 2324375 
0.724, 2320110 
0.728, 2319680 
0.733, 2310709 
0.737, 2310170 
0.741, 2309994 
0.745, 2305996 
0.749, 2304716 
0.754, 2304134 
0.760, 2303394 
0.764, 2302589 
0.769, 2301877 
0.773, 2301396 
0.777, 2301276 
0.781, 2298935 
0.786, 2298013 
0.790, 2297765 
0.795, 2296905 
0.799, 2295618 
0.804, 2295309 
0.809, 2289211 
0.814, 2289203 
0.822, 2286245 
0.833, 2285595 
0.845, 2285260 
0.857, 2283798 
0.868, 2283691 
0.875, 2282538 
0.880, 2281307 
0.885, 2280801 
0.890, 2280503 
0.896, 2279511 
0.901, 2209973 
0.907, 2185668 
0.913, 2163001 
0.917, 2162179 
0.923, 2161566 
0.931, 2161323 
0.935, 2157786 
0.940, 2155190 
0.945, 2154890 
0.951, 2124022 
0.958, 2105586 
0.968, 2105166 
0.975, 2101473 
0.981, 2091071 
0.986, 2089040 
0.991, 2085168 
0.995, 2079719 
1.000, 2069874 
1.005, 2068098 
1.010, 2063631 
1.014, 2062068 
1.020, 2061940 
1.029, 2060399 
1.036, 2059154 
1.041, 2058162 
1.047, 2056444 
1.052, 2055664 
1.058, 2050256 
1.065, 2028275 
1.071, 1971358 
1.077, 1948380 
1.083, 1869203 
1.087, 1852796 
1.092, 1851501 
1.096, 1850798 
1.100, 1847064 
1.104, 1824495 
1.113, 1789935 
1.119, 1755446 
1.125, 1702129 
1.131, 1681374 
1.137, 1679975 
1.143, 1645790 
1.148, 1637517 
1.152, 1606544 
1.156, 1585157 
1.161, 1554659 
1.166, 1533947 
1.171, 1481768 
1.175, 1480796 
1.179, 1478327 
1.183, 1478176 
1.197, 1473511 
1.211, 1441899 
1.225, 1433124 
1.235, 1432629 
1.244, 1423793 
1.258, 1423651 
1.266, 1403453 
1.270, 1387046 
1.274, 1383181 
1.279, 1346494 
1.285, 1345688 
1.291, 1344317 
1.297, 1338806 
1.304, 1338564 
1.310, 1331616 
1.317, 1331146 
1.324, 1296180 
1.331, 1294649 
1.337, 1271334 
1.344, 1270153 
1.350, 1266908 
1.357, 1260355 
1.363, 1239976 
1.369, 1235202 
