0.000, 10011844 
0.001, 9914233 
0.002, 9912928 
0.002, 9786730 
0.002, 9707236 
0.002, 9584885 
0.002, 9583935 
0.002, 9574643 
0.003, 9523271 
0.003, 9481718 
0.004, 9379019 
0.004, 9233741 
0.007, 9232085 
0.009, 9231787 
0.009, 9062357 
0.010, 8996452 
0.010, 8994757 
0.010, 8760647 
0.010, 8672204 
0.010, 8490224 
0.011, 8440946 
0.011, 8413502 
0.011, 8325439 
0.011, 8324750 
0.012, 8305035 
0.012, 8299893 
0.012, 8275343 
0.012, 8269640 
0.012, 8252154 
0.012, 8207244 
0.013, 8206017 
0.013, 8202326 
0.013, 8202032 
0.014, 8201277 
0.014, 8038157 
0.015, 7980846 
0.015, 7930715 
0.015, 7882668 
0.015, 7760248 
0.015, 7742964 
0.015, 7694074 
0.015, 7687024 
0.015, 7633893 
0.015, 7590476 
0.016, 7579120 
0.016, 7472919 
0.016, 7449456 
0.016, 7437747 
0.017, 7433974 
0.017, 7244905 
0.017, 7239853 
0.017, 7033684 
0.017, 6974186 
0.017, 6665682 
0.017, 6637559 
0.017, 6547817 
0.017, 6466792 
0.017, 6443637 
0.017, 6437513 
0.017, 6363123 
0.018, 6343657 
0.018, 6292573 
0.018, 6241383 
0.018, 6225237 
0.018, 6219971 
0.019, 6218340 
0.020, 6214629 
0.021, 6214147 
0.023, 6214121 
0.027, 6209585 
0.034, 6142296 
0.043, 6109452 
0.047, 6109198 
0.050, 6079726 
0.050, 6079445 
0.051, 6079015 
0.052, 6078691 
0.052, 6018210 
0.052, 6018006 
0.052, 6016344 
0.053, 6007394 
0.057, 6004067 
0.062, 6002692 
0.062, 6001423 
0.064, 5999115 
0.065, 5966535 
0.066, 5951143 
0.068, 5868318 
0.069, 5772709 
0.070, 5726916 
0.071, 5694775 
0.072, 5684277 
0.073, 5479386 
0.075, 5475347 
0.076, 5462730 
0.077, 5387381 
0.078, 5295900 
0.079, 5293192 
0.080, 5292275 
0.081, 5187540 
0.083, 5149627 
0.084, 5049079 
0.089, 5049018 
0.090, 4966931 
0.090, 4915490 
0.091, 4867176 
0.092, 4825212 
0.093, 4814864 
0.094, 4800041 
0.095, 4758827 
0.096, 4704232 
0.096, 4663658 
0.097, 4652139 
0.098, 4577368 
0.099, 4485007 
0.100, 4481514 
0.107, 4479264 
0.109, 4470979 
0.110, 4396923 
0.112, 4366178 
0.113, 4237195 
0.114, 4234996 
0.116, 4234945 
0.122, 4224167 
0.122, 4224062 
0.131, 4206337 
0.135, 4170138 
0.140, 4096723 
0.144, 4042290 
0.147, 4034481 
0.148, 4007606 
0.149, 4005067 
0.150, 3909533 
0.152, 3892564 
0.155, 3890691 
0.157, 3855922 
0.159, 3827018 
0.162, 3802025 
0.164, 3758941 
0.167, 3733757 
0.169, 3730748 
0.171, 3726568 
0.173, 3664914 
0.175, 3657603 
0.178, 3651361 
0.180, 3650193 
0.184, 3646738 
0.186, 3646186 
0.192, 3645110 
0.197, 3642115 
0.202, 3617791 
0.206, 3616970 
0.211, 3604613 
0.216, 3604055 
0.221, 3578860 
0.224, 3533142 
0.226, 3531003 
0.230, 3530737 
0.235, 3514821 
0.239, 3512553 
0.244, 3488511 
0.248, 3454938 
0.254, 3435925 
0.258, 3432109 
0.263, 3372472 
0.270, 3371147 
0.272, 3320442 
0.273, 3319973 
0.275, 3288669 
0.277, 3286111 
0.280, 3272713 
0.284, 3260550 
0.287, 3256952 
0.290, 3254193 
0.293, 3197784 
0.296, 3196711 
0.299, 3132004 
0.301, 3126746 
0.304, 3112110 
0.307, 3108490 
0.309, 3102476 
0.313, 3092771 
0.314, 3088233 
0.317, 3085985 
0.319, 3062258 
0.321, 3047135 
0.322, 3045169 
0.324, 3036038 
0.327, 2975740 
0.329, 2950821 
0.332, 2919551 
0.337, 2895705 
0.342, 2889902 
0.344, 2889891 
0.346, 2868777 
0.348, 2863671 
0.351, 2857883 
0.354, 2856576 
0.356, 2827849 
0.359, 2819808 
0.361, 2813740 
0.364, 2811409 
0.367, 2793817 
0.369, 2757459 
0.372, 2756918 
0.375, 2747156 
0.378, 2746576 
0.381, 2746302 
0.383, 2744036 
0.386, 2742211 
0.389, 2726835 
0.392, 2724869 
0.394, 2702965 
0.398, 2698342 
0.402, 2691426 
0.409, 2595073 
0.412, 2591169 
0.414, 2590140 
0.417, 2547567 
0.420, 2513126 
0.423, 2511939 
0.426, 2509065 
0.429, 2456482 
0.435, 2440327 
0.438, 2377216 
0.442, 2376528 
0.445, 2358713 
0.448, 2339106 
0.451, 2333141 
0.455, 2326919 
0.462, 2322604 
0.470, 2305558 
0.479, 2287743 
0.488, 2286522 
0.496, 2284922 
0.502, 2266283 
0.505, 2265481 
0.509, 2230996 
0.512, 2230145 
0.515, 2230089 
0.518, 2216228 
0.523, 2203108 
0.526, 2189688 
0.529, 2176496 
0.534, 2129597 
0.538, 2125360 
0.542, 2117693 
0.549, 2112773 
0.557, 2088528 
0.569, 2088341 
0.576, 2083941 
0.600, 2083504 
0.607, 2079793 
0.610, 2077832 
0.614, 2071519 
0.617, 2047192 
0.621, 2003639 
0.631, 1998139 
0.637, 1958112 
0.642, 1950757 
0.646, 1946477 
0.650, 1908332 
0.654, 1903301 
0.661, 1900449 
0.666, 1898527 
0.669, 1894814 
0.674, 1889746 
0.678, 1889092 
0.681, 1860506 
0.685, 1859240 
0.690, 1857875 
0.694, 1854127 
0.701, 1844478 
0.706, 1839984 
0.715, 1834451 
0.723, 1827727 
0.728, 1820590 
0.734, 1815592 
0.742, 1783400 
0.746, 1778510 
0.750, 1772792 
0.754, 1772758 
0.759, 1771845 
0.766, 1764222 
0.769, 1764119 
0.773, 1761845 
0.777, 1754284 
0.780, 1752632 
0.784, 1742803 
0.787, 1741949 
0.791, 1741602 
0.795, 1741535 
0.802, 1740090 
0.810, 1738255 
0.818, 1737541 
0.827, 1735065 
0.836, 1733777 
0.843, 1733764 
0.848, 1731455 
0.853, 1730285 
0.859, 1729839 
0.864, 1726040 
0.869, 1723134 
0.873, 1718598 
0.878, 1717593 
0.883, 1717252 
0.888, 1716323 
0.893, 1713750 
0.900, 1712721 
0.905, 1711944 
0.910, 1711308 
0.915, 1704084 
0.919, 1701340 
0.924, 1699967 
0.928, 1699388 
0.932, 1699347 
0.935, 1698540 
0.940, 1698118 
0.944, 1697574 
0.948, 1697417 
0.952, 1692667 
0.956, 1689370 
0.960, 1688629 
0.964, 1688291 
0.970, 1687003 
0.975, 1686183 
0.979, 1685763 
0.983, 1685235 
0.988, 1683741 
0.993, 1678807 
0.997, 1677843 
1.001, 1675161 
1.005, 1673940 
1.009, 1673735 
1.014, 1673329 
1.018, 1673122 
1.023, 1671200 
1.028, 1670979 
1.035, 1670778 
1.040, 1670663 
1.045, 1668576 
1.052, 1667038 
1.058, 1650354 
1.064, 1640014 
1.070, 1636487 
1.075, 1610371 
1.081, 1603474 
1.086, 1587889 
1.092, 1586880 
1.097, 1567047 
1.118, 1566335 
1.132, 1565363 
1.146, 1555880 
1.157, 1545927 
1.163, 1539263 
1.169, 1536290 
1.175, 1523240 
1.182, 1505347 
1.188, 1485904 
1.195, 1451374 
1.200, 1443943 
1.206, 1441579 
1.214, 1434885 
1.221, 1432455 
1.228, 1429735 
1.235, 1428997 
1.242, 1416848 
1.248, 1415600 
1.254, 1410706 
1.261, 1403129 
1.267, 1389807 
1.273, 1381724 
1.280, 1378426 
1.286, 1353470 
1.295, 1353222 
1.302, 1351532 
1.308, 1348955 
1.315, 1328101 
1.321, 1323624 
1.327, 1318608 
1.334, 1298063 
1.335, 1297769 
1.336, 1282564 
1.336, 1277861 
1.337, 1269038 
1.343, 1262261 
1.350, 1256093 
1.356, 1255469 
