0.001, 9325769 
0.001, 9245452 
0.001, 9180979 
0.002, 9175329 
0.002, 9159875 
0.002, 9118756 
0.002, 8966077 
0.002, 8957866 
0.003, 8956983 
0.003, 8890018 
0.004, 8886710 
0.004, 8792234 
0.005, 8751597 
0.005, 8650003 
0.006, 8451359 
0.009, 8450890 
0.009, 8448628 
0.009, 8327685 
0.009, 8204491 
0.011, 8204334 
0.014, 8155523 
0.014, 8155445 
0.015, 8154717 
0.017, 8154686 
0.017, 8092921 
0.017, 7957646 
0.017, 7933562 
0.017, 7918728 
0.017, 7855339 
0.017, 7831480 
0.018, 7756791 
0.018, 7751120 
0.018, 7726151 
0.018, 7693246 
0.018, 7647618 
0.018, 7601643 
0.018, 7561723 
0.019, 7446668 
0.019, 7418926 
0.019, 7409612 
0.019, 7364890 
0.019, 7359996 
0.020, 7355251 
0.020, 7192341 
0.020, 7163019 
0.020, 7150282 
0.021, 7106834 
0.021, 7088963 
0.021, 7058983 
0.021, 6981680 
0.021, 6961385 
0.022, 6934317 
0.022, 6916652 
0.022, 6873235 
0.022, 6834451 
0.023, 6833979 
0.024, 6813836 
0.024, 6664933 
0.024, 6586487 
0.024, 6585186 
0.024, 6584888 
0.024, 6556726 
0.024, 6520553 
0.025, 6515929 
0.025, 6514764 
0.025, 6492029 
0.025, 6437903 
0.025, 6329863 
0.025, 6327370 
0.025, 6322795 
0.026, 6322408 
0.026, 6272713 
0.027, 6214101 
0.027, 6193096 
0.027, 6167048 
0.027, 6160753 
0.028, 6107140 
0.028, 6104993 
0.029, 6097416 
0.029, 6063479 
0.029, 6056473 
0.029, 6052503 
0.029, 6052365 
0.029, 6051332 
0.029, 6010563 
0.029, 6003148 
0.030, 5964061 
0.030, 5959580 
0.031, 5946696 
0.031, 5909641 
0.032, 5908057 
0.032, 5875741 
0.032, 5873984 
0.033, 5801661 
0.034, 5793995 
0.034, 5695743 
0.034, 5677526 
0.034, 5610110 
0.034, 5558835 
0.034, 5552232 
0.034, 5550950 
0.035, 5519909 
0.035, 5519719 
0.036, 5519482 
0.037, 5510488 
0.037, 5509443 
0.040, 5508217 
0.044, 5504195 
0.044, 5503717 
0.047, 5487179 
0.049, 5397470 
0.049, 5396704 
0.051, 5395256 
0.052, 5393097 
0.053, 5251478 
0.054, 5251427 
0.057, 5222243 
0.061, 5129686 
0.061, 5127691 
0.064, 5126160 
0.070, 5124249 
0.072, 5076858 
0.074, 5052321 
0.078, 5012531 
0.080, 4978968 
0.082, 4959552 
0.084, 4956727 
0.086, 4948330 
0.088, 4943225 
0.090, 4943148 
0.092, 4894653 
0.094, 4881448 
0.096, 4825225 
0.098, 4724420 
0.098, 4723684 
0.099, 4713917 
0.099, 4711702 
0.099, 4611012 
0.100, 4571695 
0.101, 4567985 
0.102, 4566650 
0.104, 4513963 
0.105, 4503659 
0.106, 4498898 
0.108, 4388586 
0.108, 4387850 
0.110, 4320983 
0.110, 4320371 
0.111, 4298063 
0.113, 4253584 
0.114, 4223449 
0.116, 4211351 
0.117, 4179313 
0.118, 4171135 
0.119, 4167378 
0.120, 4142649 
0.122, 4134263 
0.123, 4133650 
0.124, 4059819 
0.126, 4056115 
0.127, 4051491 
0.128, 4028329 
0.130, 3953813 
0.130, 3952544 
0.132, 3946702 
0.133, 3945565 
0.135, 3940189 
0.136, 3924721 
0.136, 3920688 
0.138, 3898047 
0.139, 3896458 
0.142, 3865453 
0.144, 3847985 
0.146, 3844383 
0.149, 3842380 
0.151, 3840779 
0.153, 3830312 
0.154, 3824087 
0.157, 3762148 
0.159, 3709100 
0.161, 3683617 
0.163, 3680368 
0.166, 3679928 
0.168, 3644109 
0.170, 3635383 
0.172, 3614525 
0.174, 3608884 
0.177, 3606926 
0.179, 3597080 
0.181, 3568390 
0.183, 3556738 
0.185, 3517079 
0.187, 3487012 
0.190, 3461262 
0.194, 3441915 
0.195, 3437338 
0.196, 3379033 
0.198, 3282680 
0.199, 3271952 
0.200, 3270331 
0.201, 3247545 
0.202, 3233556 
0.203, 3211348 
0.205, 3189207 
0.206, 3188834 
0.207, 3159028 
0.208, 3120571 
0.209, 3119488 
0.210, 3110047 
0.211, 3109987 
0.212, 3061945 
0.213, 3046899 
0.214, 3044447 
0.215, 3031395 
0.216, 2979429 
0.217, 2962407 
0.218, 2961601 
0.219, 2913525 
0.221, 2878965 
0.222, 2878823 
0.224, 2868526 
0.227, 2857775 
0.229, 2814925 
0.231, 2795062 
0.233, 2777510 
0.235, 2763224 
0.238, 2734517 
0.240, 2730006 
0.244, 2719044 
0.246, 2709543 
0.248, 2705893 
0.250, 2680725 
0.253, 2677199 
0.255, 2662781 
0.257, 2647443 
0.259, 2606157 
0.261, 2604293 
0.264, 2588825 
0.266, 2586831 
0.268, 2576515 
0.271, 2567948 
0.273, 2564669 
0.277, 2559690 
0.279, 2558014 
0.281, 2551716 
0.283, 2516889 
0.286, 2492627 
0.288, 2485853 
0.294, 2450702 
0.296, 2429565 
0.299, 2371839 
0.302, 2358933 
0.304, 2353892 
0.306, 2350308 
0.309, 2330154 
0.312, 2329577 
0.314, 2322478 
0.317, 2309963 
0.320, 2295609 
0.322, 2294386 
0.327, 2288084 
0.331, 2275409 
0.335, 2270068 
0.338, 2257371 
0.343, 2254609 
0.351, 2232793 
0.357, 2228869 
0.365, 2204103 
0.372, 2198730 
0.379, 2193692 
0.385, 2187296 
0.389, 2183077 
0.392, 2175137 
0.395, 2159694 
0.398, 2131962 
0.409, 2128001 
0.412, 2127660 
0.415, 2126063 
0.418, 2125998 
0.421, 2120663 
0.424, 2119092 
0.428, 2112175 
0.431, 2110812 
0.437, 2103909 
0.439, 2095987 
0.443, 2095196 
0.446, 2086724 
0.449, 2086635 
0.452, 2074637 
0.455, 2071847 
0.459, 2067399 
0.462, 2061494 
0.466, 2058683 
0.470, 2057802 
0.473, 2056973 
0.477, 2053416 
0.480, 2052050 
0.483, 2050727 
0.486, 2045066 
0.490, 2043208 
0.496, 2040145 
0.501, 2032201 
0.505, 2028952 
0.509, 2026464 
0.512, 2026443 
0.515, 2025067 
0.519, 2024704 
0.522, 2022165 
0.526, 2022059 
0.529, 2020477 
0.532, 2019626 
0.536, 2018853 
0.539, 2018762 
0.543, 2017688 
0.547, 2017499 
0.552, 2014577 
0.556, 2014407 
0.560, 2014160 
0.563, 2013544 
0.567, 2010665 
0.571, 2010344 
0.574, 2007416 
0.578, 2007340 
0.581, 2004264 
0.585, 2003198 
0.589, 2002854 
0.594, 2001375 
0.598, 1999872 
0.601, 1997815 
0.610, 1997777 
0.618, 1992946 
0.627, 1988996 
0.636, 1987497 
0.647, 1985832 
0.654, 1970908 
0.661, 1969036 
0.666, 1968429 
0.670, 1968018 
0.675, 1966905 
0.680, 1961525 
0.684, 1961057 
0.689, 1959574 
0.695, 1958420 
0.700, 1957367 
0.712, 1957341 
0.718, 1957120 
0.723, 1956823 
0.729, 1956381 
0.735, 1956180 
0.741, 1956065 
0.746, 1949128 
0.753, 1947012 
0.756, 1936127 
0.760, 1920949 
0.765, 1916881 
0.771, 1904189 
0.776, 1901089 
0.786, 1892934 
0.793, 1888929 
0.798, 1884778 
0.803, 1879084 
0.811, 1877797 
0.816, 1823026 
0.822, 1820780 
0.829, 1818350 
0.834, 1816549 
0.840, 1813226 
0.848, 1813027 
0.856, 1808751 
0.862, 1806321 
0.868, 1801754 
0.874, 1799975 
0.880, 1797549 
0.887, 1794723 
0.893, 1772985 
0.899, 1769526 
0.905, 1767311 
0.912, 1738452 
0.918, 1734057 
0.928, 1699086 
0.943, 1693984 
0.957, 1676340 
0.972, 1675901 
0.986, 1666251 
1.001, 1633726 
1.007, 1632602 
1.014, 1581853 
1.020, 1563599 
1.026, 1561064 
1.032, 1556694 
1.038, 1555953 
1.045, 1546253 
1.051, 1542576 
1.061, 1541107 
1.067, 1539522 
1.074, 1534120 
1.082, 1531745 
1.089, 1526940 
1.098, 1520086 
1.106, 1499348 
1.107, 1452710 
1.107, 1452322 
1.107, 1444586 
1.107, 1443951 
1.108, 1443642 
1.108, 1436412 
1.110, 1422163 
1.110, 1422008 
1.110, 1420739 
1.111, 1419966 
1.112, 1419241 
1.113, 1393007 
1.113, 1355910 
1.114, 1340835 
1.115, 1338977 
1.116, 1337970 
1.117, 1337372 
1.118, 1325753 
1.119, 1324659 
1.120, 1324000 
1.121, 1323887 
1.122, 1323052 
1.126, 1304126 
1.130, 1271317 
1.133, 1269173 
1.138, 1235384 
1.143, 1231856 
1.151, 1215732 
