0.000, 757458 
0.001, 750014 
0.002, 745925 
0.002, 743338 
0.002, 741785 
0.002, 739794 
0.002, 737866 
0.002, 736511 
0.003, 732370 
0.003, 732051 
0.003, 726647 
0.004, 723260 
0.004, 722645 
0.004, 717951 
0.004, 707972 
0.004, 707448 
0.005, 706648 
0.006, 706123 
0.006, 703822 
0.007, 702371 
0.007, 699698 
0.007, 699603 
0.007, 683266 
0.007, 682623 
0.008, 681085 
0.008, 671324 
0.008, 666285 
0.008, 664057 
0.008, 660757 
0.008, 660316 
0.008, 658847 
0.008, 657637 
0.008, 656509 
0.008, 652147 
0.008, 650471 
0.008, 648461 
0.008, 648294 
0.008, 645891 
0.008, 643221 
0.009, 640494 
0.009, 633743 
0.009, 631219 
0.009, 627912 
0.009, 627015 
0.010, 623562 
0.010, 620913 
0.010, 620318 
0.010, 618676 
0.010, 609812 
0.010, 603307 
0.011, 603084 
0.011, 597087 
0.011, 596718 
0.011, 596188 
0.012, 593028 
0.012, 585892 
0.013, 583375 
0.013, 572257 
0.013, 571156 
0.013, 570277 
0.013, 566487 
0.014, 560377 
0.014, 553393 
0.016, 552187 
0.016, 539258 
0.016, 537260 
0.016, 537066 
0.016, 534318 
0.016, 532389 
0.016, 530670 
0.017, 530024 
0.019, 524545 
0.019, 521864 
0.020, 520799 
0.022, 506268 
0.027, 504051 
0.029, 500678 
0.032, 499897 
0.037, 492738 
0.041, 490481 
0.046, 490035 
0.050, 482376 
0.055, 480118 
0.059, 479816 
0.067, 479194 
0.071, 469671 
0.073, 469103 
0.074, 466125 
0.075, 464522 
0.076, 464040 
0.077, 462947 
0.077, 462574 
0.078, 460573 
0.079, 457764 
0.080, 457727 
0.081, 457159 
0.082, 455543 
0.084, 455353 
0.086, 453835 
0.087, 453171 
0.089, 451424 
0.091, 449578 
0.093, 443491 
0.095, 442758 
0.097, 441124 
0.098, 440619 
0.100, 438449 
0.102, 437496 
0.104, 437291 
0.106, 431324 
0.107, 428961 
0.109, 428440 
0.111, 427562 
0.113, 422780 
0.115, 422572 
0.117, 422543 
0.119, 420692 
0.122, 420682 
0.124, 419593 
0.126, 417347 
0.129, 416178 
0.131, 414536 
0.134, 413927 
0.138, 413233 
0.140, 413127 
0.143, 412692 
0.145, 411684 
0.148, 411620 
0.150, 408544 
0.153, 408529 
0.155, 408134 
0.158, 407254 
0.161, 406559 
0.165, 406479 
0.169, 406383 
0.172, 401335 
0.178, 399822 
0.180, 399677 
0.181, 398876 
0.183, 397664 
0.185, 396159 
0.186, 392379 
0.188, 392179 
0.191, 390995 
0.192, 388537 
0.194, 386939 
0.196, 385783 
0.198, 383580 
0.199, 380598 
0.201, 377803 
0.203, 375602 
0.204, 374770 
0.206, 371273 
0.208, 370080 
0.210, 369692 
0.211, 368948 
0.213, 368906 
0.215, 368866 
0.217, 367363 
0.219, 365571 
0.221, 359393 
0.222, 359190 
0.224, 356669 
0.226, 356109 
0.228, 355973 
0.230, 353213 
0.232, 352343 
0.234, 348779 
0.238, 348498 
0.240, 340862 
0.242, 340696 
0.243, 338220 
0.245, 337867 
0.247, 337264 
0.249, 336951 
0.251, 336175 
0.253, 334154 
0.254, 333348 
0.257, 329200 
0.258, 323255 
0.260, 320784 
0.262, 320120 
0.264, 318726 
0.266, 318356 
0.268, 317060 
0.270, 315478 
0.272, 315447 
0.274, 314344 
0.276, 313034 
0.278, 310351 
0.280, 308960 
0.282, 308763 
0.284, 308361 
0.287, 304406 
0.289, 301788 
0.291, 296967 
0.293, 296158 
0.297, 293545 
0.299, 292960 
0.301, 292584 
0.303, 291081 
0.305, 287837 
0.307, 287321 
0.310, 285798 
0.312, 284806 
0.314, 282228 
0.316, 281526 
0.318, 277599 
0.320, 277367 
0.322, 275533 
0.325, 273959 
0.327, 273955 
0.329, 273923 
0.330, 273613 
0.332, 273394 
0.334, 273248 
0.336, 271428 
0.339, 271293 
0.341, 268971 
0.343, 268403 
0.346, 267706 
0.348, 267486 
0.353, 265538 
0.362, 264767 
0.367, 263235 
0.371, 263187 
0.376, 257739 
0.381, 255321 
0.385, 254961 
0.390, 253631 
0.394, 252404 
0.399, 251825 
0.401, 246500 
0.404, 246238 
0.406, 246210 
0.409, 245137 
0.412, 245104 
0.415, 243829 
0.417, 243810 
0.420, 243752 
0.422, 243415 
0.425, 243401 
0.427, 242729 
0.430, 241775 
0.432, 239425 
0.434, 238795 
0.437, 238498 
0.440, 237821 
0.443, 236972 
0.446, 235586 
0.449, 234678 
0.454, 234515 
0.458, 234421 
0.461, 234252 
0.464, 234219 
0.466, 233751 
0.468, 233732 
0.471, 230011 
0.474, 229090 
0.477, 228872 
0.480, 228349 
0.484, 227873 
0.487, 227579 
0.491, 227494 
0.494, 226199 
0.498, 225091 
0.501, 223953 
0.506, 223270 
0.509, 222893 
0.513, 220485 
0.517, 219669 
0.520, 219276 
0.526, 218183 
0.530, 217571 
0.534, 216859 
0.538, 215877 
0.543, 214201 
0.547, 214188 
0.551, 213239 
0.555, 209974 
0.559, 209768 
0.564, 209352 
0.568, 207789 
0.573, 207597 
0.577, 203409 
0.581, 203332 
0.586, 202760 
0.590, 202345 
0.594, 202241 
0.602, 200198 
0.606, 200020 
0.611, 197074 
0.615, 195845 
0.619, 195322 
0.624, 195130 
0.628, 192622 
0.633, 192113 
0.637, 191592 
0.641, 191503 
0.646, 190593 
0.650, 190071 
0.654, 189341 
0.659, 188819 
0.663, 188783 
0.668, 188499 
0.676, 188497 
0.684, 186765 
0.693, 186437 
0.702, 185571 
0.710, 185320 
0.720, 184947 
0.728, 184555 
0.733, 183964 
0.738, 183855 
0.742, 183670 
0.746, 182237 
0.751, 181833 
0.756, 181623 
0.760, 181132 
0.765, 180812 
0.769, 180250 
0.774, 179983 
0.779, 179176 
0.783, 178852 
0.788, 178835 
0.795, 178316 
0.799, 178098 
0.804, 177713 
0.808, 176975 
0.813, 176945 
0.818, 176701 
0.823, 176290 
0.827, 175943 
0.832, 175742 
0.837, 175413 
0.842, 175153 
0.846, 174467 
0.851, 173999 
0.856, 173795 
0.860, 173726 
0.865, 173701 
0.869, 173354 
0.874, 173153 
0.881, 172720 
0.886, 172572 
0.890, 172371 
0.895, 172257 
0.900, 171541 
0.905, 171480 
0.910, 171320 
0.914, 170723 
0.919, 169972 
0.924, 169409 
0.929, 168522 
0.934, 168183 
0.938, 167680 
0.943, 167130 
0.948, 167095 
0.957, 167075 
0.963, 166454 
0.969, 166428 
0.976, 165961 
0.981, 165714 
0.986, 165295 
0.991, 164552 
0.996, 164293 
1.001, 163489 
1.006, 162663 
1.012, 162351 
1.016, 162234 
1.021, 162033 
1.026, 161248 
1.031, 161172 
1.035, 160873 
1.041, 160695 
1.046, 160657 
1.050, 160515 
1.055, 159746 
1.060, 159134 
1.071, 158783 
1.080, 158652 
1.091, 158509 
1.103, 158326 
1.114, 157073 
1.125, 154816 
1.131, 151281 
1.138, 150722 
1.145, 150183 
1.150, 150105 
1.155, 150066 
1.161, 148934 
1.167, 148895 
1.172, 148690 
1.176, 148633 
1.182, 148170 
1.187, 148017 
1.193, 147985 
1.198, 147708 
1.203, 147639 
1.210, 147218 
1.215, 147160 
1.220, 146770 
1.225, 146609 
1.230, 144935 
1.235, 144822 
1.240, 144612 
1.245, 144165 
1.250, 143715 
1.255, 143496 
1.260, 143169 
1.266, 143026 
1.271, 138680 
