0.000, 766308 
0.000, 766284 
0.000, 759380 
0.000, 746298 
0.000, 741372 
0.000, 738859 
0.001, 725628 
0.001, 721761 
0.001, 700647 
0.001, 700223 
0.002, 698784 
0.002, 693292 
0.002, 691923 
0.002, 691220 
0.002, 690433 
0.002, 690405 
0.002, 685103 
0.003, 675625 
0.003, 675541 
0.003, 675017 
0.004, 672495 
0.004, 665810 
0.005, 658777 
0.006, 656468 
0.006, 641566 
0.006, 638412 
0.007, 637842 
0.007, 637242 
0.007, 633904 
0.007, 631024 
0.007, 629672 
0.007, 622273 
0.007, 617766 
0.007, 616640 
0.007, 614341 
0.007, 614182 
0.007, 613823 
0.007, 612616 
0.007, 608142 
0.007, 605271 
0.008, 596658 
0.008, 589522 
0.008, 586876 
0.008, 576975 
0.009, 571873 
0.009, 564889 
0.010, 550579 
0.012, 550322 
0.018, 548105 
0.023, 547001 
0.030, 545994 
0.038, 541620 
0.045, 538948 
0.050, 536982 
0.057, 536774 
0.063, 532422 
0.067, 524122 
0.071, 522422 
0.081, 521435 
0.082, 521316 
0.083, 521173 
0.084, 520028 
0.085, 512203 
0.086, 511536 
0.087, 507903 
0.088, 506121 
0.089, 505377 
0.090, 501542 
0.091, 495598 
0.092, 494862 
0.093, 489577 
0.095, 489183 
0.097, 488410 
0.099, 488326 
0.101, 485134 
0.103, 484540 
0.104, 484416 
0.106, 481431 
0.108, 479877 
0.109, 476730 
0.111, 475738 
0.113, 472205 
0.114, 472064 
0.116, 468631 
0.118, 467886 
0.119, 466337 
0.121, 464026 
0.123, 463359 
0.124, 462222 
0.126, 456230 
0.129, 455236 
0.131, 454244 
0.132, 452743 
0.134, 444796 
0.135, 444180 
0.137, 442635 
0.139, 442383 
0.141, 442277 
0.143, 441527 
0.147, 441463 
0.150, 441421 
0.153, 441251 
0.156, 439035 
0.159, 437586 
0.161, 434130 
0.164, 432826 
0.166, 431390 
0.168, 431156 
0.171, 426880 
0.173, 425845 
0.175, 419999 
0.178, 418659 
0.180, 414638 
0.183, 413859 
0.186, 413608 
0.188, 412746 
0.190, 412100 
0.194, 407840 
0.195, 405564 
0.196, 402425 
0.196, 401646 
0.197, 400900 
0.198, 395567 
0.199, 393880 
0.200, 392939 
0.202, 390088 
0.204, 389538 
0.207, 389025 
0.211, 388683 
0.214, 385478 
0.216, 378570 
0.217, 378376 
0.218, 376317 
0.219, 375712 
0.220, 375496 
0.221, 373988 
0.222, 373829 
0.224, 371178 
0.225, 371152 
0.227, 370537 
0.228, 369528 
0.229, 369106 
0.231, 363528 
0.232, 363258 
0.234, 361056 
0.235, 360717 
0.237, 360285 
0.239, 359926 
0.240, 353536 
0.242, 350472 
0.244, 349214 
0.245, 348940 
0.247, 347375 
0.249, 341345 
0.250, 340327 
0.252, 336185 
0.254, 335240 
0.255, 334768 
0.257, 334527 
0.261, 333279 
0.263, 332682 
0.265, 332552 
0.267, 331152 
0.269, 330818 
0.270, 329837 
0.272, 327251 
0.274, 326400 
0.276, 326297 
0.278, 322382 
0.279, 322262 
0.281, 322064 
0.283, 319373 
0.285, 313303 
0.287, 312399 
0.289, 311512 
0.291, 311196 
0.292, 309837 
0.294, 309048 
0.296, 307663 
0.298, 306218 
0.300, 302179 
0.302, 300224 
0.304, 300196 
0.306, 298020 
0.308, 297762 
0.310, 293418 
0.312, 292459 
0.314, 291530 
0.315, 290136 
0.320, 288024 
0.321, 286596 
0.323, 285581 
0.325, 285550 
0.327, 284185 
0.329, 281619 
0.333, 280984 
0.338, 277955 
0.342, 277074 
0.347, 276454 
0.352, 273836 
0.355, 273616 
0.358, 271629 
0.360, 270198 
0.362, 270191 
0.364, 269387 
0.366, 267181 
0.368, 266302 
0.371, 261599 
0.373, 261224 
0.375, 259882 
0.377, 258752 
0.379, 256841 
0.381, 255215 
0.383, 253656 
0.385, 253355 
0.387, 253347 
0.389, 252301 
0.395, 252107 
0.399, 250966 
0.403, 250540 
0.407, 249948 
0.411, 249567 
0.416, 249196 
0.420, 247794 
0.424, 246976 
0.428, 246752 
0.432, 244814 
0.434, 243992 
0.436, 243977 
0.439, 243386 
0.441, 241745 
0.443, 240255 
0.446, 239846 
0.448, 239208 
0.451, 239186 
0.453, 239057 
0.455, 237799 
0.458, 232995 
0.460, 232731 
0.463, 232495 
0.465, 232438 
0.467, 232373 
0.470, 231752 
0.472, 231458 
0.475, 231103 
0.477, 231025 
0.480, 227601 
0.484, 227253 
0.488, 224541 
0.491, 224194 
0.494, 223179 
0.496, 222848 
0.500, 218698 
0.503, 218480 
0.506, 218229 
0.509, 218221 
0.512, 216515 
0.515, 216140 
0.518, 215516 
0.521, 215157 
0.524, 214099 
0.527, 213995 
0.531, 213892 
0.534, 213468 
0.537, 211763 
0.540, 210786 
0.543, 210538 
0.547, 210359 
0.550, 210261 
0.554, 210118 
0.559, 208972 
0.562, 208525 
0.566, 207819 
0.569, 206491 
0.573, 203952 
0.577, 203194 
0.581, 202482 
0.585, 201665 
0.589, 201242 
0.593, 201130 
0.598, 199612 
0.602, 199430 
0.606, 199293 
0.610, 194704 
0.612, 194095 
0.614, 193943 
0.615, 193610 
0.617, 192932 
0.620, 192617 
0.623, 192552 
0.626, 192468 
0.632, 192440 
0.635, 191563 
0.639, 190241 
0.643, 187485 
0.647, 187359 
0.652, 186391 
0.656, 185984 
0.660, 185816 
0.665, 185246 
0.670, 185155 
0.674, 185138 
0.678, 183871 
0.683, 183568 
0.687, 183105 
0.692, 182643 
0.697, 181566 
0.706, 180263 
0.716, 180170 
0.730, 180114 
0.738, 179913 
0.747, 179703 
0.755, 179341 
0.759, 178632 
0.764, 178473 
0.769, 178261 
0.773, 177707 
0.778, 176976 
0.782, 176908 
0.787, 176752 
0.792, 174641 
0.796, 173935 
0.801, 173921 
0.805, 172052 
0.810, 170766 
0.817, 170552 
0.821, 170532 
0.826, 170192 
0.831, 170151 
0.835, 169364 
0.840, 169199 
0.845, 168741 
0.849, 168010 
0.854, 167937 
0.859, 167775 
0.864, 167686 
0.868, 167683 
0.874, 166825 
0.880, 166169 
0.885, 164515 
0.890, 164493 
0.895, 164310 
0.900, 164146 
0.906, 163040 
0.911, 163039 
0.916, 160496 
0.921, 160302 
0.926, 159949 
0.929, 159619 
0.931, 159103 
0.933, 158180 
0.936, 158161 
0.940, 158139 
0.945, 158136 
0.949, 158019 
0.953, 157752 
0.958, 157215 
0.962, 156863 
0.967, 156821 
0.972, 156383 
0.978, 155704 
0.983, 154686 
0.988, 154580 
0.996, 153593 
1.001, 152752 
1.006, 152173 
1.011, 151733 
1.017, 151461 
1.023, 151149 
1.028, 151131 
1.033, 151058 
1.038, 150981 
1.044, 150727 
1.050, 150264 
1.055, 150001 
1.060, 148911 
1.065, 148904 
1.071, 148259 
1.076, 146002 
1.087, 145117 
1.098, 144575 
1.108, 144408 
1.118, 144314 
1.128, 143483 
1.138, 142985 
1.143, 142954 
1.149, 142487 
1.154, 142393 
1.160, 141923 
1.166, 141565 
1.171, 141520 
1.176, 141102 
1.181, 140879 
1.187, 140810 
1.192, 140807 
1.198, 139964 
1.203, 139786 
1.208, 139762 
1.216, 139753 
1.221, 139665 
1.226, 139541 
1.232, 139033 
1.238, 138877 
