0.001, 727489 
0.001, 722232 
0.002, 717480 
0.002, 711166 
0.002, 708872 
0.002, 707684 
0.003, 705644 
0.003, 703242 
0.003, 700182 
0.005, 691248 
0.006, 689579 
0.006, 688651 
0.006, 687154 
0.006, 684739 
0.006, 683926 
0.006, 681921 
0.007, 679184 
0.007, 676325 
0.007, 670053 
0.007, 665466 
0.007, 660989 
0.007, 658590 
0.007, 655259 
0.007, 647204 
0.007, 644018 
0.008, 643901 
0.008, 636091 
0.008, 636035 
0.008, 635798 
0.008, 635387 
0.008, 635316 
0.008, 633522 
0.008, 627210 
0.008, 623712 
0.008, 620678 
0.008, 616438 
0.008, 612164 
0.008, 606908 
0.009, 604244 
0.009, 596448 
0.010, 591225 
0.010, 585323 
0.011, 583450 
0.012, 579372 
0.012, 577885 
0.013, 575406 
0.014, 570452 
0.014, 566001 
0.014, 559785 
0.014, 552262 
0.015, 551741 
0.015, 548591 
0.015, 545940 
0.015, 538395 
0.015, 537032 
0.016, 533242 
0.017, 532168 
0.018, 529856 
0.021, 528943 
0.021, 525375 
0.021, 519484 
0.021, 518367 
0.021, 512448 
0.022, 508177 
0.022, 506577 
0.022, 502009 
0.022, 501874 
0.022, 500106 
0.022, 497433 
0.022, 496581 
0.022, 489677 
0.022, 487936 
0.022, 486875 
0.022, 486093 
0.022, 485768 
0.022, 482055 
0.022, 481706 
0.022, 473269 
0.022, 467307 
0.024, 467183 
0.024, 467136 
0.025, 462744 
0.025, 461444 
0.027, 461428 
0.028, 460662 
0.029, 459249 
0.030, 455625 
0.031, 454080 
0.032, 452540 
0.033, 452203 
0.034, 447975 
0.035, 447770 
0.036, 445610 
0.038, 442379 
0.039, 440477 
0.040, 439356 
0.041, 438961 
0.042, 438481 
0.043, 433551 
0.044, 423185 
0.046, 417948 
0.048, 415406 
0.049, 413220 
0.051, 409804 
0.052, 409802 
0.054, 408559 
0.055, 407930 
0.057, 404672 
0.059, 404049 
0.064, 402757 
0.066, 402705 
0.067, 402351 
0.068, 401983 
0.069, 399648 
0.071, 399463 
0.072, 397981 
0.073, 396037 
0.074, 390228 
0.074, 387546 
0.074, 381299 
0.075, 381135 
0.075, 380952 
0.076, 377733 
0.077, 377443 
0.078, 376306 
0.079, 373547 
0.079, 372458 
0.080, 372250 
0.080, 370499 
0.081, 369551 
0.081, 369165 
0.082, 368090 
0.083, 366688 
0.083, 364926 
0.084, 363548 
0.085, 362394 
0.086, 362200 
0.087, 361157 
0.088, 356650 
0.089, 353980 
0.090, 353459 
0.091, 351807 
0.092, 340108 
0.093, 339994 
0.095, 338905 
0.096, 338366 
0.097, 338030 
0.098, 336494 
0.099, 335921 
0.100, 333621 
0.101, 331300 
0.102, 330099 
0.103, 329450 
0.104, 328398 
0.105, 328273 
0.106, 327502 
0.108, 326953 
0.109, 326490 
0.110, 326016 
0.112, 325660 
0.114, 325577 
0.116, 324979 
0.118, 324258 
0.119, 323647 
0.122, 323524 
0.124, 323505 
0.126, 323448 
0.129, 322879 
0.130, 321834 
0.131, 321517 
0.134, 321342 
0.136, 320666 
0.140, 320255 
0.144, 320179 
0.148, 319530 
0.152, 319174 
0.156, 318798 
0.160, 318752 
0.164, 317438 
0.168, 314797 
0.172, 313670 
0.176, 312437 
0.180, 312083 
0.182, 312000 
0.184, 302937 
0.186, 299876 
0.188, 299657 
0.190, 296105 
0.192, 295087 
0.194, 288773 
0.196, 287473 
0.198, 285663 
0.200, 285314 
0.202, 284667 
0.204, 284408 
0.206, 284088 
0.208, 283524 
0.210, 283247 
0.212, 282269 
0.214, 282173 
0.216, 281143 
0.218, 278348 
0.220, 277510 
0.223, 276672 
0.225, 272796 
0.227, 270747 
0.229, 270170 
0.231, 270000 
0.233, 269472 
0.235, 265810 
0.239, 265625 
0.241, 265533 
0.243, 265001 
0.245, 264635 
0.247, 263716 
0.249, 263299 
0.251, 263269 
0.254, 263180 
0.256, 263101 
0.258, 262981 
0.261, 262839 
0.264, 261552 
0.266, 261433 
0.268, 261261 
0.270, 261145 
0.273, 260919 
0.276, 260240 
0.278, 259888 
0.280, 259234 
0.282, 258401 
0.285, 257554 
0.288, 257078 
0.291, 256897 
0.294, 255399 
0.299, 255034 
0.302, 254946 
0.305, 254287 
0.308, 253997 
0.311, 253816 
0.314, 253243 
0.317, 252801 
0.320, 252721 
0.324, 252420 
0.327, 249841 
0.330, 248748 
0.333, 248090 
0.336, 246643 
0.340, 246428 
0.343, 246373 
0.346, 244082 
0.349, 244074 
0.353, 243794 
0.360, 242987 
0.366, 242437 
0.372, 242359 
0.377, 242069 
0.384, 241286 
0.390, 241174 
0.395, 241098 
0.398, 240609 
0.400, 240091 
0.404, 239330 
0.407, 239191 
0.410, 238971 
0.413, 238057 
0.416, 237808 
0.420, 236313 
0.423, 236002 
0.426, 235606 
0.429, 234634 
0.433, 233880 
0.436, 233667 
0.440, 233493 
0.443, 233466 
0.449, 233426 
0.452, 232099 
0.456, 231901 
0.459, 231382 
0.462, 230377 
0.466, 230131 
0.470, 229149 
0.473, 228948 
0.477, 227489 
0.480, 227286 
0.484, 224735 
0.487, 223235 
0.491, 222115 
0.494, 221763 
0.498, 221759 
0.502, 219124 
0.506, 216368 
0.510, 215344 
0.514, 212374 
0.520, 212111 
0.524, 211572 
0.528, 209990 
0.532, 209066 
0.537, 208828 
0.541, 208702 
0.545, 208507 
0.550, 208005 
0.554, 207447 
0.558, 207301 
0.563, 206013 
0.567, 205835 
0.571, 205425 
0.575, 204983 
0.579, 204899 
0.583, 204606 
0.590, 203507 
0.595, 203434 
0.599, 201996 
0.604, 201480 
0.609, 200984 
0.614, 199580 
0.619, 198946 
0.624, 198781 
0.629, 195131 
0.634, 194861 
0.637, 194762 
0.641, 190658 
0.644, 190272 
0.649, 187123 
0.655, 186696 
0.665, 186629 
0.675, 186281 
0.685, 185816 
0.695, 182095 
0.705, 181748 
0.711, 181530 
0.717, 180601 
0.722, 180389 
0.727, 180124 
0.732, 178208 
0.738, 177423 
0.743, 177205 
0.749, 175383 
0.754, 174700 
0.759, 174259 
0.765, 173215 
0.772, 169483 
0.777, 169299 
0.786, 169235 
0.795, 169081 
0.800, 168975 
0.806, 168540 
0.811, 167541 
0.816, 166495 
0.821, 166171 
0.826, 164582 
0.831, 164362 
0.835, 164336 
0.840, 163576 
0.845, 162714 
0.849, 162611 
0.855, 162564 
0.861, 162488 
0.869, 144797 
0.874, 144766 
0.880, 143458 
0.886, 143383 
0.892, 143333 
0.898, 141766 
0.903, 141070 
0.909, 139933 
0.915, 137431 
