0.000, 736541 
0.001, 734248 
0.001, 733904 
0.001, 731596 
0.001, 729043 
0.001, 728824 
0.001, 727828 
0.001, 724034 
0.002, 723707 
0.002, 723578 
0.002, 723189 
0.002, 718334 
0.003, 716350 
0.003, 712166 
0.003, 711575 
0.004, 703101 
0.005, 679037 
0.005, 678358 
0.006, 677188 
0.006, 666802 
0.006, 661673 
0.007, 654074 
0.007, 652801 
0.007, 650640 
0.007, 649891 
0.007, 649352 
0.007, 646383 
0.007, 646234 
0.007, 644866 
0.008, 638232 
0.008, 633004 
0.008, 630757 
0.008, 625294 
0.008, 625181 
0.008, 625154 
0.009, 618831 
0.009, 607383 
0.009, 606880 
0.009, 602086 
0.009, 598162 
0.009, 593264 
0.009, 592404 
0.009, 581716 
0.010, 581495 
0.011, 579071 
0.011, 575710 
0.011, 575247 
0.011, 571023 
0.012, 570248 
0.013, 565350 
0.013, 564948 
0.014, 562299 
0.014, 560495 
0.014, 557584 
0.014, 550857 
0.014, 550187 
0.015, 544471 
0.016, 542951 
0.016, 531743 
0.017, 526453 
0.017, 524966 
0.018, 522979 
0.018, 518097 
0.019, 518037 
0.019, 512769 
0.019, 493215 
0.020, 491240 
0.020, 490453 
0.022, 485721 
0.023, 485501 
0.024, 483075 
0.026, 482849 
0.030, 482169 
0.035, 477616 
0.039, 475777 
0.043, 475620 
0.047, 474616 
0.052, 472426 
0.056, 469177 
0.061, 467846 
0.068, 466528 
0.072, 466448 
0.075, 465547 
0.079, 464813 
0.083, 464517 
0.087, 463519 
0.088, 455677 
0.089, 452999 
0.090, 452119 
0.091, 444325 
0.092, 444114 
0.093, 440055 
0.095, 439894 
0.097, 438529 
0.100, 438172 
0.102, 434676 
0.105, 432237 
0.108, 431456 
0.110, 431287 
0.112, 430950 
0.114, 429032 
0.116, 424295 
0.117, 421698 
0.119, 414418 
0.122, 413550 
0.124, 411224 
0.126, 409643 
0.128, 408999 
0.130, 406353 
0.132, 399283 
0.134, 398017 
0.136, 394609 
0.139, 394461 
0.141, 393753 
0.143, 391336 
0.145, 386575 
0.148, 382148 
0.150, 381489 
0.152, 380615 
0.154, 375788 
0.157, 372805 
0.159, 370828 
0.162, 369174 
0.166, 360664 
0.168, 359661 
0.170, 356185 
0.173, 355396 
0.175, 354648 
0.178, 354016 
0.180, 353538 
0.183, 351092 
0.185, 349762 
0.188, 348434 
0.190, 343777 
0.193, 343331 
0.197, 343028 
0.198, 343018 
0.200, 342092 
0.202, 341563 
0.204, 341457 
0.205, 340853 
0.207, 340464 
0.208, 335056 
0.209, 331212 
0.211, 328939 
0.212, 328580 
0.213, 326667 
0.214, 326615 
0.215, 322866 
0.216, 322261 
0.218, 319488 
0.220, 317683 
0.222, 316177 
0.224, 314734 
0.226, 311039 
0.228, 310710 
0.230, 310609 
0.231, 310463 
0.233, 310384 
0.235, 309866 
0.237, 308808 
0.239, 308292 
0.241, 306094 
0.243, 305646 
0.245, 304960 
0.247, 303139 
0.248, 303000 
0.250, 302854 
0.252, 300165 
0.256, 297107 
0.258, 295877 
0.260, 295810 
0.261, 295124 
0.263, 291033 
0.265, 290489 
0.267, 290155 
0.269, 290009 
0.271, 289372 
0.273, 285712 
0.275, 285313 
0.277, 283630 
0.279, 283025 
0.281, 281126 
0.283, 280953 
0.286, 279573 
0.288, 277031 
0.290, 277021 
0.292, 272270 
0.295, 270158 
0.296, 270025 
0.298, 269567 
0.300, 269233 
0.302, 268538 
0.303, 267028 
0.305, 265211 
0.307, 265086 
0.309, 264538 
0.311, 264479 
0.313, 257848 
0.317, 257375 
0.319, 255254 
0.321, 254745 
0.323, 254058 
0.326, 253852 
0.328, 253463 
0.330, 252596 
0.332, 252294 
0.334, 248811 
0.336, 246742 
0.338, 246055 
0.341, 244931 
0.343, 244872 
0.345, 243948 
0.348, 243913 
0.350, 243687 
0.353, 239487 
0.355, 238985 
0.357, 238829 
0.360, 238501 
0.362, 237936 
0.364, 234902 
0.367, 234234 
0.369, 234126 
0.371, 232838 
0.378, 231338 
0.382, 230572 
0.387, 227764 
0.391, 227495 
0.396, 226384 
0.400, 226121 
0.405, 225271 
0.410, 225063 
0.414, 221717 
0.416, 221599 
0.418, 221428 
0.421, 220622 
0.423, 219825 
0.426, 218719 
0.428, 218671 
0.431, 217186 
0.434, 216260 
0.436, 215050 
0.439, 212159 
0.442, 211754 
0.445, 209806 
0.447, 208541 
0.450, 206201 
0.453, 205236 
0.455, 205088 
0.458, 203693 
0.461, 203284 
0.467, 200231 
0.470, 199669 
0.473, 198990 
0.476, 198906 
0.479, 198088 
0.482, 196645 
0.485, 196601 
0.488, 195960 
0.491, 195957 
0.494, 195911 
0.497, 194451 
0.500, 193055 
0.503, 192982 
0.506, 192562 
0.509, 192357 
0.512, 192273 
0.516, 190744 
0.519, 190419 
0.523, 189708 
0.526, 186876 
0.530, 186411 
0.533, 185248 
0.539, 184388 
0.542, 183870 
0.545, 183258 
0.549, 183230 
0.552, 182409 
0.556, 182190 
0.559, 181136 
0.563, 177154 
0.566, 175965 
0.570, 175955 
0.573, 175170 
0.577, 174952 
0.581, 173233 
0.585, 172393 
0.589, 172090 
0.593, 170721 
0.597, 170639 
0.601, 166064 
0.606, 165909 
0.612, 164985 
0.616, 164887 
0.620, 164677 
0.625, 164539 
0.629, 163330 
0.633, 163311 
0.638, 162846 
0.642, 162795 
0.646, 162296 
0.651, 161252 
0.655, 160447 
0.660, 159470 
0.664, 159339 
0.669, 158928 
0.673, 157354 
0.678, 157243 
0.688, 156659 
0.698, 156468 
0.708, 156455 
0.718, 156076 
0.728, 155592 
0.734, 155321 
0.740, 155079 
0.746, 154576 
0.752, 154465 
0.759, 154169 
0.766, 153469 
0.772, 151748 
0.778, 151485 
0.786, 151007 
0.795, 150995 
0.803, 150899 
0.813, 150658 
0.820, 149699 
0.826, 148684 
0.831, 147960 
0.836, 146230 
0.842, 145800 
0.847, 145537 
0.852, 145408 
0.858, 145214 
0.863, 145118 
0.868, 144540 
0.874, 144439 
0.881, 143908 
0.889, 143851 
0.894, 143002 
0.900, 142460 
0.907, 142133 
0.913, 141943 
0.919, 141768 
0.925, 141169 
0.931, 141127 
0.936, 141099 
0.942, 140786 
0.948, 140615 
0.953, 139405 
0.959, 139120 
0.965, 138946 
0.970, 138755 
0.976, 138469 
0.982, 138313 
