0.000, 729278 
0.000, 729064 
0.000, 726015 
0.000, 725291 
0.000, 710004 
0.002, 700478 
0.002, 690872 
0.002, 690285 
0.002, 690177 
0.002, 686341 
0.002, 686117 
0.002, 686009 
0.003, 681068 
0.003, 680028 
0.003, 679675 
0.004, 668929 
0.005, 668417 
0.005, 665220 
0.005, 662997 
0.006, 661220 
0.006, 660534 
0.006, 660473 
0.006, 660095 
0.006, 659420 
0.006, 655180 
0.007, 648967 
0.007, 647010 
0.007, 646451 
0.007, 645552 
0.007, 644195 
0.007, 643368 
0.007, 642482 
0.007, 640441 
0.008, 634895 
0.008, 631843 
0.008, 628551 
0.008, 626235 
0.008, 621133 
0.009, 617739 
0.009, 617711 
0.009, 611173 
0.009, 603526 
0.009, 601495 
0.009, 601180 
0.009, 600325 
0.009, 598354 
0.009, 597931 
0.009, 597507 
0.009, 597487 
0.009, 596025 
0.009, 594485 
0.009, 594361 
0.009, 587834 
0.010, 585816 
0.010, 584384 
0.010, 580629 
0.010, 578598 
0.011, 577987 
0.012, 577565 
0.012, 573293 
0.012, 572882 
0.013, 567646 
0.013, 565134 
0.013, 564942 
0.013, 562090 
0.013, 555731 
0.013, 555452 
0.013, 553925 
0.013, 549547 
0.013, 547188 
0.013, 543328 
0.014, 541848 
0.014, 535559 
0.014, 533482 
0.014, 532760 
0.014, 526535 
0.015, 524288 
0.015, 523899 
0.015, 513758 
0.016, 512605 
0.016, 510088 
0.020, 497277 
0.027, 494716 
0.031, 494372 
0.033, 493655 
0.033, 493561 
0.033, 492865 
0.033, 491728 
0.037, 490628 
0.041, 486653 
0.046, 481230 
0.051, 479783 
0.056, 478531 
0.064, 477398 
0.069, 475991 
0.073, 474709 
0.077, 473892 
0.082, 473806 
0.087, 472888 
0.091, 470679 
0.096, 467145 
0.099, 466454 
0.104, 464552 
0.109, 462883 
0.114, 459195 
0.119, 456207 
0.121, 450433 
0.123, 449878 
0.125, 449796 
0.127, 448296 
0.129, 447512 
0.131, 444879 
0.133, 444595 
0.135, 438457 
0.137, 436968 
0.139, 435939 
0.141, 435386 
0.143, 434219 
0.145, 434187 
0.147, 433420 
0.149, 432984 
0.151, 432981 
0.154, 430351 
0.157, 429606 
0.159, 428376 
0.161, 426885 
0.163, 423543 
0.166, 422887 
0.168, 420805 
0.170, 419902 
0.172, 413390 
0.174, 413147 
0.176, 411799 
0.178, 406829 
0.180, 406423 
0.182, 406147 
0.185, 405580 
0.187, 404038 
0.189, 401056 
0.191, 399242 
0.193, 398502 
0.196, 396743 
0.198, 394757 
0.200, 392725 
0.202, 391644 
0.207, 391094 
0.208, 390900 
0.209, 385273 
0.210, 382685 
0.211, 382521 
0.212, 381517 
0.213, 381158 
0.215, 380877 
0.216, 380238 
0.217, 377096 
0.218, 376953 
0.220, 375371 
0.221, 375047 
0.222, 373528 
0.223, 370236 
0.224, 367612 
0.225, 363949 
0.226, 363855 
0.228, 363605 
0.229, 362669 
0.230, 351527 
0.231, 349783 
0.232, 349587 
0.233, 349502 
0.235, 346293 
0.236, 345027 
0.237, 344146 
0.238, 343685 
0.239, 343526 
0.240, 342045 
0.242, 339061 
0.243, 337079 
0.244, 335583 
0.245, 335549 
0.247, 330489 
0.248, 329521 
0.249, 329503 
0.250, 328475 
0.252, 327431 
0.253, 326896 
0.254, 322301 
0.255, 319416 
0.256, 316880 
0.258, 316532 
0.259, 316225 
0.260, 314172 
0.261, 311668 
0.262, 311234 
0.266, 310284 
0.267, 309801 
0.268, 309272 
0.269, 307246 
0.271, 306560 
0.272, 302889 
0.273, 302222 
0.274, 301360 
0.276, 300847 
0.277, 300563 
0.278, 299126 
0.280, 297789 
0.281, 297471 
0.283, 297407 
0.284, 296909 
0.286, 295475 
0.287, 294163 
0.289, 291972 
0.291, 291503 
0.293, 291473 
0.295, 289971 
0.297, 289484 
0.298, 287774 
0.300, 287492 
0.302, 287146 
0.304, 286390 
0.306, 285819 
0.308, 285548 
0.310, 283469 
0.312, 280326 
0.314, 279724 
0.316, 277888 
0.318, 277249 
0.320, 276371 
0.324, 275318 
0.326, 275058 
0.328, 274865 
0.330, 272874 
0.332, 272768 
0.334, 272720 
0.336, 268935 
0.338, 265981 
0.340, 265448 
0.342, 262613 
0.344, 262540 
0.346, 261644 
0.348, 261550 
0.350, 260434 
0.352, 259964 
0.354, 259521 
0.357, 259152 
0.359, 258690 
0.361, 257973 
0.363, 257543 
0.365, 254711 
0.368, 254601 
0.370, 252865 
0.372, 252759 
0.374, 251137 
0.377, 251118 
0.379, 250634 
0.386, 249018 
0.391, 248168 
0.396, 248006 
0.401, 245212 
0.407, 244197 
0.412, 243923 
0.417, 243623 
0.422, 243166 
0.425, 243038 
0.428, 242603 
0.430, 241754 
0.433, 241317 
0.436, 239868 
0.439, 239531 
0.443, 239139 
0.446, 238529 
0.450, 238179 
0.455, 236322 
0.460, 236263 
0.462, 236116 
0.464, 235365 
0.468, 228846 
0.471, 227605 
0.474, 226041 
0.481, 225708 
0.484, 225496 
0.488, 222358 
0.491, 220750 
0.495, 220362 
0.498, 219884 
0.502, 219635 
0.505, 219364 
0.509, 218482 
0.513, 218211 
0.516, 217956 
0.520, 217209 
0.524, 215696 
0.528, 214937 
0.532, 214709 
0.536, 213871 
0.540, 213820 
0.545, 213284 
0.549, 212467 
0.556, 207032 
0.560, 206129 
0.564, 205178 
0.568, 205066 
0.573, 204615 
0.577, 203761 
0.582, 203411 
0.586, 203328 
0.590, 203217 
0.595, 203148 
0.599, 203143 
0.603, 202940 
0.608, 202607 
0.613, 201928 
0.618, 201866 
0.622, 199706 
0.630, 198328 
0.635, 197631 
0.639, 196494 
0.644, 194314 
0.648, 190815 
0.653, 189354 
0.657, 189247 
0.662, 188570 
0.666, 187573 
0.670, 187465 
0.675, 186488 
0.679, 184827 
0.684, 184485 
0.688, 183403 
0.692, 183355 
0.697, 182635 
0.707, 181955 
0.716, 181811 
0.724, 180797 
0.732, 180772 
0.741, 178948 
0.747, 177672 
0.752, 177218 
0.756, 176558 
0.761, 176444 
0.765, 175831 
0.770, 175499 
0.774, 174923 
0.779, 173097 
0.783, 172648 
0.788, 171810 
0.792, 170961 
0.797, 170364 
0.801, 169352 
0.808, 168228 
0.812, 167445 
0.817, 165230 
0.822, 164681 
0.826, 164129 
0.831, 164101 
0.836, 163885 
0.840, 163833 
0.845, 163118 
0.850, 161977 
0.854, 161793 
0.859, 160402 
0.864, 159663 
0.869, 158827 
0.874, 158790 
0.879, 158417 
0.884, 158303 
0.888, 158028 
0.895, 157305 
0.900, 154209 
0.905, 153593 
0.910, 153144 
0.915, 153132 
0.920, 153129 
0.925, 153060 
0.930, 153031 
0.935, 152853 
0.940, 152798 
0.945, 152454 
0.950, 150854 
0.955, 150145 
0.960, 150092 
0.965, 149673 
0.971, 149570 
0.977, 149069 
0.985, 147305 
0.991, 147170 
0.997, 146144 
1.003, 145310 
1.009, 145158 
1.014, 144817 
1.020, 144163 
1.026, 144054 
1.032, 144025 
1.038, 143737 
1.044, 143087 
1.052, 142906 
1.058, 142507 
1.063, 142223 
1.069, 140475 
