0.000, 751786 
0.000, 749040 
0.000, 740942 
0.000, 740275 
0.000, 735984 
0.000, 735727 
0.001, 730846 
0.001, 730608 
0.001, 728971 
0.001, 726223 
0.001, 725252 
0.001, 725056 
0.001, 719532 
0.002, 712782 
0.003, 712245 
0.003, 706869 
0.003, 705296 
0.003, 701957 
0.003, 698332 
0.004, 694072 
0.005, 692321 
0.006, 691053 
0.006, 683318 
0.007, 678090 
0.007, 677191 
0.007, 669275 
0.007, 666399 
0.007, 664968 
0.007, 656122 
0.007, 655987 
0.007, 655753 
0.007, 652305 
0.007, 651872 
0.007, 651081 
0.008, 645874 
0.008, 641552 
0.008, 639692 
0.008, 637484 
0.008, 637011 
0.008, 635901 
0.008, 630925 
0.008, 624715 
0.008, 622593 
0.008, 621582 
0.008, 614768 
0.008, 610405 
0.008, 606843 
0.008, 604919 
0.008, 601442 
0.008, 600698 
0.009, 599718 
0.009, 597033 
0.010, 593721 
0.011, 593700 
0.011, 593392 
0.011, 585583 
0.011, 582972 
0.011, 582526 
0.011, 572938 
0.011, 571911 
0.011, 568935 
0.012, 568664 
0.012, 567758 
0.012, 567387 
0.013, 566207 
0.013, 564954 
0.013, 561749 
0.013, 552077 
0.014, 549898 
0.014, 541514 
0.014, 532380 
0.016, 528628 
0.016, 518109 
0.016, 516560 
0.016, 516094 
0.016, 514417 
0.016, 507082 
0.017, 504112 
0.017, 497219 
0.018, 495338 
0.018, 493660 
0.019, 491309 
0.019, 483252 
0.020, 481305 
0.022, 481085 
0.023, 480055 
0.025, 465745 
0.026, 465519 
0.030, 465048 
0.034, 462918 
0.039, 459685 
0.043, 458668 
0.047, 458073 
0.051, 454683 
0.056, 453545 
0.060, 452977 
0.065, 451127 
0.066, 450620 
0.067, 450570 
0.068, 442883 
0.069, 442520 
0.070, 440089 
0.071, 439082 
0.072, 437058 
0.073, 436251 
0.074, 434217 
0.075, 434021 
0.076, 432934 
0.078, 432409 
0.080, 426209 
0.082, 421896 
0.084, 420368 
0.086, 419627 
0.088, 419595 
0.090, 419104 
0.092, 418432 
0.094, 417228 
0.096, 415053 
0.098, 414634 
0.100, 414574 
0.102, 414366 
0.104, 414246 
0.106, 412737 
0.110, 412239 
0.111, 410804 
0.113, 410596 
0.116, 408882 
0.119, 407707 
0.121, 405575 
0.123, 399037 
0.126, 397501 
0.128, 395337 
0.130, 394325 
0.132, 394161 
0.135, 386578 
0.137, 384024 
0.139, 383466 
0.141, 381140 
0.143, 380439 
0.146, 379138 
0.148, 377345 
0.150, 376930 
0.152, 373512 
0.155, 371640 
0.157, 368989 
0.159, 366947 
0.162, 366287 
0.164, 365851 
0.166, 364164 
0.168, 361731 
0.172, 359987 
0.173, 356328 
0.174, 355252 
0.175, 354585 
0.177, 346609 
0.178, 346265 
0.179, 344892 
0.180, 342813 
0.181, 339033 
0.182, 338812 
0.184, 338493 
0.185, 338164 
0.187, 337718 
0.188, 337261 
0.190, 336917 
0.191, 332840 
0.193, 330440 
0.194, 329755 
0.196, 323908 
0.198, 323556 
0.200, 322324 
0.201, 321902 
0.203, 321378 
0.205, 320637 
0.206, 319461 
0.208, 319207 
0.210, 318838 
0.212, 318496 
0.214, 316077 
0.215, 315271 
0.218, 315071 
0.219, 312837 
0.221, 312691 
0.223, 312430 
0.225, 309540 
0.227, 304071 
0.229, 301520 
0.233, 299334 
0.235, 298126 
0.237, 298120 
0.238, 297182 
0.240, 296901 
0.242, 293785 
0.244, 292956 
0.246, 292460 
0.248, 292297 
0.249, 291010 
0.251, 290650 
0.253, 287644 
0.255, 287031 
0.257, 286384 
0.259, 285907 
0.261, 285302 
0.263, 284983 
0.265, 284842 
0.267, 283155 
0.269, 282307 
0.271, 281600 
0.274, 281348 
0.276, 281093 
0.278, 279920 
0.280, 277652 
0.283, 274962 
0.285, 271194 
0.286, 270708 
0.288, 270657 
0.290, 269382 
0.294, 268844 
0.296, 268525 
0.298, 268029 
0.300, 267602 
0.302, 267320 
0.305, 265308 
0.307, 263868 
0.309, 261778 
0.312, 260745 
0.314, 260685 
0.316, 260442 
0.319, 259283 
0.321, 258257 
0.323, 257334 
0.326, 253724 
0.328, 253564 
0.330, 253072 
0.332, 251979 
0.335, 251971 
0.338, 251806 
0.340, 250992 
0.343, 250326 
0.345, 249248 
0.348, 249230 
0.357, 249077 
0.362, 248955 
0.368, 244397 
0.374, 243853 
0.381, 243584 
0.387, 242633 
0.391, 242276 
0.394, 242066 
0.397, 241561 
0.399, 241453 
0.402, 240702 
0.405, 239994 
0.408, 239980 
0.411, 239876 
0.414, 237717 
0.416, 237474 
0.418, 237026 
0.421, 235418 
0.425, 235401 
0.428, 231853 
0.431, 231716 
0.434, 231521 
0.437, 230471 
0.443, 229694 
0.446, 229084 
0.449, 228513 
0.452, 228133 
0.456, 227629 
0.457, 227570 
0.460, 225837 
0.463, 225818 
0.466, 225173 
0.470, 225068 
0.473, 224963 
0.476, 224866 
0.480, 224611 
0.483, 224183 
0.486, 224135 
0.490, 223377 
0.494, 222616 
0.497, 222291 
0.501, 221859 
0.505, 220125 
0.509, 219166 
0.515, 217317 
0.519, 216420 
0.523, 216417 
0.527, 216388 
0.531, 215176 
0.535, 214421 
0.539, 214420 
0.543, 214391 
0.547, 213037 
0.551, 212797 
0.555, 212734 
0.559, 212696 
0.563, 208848 
0.568, 208278 
0.572, 208135 
0.576, 207607 
0.580, 207313 
0.586, 206642 
0.590, 206311 
0.595, 206183 
0.599, 205766 
0.603, 205068 
0.607, 204949 
0.611, 204878 
0.615, 202651 
0.620, 202476 
0.624, 202117 
0.628, 201755 
0.632, 200847 
0.637, 200780 
0.641, 200690 
0.645, 200592 
0.649, 199655 
0.656, 199350 
0.669, 199335 
0.679, 198166 
0.687, 198118 
0.695, 197398 
0.703, 196460 
0.709, 196455 
0.714, 195941 
0.718, 194654 
0.723, 193750 
0.727, 190782 
0.732, 188941 
0.736, 188616 
0.740, 188398 
0.745, 188095 
0.750, 186741 
0.754, 185885 
0.759, 185855 
0.763, 185611 
0.770, 185184 
0.775, 184983 
0.779, 183792 
0.784, 183311 
0.789, 180313 
0.793, 179724 
0.798, 179546 
0.803, 178889 
0.807, 178457 
0.812, 177875 
0.816, 177527 
0.821, 177458 
0.825, 175155 
0.830, 174266 
0.834, 173850 
0.839, 173649 
0.843, 172624 
0.848, 171952 
0.853, 171918 
0.859, 171680 
0.864, 171476 
0.868, 171407 
0.873, 170624 
0.878, 168660 
0.883, 168598 
0.887, 168433 
0.892, 167981 
0.897, 164767 
0.902, 164015 
0.907, 162678 
0.917, 162091 
0.926, 161391 
0.933, 161132 
0.940, 160812 
0.946, 160011 
0.951, 159950 
0.958, 159785 
0.964, 159587 
0.969, 159456 
0.974, 158909 
0.979, 158872 
0.985, 158310 
0.990, 158109 
0.995, 158018 
1.000, 158011 
1.005, 157942 
1.010, 157826 
1.015, 155633 
1.020, 155075 
1.026, 154904 
1.032, 154645 
1.039, 153966 
1.044, 153820 
1.049, 151245 
1.061, 150484 
1.071, 149477 
1.081, 149312 
1.091, 148306 
1.102, 148042 
1.111, 147230 
1.116, 147039 
1.122, 146576 
1.128, 146292 
1.133, 144915 
1.138, 144524 
1.143, 142538 
1.148, 141866 
1.154, 140676 
1.160, 140673 
1.165, 140085 
1.171, 140037 
1.177, 139814 
1.182, 138846 
1.191, 138765 
1.197, 138550 
1.203, 138151 
