0.000, 780617 
0.001, 777172 
0.001, 767310 
0.001, 763055 
0.001, 757499 
0.002, 753118 
0.003, 749067 
0.003, 745699 
0.004, 744922 
0.005, 742292 
0.005, 741080 
0.006, 741020 
0.006, 740853 
0.006, 739778 
0.006, 736280 
0.007, 729649 
0.007, 727071 
0.007, 726652 
0.007, 723855 
0.007, 719463 
0.008, 715485 
0.008, 713842 
0.008, 713197 
0.008, 709490 
0.008, 705051 
0.008, 703534 
0.008, 698814 
0.008, 683568 
0.008, 679874 
0.009, 678919 
0.009, 673650 
0.009, 671989 
0.009, 670877 
0.009, 667375 
0.009, 664263 
0.009, 661874 
0.009, 660833 
0.009, 660160 
0.010, 657607 
0.010, 657312 
0.010, 657032 
0.010, 651366 
0.010, 650140 
0.010, 650098 
0.011, 649040 
0.011, 646224 
0.011, 644755 
0.011, 637959 
0.011, 637452 
0.011, 631512 
0.012, 628987 
0.012, 628478 
0.012, 625784 
0.012, 622273 
0.012, 621018 
0.012, 617400 
0.012, 612922 
0.014, 612558 
0.015, 611915 
0.015, 611812 
0.015, 611092 
0.015, 609276 
0.015, 600012 
0.015, 596471 
0.015, 595891 
0.015, 595687 
0.015, 594763 
0.015, 592854 
0.016, 591121 
0.016, 590300 
0.016, 585724 
0.016, 583867 
0.016, 574634 
0.016, 573903 
0.016, 572701 
0.016, 572661 
0.016, 566339 
0.016, 565996 
0.016, 565933 
0.016, 562518 
0.017, 560295 
0.017, 560234 
0.017, 557910 
0.018, 556624 
0.019, 553644 
0.019, 550963 
0.019, 548389 
0.019, 541929 
0.019, 540681 
0.021, 536619 
0.021, 535231 
0.022, 533337 
0.022, 530297 
0.022, 529155 
0.022, 526935 
0.022, 523231 
0.022, 521276 
0.022, 521082 
0.022, 518994 
0.022, 513029 
0.023, 506273 
0.023, 505205 
0.024, 500208 
0.024, 492994 
0.025, 491274 
0.026, 487503 
0.027, 486473 
0.027, 472163 
0.028, 471906 
0.030, 470336 
0.033, 469329 
0.037, 468824 
0.042, 467844 
0.046, 467736 
0.051, 465955 
0.055, 465664 
0.060, 464308 
0.068, 462180 
0.071, 459586 
0.075, 459466 
0.079, 456817 
0.082, 454426 
0.085, 452545 
0.087, 451028 
0.088, 448382 
0.090, 436349 
0.091, 434898 
0.093, 432722 
0.095, 431527 
0.097, 427510 
0.100, 426051 
0.102, 423818 
0.104, 422321 
0.106, 420688 
0.109, 418125 
0.111, 417301 
0.113, 414574 
0.115, 411519 
0.118, 406726 
0.120, 406240 
0.122, 400749 
0.125, 399435 
0.127, 399431 
0.129, 389618 
0.132, 387073 
0.134, 386960 
0.136, 386549 
0.138, 386371 
0.141, 383060 
0.143, 381955 
0.145, 380463 
0.147, 377970 
0.150, 377274 
0.152, 376081 
0.154, 375933 
0.157, 371811 
0.159, 371605 
0.162, 370629 
0.164, 368570 
0.166, 367768 
0.169, 365656 
0.171, 363725 
0.174, 359220 
0.176, 358031 
0.179, 356226 
0.181, 356169 
0.184, 354688 
0.188, 350848 
0.189, 350238 
0.191, 348305 
0.192, 347212 
0.193, 346427 
0.194, 344346 
0.196, 339812 
0.197, 338389 
0.198, 334641 
0.199, 334394 
0.201, 334338 
0.203, 333891 
0.204, 332610 
0.205, 331633 
0.207, 329568 
0.208, 329206 
0.209, 324784 
0.211, 324122 
0.212, 321922 
0.214, 320666 
0.215, 320587 
0.216, 320438 
0.218, 319697 
0.219, 319184 
0.220, 318585 
0.222, 317268 
0.224, 314140 
0.225, 313778 
0.226, 313731 
0.228, 313368 
0.229, 313367 
0.229, 312799 
0.230, 312560 
0.231, 312421 
0.232, 311542 
0.234, 311125 
0.235, 310972 
0.236, 309738 
0.237, 307144 
0.238, 306631 
0.239, 305446 
0.241, 304894 
0.242, 300731 
0.244, 299880 
0.245, 299450 
0.247, 299332 
0.251, 298620 
0.252, 298146 
0.254, 297782 
0.255, 297449 
0.257, 296176 
0.258, 295571 
0.260, 294876 
0.261, 294761 
0.263, 294624 
0.265, 292746 
0.267, 292577 
0.269, 292282 
0.271, 292084 
0.273, 291348 
0.275, 288099 
0.277, 287873 
0.279, 284776 
0.282, 282127 
0.284, 281686 
0.287, 277984 
0.289, 276656 
0.292, 275875 
0.294, 274661 
0.296, 273081 
0.299, 268295 
0.301, 268077 
0.304, 265084 
0.307, 263677 
0.312, 263293 
0.314, 260503 
0.318, 260445 
0.320, 260355 
0.323, 259287 
0.326, 258822 
0.329, 257937 
0.332, 257003 
0.335, 255772 
0.338, 254247 
0.341, 253667 
0.344, 251999 
0.348, 251829 
0.351, 250769 
0.354, 250152 
0.356, 248737 
0.358, 248241 
0.360, 247504 
0.362, 247485 
0.366, 247463 
0.374, 246015 
0.381, 245261 
0.388, 244500 
0.396, 244299 
0.403, 241434 
0.410, 240962 
0.413, 240495 
0.417, 236500 
0.421, 236497 
0.425, 235630 
0.429, 234315 
0.433, 233629 
0.437, 232755 
0.439, 232636 
0.441, 232195 
0.443, 231431 
0.446, 231350 
0.449, 230164 
0.453, 229471 
0.457, 227478 
0.463, 226264 
0.467, 224683 
0.469, 224555 
0.473, 222861 
0.478, 222450 
0.483, 222013 
0.487, 221255 
0.491, 220910 
0.495, 220543 
0.499, 220462 
0.503, 219723 
0.507, 217783 
0.511, 217088 
0.516, 216915 
0.520, 214038 
0.524, 212454 
0.528, 212021 
0.532, 211382 
0.538, 210945 
0.542, 210932 
0.547, 206532 
0.551, 205979 
0.555, 204316 
0.559, 199608 
0.565, 199471 
0.569, 196322 
0.573, 196054 
0.578, 195299 
0.582, 193905 
0.587, 193896 
0.591, 192808 
0.596, 188471 
0.600, 188217 
0.604, 187867 
0.611, 187666 
0.615, 186960 
0.620, 185733 
0.624, 185215 
0.629, 184434 
0.633, 182863 
0.638, 182362 
0.642, 181469 
0.647, 180431 
0.651, 180422 
0.656, 179987 
0.661, 179662 
0.665, 179020 
0.670, 177820 
0.674, 177075 
0.679, 175215 
0.689, 175072 
0.699, 174861 
0.707, 174608 
0.716, 174424 
0.724, 173635 
0.732, 173418 
0.737, 173316 
0.741, 173286 
0.745, 173042 
0.750, 172090 
0.755, 172015 
0.760, 171884 
0.764, 171537 
0.769, 171336 
0.774, 170649 
0.779, 169900 
0.783, 169314 
0.788, 168783 
0.795, 168615 
0.800, 167303 
0.805, 166669 
0.810, 166119 
0.815, 165974 
0.819, 165898 
0.824, 165689 
0.829, 165643 
0.834, 165298 
0.839, 164950 
0.844, 164845 
0.849, 163414 
0.854, 163392 
0.859, 163334 
0.864, 162110 
0.869, 161699 
0.874, 160976 
0.879, 160834 
0.886, 160111 
0.891, 159946 
0.897, 159845 
0.902, 159727 
0.906, 159354 
0.911, 158986 
0.916, 158788 
0.921, 157703 
0.926, 157455 
0.931, 157260 
0.936, 156227 
0.941, 155980 
0.945, 155967 
0.950, 155960 
0.955, 155885 
0.960, 155662 
0.965, 155478 
0.972, 155456 
0.977, 154733 
0.982, 154591 
0.987, 153868 
0.992, 153470 
0.997, 153257 
1.002, 153047 
1.007, 152567 
1.016, 151862 
1.026, 151526 
1.034, 151493 
1.040, 151094 
1.046, 150954 
1.051, 150572 
1.057, 150415 
1.063, 150250 
1.072, 149562 
1.082, 149488 
1.093, 148322 
1.103, 148283 
1.112, 148166 
1.122, 147932 
1.129, 147842 
1.134, 147588 
1.140, 147414 
1.145, 147223 
1.151, 146873 
1.156, 146805 
1.162, 145666 
1.167, 145425 
1.173, 143677 
1.179, 143623 
