0.000, 777005 
0.000, 775785 
0.001, 770709 
0.001, 770327 
0.001, 769317 
0.001, 768808 
0.002, 765473 
0.002, 764333 
0.003, 760475 
0.004, 760205 
0.006, 755833 
0.006, 754688 
0.006, 754255 
0.006, 744841 
0.006, 741339 
0.007, 735529 
0.007, 732938 
0.007, 732012 
0.007, 730920 
0.007, 730062 
0.007, 724438 
0.008, 722626 
0.008, 716603 
0.009, 715418 
0.009, 709513 
0.009, 702434 
0.009, 699176 
0.009, 698424 
0.009, 694845 
0.009, 694681 
0.009, 692302 
0.009, 691779 
0.009, 683996 
0.009, 682321 
0.009, 677666 
0.009, 677290 
0.009, 671429 
0.009, 666949 
0.009, 662406 
0.009, 661824 
0.009, 661220 
0.009, 655680 
0.010, 650492 
0.010, 645218 
0.010, 644293 
0.011, 641630 
0.011, 635284 
0.011, 630366 
0.012, 630297 
0.012, 619461 
0.012, 617645 
0.012, 617328 
0.012, 616902 
0.012, 613143 
0.012, 608084 
0.012, 606435 
0.012, 604829 
0.013, 602682 
0.013, 602566 
0.013, 599902 
0.014, 596601 
0.014, 592986 
0.015, 587459 
0.016, 586394 
0.016, 571863 
0.024, 571813 
0.031, 566672 
0.035, 565644 
0.040, 562251 
0.045, 562096 
0.050, 560977 
0.056, 559375 
0.063, 549986 
0.065, 549731 
0.066, 547260 
0.067, 547189 
0.068, 546321 
0.069, 546184 
0.070, 544200 
0.071, 544199 
0.073, 541295 
0.074, 537273 
0.076, 537118 
0.078, 533447 
0.081, 530903 
0.083, 530875 
0.085, 527740 
0.088, 526107 
0.090, 525880 
0.092, 524233 
0.095, 521727 
0.097, 521435 
0.100, 520806 
0.102, 520359 
0.105, 518927 
0.107, 518488 
0.110, 510179 
0.112, 502351 
0.115, 497943 
0.117, 497774 
0.119, 497503 
0.121, 497128 
0.124, 494923 
0.126, 494902 
0.128, 494287 
0.130, 493669 
0.132, 493198 
0.135, 491329 
0.137, 491235 
0.140, 482777 
0.142, 482700 
0.144, 476047 
0.146, 475662 
0.149, 471569 
0.151, 470853 
0.153, 470750 
0.156, 466957 
0.158, 466920 
0.160, 466619 
0.163, 464308 
0.165, 463972 
0.169, 463553 
0.170, 463532 
0.171, 462093 
0.172, 462056 
0.173, 460389 
0.175, 460133 
0.176, 458852 
0.177, 458313 
0.178, 458302 
0.179, 456913 
0.181, 456893 
0.182, 454699 
0.183, 454596 
0.184, 454287 
0.185, 453991 
0.186, 447717 
0.187, 443619 
0.188, 443606 
0.190, 435927 
0.191, 433959 
0.192, 433512 
0.193, 432293 
0.194, 432075 
0.195, 430239 
0.197, 425561 
0.198, 425560 
0.199, 423359 
0.200, 422562 
0.201, 421433 
0.203, 420780 
0.204, 419837 
0.205, 418542 
0.207, 418252 
0.209, 418008 
0.210, 416279 
0.212, 413937 
0.213, 413935 
0.214, 413314 
0.215, 411190 
0.216, 409331 
0.217, 407482 
0.218, 407303 
0.219, 404634 
0.220, 404622 
0.222, 403027 
0.223, 402917 
0.224, 400443 
0.228, 399014 
0.229, 396275 
0.230, 395654 
0.231, 395540 
0.232, 393681 
0.233, 393146 
0.234, 393138 
0.235, 389475 
0.236, 387744 
0.238, 383947 
0.239, 382413 
0.240, 382233 
0.241, 381612 
0.242, 379695 
0.243, 376494 
0.244, 376344 
0.245, 375464 
0.246, 375276 
0.247, 373096 
0.249, 372832 
0.250, 372663 
0.251, 371895 
0.252, 371489 
0.253, 367136 
0.254, 366977 
0.256, 366906 
0.257, 366220 
0.258, 365963 
0.259, 365393 
0.261, 364729 
0.263, 364531 
0.264, 364460 
0.265, 362175 
0.266, 361948 
0.267, 359094 
0.269, 358856 
0.271, 358498 
0.272, 357368 
0.273, 352365 
0.274, 351884 
0.276, 349190 
0.277, 347805 
0.278, 347617 
0.279, 344588 
0.281, 343201 
0.282, 343104 
0.284, 341560 
0.285, 341004 
0.286, 339387 
0.290, 338587 
0.291, 338446 
0.293, 337912 
0.294, 336203 
0.296, 334713 
0.297, 331731 
0.298, 331351 
0.300, 326728 
0.301, 325483 
0.303, 323914 
0.305, 320570 
0.306, 320007 
0.308, 319790 
0.309, 318566 
0.310, 317179 
0.312, 317113 
0.314, 316618 
0.315, 315483 
0.317, 315028 
0.319, 314831 
0.320, 314615 
0.322, 314072 
0.323, 312093 
0.325, 311906 
0.327, 309903 
0.328, 309254 
0.330, 307436 
0.331, 307320 
0.333, 307068 
0.335, 305339 
0.336, 304009 
0.338, 303415 
0.340, 302145 
0.341, 301955 
0.343, 301484 
0.345, 301049 
0.346, 299883 
0.353, 298830 
0.356, 298213 
0.360, 297574 
0.363, 296630 
0.366, 296006 
0.369, 295212 
0.373, 294706 
0.376, 292564 
0.379, 292488 
0.383, 291774 
0.386, 291740 
0.389, 291544 
0.391, 291541 
0.393, 291328 
0.395, 290824 
0.397, 289437 
0.399, 288198 
0.400, 287993 
0.402, 285925 
0.404, 283497 
0.406, 283122 
0.407, 283105 
0.409, 282693 
0.411, 281769 
0.413, 279735 
0.414, 279537 
0.416, 279223 
0.418, 279067 
0.421, 273177 
0.423, 271988 
0.425, 271963 
0.427, 271209 
0.429, 270897 
0.430, 270838 
0.432, 270430 
0.433, 270274 
0.435, 269560 
0.438, 269471 
0.440, 266747 
0.442, 266656 
0.446, 266136 
0.450, 265825 
0.452, 262241 
0.454, 261687 
0.456, 261508 
0.458, 261493 
0.460, 261492 
0.462, 261475 
0.463, 260902 
0.465, 260819 
0.467, 260697 
0.469, 260076 
0.471, 257498 
0.473, 257195 
0.475, 255888 
0.477, 254021 
0.479, 252814 
0.481, 249332 
0.483, 248198 
0.485, 247572 
0.488, 247497 
0.491, 246830 
0.494, 246403 
0.497, 243356 
0.500, 242380 
0.503, 239936 
0.507, 239542 
0.510, 239377 
0.513, 237585 
0.518, 236879 
0.522, 236867 
0.526, 236201 
0.529, 235805 
0.532, 233780 
0.535, 231779 
0.539, 230918 
0.542, 230519 
0.546, 230071 
0.549, 226132 
0.552, 225178 
0.556, 218479 
0.559, 217659 
0.563, 212538 
0.567, 211570 
0.570, 209996 
0.574, 209882 
0.577, 209416 
0.580, 208976 
0.583, 207561 
0.586, 207411 
0.592, 206524 
0.596, 206499 
0.599, 206217 
0.603, 206129 
0.607, 205401 
0.610, 205343 
0.614, 205295 
0.618, 205049 
0.622, 203306 
0.626, 203087 
0.630, 202735 
0.634, 201168 
0.638, 200801 
0.641, 200004 
0.645, 198911 
0.648, 198801 
0.651, 198766 
0.654, 198274 
0.658, 198249 
0.662, 197825 
0.672, 197531 
0.680, 196254 
0.688, 196153 
0.696, 195071 
0.704, 195041 
0.712, 194840 
0.716, 193601 
0.720, 192320 
0.725, 191573 
0.729, 187563 
0.734, 187389 
0.738, 186859 
0.743, 186172 
0.748, 184744 
0.752, 184709 
0.757, 183677 
0.761, 182724 
0.766, 181545 
0.771, 181388 
0.778, 181377 
0.782, 180533 
0.790, 179788 
0.798, 179164 
0.803, 178315 
0.808, 178025 
0.813, 177895 
0.818, 174927 
0.823, 174427 
0.827, 174316 
0.832, 173078 
0.837, 173023 
0.842, 172722 
0.847, 172431 
0.852, 172236 
0.858, 171696 
0.863, 171210 
0.870, 171094 
0.875, 170698 
0.880, 170413 
0.885, 169676 
0.890, 168186 
0.895, 168123 
0.900, 165751 
0.905, 164950 
0.910, 162472 
0.916, 162373 
0.923, 162317 
0.927, 162249 
0.929, 162224 
0.932, 162187 
0.935, 161679 
0.937, 161555 
0.939, 161442 
0.940, 161286 
0.943, 161040 
0.948, 161028 
0.955, 160670 
0.960, 160382 
0.969, 159364 
0.977, 158995 
0.984, 158835 
0.989, 157977 
0.995, 157827 
1.002, 157809 
1.007, 157652 
1.014, 156446 
1.021, 155779 
1.027, 154996 
1.032, 154473 
1.037, 154024 
1.039, 153166 
1.041, 152784 
1.043, 152715 
1.049, 152303 
1.054, 151851 
1.059, 151635 
1.068, 151428 
1.078, 150422 
1.088, 150381 
1.099, 150272 
1.109, 150256 
1.119, 150229 
1.126, 150191 
1.131, 148435 
1.136, 148071 
1.142, 147819 
1.147, 147316 
1.153, 146767 
1.159, 146024 
1.165, 145144 
1.171, 144960 
1.177, 144718 
1.183, 144196 
1.190, 144107 
1.196, 143817 
1.205, 142869 
1.211, 142449 
1.217, 141128 
1.223, 141104 
1.229, 141095 
1.237, 140837 
1.243, 139036 
