0.000, 788242 
0.000, 785967 
0.000, 776789 
0.001, 771848 
0.001, 767847 
0.001, 762899 
0.001, 761775 
0.002, 759618 
0.002, 758869 
0.002, 749917 
0.002, 739243 
0.003, 735613 
0.003, 728473 
0.003, 722681 
0.004, 721507 
0.004, 711697 
0.004, 711690 
0.004, 693625 
0.004, 693077 
0.005, 692810 
0.005, 690184 
0.005, 688333 
0.006, 684953 
0.006, 684051 
0.006, 683762 
0.006, 679062 
0.006, 669944 
0.006, 666185 
0.007, 663509 
0.007, 649690 
0.007, 646878 
0.007, 638460 
0.007, 633289 
0.007, 632092 
0.007, 618471 
0.007, 617542 
0.007, 617163 
0.007, 617035 
0.007, 616606 
0.007, 616465 
0.007, 616368 
0.007, 615526 
0.007, 612587 
0.007, 604148 
0.007, 603372 
0.007, 603361 
0.007, 599207 
0.008, 597034 
0.008, 595940 
0.008, 591594 
0.008, 587093 
0.008, 583214 
0.008, 582587 
0.009, 575779 
0.009, 574085 
0.009, 573673 
0.009, 573021 
0.009, 567706 
0.010, 562136 
0.010, 552139 
0.010, 547223 
0.010, 544851 
0.010, 539968 
0.011, 537817 
0.012, 536620 
0.012, 532048 
0.012, 532033 
0.012, 530178 
0.012, 530121 
0.012, 527679 
0.012, 526333 
0.012, 525782 
0.012, 521411 
0.012, 520449 
0.012, 513865 
0.013, 509020 
0.013, 503964 
0.013, 502888 
0.013, 499304 
0.014, 496706 
0.014, 495951 
0.014, 493483 
0.014, 491112 
0.014, 490616 
0.014, 490139 
0.014, 489567 
0.014, 487547 
0.014, 483343 
0.015, 479001 
0.016, 476789 
0.016, 472288 
0.017, 470036 
0.018, 464509 
0.019, 463548 
0.022, 450994 
0.026, 450277 
0.026, 450183 
0.026, 449487 
0.026, 448350 
0.028, 448124 
0.032, 447812 
0.036, 444172 
0.039, 432526 
0.043, 430079 
0.047, 429062 
0.051, 429010 
0.056, 428981 
0.060, 428440 
0.067, 428188 
0.071, 425258 
0.074, 425138 
0.077, 423924 
0.080, 423478 
0.083, 422998 
0.086, 414754 
0.088, 411466 
0.089, 410147 
0.090, 407466 
0.091, 405091 
0.092, 404144 
0.094, 404091 
0.097, 402330 
0.100, 401300 
0.104, 396588 
0.106, 393372 
0.109, 389029 
0.112, 388015 
0.114, 384674 
0.117, 384118 
0.119, 383410 
0.122, 383214 
0.124, 380719 
0.127, 376813 
0.129, 372282 
0.131, 371300 
0.134, 369124 
0.137, 367745 
0.139, 364710 
0.142, 364033 
0.144, 363836 
0.146, 363291 
0.149, 363169 
0.151, 359767 
0.154, 359730 
0.157, 358350 
0.160, 355879 
0.163, 354851 
0.165, 353518 
0.168, 352865 
0.171, 351375 
0.173, 351311 
0.176, 351000 
0.179, 350206 
0.182, 349143 
0.185, 346518 
0.188, 344953 
0.191, 344348 
0.196, 344075 
0.197, 343213 
0.198, 342700 
0.200, 341704 
0.201, 335990 
0.202, 333478 
0.204, 331681 
0.205, 331566 
0.206, 331123 
0.208, 330332 
0.210, 330065 
0.211, 329317 
0.213, 328901 
0.214, 327418 
0.215, 325757 
0.217, 325652 
0.219, 325292 
0.220, 324402 
0.222, 323048 
0.223, 323008 
0.225, 322824 
0.226, 322329 
0.228, 321154 
0.230, 320784 
0.231, 318846 
0.233, 316601 
0.235, 316506 
0.237, 316296 
0.238, 315169 
0.240, 313409 
0.242, 312747 
0.244, 312027 
0.246, 308306 
0.248, 308202 
0.249, 307991 
0.251, 307727 
0.255, 307509 
0.257, 307282 
0.259, 307159 
0.261, 307039 
0.264, 304539 
0.266, 304450 
0.268, 303036 
0.271, 302612 
0.273, 301834 
0.276, 300289 
0.278, 299742 
0.280, 298776 
0.283, 298389 
0.285, 298118 
0.287, 297988 
0.290, 297963 
0.292, 296062 
0.295, 294419 
0.297, 293825 
0.300, 293526 
0.302, 293102 
0.304, 292741 
0.307, 292651 
0.309, 292486 
0.314, 292464 
0.316, 292376 
0.319, 291319 
0.322, 290487 
0.324, 289319 
0.327, 287414 
0.330, 286141 
0.333, 282117 
0.336, 281472 
0.339, 277857 
0.342, 274821 
0.346, 274414 
0.348, 274329 
0.351, 272655 
0.353, 272633 
0.356, 270166 
0.358, 264624 
0.361, 262289 
0.364, 257765 
0.367, 257004 
0.370, 255559 
0.378, 255437 
0.383, 255048 
0.388, 253674 
0.392, 249842 
0.397, 249274 
0.402, 249002 
0.407, 248136 
0.411, 244491 
0.413, 241861 
0.415, 241691 
0.416, 240268 
0.417, 240107 
0.418, 239512 
0.420, 239300 
0.421, 239035 
0.422, 238727 
0.424, 238080 
0.427, 236655 
0.430, 236320 
0.432, 234136 
0.435, 234094 
0.438, 233132 
0.441, 233104 
0.443, 230399 
0.446, 230090 
0.449, 228833 
0.452, 227783 
0.455, 226109 
0.458, 225757 
0.463, 223843 
0.466, 223411 
0.468, 222709 
0.469, 221693 
0.470, 220937 
0.471, 220866 
0.472, 220525 
0.473, 220496 
0.474, 218742 
0.475, 217931 
0.476, 214932 
0.477, 214541 
0.478, 214494 
0.479, 212184 
0.481, 211915 
0.482, 210884 
0.483, 210454 
0.485, 209485 
0.486, 209356 
0.487, 207647 
0.488, 207449 
0.489, 205529 
0.490, 205100 
0.491, 204313 
0.492, 203607 
0.493, 202714 
0.494, 200277 
0.495, 200239 
0.496, 199372 
0.497, 199269 
0.499, 199174 
0.500, 198811 
0.501, 198784 
0.502, 198748 
0.503, 196196 
0.505, 195164 
0.507, 193886 
0.508, 193731 
0.509, 193090 
0.511, 193083 
0.512, 192943 
0.514, 192453 
0.518, 192343 
0.522, 191819 
0.525, 191783 
0.529, 190881 
0.535, 190820 
0.539, 190270 
0.543, 190153 
0.547, 189028 
0.551, 188223 
0.555, 185793 
0.559, 185699 
0.564, 185177 
0.569, 184406 
0.573, 183771 
0.578, 183700 
0.582, 183617 
0.586, 183419 
0.591, 183368 
0.592, 182782 
0.594, 182603 
0.595, 179628 
0.597, 179565 
0.598, 179056 
0.600, 178566 
0.601, 178320 
0.603, 178029 
0.607, 177873 
0.608, 177651 
0.610, 176002 
0.611, 175483 
0.613, 175243 
0.615, 174863 
0.616, 174670 
0.618, 173460 
0.619, 173203 
0.621, 172312 
0.623, 172295 
0.624, 172202 
0.626, 167541 
0.628, 166709 
0.629, 166557 
0.631, 166228 
0.632, 165351 
0.634, 165186 
0.636, 164295 
0.639, 163788 
0.641, 163005 
0.643, 162951 
0.645, 162321 
0.647, 161593 
0.649, 161317 
0.651, 160576 
0.653, 160290 
0.656, 157917 
0.658, 157355 
0.660, 157162 
0.665, 157086 
0.671, 155533 
0.679, 155250 
0.689, 154528 
0.705, 154441 
0.715, 154390 
0.720, 154156 
0.724, 153954 
0.728, 153939 
0.730, 153776 
0.735, 153051 
0.740, 152766 
0.745, 152288 
0.750, 151099 
0.755, 150295 
0.761, 150111 
0.766, 150055 
0.771, 149935 
0.777, 149830 
0.782, 149206 
0.787, 149143 
0.795, 149022 
0.800, 148972 
0.805, 148340 
0.810, 148311 
0.816, 148232 
0.821, 148057 
0.826, 147616 
0.832, 147406 
0.837, 146798 
0.839, 146717 
0.840, 146658 
0.841, 145734 
0.843, 143941 
0.849, 143301 
0.854, 143038 
0.859, 142717 
0.864, 142606 
0.870, 142018 
0.877, 141755 
0.882, 141306 
0.888, 139706 
