0.000, 704991 
0.000, 688213 
0.000, 686909 
0.001, 686887 
0.001, 679666 
0.001, 670504 
0.002, 669660 
0.002, 667765 
0.003, 666702 
0.004, 661565 
0.006, 658994 
0.006, 658557 
0.006, 658543 
0.006, 657761 
0.006, 653183 
0.006, 647206 
0.006, 644536 
0.006, 642675 
0.006, 640997 
0.006, 632943 
0.007, 627612 
0.007, 626687 
0.007, 624917 
0.007, 605547 
0.008, 604251 
0.008, 582736 
0.008, 580957 
0.009, 572713 
0.009, 572032 
0.010, 571996 
0.012, 566248 
0.014, 565647 
0.015, 564136 
0.016, 562834 
0.017, 558900 
0.017, 556984 
0.024, 554697 
0.027, 554302 
0.033, 553062 
0.035, 551652 
0.036, 551051 
0.039, 542720 
0.044, 536699 
0.049, 534334 
0.055, 529809 
0.060, 529800 
0.066, 524406 
0.072, 523368 
0.076, 521985 
0.077, 516499 
0.078, 515390 
0.079, 514430 
0.080, 513328 
0.081, 512611 
0.081, 512517 
0.081, 511821 
0.081, 510684 
0.082, 510197 
0.084, 503292 
0.085, 501248 
0.087, 500693 
0.088, 494496 
0.090, 494266 
0.093, 492327 
0.096, 491244 
0.099, 490213 
0.102, 483742 
0.106, 479048 
0.108, 478642 
0.111, 477089 
0.114, 474029 
0.117, 473257 
0.119, 473193 
0.123, 470299 
0.125, 469921 
0.128, 469327 
0.132, 468398 
0.135, 465186 
0.140, 462266 
0.146, 461922 
0.151, 460914 
0.155, 453749 
0.159, 452493 
0.180, 448276 
0.190, 448096 
0.196, 447293 
0.202, 444694 
0.207, 435231 
0.211, 435059 
0.215, 432498 
0.219, 431488 
0.223, 429573 
0.227, 426061 
0.231, 424911 
0.238, 422230 
0.239, 421020 
0.241, 419452 
0.242, 411174 
0.244, 410893 
0.246, 410288 
0.248, 406994 
0.250, 404099 
0.252, 401409 
0.254, 401230 
0.255, 400888 
0.257, 400641 
0.258, 399231 
0.260, 394269 
0.262, 394083 
0.263, 391088 
0.264, 390437 
0.266, 389815 
0.267, 386570 
0.269, 381982 
0.270, 379870 
0.272, 379377 
0.273, 377105 
0.275, 374111 
0.276, 371849 
0.278, 369534 
0.279, 369051 
0.281, 368897 
0.282, 368771 
0.285, 365947 
0.287, 364821 
0.290, 364405 
0.293, 363087 
0.296, 361196 
0.298, 360381 
0.300, 359303 
0.302, 358846 
0.304, 358360 
0.306, 353973 
0.308, 353727 
0.310, 351391 
0.314, 351120 
0.316, 349502 
0.319, 344814 
0.321, 343161 
0.323, 342935 
0.325, 342525 
0.327, 341002 
0.329, 340136 
0.331, 338342 
0.333, 338263 
0.335, 337158 
0.337, 334188 
0.339, 333611 
0.341, 333469 
0.343, 328751 
0.345, 327222 
0.347, 325959 
0.349, 325416 
0.352, 325027 
0.354, 322168 
0.356, 321239 
0.358, 321060 
0.361, 320980 
0.364, 320021 
0.367, 319964 
0.369, 319621 
0.372, 318371 
0.374, 315170 
0.378, 315145 
0.382, 314851 
0.385, 313361 
0.387, 313295 
0.389, 312797 
0.390, 312343 
0.392, 312185 
0.394, 311739 
0.397, 311282 
0.399, 310079 
0.402, 308980 
0.407, 308684 
0.410, 308051 
0.413, 305588 
0.417, 305543 
0.419, 302995 
0.423, 302280 
0.426, 301858 
0.429, 301845 
0.432, 301772 
0.435, 301467 
0.438, 301418 
0.444, 300964 
0.450, 300550 
0.455, 299949 
0.460, 299263 
0.466, 297132 
0.472, 292728 
0.478, 292699 
0.483, 289365 
0.486, 288677 
0.489, 288501 
0.492, 288478 
0.495, 288259 
0.498, 288113 
0.501, 288019 
0.504, 287387 
0.507, 286198 
0.511, 284451 
0.514, 282261 
0.517, 282220 
0.519, 282110 
0.523, 281443 
0.526, 281223 
0.529, 280874 
0.531, 280369 
0.536, 279877 
0.539, 277354 
0.542, 277005 
0.545, 275649 
0.547, 275206 
0.549, 274708 
0.551, 273262 
0.554, 271455 
0.557, 271376 
0.560, 270483 
0.563, 269967 
0.566, 269836 
0.569, 269807 
0.572, 267889 
0.575, 267794 
0.578, 267058 
0.581, 265685 
0.585, 264205 
0.588, 263810 
0.591, 262913 
0.595, 262201 
0.598, 261829 
0.602, 261219 
0.608, 258292 
0.612, 256110 
0.615, 250908 
0.619, 250142 
0.623, 248385 
0.626, 248227 
0.629, 248025 
0.632, 247764 
0.634, 247412 
0.637, 246870 
0.639, 246731 
0.642, 246579 
0.645, 245932 
0.647, 245696 
0.651, 245214 
0.653, 244000 
0.654, 243976 
0.656, 243846 
0.659, 241990 
0.660, 241974 
0.662, 241583 
0.664, 241027 
0.666, 240549 
0.668, 240217 
0.670, 238753 
0.673, 238199 
0.675, 237292 
0.679, 236754 
0.682, 236429 
0.684, 235498 
0.686, 234976 
0.688, 234474 
0.690, 231614 
0.692, 230505 
0.695, 229554 
0.697, 228772 
0.699, 227570 
0.701, 227005 
0.703, 223253 
0.706, 222774 
0.708, 222698 
0.710, 220511 
0.713, 220223 
0.715, 219918 
0.717, 218094 
0.720, 216257 
0.722, 216181 
0.724, 215757 
0.727, 214811 
0.729, 214611 
0.731, 213485 
0.734, 212478 
0.736, 212439 
0.738, 212257 
0.741, 212143 
0.743, 211945 
0.745, 211843 
0.747, 211355 
0.753, 207812 
0.758, 205912 
0.762, 205398 
0.766, 205322 
0.770, 205186 
0.775, 203500 
0.780, 203296 
0.784, 203227 
0.790, 202714 
0.797, 202221 
0.803, 201375 
0.806, 201345 
0.809, 201080 
0.812, 200873 
0.817, 200704 
0.822, 199890 
0.827, 195914 
0.832, 195378 
0.836, 195354 
0.841, 193315 
0.846, 193161 
0.850, 191278 
0.855, 188948 
0.860, 188445 
0.865, 187878 
0.872, 187747 
0.877, 187074 
0.882, 187005 
0.888, 186605 
0.893, 186046 
0.897, 185445 
0.902, 184479 
0.907, 184312 
0.912, 184273 
0.917, 183748 
0.922, 182767 
0.927, 182698 
0.932, 182409 
0.937, 181403 
0.942, 181125 
0.944, 181115 
0.946, 180927 
0.948, 179918 
0.950, 179796 
0.955, 179603 
0.962, 179395 
0.965, 178900 
0.967, 178683 
0.973, 178645 
0.979, 176503 
0.986, 176398 
0.992, 174192 
0.999, 174172 
1.010, 174062 
1.020, 174034 
1.030, 172524 
1.035, 171879 
1.040, 171812 
1.045, 170401 
1.050, 169555 
1.055, 169001 
1.061, 167839 
1.067, 167352 
1.075, 167241 
1.080, 166257 
1.085, 165655 
1.090, 165479 
1.094, 165180 
1.100, 165020 
1.105, 165007 
1.110, 164682 
1.115, 164568 
1.120, 163371 
1.125, 163195 
1.130, 162896 
1.135, 161951 
1.140, 161717 
1.145, 161686 
1.151, 160882 
1.156, 160616 
1.161, 160428 
1.176, 160365 
1.189, 160339 
1.200, 160218 
1.210, 159807 
1.220, 159732 
1.231, 159557 
1.238, 159341 
1.244, 158516 
1.250, 158008 
1.256, 155323 
1.262, 155182 
1.268, 153918 
1.274, 153098 
1.281, 153005 
1.283, 152988 
1.286, 152130 
1.293, 151853 
1.300, 151784 
1.310, 151682 
1.317, 151623 
1.328, 151500 
1.333, 151323 
1.339, 151266 
1.346, 151091 
1.352, 150871 
1.358, 149803 
1.364, 149578 
1.369, 149363 
1.375, 147871 
1.381, 147540 
1.386, 146990 
1.392, 145653 
1.398, 142127 
