0.12, 58424 
4.50, 54952 
4.86, 54951 
4.88, 54920 
4.88, 54904 
4.91, 54860 
4.91, 54844 
4.92, 54824 
4.93, 54808 
4.97, 54717 
4.98, 54701 
16.66, 54688 
18.17, 54666 
18.20, 54652 
18.47, 54601 
22.68, 54559 
22.72, 54545 
22.98, 54494 
47.58, 54295 
47.83, 54280 
47.86, 54248 
47.88, 54226 
47.89, 54217 
47.91, 54201 
47.93, 54181 
47.99, 54141 
48.00, 54133 
48.02, 54118 
48.04, 54105 
48.11, 54074 
48.19, 54026 
48.21, 54011 
48.23, 53998 
48.25, 53990 
48.42, 53883 
48.73, 53862 
48.80, 53826 
48.87, 53795 
49.08, 53719 
63.90, 53564 
63.90, 53521 
63.93, 53463 
64.21, 53205 
64.24, 53170 
82.20, 53021 
83.97, 52986 
131.25, 52914 
136.68, 52879 
331.96, 52865 
